Log file open, 04/25/23 23:08:44
LogWindows: Failed to load 'aqProf.dll' (GetLastError=126)
LogWindows: File 'aqProf.dll' does not exist
LogWindows: Failed to load 'VtuneApi.dll' (GetLastError=126)
LogWindows: File 'VtuneApi.dll' does not exist
LogWindows: Failed to load 'VtuneApi32e.dll' (GetLastError=126)
LogWindows: File 'VtuneApi32e.dll' does not exist
LogConsoleResponse: Display: Failed to find resolution value strings in scalability ini. Falling back to default.
LogConsoleResponse: Display: Failed to find resolution value strings in scalability ini. Falling back to default.
LogInit: Display: Running engine for game: CapstoneProject_HJV
LogPlatformFile: Not using cached read wrapper
LogTaskGraph: Started task graph with 5 named threads and 47 total threads with 3 sets of task threads.
LogStats: Stats thread started at 0.288267
LogICUInternationalization: ICU TimeZone Detection - Raw Offset: -5:00, Platform Override: ''
LogInit: Display: Loading text-based GConfig....
LogPluginManager: Mounting plugin MeshPainting
LogPluginManager: Mounting plugin XGEController
LogPluginManager: Mounting plugin Paper2D
LogPluginManager: Mounting plugin LiveLink
LogPluginManager: Mounting plugin OodleData
LogPluginManager: Mounting plugin OodleNetwork
LogPluginManager: Mounting plugin EnvironmentQueryEditor
LogPluginManager: Mounting plugin CameraShakePreviewer
LogPluginManager: Mounting plugin AISupport
LogPluginManager: Mounting plugin AssetManagerEditor
LogPluginManager: Mounting plugin CurveEditorTools
LogPluginManager: Mounting plugin DataValidation
LogPluginManager: Mounting plugin FacialAnimation
LogPluginManager: Mounting plugin GeometryMode
LogPluginManager: Mounting plugin GameplayCameras
LogPluginManager: Mounting plugin GameplayTagsEditor
LogPluginManager: Mounting plugin MaterialAnalyzer
LogPluginManager: Mounting plugin CryptoKeys
LogPluginManager: Mounting plugin MacGraphicsSwitching
LogPluginManager: Mounting plugin MobileLauncherProfileWizard
LogPluginManager: Mounting plugin LightPropagationVolume
LogPluginManager: Mounting plugin Niagara
LogPluginManager: Mounting plugin PluginBrowser
LogPluginManager: Mounting plugin SpeedTreeImporter
LogPluginManager: Mounting plugin LuminPlatformFeatures
LogPluginManager: Mounting plugin MagicLeap
LogPluginManager: Mounting plugin MagicLeapMedia
LogPluginManager: Mounting plugin MagicLeapLightEstimation
LogPluginManager: Mounting plugin MagicLeapPassableWorld
LogPluginManager: Mounting plugin AlembicImporter
LogPluginManager: Mounting plugin MLSDK
LogPluginManager: Mounting plugin CPathfinding
LogPluginManager: Mounting plugin BackChannel
LogPluginManager: Mounting plugin ChaosClothEditor
LogPluginManager: Mounting plugin ChaosEditor
LogPluginManager: Mounting plugin AutomationUtils
LogPluginManager: Mounting plugin ChaosNiagara
LogPluginManager: Mounting plugin ChaosSolverPlugin
LogPluginManager: Mounting plugin CharacterAI
LogPluginManager: Mounting plugin GeometryCache
LogPluginManager: Mounting plugin ChaosCloth
LogPluginManager: Mounting plugin GeometryCollectionPlugin
LogPluginManager: Mounting plugin TcpMessaging
LogPluginManager: Mounting plugin UdpMessaging
LogPluginManager: Mounting plugin GeometryProcessing
LogPluginManager: Mounting plugin OpenImageDenoise
LogPluginManager: Mounting plugin MotoSynth
LogPluginManager: Mounting plugin PlanarCut
LogPluginManager: Mounting plugin ProxyLODPlugin
LogPluginManager: Mounting plugin PythonScriptPlugin
LogPluginManager: Mounting plugin ActorSequence
LogPluginManager: Mounting plugin LevelSequenceEditor
LogPluginManager: Mounting plugin MatineeToLevelSequence
LogPluginManager: Mounting plugin SkeletalReduction
LogPluginManager: Mounting plugin PlatformCrypto
LogPluginManager: Mounting plugin AndroidMedia
LogPluginManager: Mounting plugin TemplateSequence
LogPluginManager: Mounting plugin AvfMedia
LogPluginManager: Mounting plugin ImgMedia
LogPluginManager: Mounting plugin MediaCompositing
LogPluginManager: Mounting plugin MediaPlayerEditor
LogPluginManager: Mounting plugin WmfMedia
LogPluginManager: Mounting plugin WebMMedia
LogPluginManager: Mounting plugin OnlineSubsystem
LogPluginManager: Mounting plugin OnlineSubsystemNull
LogPluginManager: Mounting plugin OnlineSubsystemUtils
LogPluginManager: Mounting plugin LauncherChunkInstaller
LogPluginManager: Mounting plugin ActorLayerUtilities
LogPluginManager: Mounting plugin ScreenshotTools
LogPluginManager: Mounting plugin Takes
LogPluginManager: Mounting plugin AndroidMoviePlayer
LogPluginManager: Mounting plugin AndroidDeviceProfileSelector
LogPluginManager: Mounting plugin AndroidPermission
LogPluginManager: Mounting plugin AppleMoviePlayer
LogPluginManager: Mounting plugin ArchVisCharacter
LogPluginManager: Mounting plugin AssetTags
LogPluginManager: Mounting plugin AudioCapture
LogPluginManager: Mounting plugin CableComponent
LogPluginManager: Mounting plugin AudioSynesthesia
LogPluginManager: Mounting plugin ChunkDownloader
LogPluginManager: Mounting plugin CustomMeshComponent
LogPluginManager: Mounting plugin AppleImageUtils
LogPluginManager: Mounting plugin EditableMesh
LogPluginManager: Mounting plugin ExampleDeviceProfileSelector
LogPluginManager: Mounting plugin ApexDestruction
LogPluginManager: Mounting plugin GoogleCloudMessaging
LogPluginManager: Mounting plugin GooglePAD
LogPluginManager: Mounting plugin IOSDeviceProfileSelector
LogPluginManager: Mounting plugin LocationServicesBPLibrary
LogPluginManager: Mounting plugin LinuxDeviceProfileSelector
LogPluginManager: Mounting plugin MobilePatchingUtils
LogPluginManager: Mounting plugin OpenXR
LogPluginManager: Mounting plugin OpenXREyeTracker
LogPluginManager: Mounting plugin OpenXRHandTracking
LogPluginManager: Mounting plugin PostSplashScreen
LogPluginManager: Mounting plugin PropertyAccessEditor
LogPluginManager: Mounting plugin PhysXVehicles
LogPluginManager: Mounting plugin ProceduralMeshComponent
LogPluginManager: Mounting plugin SignificanceManager
LogPluginManager: Mounting plugin RuntimePhysXCooking
LogPluginManager: Mounting plugin Synthesis
LogPluginManager: Mounting plugin WebMMoviePlayer
LogPluginManager: Mounting plugin WindowsMoviePlayer
LogPluginManager: Mounting plugin DatasmithContent
LogPluginManager: Mounting plugin VariantManagerContent
LogPluginManager: Mounting plugin AnimationSharing
LogPluginManager: Mounting plugin CodeLiteSourceCodeAccess
LogPluginManager: Mounting plugin GitSourceControl
LogPluginManager: Mounting plugin CLionSourceCodeAccess
LogPluginManager: Mounting plugin KDevelopSourceCodeAccess
LogPluginManager: Mounting plugin NullSourceCodeAccess
LogPluginManager: Mounting plugin PlasticSourceControl
LogPluginManager: Mounting plugin PluginUtils
LogPluginManager: Mounting plugin PerforceSourceControl
LogPluginManager: Mounting plugin PropertyAccessNode
LogPluginManager: Mounting plugin RiderSourceCodeAccess
LogPluginManager: Mounting plugin TextureFormatOodle
LogPluginManager: Mounting plugin SubversionSourceControl
LogPluginManager: Mounting plugin UObjectPlugin
LogPluginManager: Mounting plugin VisualStudioSourceCodeAccess
LogPluginManager: Mounting plugin PixWinPlugin
LogPluginManager: Mounting plugin VisualStudioCodeSourceCodeAccess
LogPluginManager: Mounting plugin XCodeSourceCodeAccess
LogPluginManager: Mounting plugin SoundFields
LogPluginManager: Mounting plugin ContentBrowserAssetDataSource
LogPluginManager: Mounting plugin ContentBrowserClassDataSource
LogPluginManager: Mounting plugin ContentBrowserFileDataSource
LogPluginManager: Mounting plugin OnlineSubsystemGooglePlay
LogPluginManager: Mounting plugin OnlineSubsystemIOS
LogPluginManager: Mounting plugin OculusVR
LogPluginManager: Mounting plugin SteamVR
LogInit: Using libcurl 7.55.1-DEV
LogInit:  - built for x86_64-pc-win32
LogInit:  - supports SSL with OpenSSL/1.1.1
LogInit:  - supports HTTP deflate (compression) using libz 1.2.8
LogInit:  - other features:
LogInit:      CURL_VERSION_SSL
LogInit:      CURL_VERSION_LIBZ
LogInit:      CURL_VERSION_IPV6
LogInit:      CURL_VERSION_ASYNCHDNS
LogInit:      CURL_VERSION_LARGEFILE
LogInit:      CURL_VERSION_IDN
LogInit:  CurlRequestOptions (configurable via config and command line):
LogInit:  - bVerifyPeer = true  - Libcurl will verify peer certificate
LogInit:  - bUseHttpProxy = false  - Libcurl will NOT use HTTP proxy
LogInit:  - bDontReuseConnections = false  - Libcurl will reuse connections
LogInit:  - MaxHostConnections = 16  - Libcurl will limit the number of connections to a host
LogInit:  - LocalHostAddr = Default
LogInit:  - BufferSize = 65536
LogOnline: OSS: Creating online subsystem instance for: NULL
LogInit: WinSock: version 1.1 (2.2), MaxSocks=32767, MaxUdp=65467
LogOnline: OSS: TryLoadSubsystemAndSetDefault: Loaded subsystem for module [NULL]
PixWinPlugin: PIX capture plugin failed to initialize! Check that the process is launched from PIX.
LogOculusPluginWrapper: OculusPlugin initialized successfully
LogHMD: Failed initializing OVRPlugin 1.59.0
LogInit: Build: ++UE4+Release-4.27-CL-18319896
LogInit: Engine Version: 4.27.2-18319896+++UE4+Release-4.27
LogInit: Compatible Engine Version: 4.27.0-17155196+++UE4+Release-4.27
LogInit: Net CL: 17155196
LogInit: OS: Windows 10 (Release 2009) (), CPU: AMD Ryzen 7 2700 Eight-Core Processor          , GPU: NVIDIA GeForce GTX 1060 3GB
LogInit: Compiled (64-bit): Nov 30 2021 07:12:08
LogInit: Compiled with Visual C++: 19.24.28315.00
LogInit: Build Configuration: Development
LogInit: Branch Name: ++UE4+Release-4.27
LogInit: Command Line:  /Game/Levels/Opening_Screen -game -PIEVIACONSOLE -Multiprocess "GameUserSettingsINI=E:/School/DAGD 499/CapstoneProject/CapstoneProject_HJV/Saved/Config/Windows/PIEGameUserSettings0.ini" -MultiprocessSaveConfig -forcepassthrough -messaging -SessionName="Play in Standalone Game" -windowed -WinX=0 -WinY=24 SAVEWINPOS=1 -ResX=1910 -ResY=1006
LogInit: Base Directory: E:/Epic Games/UE_4.27/Engine/Binaries/Win64/
LogInit: Allocator: TBB
LogInit: Installed Engine Build: 1
LogDevObjectVersion: Number of dev versions registered: 29
LogDevObjectVersion:   Dev-Blueprints (B0D832E4-1F89-4F0D-ACCF-7EB736FD4AA2): 10
LogDevObjectVersion:   Dev-Build (E1C64328-A22C-4D53-A36C-8E866417BD8C): 0
LogDevObjectVersion:   Dev-Core (375EC13C-06E4-48FB-B500-84F0262A717E): 4
LogDevObjectVersion:   Dev-Editor (E4B068ED-F494-42E9-A231-DA0B2E46BB41): 40
LogDevObjectVersion:   Dev-Framework (CFFC743F-43B0-4480-9391-14DF171D2073): 37
LogDevObjectVersion:   Dev-Mobile (B02B49B5-BB20-44E9-A304-32B752E40360): 3
LogDevObjectVersion:   Dev-Networking (A4E4105C-59A1-49B5-A7C5-40C4547EDFEE): 0
LogDevObjectVersion:   Dev-Online (39C831C9-5AE6-47DC-9A44-9C173E1C8E7C): 0
LogDevObjectVersion:   Dev-Physics (78F01B33-EBEA-4F98-B9B4-84EACCB95AA2): 14
LogDevObjectVersion:   Dev-Platform (6631380F-2D4D-43E0-8009-CF276956A95A): 0
LogDevObjectVersion:   Dev-Rendering (12F88B9F-8875-4AFC-A67C-D90C383ABD29): 45
LogDevObjectVersion:   Dev-Sequencer (7B5AE74C-D270-4C10-A958-57980B212A5A): 13
LogDevObjectVersion:   Dev-VR (D7296918-1DD6-4BDD-9DE2-64A83CC13884): 3
LogDevObjectVersion:   Dev-LoadTimes (C2A15278-BFE7-4AFE-6C17-90FF531DF755): 1
LogDevObjectVersion:   Private-Geometry (6EACA3D4-40EC-4CC1-B786-8BED09428FC5): 3
LogDevObjectVersion:   Dev-AnimPhys (29E575DD-E0A3-4627-9D10-D276232CDCEA): 17
LogDevObjectVersion:   Dev-Anim (AF43A65D-7FD3-4947-9873-3E8ED9C1BB05): 15
LogDevObjectVersion:   Dev-ReflectionCapture (6B266CEC-1EC7-4B8F-A30B-E4D90942FC07): 1
LogDevObjectVersion:   Dev-Automation (0DF73D61-A23F-47EA-B727-89E90C41499A): 1
LogDevObjectVersion:   FortniteMain (601D1886-AC64-4F84-AA16-D3DE0DEAC7D6): 47
LogDevObjectVersion:   FortniteRelease (E7086368-6B23-4C58-8439-1B7016265E91): 1
LogDevObjectVersion:   Dev-Enterprise (9DFFBCD6-494F-0158-E221-12823C92A888): 10
LogDevObjectVersion:   Dev-Niagara (F2AED0AC-9AFE-416F-8664-AA7FFA26D6FC): 1
LogDevObjectVersion:   Dev-Destruction (174F1F0B-B4C6-45A5-B13F-2EE8D0FB917D): 10
LogDevObjectVersion:   Dev-Physics-Ext (35F94A83-E258-406C-A318-09F59610247C): 41
LogDevObjectVersion:   Dev-PhysicsMaterial-Chaos (B68FC16E-8B1B-42E2-B453-215C058844FE): 1
LogDevObjectVersion:   Dev-CineCamera (B2E18506-4273-CFC2-A54E-F4BB758BBA07): 1
LogDevObjectVersion:   Dev-VirtualProduction (64F58936-FD1B-42BA-BA96-7289D5D0FA4E): 1
LogDevObjectVersion:   Dev-MediaFramework (6F0ED827-A609-4895-9C91-998D90180EA4): 2
LogInit: Presizing for max 25165824 objects, including 0 objects not considered by GC, pre-allocating 0 bytes for permanent pool.
LogConfig: Applying CVar settings from Section [/Script/Engine.StreamingSettings] File [E:/School/DAGD 499/CapstoneProject/CapstoneProject_HJV/Saved/Config/Windows/Engine.ini]
LogConfig: Setting CVar [[s.MinBulkDataSizeForAsyncLoading:131072]]
LogConfig: Setting CVar [[s.AsyncLoadingThreadEnabled:0]]
LogConfig: Setting CVar [[s.EventDrivenLoaderEnabled:1]]
LogConfig: Setting CVar [[s.WarnIfTimeLimitExceeded:0]]
LogConfig: Setting CVar [[s.TimeLimitExceededMultiplier:1.5]]
LogConfig: Setting CVar [[s.TimeLimitExceededMinTime:0.005]]
LogConfig: Setting CVar [[s.UseBackgroundLevelStreaming:1]]
LogConfig: Setting CVar [[s.PriorityAsyncLoadingExtraTime:15.0]]
LogConfig: Setting CVar [[s.LevelStreamingActorsUpdateTimeLimit:5.0]]
LogConfig: Setting CVar [[s.PriorityLevelStreamingActorsUpdateExtraTime:5.0]]
LogConfig: Setting CVar [[s.LevelStreamingComponentsRegistrationGranularity:10]]
LogConfig: Setting CVar [[s.UnregisterComponentsTimeLimit:1.0]]
LogConfig: Setting CVar [[s.LevelStreamingComponentsUnregistrationGranularity:5]]
LogConfig: Setting CVar [[s.FlushStreamingOnExit:1]]
LogInit: Object subsystem initialized
LogConfig: Setting CVar [[con.DebugEarlyDefault:1]]
LogConfig: Setting CVar [[r.setres:1280x720]]
[2023.04.26-03.08.45:250][  0]LogConfig: Setting CVar [[con.DebugEarlyDefault:1]]
[2023.04.26-03.08.45:250][  0]LogConfig: Setting CVar [[r.setres:1280x720]]
[2023.04.26-03.08.45:250][  0]LogConfig: Applying CVar settings from Section [/Script/Engine.RendererSettings] File [E:/School/DAGD 499/CapstoneProject/CapstoneProject_HJV/Saved/Config/Windows/Engine.ini]
[2023.04.26-03.08.45:250][  0]LogConfig: Setting CVar [[r.GPUCrashDebugging:0]]
[2023.04.26-03.08.45:250][  0]LogConfig: Applying CVar settings from Section [/Script/Engine.RendererOverrideSettings] File [E:/School/DAGD 499/CapstoneProject/CapstoneProject_HJV/Saved/Config/Windows/Engine.ini]
[2023.04.26-03.08.45:250][  0]LogConfig: Applying CVar settings from Section [/Script/Engine.StreamingSettings] File [E:/School/DAGD 499/CapstoneProject/CapstoneProject_HJV/Saved/Config/Windows/Engine.ini]
[2023.04.26-03.08.45:250][  0]LogConfig: Setting CVar [[s.MinBulkDataSizeForAsyncLoading:131072]]
[2023.04.26-03.08.45:250][  0]LogConfig: Setting CVar [[s.AsyncLoadingThreadEnabled:0]]
[2023.04.26-03.08.45:250][  0]LogConfig: Setting CVar [[s.EventDrivenLoaderEnabled:1]]
[2023.04.26-03.08.45:250][  0]LogConfig: Setting CVar [[s.WarnIfTimeLimitExceeded:0]]
[2023.04.26-03.08.45:250][  0]LogConfig: Setting CVar [[s.TimeLimitExceededMultiplier:1.5]]
[2023.04.26-03.08.45:250][  0]LogConfig: Setting CVar [[s.TimeLimitExceededMinTime:0.005]]
[2023.04.26-03.08.45:250][  0]LogConfig: Setting CVar [[s.UseBackgroundLevelStreaming:1]]
[2023.04.26-03.08.45:250][  0]LogConfig: Setting CVar [[s.PriorityAsyncLoadingExtraTime:15.0]]
[2023.04.26-03.08.45:250][  0]LogConfig: Setting CVar [[s.LevelStreamingActorsUpdateTimeLimit:5.0]]
[2023.04.26-03.08.45:250][  0]LogConfig: Setting CVar [[s.PriorityLevelStreamingActorsUpdateExtraTime:5.0]]
[2023.04.26-03.08.45:250][  0]LogConfig: Setting CVar [[s.LevelStreamingComponentsRegistrationGranularity:10]]
[2023.04.26-03.08.45:250][  0]LogConfig: Setting CVar [[s.UnregisterComponentsTimeLimit:1.0]]
[2023.04.26-03.08.45:250][  0]LogConfig: Setting CVar [[s.LevelStreamingComponentsUnregistrationGranularity:5]]
[2023.04.26-03.08.45:250][  0]LogConfig: Setting CVar [[s.FlushStreamingOnExit:1]]
[2023.04.26-03.08.45:250][  0]LogConfig: Applying CVar settings from Section [/Script/Engine.GarbageCollectionSettings] File [E:/School/DAGD 499/CapstoneProject/CapstoneProject_HJV/Saved/Config/Windows/Engine.ini]
[2023.04.26-03.08.45:250][  0]LogConfig: Setting CVar [[gc.MaxObjectsNotConsideredByGC:1]]
[2023.04.26-03.08.45:250][  0]LogConfig: Setting CVar [[gc.SizeOfPermanentObjectPool:0]]
[2023.04.26-03.08.45:250][  0]LogConfig: Setting CVar [[gc.FlushStreamingOnGC:0]]
[2023.04.26-03.08.45:250][  0]LogConfig: Setting CVar [[gc.NumRetriesBeforeForcingGC:10]]
[2023.04.26-03.08.45:250][  0]LogConfig: Setting CVar [[gc.AllowParallelGC:1]]
[2023.04.26-03.08.45:250][  0]LogConfig: Setting CVar [[gc.TimeBetweenPurgingPendingKillObjects:61.1]]
[2023.04.26-03.08.45:250][  0]LogConfig: Setting CVar [[gc.MaxObjectsInEditor:25165824]]
[2023.04.26-03.08.45:250][  0]LogConfig: Setting CVar [[gc.IncrementalBeginDestroyEnabled:1]]
[2023.04.26-03.08.45:250][  0]LogConfig: Setting CVar [[gc.CreateGCClusters:1]]
[2023.04.26-03.08.45:250][  0]LogConfig: Setting CVar [[gc.MinGCClusterSize:5]]
[2023.04.26-03.08.45:250][  0]LogConfig: Setting CVar [[gc.ActorClusteringEnabled:0]]
[2023.04.26-03.08.45:250][  0]LogConfig: Setting CVar [[gc.BlueprintClusteringEnabled:0]]
[2023.04.26-03.08.45:250][  0]LogConfig: Setting CVar [[gc.UseDisregardForGCOnDedicatedServers:0]]
[2023.04.26-03.08.45:250][  0]LogConfig: Setting CVar [[gc.MultithreadedDestructionEnabled:1]]
[2023.04.26-03.08.45:250][  0]LogConfig: Applying CVar settings from Section [/Script/Engine.NetworkSettings] File [E:/School/DAGD 499/CapstoneProject/CapstoneProject_HJV/Saved/Config/Windows/Engine.ini]
[2023.04.26-03.08.45:250][  0]LogConfig: Applying CVar settings from Section [/Script/UnrealEd.CookerSettings] File [E:/School/DAGD 499/CapstoneProject/CapstoneProject_HJV/Saved/Config/Windows/Engine.ini]
[2023.04.26-03.08.45:271][  0]LogConfig: Applying CVar settings from Section [ViewDistanceQuality@3] File [E:/School/DAGD 499/CapstoneProject/CapstoneProject_HJV/Saved/Config/Windows/Scalability.ini]
[2023.04.26-03.08.45:271][  0]LogConfig: Setting CVar [[r.SkeletalMeshLODBias:0]]
[2023.04.26-03.08.45:271][  0]LogConfig: Setting CVar [[r.ViewDistanceScale:1.0]]
[2023.04.26-03.08.45:271][  0]LogConfig: Applying CVar settings from Section [AntiAliasingQuality@3] File [E:/School/DAGD 499/CapstoneProject/CapstoneProject_HJV/Saved/Config/Windows/Scalability.ini]
[2023.04.26-03.08.45:271][  0]LogConfig: Setting CVar [[r.PostProcessAAQuality:4]]
[2023.04.26-03.08.45:271][  0]LogConfig: Applying CVar settings from Section [ShadowQuality@3] File [E:/School/DAGD 499/CapstoneProject/CapstoneProject_HJV/Saved/Config/Windows/Scalability.ini]
[2023.04.26-03.08.45:271][  0]LogConfig: Setting CVar [[r.LightFunctionQuality:1]]
[2023.04.26-03.08.45:271][  0]LogConfig: Setting CVar [[r.ShadowQuality:5]]
[2023.04.26-03.08.45:271][  0]LogConfig: Setting CVar [[r.Shadow.CSM.MaxCascades:10]]
[2023.04.26-03.08.45:271][  0]LogConfig: Setting CVar [[r.Shadow.MaxResolution:2048]]
[2023.04.26-03.08.45:271][  0]LogConfig: Setting CVar [[r.Shadow.MaxCSMResolution:2048]]
[2023.04.26-03.08.45:271][  0]LogConfig: Setting CVar [[r.Shadow.RadiusThreshold:0.01]]
[2023.04.26-03.08.45:271][  0]LogConfig: Setting CVar [[r.Shadow.DistanceScale:1.0]]
[2023.04.26-03.08.45:271][  0]LogConfig: Setting CVar [[r.Shadow.CSM.TransitionScale:1.0]]
[2023.04.26-03.08.45:271][  0]LogConfig: Setting CVar [[r.Shadow.PreShadowResolutionFactor:1.0]]
[2023.04.26-03.08.45:271][  0]LogConfig: Setting CVar [[r.DistanceFieldShadowing:1]]
[2023.04.26-03.08.45:271][  0]LogConfig: Setting CVar [[r.DistanceFieldAO:1]]
[2023.04.26-03.08.45:271][  0]LogConfig: Setting CVar [[r.AOQuality:2]]
[2023.04.26-03.08.45:271][  0]LogConfig: Setting CVar [[r.VolumetricFog:1]]
[2023.04.26-03.08.45:271][  0]LogConfig: Setting CVar [[r.VolumetricFog.GridPixelSize:8]]
[2023.04.26-03.08.45:271][  0]LogConfig: Setting CVar [[r.VolumetricFog.GridSizeZ:128]]
[2023.04.26-03.08.45:271][  0]LogConfig: Setting CVar [[r.VolumetricFog.HistoryMissSupersampleCount:4]]
[2023.04.26-03.08.45:271][  0]LogConfig: Setting CVar [[r.LightMaxDrawDistanceScale:1]]
[2023.04.26-03.08.45:271][  0]LogConfig: Setting CVar [[r.CapsuleShadows:1]]
[2023.04.26-03.08.45:271][  0]LogConfig: Applying CVar settings from Section [PostProcessQuality@3] File [E:/School/DAGD 499/CapstoneProject/CapstoneProject_HJV/Saved/Config/Windows/Scalability.ini]
[2023.04.26-03.08.45:271][  0]LogConfig: Setting CVar [[r.MotionBlurQuality:4]]
[2023.04.26-03.08.45:271][  0]LogConfig: Setting CVar [[r.AmbientOcclusionMipLevelFactor:0.4]]
[2023.04.26-03.08.45:271][  0]LogConfig: Setting CVar [[r.AmbientOcclusionMaxQuality:100]]
[2023.04.26-03.08.45:271][  0]LogConfig: Setting CVar [[r.AmbientOcclusionLevels:-1]]
[2023.04.26-03.08.45:271][  0]LogConfig: Setting CVar [[r.AmbientOcclusionRadiusScale:1.0]]
[2023.04.26-03.08.45:271][  0]LogConfig: Setting CVar [[r.DepthOfFieldQuality:2]]
[2023.04.26-03.08.45:271][  0]LogConfig: Setting CVar [[r.RenderTargetPoolMin:400]]
[2023.04.26-03.08.45:271][  0]LogConfig: Setting CVar [[r.LensFlareQuality:2]]
[2023.04.26-03.08.45:271][  0]LogConfig: Setting CVar [[r.SceneColorFringeQuality:1]]
[2023.04.26-03.08.45:271][  0]LogConfig: Setting CVar [[r.EyeAdaptationQuality:2]]
[2023.04.26-03.08.45:271][  0]LogConfig: Setting CVar [[r.BloomQuality:5]]
[2023.04.26-03.08.45:271][  0]LogConfig: Setting CVar [[r.FastBlurThreshold:100]]
[2023.04.26-03.08.45:271][  0]LogConfig: Setting CVar [[r.Upscale.Quality:3]]
[2023.04.26-03.08.45:271][  0]LogConfig: Setting CVar [[r.Tonemapper.GrainQuantization:1]]
[2023.04.26-03.08.45:271][  0]LogConfig: Setting CVar [[r.LightShaftQuality:1]]
[2023.04.26-03.08.45:271][  0]LogConfig: Setting CVar [[r.Filter.SizeScale:1]]
[2023.04.26-03.08.45:271][  0]LogConfig: Setting CVar [[r.Tonemapper.Quality:5]]
[2023.04.26-03.08.45:271][  0]LogConfig: Setting CVar [[r.DOF.Gather.AccumulatorQuality:1        ; higher gathering accumulator quality]]
[2023.04.26-03.08.45:271][  0]LogConfig: Setting CVar [[r.DOF.Gather.PostfilterMethod:1          ; Median3x3 postfilering method]]
[2023.04.26-03.08.45:271][  0]LogConfig: Setting CVar [[r.DOF.Gather.EnableBokehSettings:0       ; no bokeh simulation when gathering]]
[2023.04.26-03.08.45:271][  0]LogConfig: Setting CVar [[r.DOF.Gather.RingCount:4                 ; medium number of samples when gathering]]
[2023.04.26-03.08.45:271][  0]LogConfig: Setting CVar [[r.DOF.Scatter.ForegroundCompositing:1    ; additive foreground scattering]]
[2023.04.26-03.08.45:271][  0]LogConfig: Setting CVar [[r.DOF.Scatter.BackgroundCompositing:2    ; additive background scattering]]
[2023.04.26-03.08.45:271][  0]LogConfig: Setting CVar [[r.DOF.Scatter.EnableBokehSettings:1      ; bokeh simulation when scattering]]
[2023.04.26-03.08.45:271][  0]LogConfig: Setting CVar [[r.DOF.Scatter.MaxSpriteRatio:0.1         ; only a maximum of 10% of scattered bokeh]]
[2023.04.26-03.08.45:271][  0]LogConfig: Setting CVar [[r.DOF.Recombine.Quality:1                ; cheap slight out of focus]]
[2023.04.26-03.08.45:271][  0]LogConfig: Setting CVar [[r.DOF.Recombine.EnableBokehSettings:0    ; no bokeh simulation on slight out of focus]]
[2023.04.26-03.08.45:271][  0]LogConfig: Setting CVar [[r.DOF.TemporalAAQuality:1                ; more stable temporal accumulation]]
[2023.04.26-03.08.45:271][  0]LogConfig: Setting CVar [[r.DOF.Kernel.MaxForegroundRadius:0.025]]
[2023.04.26-03.08.45:271][  0]LogConfig: Setting CVar [[r.DOF.Kernel.MaxBackgroundRadius:0.025]]
[2023.04.26-03.08.45:271][  0]LogConfig: Applying CVar settings from Section [TextureQuality@3] File [E:/School/DAGD 499/CapstoneProject/CapstoneProject_HJV/Saved/Config/Windows/Scalability.ini]
[2023.04.26-03.08.45:271][  0]LogConfig: Setting CVar [[r.Streaming.MipBias:0]]
[2023.04.26-03.08.45:271][  0]LogConfig: Setting CVar [[r.Streaming.AmortizeCPUToGPUCopy:0]]
[2023.04.26-03.08.45:271][  0]LogConfig: Setting CVar [[r.Streaming.MaxNumTexturesToStreamPerFrame:0]]
[2023.04.26-03.08.45:271][  0]LogConfig: Setting CVar [[r.Streaming.Boost:1]]
[2023.04.26-03.08.45:271][  0]LogConfig: Setting CVar [[r.MaxAnisotropy:8]]
[2023.04.26-03.08.45:271][  0]LogConfig: Setting CVar [[r.VT.MaxAnisotropy:8]]
[2023.04.26-03.08.45:271][  0]LogConfig: Setting CVar [[r.Streaming.LimitPoolSizeToVRAM:0]]
[2023.04.26-03.08.45:271][  0]LogConfig: Setting CVar [[r.Streaming.PoolSize:1000]]
[2023.04.26-03.08.45:272][  0]LogConfig: Setting CVar [[r.Streaming.MaxEffectiveScreenSize:0]]
[2023.04.26-03.08.45:272][  0]LogConfig: Applying CVar settings from Section [EffectsQuality@3] File [E:/School/DAGD 499/CapstoneProject/CapstoneProject_HJV/Saved/Config/Windows/Scalability.ini]
[2023.04.26-03.08.45:272][  0]LogConfig: Setting CVar [[r.TranslucencyLightingVolumeDim:64]]
[2023.04.26-03.08.45:272][  0]LogConfig: Setting CVar [[r.RefractionQuality:2]]
[2023.04.26-03.08.45:272][  0]LogConfig: Setting CVar [[r.SSR.Quality:3]]
[2023.04.26-03.08.45:272][  0]LogConfig: Setting CVar [[r.SSR.HalfResSceneColor:0]]
[2023.04.26-03.08.45:272][  0]LogConfig: Setting CVar [[r.SceneColorFormat:4]]
[2023.04.26-03.08.45:272][  0]LogConfig: Setting CVar [[r.DetailMode:2]]
[2023.04.26-03.08.45:272][  0]LogConfig: Setting CVar [[r.TranslucencyVolumeBlur:1]]
[2023.04.26-03.08.45:272][  0]LogConfig: Setting CVar [[r.MaterialQualityLevel:1 ; High quality]]
[2023.04.26-03.08.45:272][  0]LogConfig: Setting CVar [[r.AnisotropicMaterials:1]]
[2023.04.26-03.08.45:272][  0]LogConfig: Setting CVar [[r.SSS.Scale:1]]
[2023.04.26-03.08.45:272][  0]LogConfig: Setting CVar [[r.SSS.SampleSet:2]]
[2023.04.26-03.08.45:272][  0]LogConfig: Setting CVar [[r.SSS.Quality:1]]
[2023.04.26-03.08.45:272][  0]LogConfig: Setting CVar [[r.SSS.HalfRes:0]]
[2023.04.26-03.08.45:272][  0]LogConfig: Setting CVar [[r.SSGI.Quality:3]]
[2023.04.26-03.08.45:272][  0]LogConfig: Setting CVar [[r.EmitterSpawnRateScale:1.0]]
[2023.04.26-03.08.45:272][  0]LogConfig: Setting CVar [[r.ParticleLightQuality:2]]
[2023.04.26-03.08.45:272][  0]LogConfig: Setting CVar [[r.SkyAtmosphere.AerialPerspectiveLUT.FastApplyOnOpaque:1 ; Always have FastSkyLUT 1 in this case to avoid wrong sky]]
[2023.04.26-03.08.45:272][  0]LogConfig: Setting CVar [[r.SkyAtmosphere.AerialPerspectiveLUT.SampleCountMaxPerSlice:4]]
[2023.04.26-03.08.45:272][  0]LogConfig: Setting CVar [[r.SkyAtmosphere.AerialPerspectiveLUT.DepthResolution:16.0]]
[2023.04.26-03.08.45:272][  0]LogConfig: Setting CVar [[r.SkyAtmosphere.FastSkyLUT:1]]
[2023.04.26-03.08.45:272][  0]LogConfig: Setting CVar [[r.SkyAtmosphere.FastSkyLUT.SampleCountMin:4.0]]
[2023.04.26-03.08.45:272][  0]LogConfig: Setting CVar [[r.SkyAtmosphere.FastSkyLUT.SampleCountMax:128.0]]
[2023.04.26-03.08.45:272][  0]LogConfig: Setting CVar [[r.SkyAtmosphere.SampleCountMin:4.0]]
[2023.04.26-03.08.45:272][  0]LogConfig: Setting CVar [[r.SkyAtmosphere.SampleCountMax:128.0]]
[2023.04.26-03.08.45:272][  0]LogConfig: Setting CVar [[r.SkyAtmosphere.TransmittanceLUT.UseSmallFormat:0]]
[2023.04.26-03.08.45:272][  0]LogConfig: Setting CVar [[r.SkyAtmosphere.TransmittanceLUT.SampleCount:10.0]]
[2023.04.26-03.08.45:272][  0]LogConfig: Setting CVar [[r.SkyAtmosphere.MultiScatteringLUT.SampleCount:15.0]]
[2023.04.26-03.08.45:272][  0]LogConfig: Setting CVar [[r.SkyLight.RealTimeReflectionCapture:1]]
[2023.04.26-03.08.45:272][  0]LogConfig: Applying CVar settings from Section [FoliageQuality@3] File [E:/School/DAGD 499/CapstoneProject/CapstoneProject_HJV/Saved/Config/Windows/Scalability.ini]
[2023.04.26-03.08.45:272][  0]LogConfig: Setting CVar [[foliage.DensityScale:1.0]]
[2023.04.26-03.08.45:272][  0]LogConfig: Setting CVar [[grass.DensityScale:1.0]]
[2023.04.26-03.08.45:272][  0]LogConfig: Applying CVar settings from Section [ShadingQuality@3] File [E:/School/DAGD 499/CapstoneProject/CapstoneProject_HJV/Saved/Config/Windows/Scalability.ini]
[2023.04.26-03.08.45:272][  0]LogConfig: Setting CVar [[r.HairStrands.SkyLighting.IntegrationType:2]]
[2023.04.26-03.08.45:272][  0]LogConfig: Setting CVar [[r.HairStrands.SkyAO.SampleCount:4]]
[2023.04.26-03.08.45:272][  0]LogConfig: Setting CVar [[r.HairStrands.Visibility.MSAA.SamplePerPixel:4]]
[2023.04.26-03.08.45:272][  0]LogInit: Selected Device Profile: [Windows]
[2023.04.26-03.08.45:272][  0]LogInit: Applying CVar settings loaded from the selected device profile: [Windows]
[2023.04.26-03.08.45:272][  0]LogHAL: Display: Platform has ~ 24 GB [25697697792 / 34359738368 / 24], which maps to Larger [LargestMinGB=32, LargerMinGB=12, DefaultMinGB=8, SmallerMinGB=6, SmallestMinGB=0)
[2023.04.26-03.08.45:272][  0]LogInit: Going up to parent DeviceProfile []
[2023.04.26-03.08.45:272][  0]LogConfig: Applying CVar settings from Section [ViewDistanceQuality@3] File [E:/School/DAGD 499/CapstoneProject/CapstoneProject_HJV/Saved/Config/Windows/Scalability.ini]
[2023.04.26-03.08.45:272][  0]LogConfig: Setting CVar [[r.SkeletalMeshLODBias:0]]
[2023.04.26-03.08.45:272][  0]LogConfig: Setting CVar [[r.ViewDistanceScale:1.0]]
[2023.04.26-03.08.45:272][  0]LogConfig: Applying CVar settings from Section [AntiAliasingQuality@3] File [E:/School/DAGD 499/CapstoneProject/CapstoneProject_HJV/Saved/Config/Windows/Scalability.ini]
[2023.04.26-03.08.45:272][  0]LogConfig: Setting CVar [[r.PostProcessAAQuality:4]]
[2023.04.26-03.08.45:272][  0]LogConfig: Applying CVar settings from Section [ShadowQuality@3] File [E:/School/DAGD 499/CapstoneProject/CapstoneProject_HJV/Saved/Config/Windows/Scalability.ini]
[2023.04.26-03.08.45:272][  0]LogConfig: Setting CVar [[r.LightFunctionQuality:1]]
[2023.04.26-03.08.45:272][  0]LogConfig: Setting CVar [[r.ShadowQuality:5]]
[2023.04.26-03.08.45:272][  0]LogConfig: Setting CVar [[r.Shadow.CSM.MaxCascades:10]]
[2023.04.26-03.08.45:272][  0]LogConfig: Setting CVar [[r.Shadow.MaxResolution:2048]]
[2023.04.26-03.08.45:272][  0]LogConfig: Setting CVar [[r.Shadow.MaxCSMResolution:2048]]
[2023.04.26-03.08.45:272][  0]LogConfig: Setting CVar [[r.Shadow.RadiusThreshold:0.01]]
[2023.04.26-03.08.45:272][  0]LogConfig: Setting CVar [[r.Shadow.DistanceScale:1.0]]
[2023.04.26-03.08.45:272][  0]LogConfig: Setting CVar [[r.Shadow.CSM.TransitionScale:1.0]]
[2023.04.26-03.08.45:272][  0]LogConfig: Setting CVar [[r.Shadow.PreShadowResolutionFactor:1.0]]
[2023.04.26-03.08.45:272][  0]LogConfig: Setting CVar [[r.DistanceFieldShadowing:1]]
[2023.04.26-03.08.45:272][  0]LogConfig: Setting CVar [[r.DistanceFieldAO:1]]
[2023.04.26-03.08.45:273][  0]LogConfig: Setting CVar [[r.AOQuality:2]]
[2023.04.26-03.08.45:273][  0]LogConfig: Setting CVar [[r.VolumetricFog:1]]
[2023.04.26-03.08.45:273][  0]LogConfig: Setting CVar [[r.VolumetricFog.GridPixelSize:8]]
[2023.04.26-03.08.45:273][  0]LogConfig: Setting CVar [[r.VolumetricFog.GridSizeZ:128]]
[2023.04.26-03.08.45:273][  0]LogConfig: Setting CVar [[r.VolumetricFog.HistoryMissSupersampleCount:4]]
[2023.04.26-03.08.45:273][  0]LogConfig: Setting CVar [[r.LightMaxDrawDistanceScale:1]]
[2023.04.26-03.08.45:273][  0]LogConfig: Setting CVar [[r.CapsuleShadows:1]]
[2023.04.26-03.08.45:273][  0]LogConfig: Applying CVar settings from Section [PostProcessQuality@3] File [E:/School/DAGD 499/CapstoneProject/CapstoneProject_HJV/Saved/Config/Windows/Scalability.ini]
[2023.04.26-03.08.45:273][  0]LogConfig: Setting CVar [[r.MotionBlurQuality:4]]
[2023.04.26-03.08.45:273][  0]LogConfig: Setting CVar [[r.AmbientOcclusionMipLevelFactor:0.4]]
[2023.04.26-03.08.45:273][  0]LogConfig: Setting CVar [[r.AmbientOcclusionMaxQuality:100]]
[2023.04.26-03.08.45:273][  0]LogConfig: Setting CVar [[r.AmbientOcclusionLevels:-1]]
[2023.04.26-03.08.45:273][  0]LogConfig: Setting CVar [[r.AmbientOcclusionRadiusScale:1.0]]
[2023.04.26-03.08.45:273][  0]LogConfig: Setting CVar [[r.DepthOfFieldQuality:2]]
[2023.04.26-03.08.45:273][  0]LogConfig: Setting CVar [[r.RenderTargetPoolMin:400]]
[2023.04.26-03.08.45:273][  0]LogConfig: Setting CVar [[r.LensFlareQuality:2]]
[2023.04.26-03.08.45:273][  0]LogConfig: Setting CVar [[r.SceneColorFringeQuality:1]]
[2023.04.26-03.08.45:273][  0]LogConfig: Setting CVar [[r.EyeAdaptationQuality:2]]
[2023.04.26-03.08.45:273][  0]LogConfig: Setting CVar [[r.BloomQuality:5]]
[2023.04.26-03.08.45:273][  0]LogConfig: Setting CVar [[r.FastBlurThreshold:100]]
[2023.04.26-03.08.45:273][  0]LogConfig: Setting CVar [[r.Upscale.Quality:3]]
[2023.04.26-03.08.45:273][  0]LogConfig: Setting CVar [[r.Tonemapper.GrainQuantization:1]]
[2023.04.26-03.08.45:273][  0]LogConfig: Setting CVar [[r.LightShaftQuality:1]]
[2023.04.26-03.08.45:273][  0]LogConfig: Setting CVar [[r.Filter.SizeScale:1]]
[2023.04.26-03.08.45:273][  0]LogConfig: Setting CVar [[r.Tonemapper.Quality:5]]
[2023.04.26-03.08.45:273][  0]LogConfig: Setting CVar [[r.DOF.Gather.AccumulatorQuality:1        ; higher gathering accumulator quality]]
[2023.04.26-03.08.45:273][  0]LogConfig: Setting CVar [[r.DOF.Gather.PostfilterMethod:1          ; Median3x3 postfilering method]]
[2023.04.26-03.08.45:273][  0]LogConfig: Setting CVar [[r.DOF.Gather.EnableBokehSettings:0       ; no bokeh simulation when gathering]]
[2023.04.26-03.08.45:273][  0]LogConfig: Setting CVar [[r.DOF.Gather.RingCount:4                 ; medium number of samples when gathering]]
[2023.04.26-03.08.45:273][  0]LogConfig: Setting CVar [[r.DOF.Scatter.ForegroundCompositing:1    ; additive foreground scattering]]
[2023.04.26-03.08.45:273][  0]LogConfig: Setting CVar [[r.DOF.Scatter.BackgroundCompositing:2    ; additive background scattering]]
[2023.04.26-03.08.45:273][  0]LogConfig: Setting CVar [[r.DOF.Scatter.EnableBokehSettings:1      ; bokeh simulation when scattering]]
[2023.04.26-03.08.45:273][  0]LogConfig: Setting CVar [[r.DOF.Scatter.MaxSpriteRatio:0.1         ; only a maximum of 10% of scattered bokeh]]
[2023.04.26-03.08.45:273][  0]LogConfig: Setting CVar [[r.DOF.Recombine.Quality:1                ; cheap slight out of focus]]
[2023.04.26-03.08.45:273][  0]LogConfig: Setting CVar [[r.DOF.Recombine.EnableBokehSettings:0    ; no bokeh simulation on slight out of focus]]
[2023.04.26-03.08.45:273][  0]LogConfig: Setting CVar [[r.DOF.TemporalAAQuality:1                ; more stable temporal accumulation]]
[2023.04.26-03.08.45:273][  0]LogConfig: Setting CVar [[r.DOF.Kernel.MaxForegroundRadius:0.025]]
[2023.04.26-03.08.45:273][  0]LogConfig: Setting CVar [[r.DOF.Kernel.MaxBackgroundRadius:0.025]]
[2023.04.26-03.08.45:273][  0]LogConfig: Applying CVar settings from Section [TextureQuality@3] File [E:/School/DAGD 499/CapstoneProject/CapstoneProject_HJV/Saved/Config/Windows/Scalability.ini]
[2023.04.26-03.08.45:273][  0]LogConfig: Setting CVar [[r.Streaming.MipBias:0]]
[2023.04.26-03.08.45:273][  0]LogConfig: Setting CVar [[r.Streaming.AmortizeCPUToGPUCopy:0]]
[2023.04.26-03.08.45:273][  0]LogConfig: Setting CVar [[r.Streaming.MaxNumTexturesToStreamPerFrame:0]]
[2023.04.26-03.08.45:273][  0]LogConfig: Setting CVar [[r.Streaming.Boost:1]]
[2023.04.26-03.08.45:273][  0]LogConfig: Setting CVar [[r.MaxAnisotropy:8]]
[2023.04.26-03.08.45:273][  0]LogConfig: Setting CVar [[r.VT.MaxAnisotropy:8]]
[2023.04.26-03.08.45:273][  0]LogConfig: Setting CVar [[r.Streaming.LimitPoolSizeToVRAM:0]]
[2023.04.26-03.08.45:273][  0]LogConfig: Setting CVar [[r.Streaming.PoolSize:1000]]
[2023.04.26-03.08.45:273][  0]LogConfig: Setting CVar [[r.Streaming.MaxEffectiveScreenSize:0]]
[2023.04.26-03.08.45:273][  0]LogConfig: Applying CVar settings from Section [EffectsQuality@3] File [E:/School/DAGD 499/CapstoneProject/CapstoneProject_HJV/Saved/Config/Windows/Scalability.ini]
[2023.04.26-03.08.45:273][  0]LogConfig: Setting CVar [[r.TranslucencyLightingVolumeDim:64]]
[2023.04.26-03.08.45:273][  0]LogConfig: Setting CVar [[r.RefractionQuality:2]]
[2023.04.26-03.08.45:273][  0]LogConfig: Setting CVar [[r.SSR.Quality:3]]
[2023.04.26-03.08.45:273][  0]LogConfig: Setting CVar [[r.SSR.HalfResSceneColor:0]]
[2023.04.26-03.08.45:273][  0]LogConfig: Setting CVar [[r.SceneColorFormat:4]]
[2023.04.26-03.08.45:273][  0]LogConfig: Setting CVar [[r.DetailMode:2]]
[2023.04.26-03.08.45:273][  0]LogConfig: Setting CVar [[r.TranslucencyVolumeBlur:1]]
[2023.04.26-03.08.45:273][  0]LogConfig: Setting CVar [[r.MaterialQualityLevel:1 ; High quality]]
[2023.04.26-03.08.45:273][  0]LogConfig: Setting CVar [[r.AnisotropicMaterials:1]]
[2023.04.26-03.08.45:273][  0]LogConfig: Setting CVar [[r.SSS.Scale:1]]
[2023.04.26-03.08.45:273][  0]LogConfig: Setting CVar [[r.SSS.SampleSet:2]]
[2023.04.26-03.08.45:273][  0]LogConfig: Setting CVar [[r.SSS.Quality:1]]
[2023.04.26-03.08.45:273][  0]LogConfig: Setting CVar [[r.SSS.HalfRes:0]]
[2023.04.26-03.08.45:273][  0]LogConfig: Setting CVar [[r.SSGI.Quality:3]]
[2023.04.26-03.08.45:273][  0]LogConfig: Setting CVar [[r.EmitterSpawnRateScale:1.0]]
[2023.04.26-03.08.45:273][  0]LogConfig: Setting CVar [[r.ParticleLightQuality:2]]
[2023.04.26-03.08.45:273][  0]LogConfig: Setting CVar [[r.SkyAtmosphere.AerialPerspectiveLUT.FastApplyOnOpaque:1 ; Always have FastSkyLUT 1 in this case to avoid wrong sky]]
[2023.04.26-03.08.45:273][  0]LogConfig: Setting CVar [[r.SkyAtmosphere.AerialPerspectiveLUT.SampleCountMaxPerSlice:4]]
[2023.04.26-03.08.45:273][  0]LogConfig: Setting CVar [[r.SkyAtmosphere.AerialPerspectiveLUT.DepthResolution:16.0]]
[2023.04.26-03.08.45:273][  0]LogConfig: Setting CVar [[r.SkyAtmosphere.FastSkyLUT:1]]
[2023.04.26-03.08.45:273][  0]LogConfig: Setting CVar [[r.SkyAtmosphere.FastSkyLUT.SampleCountMin:4.0]]
[2023.04.26-03.08.45:274][  0]LogConfig: Setting CVar [[r.SkyAtmosphere.FastSkyLUT.SampleCountMax:128.0]]
[2023.04.26-03.08.45:274][  0]LogConfig: Setting CVar [[r.SkyAtmosphere.SampleCountMin:4.0]]
[2023.04.26-03.08.45:274][  0]LogConfig: Setting CVar [[r.SkyAtmosphere.SampleCountMax:128.0]]
[2023.04.26-03.08.45:274][  0]LogConfig: Setting CVar [[r.SkyAtmosphere.TransmittanceLUT.UseSmallFormat:0]]
[2023.04.26-03.08.45:274][  0]LogConfig: Setting CVar [[r.SkyAtmosphere.TransmittanceLUT.SampleCount:10.0]]
[2023.04.26-03.08.45:274][  0]LogConfig: Setting CVar [[r.SkyAtmosphere.MultiScatteringLUT.SampleCount:15.0]]
[2023.04.26-03.08.45:274][  0]LogConfig: Setting CVar [[r.SkyLight.RealTimeReflectionCapture:1]]
[2023.04.26-03.08.45:274][  0]LogConfig: Applying CVar settings from Section [FoliageQuality@3] File [E:/School/DAGD 499/CapstoneProject/CapstoneProject_HJV/Saved/Config/Windows/Scalability.ini]
[2023.04.26-03.08.45:274][  0]LogConfig: Setting CVar [[foliage.DensityScale:1.0]]
[2023.04.26-03.08.45:274][  0]LogConfig: Setting CVar [[grass.DensityScale:1.0]]
[2023.04.26-03.08.45:274][  0]LogConfig: Applying CVar settings from Section [ShadingQuality@3] File [E:/School/DAGD 499/CapstoneProject/CapstoneProject_HJV/Saved/Config/Windows/Scalability.ini]
[2023.04.26-03.08.45:274][  0]LogConfig: Setting CVar [[r.HairStrands.SkyLighting.IntegrationType:2]]
[2023.04.26-03.08.45:274][  0]LogConfig: Setting CVar [[r.HairStrands.SkyAO.SampleCount:4]]
[2023.04.26-03.08.45:274][  0]LogConfig: Setting CVar [[r.HairStrands.Visibility.MSAA.SamplePerPixel:4]]
[2023.04.26-03.08.45:274][  0]LogConfig: Applying CVar settings from Section [Startup] File [../../../Engine/Config/ConsoleVariables.ini]
[2023.04.26-03.08.45:274][  0]LogConfig: Setting CVar [[net.UseAdaptiveNetUpdateFrequency:0]]
[2023.04.26-03.08.45:274][  0]LogConfig: Setting CVar [[p.chaos.AllowCreatePhysxBodies:1]]
[2023.04.26-03.08.45:274][  0]LogConfig: Setting CVar [[fx.SkipVectorVMBackendOptimizations:1]]
[2023.04.26-03.08.45:274][  0]LogConfig: Applying CVar settings from Section [ConsoleVariables] File [E:/School/DAGD 499/CapstoneProject/CapstoneProject_HJV/Saved/Config/Windows/Engine.ini]
[2023.04.26-03.08.45:274][  0]LogConfig: Applying CVar settings from Section [ConsoleVariables] File [E:/School/DAGD 499/CapstoneProject/CapstoneProject_HJV/Saved/Config/Windows/Editor.ini]
[2023.04.26-03.08.45:274][  0]LogInit: Computer: DESKTOP-FIRQR9R
[2023.04.26-03.08.45:274][  0]LogInit: User: ehowl
[2023.04.26-03.08.45:274][  0]LogInit: CPU Page size=4096, Cores=8
[2023.04.26-03.08.45:274][  0]LogInit: High frequency timer resolution =10.000000 MHz
[2023.04.26-03.08.45:274][  0]LogMemory: Memory total: Physical=23.9GB (24GB approx)
[2023.04.26-03.08.45:274][  0]LogMemory: Platform Memory Stats for Windows
[2023.04.26-03.08.45:274][  0]LogMemory: Process Physical Memory: 145.89 MB used, 145.89 MB peak
[2023.04.26-03.08.45:274][  0]LogMemory: Process Virtual Memory: 121.31 MB used, 121.31 MB peak
[2023.04.26-03.08.45:274][  0]LogMemory: Physical Memory: 13254.47 MB used,  11252.77 MB free, 24507.23 MB total
[2023.04.26-03.08.45:274][  0]LogMemory: Virtual Memory: 134210072.00 MB used,  7653.22 MB free, 134217728.00 MB total
[2023.04.26-03.08.45:281][  0]LogWindows: WindowsPlatformFeatures enabled
[2023.04.26-03.08.45:305][  0]LogInit: Physics initialised using underlying interface: PhysX
[2023.04.26-03.08.45:305][  0]LogInit: Using OS detected language (en-US).
[2023.04.26-03.08.45:305][  0]LogInit: Using OS detected locale (en-US).
[2023.04.26-03.08.45:309][  0]LogTextLocalizationManager: No specific localization for 'en-US' exists, so the 'en' localization will be used.
[2023.04.26-03.08.45:538][  0]LogWindowsTextInputMethodSystem: Display: IME system deactivated.
[2023.04.26-03.08.45:575][  0]LogSlate: New Slate User Created.  User Index 0, Is Virtual User: 0
[2023.04.26-03.08.45:575][  0]LogSlate: Slate User Registered.  User Index 0, Is Virtual User: 0
[2023.04.26-03.08.45:601][  0]LogD3D11RHI: Loaded GFSDK_Aftermath_Lib.x64.dll
[2023.04.26-03.08.45:604][  0]LogHMD: Failed to initialize OpenVR with code 110
[2023.04.26-03.08.45:604][  0]LogD3D11RHI: D3D11 min allowed feature level: 11_0
[2023.04.26-03.08.45:604][  0]LogD3D11RHI: D3D11 max allowed feature level: 11_0
[2023.04.26-03.08.45:604][  0]LogD3D11RHI: D3D11 adapters:
[2023.04.26-03.08.45:733][  0]LogD3D11RHI:    0. 'NVIDIA GeForce GTX 1060 3GB' (Feature Level 11_0)
[2023.04.26-03.08.45:733][  0]LogD3D11RHI:       2988/0/12253 MB DedicatedVideo/DedicatedSystem/SharedSystem, Outputs:2, VendorId:0x10de
[2023.04.26-03.08.45:736][  0]LogD3D11RHI:    1. 'Microsoft Basic Render Driver' (Feature Level 11_0)
[2023.04.26-03.08.45:736][  0]LogD3D11RHI:       0/0/12253 MB DedicatedVideo/DedicatedSystem/SharedSystem, Outputs:0, VendorId:0x1414
[2023.04.26-03.08.45:736][  0]LogD3D11RHI: Chosen D3D11 Adapter:
[2023.04.26-03.08.45:736][  0]LogD3D11RHI:     Description : NVIDIA GeForce GTX 1060 3GB
[2023.04.26-03.08.45:736][  0]LogD3D11RHI:     VendorId    : 10de
[2023.04.26-03.08.45:736][  0]LogD3D11RHI:     DeviceId    : 1c02
[2023.04.26-03.08.45:736][  0]LogD3D11RHI:     SubSysId    : 61603842
[2023.04.26-03.08.45:736][  0]LogD3D11RHI:     Revision    : 00a1
[2023.04.26-03.08.45:736][  0]LogD3D11RHI:     DedicatedVideoMemory : 3133145088 bytes
[2023.04.26-03.08.45:736][  0]LogD3D11RHI:     DedicatedSystemMemory : 0 bytes
[2023.04.26-03.08.45:736][  0]LogD3D11RHI:     SharedSystemMemory : 12848848896 bytes
[2023.04.26-03.08.45:736][  0]LogD3D11RHI:     AdapterLuid : 0 44575
[2023.04.26-03.08.45:747][  0]LogD3D11RHI: Creating new Direct3DDevice
[2023.04.26-03.08.45:748][  0]LogD3D11RHI:     GPU DeviceId: 0x1c02 (for the marketing name, search the web for "GPU Device Id")
[2023.04.26-03.08.45:748][  0]LogWindows: EnumDisplayDevices:
[2023.04.26-03.08.45:748][  0]LogWindows:    0. 'NVIDIA GeForce GTX 1060 3GB' (P:1 D:1)
[2023.04.26-03.08.45:748][  0]LogWindows:    1. 'NVIDIA GeForce GTX 1060 3GB' (P:0 D:1)
[2023.04.26-03.08.45:748][  0]LogWindows:    2. 'NVIDIA GeForce GTX 1060 3GB' (P:0 D:0)
[2023.04.26-03.08.45:749][  0]LogWindows:    3. 'NVIDIA GeForce GTX 1060 3GB' (P:0 D:0)
[2023.04.26-03.08.45:749][  0]LogWindows: DebugString: FoundDriverCount:4 
[2023.04.26-03.08.45:749][  0]LogD3D11RHI:     Adapter Name: NVIDIA GeForce GTX 1060 3GB
[2023.04.26-03.08.45:749][  0]LogD3D11RHI:   Driver Version: 516.94 (internal:31.0.15.1694, unified:516.94)
[2023.04.26-03.08.45:749][  0]LogD3D11RHI:      Driver Date: 7-21-2022
[2023.04.26-03.08.45:749][  0]LogRHI: Texture pool is 2091 MB (70% of 2988 MB)
[2023.04.26-03.08.45:749][  0]LogD3D11RHI: Creating D3DDevice using adapter:
[2023.04.26-03.08.45:749][  0]LogD3D11RHI:     Description : NVIDIA GeForce GTX 1060 3GB
[2023.04.26-03.08.45:749][  0]LogD3D11RHI:     VendorId    : 10de
[2023.04.26-03.08.45:749][  0]LogD3D11RHI:     DeviceId    : 1c02
[2023.04.26-03.08.45:749][  0]LogD3D11RHI:     SubSysId    : 61603842
[2023.04.26-03.08.45:749][  0]LogD3D11RHI:     Revision    : 00a1
[2023.04.26-03.08.45:749][  0]LogD3D11RHI:     DedicatedVideoMemory : 3133145088 bytes
[2023.04.26-03.08.45:749][  0]LogD3D11RHI:     DedicatedSystemMemory : 0 bytes
[2023.04.26-03.08.45:749][  0]LogD3D11RHI:     SharedSystemMemory : 12848848896 bytes
[2023.04.26-03.08.45:749][  0]LogD3D11RHI:     AdapterLuid : 0 44575
[2023.04.26-03.08.45:836][  0]LogD3D11RHI: RHI has support for 64 bit atomics
[2023.04.26-03.08.45:836][  0]LogD3D11RHI: Async texture creation enabled
[2023.04.26-03.08.45:836][  0]LogD3D11RHI: Array index from any shader is supported
[2023.04.26-03.08.45:859][  0]LogD3D11RHI: GPU Timing Frequency: 1000.000000 (Debug: 2 1)
[2023.04.26-03.08.45:896][  0]LogRHI: GeForceNow SDK initialized: 1
[2023.04.26-03.08.46:252][  0]LogTargetPlatformManager: Display: Loaded TargetPlatform 'WindowsNoEditor'
[2023.04.26-03.08.46:257][  0]LogTargetPlatformManager: Display: Loaded TargetPlatform 'Windows'
[2023.04.26-03.08.46:263][  0]LogTargetPlatformManager: Display: Loaded TargetPlatform 'WindowsClient'
[2023.04.26-03.08.46:268][  0]LogTargetPlatformManager: Display: Loaded TargetPlatform 'WindowsServer'
[2023.04.26-03.08.46:268][  0]LogTargetPlatformManager: Display: Building Assets For Windows
[2023.04.26-03.08.46:276][  0]LogAudioDebug: Display: Lib vorbis DLL was dynamically loaded.
[2023.04.26-03.08.46:308][  0]LogTextureFormatOodle: Display: Oodle Texture 2.9.0 init RDO Off
[2023.04.26-03.08.46:343][  0]LogRendererCore: Ray tracing is disabled. Reason: r.RayTracing=0.
[2023.04.26-03.08.46:343][  0]LogShaderCompilers: Guid format shader working directory is -21 characters bigger than the processId version (../../../../../School/DAGD 499/CapstoneProject/CapstoneProject_HJV/Intermediate/Shaders/WorkingDirectory/11884/).
[2023.04.26-03.08.46:343][  0]LogShaderCompilers: Cleaned the shader compiler working directory 'C:/Users/ehowl/AppData/Local/Temp/UnrealShaderWorkingDir/94F1662945BAB9C58A77B5906C461BEE/'.
[2023.04.26-03.08.46:344][  0]LogXGEController: Cannot use XGE Controller as Incredibuild is not installed on this machine.
[2023.04.26-03.08.46:344][  0]LogShaderCompilers: Cannot use XGE Shader Compiler as Incredibuild is not installed on this machine.
[2023.04.26-03.08.46:344][  0]LogShaderCompilers: Display: Using Local Shader Compiler.
[2023.04.26-03.08.47:267][  0]LogDerivedDataCache: Display: Max Cache Size: 512 MB
[2023.04.26-03.08.47:335][  0]LogDerivedDataCache: Loaded boot cache 0.07s 94MB C:/Users/ehowl/AppData/Local/UnrealEngine/4.27/DerivedDataCache/Boot.ddc.
[2023.04.26-03.08.47:335][  0]LogDerivedDataCache: Display: Loaded Boot cache: C:/Users/ehowl/AppData/Local/UnrealEngine/4.27/DerivedDataCache/Boot.ddc
[2023.04.26-03.08.47:335][  0]LogDerivedDataCache: FDerivedDataBackendGraph:  Pak pak cache file ../../../../../School/DAGD 499/CapstoneProject/CapstoneProject_HJV/DerivedDataCache/DDC.ddp not found, will not use a pak cache.
[2023.04.26-03.08.47:336][  0]LogDerivedDataCache: Unable to find inner node Pak for hierarchical cache Hierarchy.
[2023.04.26-03.08.47:336][  0]LogDerivedDataCache: FDerivedDataBackendGraph:  CompressedPak pak cache file ../../../../../School/DAGD 499/CapstoneProject/CapstoneProject_HJV/DerivedDataCache/Compressed.ddp not found, will not use a pak cache.
[2023.04.26-03.08.47:336][  0]LogDerivedDataCache: Unable to find inner node CompressedPak for hierarchical cache Hierarchy.
[2023.04.26-03.08.47:357][  0]LogDerivedDataCache: Display: Pak cache opened for reading ../../../Engine/DerivedDataCache/Compressed.ddp.
[2023.04.26-03.08.47:357][  0]LogDerivedDataCache: FDerivedDataBackendGraph:  EnterprisePak pak cache file ../../../Enterprise/DerivedDataCache/Compressed.ddp not found, will not use a pak cache.
[2023.04.26-03.08.47:357][  0]LogDerivedDataCache: Unable to find inner node EnterprisePak for hierarchical cache Hierarchy.
[2023.04.26-03.08.47:368][  0]LogDerivedDataCache: Speed tests for C:/Users/ehowl/AppData/Local/UnrealEngine/Common/DerivedDataCache took 0.01 seconds
[2023.04.26-03.08.47:368][  0]LogDerivedDataCache: Display: Performance to C:/Users/ehowl/AppData/Local/UnrealEngine/Common/DerivedDataCache: Latency=0.05ms. RandomReadSpeed=726.49MBs, RandomWriteSpeed=111.23MBs. Assigned SpeedClass 'Local'
[2023.04.26-03.08.47:369][  0]LogDerivedDataCache: Using Local data cache path C:/Users/ehowl/AppData/Local/UnrealEngine/Common/DerivedDataCache: Writable
[2023.04.26-03.08.47:369][  0]LogDerivedDataCache: Shared data cache path not found in *engine.ini, will not use an Shared cache.
[2023.04.26-03.08.47:369][  0]LogDerivedDataCache: Unable to find inner node Shared for hierarchical cache Hierarchy.
[2023.04.26-03.08.47:412][  0]LogSlate: Using FreeType 2.10.0
[2023.04.26-03.08.47:412][  0]LogSlate: SlateFontServices - WITH_FREETYPE: 1, WITH_HARFBUZZ: 1
[2023.04.26-03.08.47:502][  0]LogInit: Using OS detected language (en-US).
[2023.04.26-03.08.47:502][  0]LogInit: Using OS detected locale (en-US).
[2023.04.26-03.08.47:502][  0]LogTextLocalizationManager: No localization for 'en-US' exists, so 'en' will be used for the language.
[2023.04.26-03.08.47:502][  0]LogTextLocalizationManager: No localization for 'en-US' exists, so 'en' will be used for the locale.
[2023.04.26-03.08.47:502][  0]LogSlate: FontCache flush requested. Reason: Culture for localization was changed
[2023.04.26-03.08.47:502][  0]LogSlate: FontCache flush requested. Reason: Culture for localization was changed
[2023.04.26-03.08.47:505][  0]LogTextLocalizationManager: Compacting localization data took   0.01ms
[2023.04.26-03.08.47:505][  0]LogAssetRegistry: FAssetRegistry took 0.0020 seconds to start up
[2023.04.26-03.08.47:711][  0]LogPackageLocalizationCache: Processed 28 localized package path(s) for 1 prioritized culture(s) in 0.001426 seconds
[2023.04.26-03.08.47:790][  0]LogInit: Selected Device Profile: [Windows]
[2023.04.26-03.08.47:790][  0]LogInit: Active device profile: [000001685B062F00][0000016854E4E200 49] Windows
[2023.04.26-03.08.47:790][  0]LogInit: Profiles: [000001685B062F00][0000016854E4E200 49] Windows, [000001685B019300][0000016854E56380 49] WindowsNoEditor, [000001685B061300][0000016854E5A500 49] WindowsServer, [000001685B018B00][0000016854E5E680 49] WindowsClient, [000001685B060B00][0000016854E62800 49] IOS, [000001685B01BA00][0000016854E66980 49] iPadAir, [000001685B063E00][0000016854E6AB00 49] iPadAir2, [000001685AFC6900][0000016854E72DC0 49] IPadPro, [000001685AFC6A00][0000016854E6EE00 49] iPadAir3, [000001685B060200][0000016854E76F80 49] iPadAir4, [000001685AFC7600][0000016854E7B100 49] iPadMini2, [000001685B060100][0000016854E7F280 49] iPadMini3, [000001685AFC4B00][0000016854E83400 49] iPadMini4, [000001685B060D00][0000016854A13580 49] iPadMini5, [000001685B00E200][0000016854A1B840 49] iPhone6, [000001685B00E300][0000016854A17880 49] iPodTouch6, [000001685AFC4E00][0000016854A1FAC0 49] iPhone7, [000001685AFC5000][0000016854E53B00 49] iPodTouch7, [000001685B00EE00][0000016854A220C0 49] iPhone5S, [000001685AFC4800][0000016854A2A240 49] iPhone6Plus, [000001685B00CB00][0000016854A2E3C0 49] iPhone6S, [000001685AFC7500][0000016854A32540 49] iPhone6SPlus, [000001685B00F300][0000016854A366C0 49] iPhone7Plus, [000001685AFC6700][0000016854A3A840 49] iPhoneSE, [000001685B00F900][0000016854A3E9C0 49] iPhone8, [000001685AFC4300][0000016854A42B40 49] iPhone8Plus, [000001685B00C300][0000016854A46CC0 49] iPhoneX, [000001685AFC7F00][0000016854A4AE40 49] iPhoneXS, [000001685B00C400][0000016854A4EFC0 49] iPhoneXSMax, [000001685AFC5D00][0000016854A53140 49] iPhoneXR, [000001685B00C600][0000016854A572C0 49] iPhone11, [000001685AFC5300][0000016854A5B440 49] iPhone11Pro, [000001685B00EC00][000001685BDEF5C0 49] iPhone11ProMax, [000001685AFC6500][000001685BDF3740 49] iPhoneSE2, [000001685B00DB00][000001685BDF78C0 49] iPhone12Mini, [000001685AFC7000][000001685BDFBA40 49] iPhone12, [000001685B00CC00][0000016854A27B80 49] iPhone12Pro, [000001685AFC6F00][000001685BDFE140 49] iPhone12ProMax, [000001685B00E600][000001685BE02280 49] iPadPro105, [000001685AFC5E00][000001685BE063C0 49] iPadPro129, [000001685B00D400][000001685BE0E540 49] iPadPro97, [000001685AFC6100][000001685BE126C0 49] iPadPro2_129, [000001685B00DD00][000001685BE16840 49] iPad5, [000001685AFC6D00][000001685BE1A9C0 49] iPad6, [000001685B00F800][000001685BE1EB40 49] iPad7, [000001685AFC7E00][000001685BE22CC0 49] iPad8, [000001685B00FF00][000001685BE26E40 49] iPadPro11, [000001685AFC4F00][000001685BE2AFC0 49] iPadPro2_11, [000001685B00E100][000001685BE2F140 49] iPadPro3_129, [000001685AFC5F00][000001685BE332C0 49] iPadPro4_129, [000001685B019400][000001685BE37440 49] AppleTV, [000001685B0A4C00][000001685BE3B5C0 49] AppleTV4K, [000001685B01AA00][000001685BE3F740 49] TVOS, [000001685B0A5300][000001685BE438C0 49] Mac, [000001685B018700][000001685BE47A40 49] MacClient, [000001685B0A4F00][000001685BE4BBC0 49] MacNoEditor, [000001685B01A400][000001685BE0A180 49] MacServer, [000001685B0A5800][000001685BE4E2C0 49] Linux, [000001685B019A00][000001685BE52400 49] LinuxAArch64, [000001685B0A5D00][000001685BE56540 49] LinuxNoEditor, [000001685B01B800][000001685BE5E6C0 49] LinuxAArch64NoEditor, [000001685B0A5B00][000001685BE62840 49] LinuxClient, [000001685B019100][000001685BE669C0 49] LinuxAArch64Client, [000001685B0A4100][000001685BE6AB40 49] LinuxServer, [000001685B019900][000001685BE6ECC0 49] LinuxAArch64Server, [000001685B0A5100][000001685BE72E40 49] Android, [000001685B01A300][000001685BE76FC0 49] Android_Low, [000001685B0A5A00][000001685BE7B140 49] Android_Mid, [000001685AFC5A00][000001685BE7F2C0 49] Android_High, [000001685B00FD00][000001685BE83440 49] Android_Default, [000001685AFC4100][000001685BE875C0 49] Android_Adreno4xx, [000001685B00CA00][000001685BE8B740 49] Android_Adreno5xx_Low, [000001685AFC7D00][000001685BE8F8C0 49] Android_Adreno5xx, [000001685B00EF00][000001685BE93A40 49] Android_Adreno6xx, [000001685AFC4C00][000001685BE97BC0 49] Android_Adreno6xx_Vulkan, [000001685B00ED00][000001685BE9A1C0 49] Android_Mali_T6xx, [000001685AFC7700][000001685BE9E340 49] Android_Mali_T7xx, [000001685B00F000][000001685BE5A480 49] Android_Mali_T8xx, [000001685AFC7800][000001685BEA25C0 49] Android_Mali_G71, [000001685B0A4400][000001685BEA6700 49] Android_Mali_G72, [000001685AFC5700][000001685BEAE880 49] Android_Mali_G72_Vulkan, [000001685B0A4B00][000001685BEB2A00 49] Android_Mali_G76, [000001685AFC5600][000001685BEB6B80 49] Android_Mali_G76_Vulkan, [000001685B0A5E00][000001685BEBAD00 49] Android_Mali_G77, [000001685AFC7400][000001685BEBEE80 49] Android_Mali_G77_Vulkan, [000001685B0A6700][000001685BEC3000 49] Android_Mali_G78, [000001685AFC7C00][000001685BEC7180 49] Android_Mali_G78_Vulkan, [000001685B0A5600][000001685BECB300 49] Android_Mali_G710, [000001685AFC4900][000001685BECF480 49] Android_Mali_G710_Vulkan, [000001685B0A6A00][000001685BED3600 49] Android_Vulkan_SM5, [000001685AFC5100][000001685BED7780 49] Android_PowerVR_G6xxx, [000001685B0A5C00][000001685BEDB900 49] Android_PowerVR_GT7xxx, [000001685AFC5400][000001685BEDFA80 49] Android_PowerVR_GE8xxx, [000001685B00FA00][000001685BEE3C00 49] Android_PowerVR_GM9xxx, [000001685AFC6000][000001685BEE6200 49] Android_PowerVR_GM9xxx_Vulkan, [000001685B00E700][000001685BEEA380 49] Android_TegraK1, [000001685AFC7300][000001685BEEE500 49] Android_Unknown_Vulkan, [000001685B00C700][000001685BEAA640 49] Lumin, [000001685AFC4200][000001685BEF2780 49] Lumin_Desktop, [000001685B00DE00][000001685BEF68C0 49] HoloLens, 
[2023.04.26-03.08.47:836][  0]LogMeshReduction: Using QuadricMeshReduction for automatic static mesh reduction
[2023.04.26-03.08.47:836][  0]LogMeshReduction: Using SimplygonMeshReduction for automatic skeletal mesh reduction
[2023.04.26-03.08.47:836][  0]LogMeshReduction: Using ProxyLODMeshReduction for automatic mesh merging
[2023.04.26-03.08.47:836][  0]LogMeshReduction: No distributed automatic mesh merging module available
[2023.04.26-03.08.47:836][  0]LogMeshMerging: No distributed automatic mesh merging module available
[2023.04.26-03.08.47:963][  0]LogNetVersion: CapstoneProject_HJV 1.0.0, NetCL: 17155196, EngineNetVer: 17, GameNetVer: 0 (Checksum: 2464823574)
[2023.04.26-03.08.48:242][  0]LogTexture: Default maximum texture size for cubemaps generated from long-lat sources has been changed from 512 to unlimited. In order to preserve old behaiour for '/Engine/MapTemplates/Sky/DaylightAmbientCubemap.DaylightAmbientCubemap', its maximum texture size has been explicitly set to 512.
[2023.04.26-03.08.48:306][  0]LogHMD: PokeAHoleMaterial loaded successfully
[2023.04.26-03.08.48:415][  0]LogMoviePlayer: Initializing movie player
[2023.04.26-03.08.48:524][  0]LogNiagaraDebuggerClient: Niagara Debugger Client Initialized | Session: 8DBBD22542E27801ECD768A79E8DFE9C | Instance: FDD924784C76E90C8E63C2814BC362A1 (DESKTOP-FIRQR9R-11884).
[2023.04.26-03.08.48:546][  0]LogCollectionManager: Loaded 0 collections in 0.000904 seconds
[2023.04.26-03.08.48:548][  0]LogFileCache: Scanning file cache for directory 'E:/School/DAGD 499/CapstoneProject/CapstoneProject_HJV/Saved/Collections/' took 0.00s
[2023.04.26-03.08.48:548][  0]LogFileCache: Scanning file cache for directory 'E:/School/DAGD 499/CapstoneProject/CapstoneProject_HJV/Content/Developers/ehowl/Collections/' took 0.00s
[2023.04.26-03.08.48:548][  0]LogFileCache: Scanning file cache for directory 'E:/School/DAGD 499/CapstoneProject/CapstoneProject_HJV/Content/Collections/' took 0.00s
[2023.04.26-03.08.48:548][  0]LogCollectionManager: Fixed up redirectors for 0 collections in 0.000002 seconds (updated 0 objects)
[2023.04.26-03.08.48:656][  0]LogTcpMessaging: Initializing TcpMessaging bridge
[2023.04.26-03.08.48:661][  0]LogUdpMessaging: Initializing bridge on interface 0.0.0.0:0 to multicast group 230.0.0.1:6666.
[2023.04.26-03.08.48:673][  0]LogPython: Using Python 3.7.7
[2023.04.26-03.08.49:414][  0]LogOpenImageDenoise: OIDN starting up
[2023.04.26-03.08.49:442][  0]LogAndroidPermission: UAndroidPermissionCallbackProxy::GetInstance
[2023.04.26-03.08.49:457][  0]LogAudioCaptureCore: Display: No Audio Capture implementations found. Audio input will be silent.
[2023.04.26-03.08.49:457][  0]LogAudioCaptureCore: Display: No Audio Capture implementations found. Audio input will be silent.
[2023.04.26-03.08.49:535][  0]SourceControl: Source control is disabled
[2023.04.26-03.08.49:536][  0]SourceControl: Source control is disabled
[2023.04.26-03.08.49:539][  0]SourceControl: Source control is disabled
[2023.04.26-03.08.49:548][  0]LogUProjectInfo: Found projects:
[2023.04.26-03.08.49:549][  0]LogVSAccessor: Display: Unable to create Visual Studio setup instance: 80040154
[2023.04.26-03.08.49:550][  0]LogVSAccessor: Display: Unable to create Visual Studio setup instance: 80040154
[2023.04.26-03.08.49:550][  0]LogVSAccessor: Display: Unable to create Visual Studio setup instance: 80040154
[2023.04.26-03.08.49:571][  0]LogOcInput: OculusInput pre-init called
[2023.04.26-03.08.49:582][  0]LogUObjectArray: 22198 objects as part of root set at end of initial load.
[2023.04.26-03.08.49:582][  0]LogUObjectAllocator: 6008992 out of 0 bytes used by permanent object pool.
[2023.04.26-03.08.49:582][  0]LogUObjectArray: CloseDisregardForGC: 0/0 objects in disregard for GC pool
[2023.04.26-03.08.49:639][  0]LogClass: Warning: StructProperty FCPathNode::WorldLocation is not initialized properly even though its struct probably has a custom default constructor. Module:CPathfinding File:Public/CPathNode.h
[2023.04.26-03.08.49:640][  0]LogClass: Display: 1 Uninitialized script struct members found including 0 object properties
[2023.04.26-03.08.49:640][  0]LogAutomationTest: Warning: StructProperty FCPathNode::WorldLocation is not initialized properly even though its struct probably has a custom default constructor. Module:CPathfinding File:Public/CPathNode.h
[2023.04.26-03.08.49:640][  0]LogEngine: Initializing Engine...
[2023.04.26-03.08.49:643][  0]LogHMD: Failed to enumerate extensions. Please check that you have a valid OpenXR runtime installed.
[2023.04.26-03.08.49:644][  0]LogHMD: Failed to initialize OpenVR with code 110
[2023.04.26-03.08.49:644][  0]LogMagicLeap: Warning: VR disabled because ZI is not enabled.  To enable, in the editor, Edit -> Project Settings -> Plugins -> Magic Leap Plugin -> Enable Zero Iteration
[2023.04.26-03.08.49:645][  0]LogStats: UGameplayTagsManager::InitializeManager -  0.000 s
[2023.04.26-03.08.49:749][  0]LogInit: Initializing FReadOnlyCVARCache
[2023.04.26-03.08.49:749][  0]LogAudio: Display: Initializing Audio Device Manager...
[2023.04.26-03.08.49:753][  0]LogAudio: Display: Loading Default Audio Settings Objects...
[2023.04.26-03.08.49:754][  0]LogAudio: Display: No default SoundConcurrencyObject specified (or failed to load).
[2023.04.26-03.08.49:754][  0]LogAudio: Display: Audio Device Manager Initialized
[2023.04.26-03.08.49:754][  0]LogAudio: Display: Creating Audio Device:                 Id: 1, Scope: Shared, Realtime: True
[2023.04.26-03.08.49:754][  0]LogAudioMixer: Display: Audio Mixer Platform Settings:
[2023.04.26-03.08.49:754][  0]LogAudioMixer: Display: 	Sample Rate:						  48000
[2023.04.26-03.08.49:754][  0]LogAudioMixer: Display: 	Callback Buffer Frame Size Requested: 1024
[2023.04.26-03.08.49:754][  0]LogAudioMixer: Display: 	Callback Buffer Frame Size To Use:	  1024
[2023.04.26-03.08.49:754][  0]LogAudioMixer: Display: 	Number of buffers to queue:			  2
[2023.04.26-03.08.49:754][  0]LogAudioMixer: Display: 	Max Channels (voices):				  32
[2023.04.26-03.08.49:754][  0]LogAudioMixer: Display: 	Number of Async Source Workers:		  0
[2023.04.26-03.08.49:754][  0]LogAudio: Display: AudioDevice MaxSources: 32
[2023.04.26-03.08.49:755][  0]LogAudio: Display: Audio Spatialization Plugin: None (built-in).
[2023.04.26-03.08.49:755][  0]LogAudio: Display: Audio Reverb Plugin: None (built-in).
[2023.04.26-03.08.49:755][  0]LogAudio: Display: Audio Occlusion Plugin: None (built-in).
[2023.04.26-03.08.49:755][  0]LogAudioMixer: Display: Initializing audio mixer.
[2023.04.26-03.08.49:767][  0]LogAudioMixer: Display: 0: FrontLeft
[2023.04.26-03.08.49:767][  0]LogAudioMixer: Display: 1: FrontRight
[2023.04.26-03.08.49:786][  0]LogAudioMixer: Display: Using Audio Device Speakers (HyperX Cloud II Wireless)
[2023.04.26-03.08.49:793][  0]LogAudioMixer: Display: Initializing Sound Submixes...
[2023.04.26-03.08.49:795][  0]LogAudioMixer: Display: Submix unset or invalid in 'AudioSettings': Using engine asset 'MasterSubmixDefault'
[2023.04.26-03.08.49:795][  0]LogAudioMixer: Display: Creating Master Submix 'MasterSubmixDefault'
[2023.04.26-03.08.49:795][  0]LogAudioMixer: Display: Submix unset or invalid in 'AudioSettings': Using engine asset 'MasterReverbSubmixDefault'
[2023.04.26-03.08.49:795][  0]LogAudioMixer: Display: Creating Master Submix 'MasterReverbSubmixDefault'
[2023.04.26-03.08.49:797][  0]LogAudioMixer: Display: Creating Master Submix 'MasterEQSubmixDefault'
[2023.04.26-03.08.49:797][  0]LogAudioMixer: FMixerPlatformXAudio2::StartAudioStream() called
[2023.04.26-03.08.49:797][  0]LogAudioMixer: Display: Output buffers initialized: Frames=1024, Channels=2, Samples=2048
[2023.04.26-03.08.49:798][  0]LogAudioMixer: Display: Starting AudioMixerPlatformInterface::RunInternal()
[2023.04.26-03.08.49:798][  0]LogAudioMixer: Display: FMixerPlatformXAudio2::SubmitBuffer() called for the first time
[2023.04.26-03.08.49:798][  0]LogInit: FAudioDevice initialized.
[2023.04.26-03.08.49:800][  0]LogNetVersion: Set ProjectVersion to 1.0.0.0. Version Checksum will be recalculated on next use.
[2023.04.26-03.08.49:801][  0]LogInit: Texture streaming: Enabled
[2023.04.26-03.08.49:875][  0]LogAudio: Display: Audio Device (ID: 1) registered with world 'Untitled'.
[2023.04.26-03.08.49:875][  0]LogSlate: Updating window title bar state: overlay mode, drag disabled, window buttons hidden, title bar hidden
[2023.04.26-03.08.49:877][  0]LogInit: Display: Game Engine Initialized.
[2023.04.26-03.08.49:877][  0]LogNiagaraEditor: GEditor isn't valid! Particle reset commands will not work for Niagara components!
[2023.04.26-03.08.50:034][  0]LogInit: Display: Starting Game.
[2023.04.26-03.08.50:035][  0]LogNet: Browse: /Game/Levels/Opening_Screen?Name=Player
[2023.04.26-03.08.50:035][  0]LogLoad: LoadMap: /Game/Levels/Opening_Screen?Name=Player
[2023.04.26-03.08.50:035][  0]LogWorld: BeginTearingDown for /Temp/Untitled_0
[2023.04.26-03.08.50:037][  0]LogWorld: UWorld::CleanupWorld for Untitled, bSessionEnded=true, bCleanupResources=true
[2023.04.26-03.08.50:037][  0]LogSlate: InvalidateAllWidgets triggered.  All widgets were invalidated
[2023.04.26-03.08.50:042][  0]LogAudio: Display: Audio Device unregistered from world 'None'.
[2023.04.26-03.08.50:046][  0]LogUObjectHash: Compacting FUObjectHashTables data took   1.11ms
[2023.04.26-03.08.52:741][  0]LogAudio: Display: Audio Device (ID: 1) registered with world 'Opening_Screen'.
[2023.04.26-03.08.52:750][  0]LogAIModule: Creating AISystem for world Opening_Screen
[2023.04.26-03.08.52:751][  0]LogLoad: Game class is 'MyGame_C'
[2023.04.26-03.08.52:753][  0]LogWorld: Bringing World /Game/Levels/Opening_Screen.Opening_Screen up for play (max tick rate 0) at 2023.04.25-23.08.52
[2023.04.26-03.08.52:753][  0]LogWorld: Bringing up level for play took: 0.000979
[2023.04.26-03.08.52:753][  0]LogGameMode: FindPlayerStart: PATHS NOT DEFINED or NO PLAYERSTART with positive rating
[2023.04.26-03.08.52:754][  0]LogGameMode: Display: Match State Changed from EnteringMap to WaitingToStart
[2023.04.26-03.08.52:754][  0]LogGameState: Match State Changed from EnteringMap to WaitingToStart
[2023.04.26-03.08.52:754][  0]LogGameMode: Display: Match State Changed from WaitingToStart to InProgress
[2023.04.26-03.08.52:757][  0]LogPhysics: Warning: Scale for /Game/Levels/Opening_Screen.Opening_Screen:PersistentLevel.PlayerCharacter_C_0.MantisBlade_Final has a component set to zero, which will result in a bad body instance. Scale:X=0.000 Y=0.000 Z=0.000
[2023.04.26-03.08.52:757][  0]LogPhysics: Warning: Initialising Body : Scale3D is (nearly) zero: Component: '/Game/Levels/Opening_Screen.Opening_Screen:PersistentLevel.PlayerCharacter_C_0.MantisBlade_Final' 
[2023.04.26-03.08.52:759][  0]LogViewport: Display: Viewport MouseCaptureMode Changed, CapturePermanently_IncludingInitialMouseDown -> NoCapture
[2023.04.26-03.08.52:760][  0]LogGameState: Match State Changed from WaitingToStart to InProgress
[2023.04.26-03.08.52:760][  0]LogLoad: Took 2.726113 seconds to LoadMap(/Game/Levels/Opening_Screen)
[2023.04.26-03.08.52:835][  0]LogSlate: Took 0.000311 seconds to synchronously load lazily loaded font '../../../Engine/Content/Slate/Fonts/Roboto-Regular.ttf' (155K)
[2023.04.26-03.08.52:882][  0]LogRenderer: Reallocating scene render targets to support 1912x1008 Format 10 NumSamples 1 (Frame:1).
[2023.04.26-03.08.52:882][  0]LogInit: Display: Engine is initialized. Leaving FEngineLoop::Init()
[2023.04.26-03.08.52:882][  0]LogLoad: (Engine Initialization) Total time: 8.83 seconds
[2023.04.26-03.08.52:882][  0]LogLoad: (Engine Initialization) Total Blueprint compile time: 0.00 seconds
[2023.04.26-03.08.52:885][  0]LogContentStreaming: Texture pool size now 1000 MB
[2023.04.26-03.08.52:890][  0]LogAudio: Warning: Detected orphaned looping sound 'MenuMusic'.
[2023.04.26-03.08.52:890][  0]LogSlate: InvalidateAllWidgets triggered.  All widgets were invalidated
[2023.04.26-03.08.52:955][  0]LogRenderer: Reallocating scene render targets to support 128x128 Format 10 NumSamples 1 (Frame:1).
[2023.04.26-03.08.52:984][  0]LogRenderer: Reallocating scene render targets to support 1912x1008 Format 10 NumSamples 1 (Frame:2).
[2023.04.26-03.08.53:019][  1]LogSlate: Took 0.000235 seconds to synchronously load lazily loaded font '../../../Engine/Content/Slate/Fonts/Roboto-Regular.ttf' (155K)
[2023.04.26-03.08.55:781][439]LogBlueprintUserMessages: [OptionsMenu_C_0] X=1024 Y=768
[2023.04.26-03.08.55:781][439]LogBlueprintUserMessages: [OptionsMenu_C_0] X=1152 Y=864
[2023.04.26-03.08.55:781][439]LogBlueprintUserMessages: [OptionsMenu_C_0] X=1280 Y=720
[2023.04.26-03.08.55:781][439]LogBlueprintUserMessages: [OptionsMenu_C_0] X=1280 Y=768
[2023.04.26-03.08.55:781][439]LogBlueprintUserMessages: [OptionsMenu_C_0] X=1280 Y=800
[2023.04.26-03.08.55:781][439]LogBlueprintUserMessages: [OptionsMenu_C_0] X=1280 Y=960
[2023.04.26-03.08.55:781][439]LogBlueprintUserMessages: [OptionsMenu_C_0] X=1280 Y=1024
[2023.04.26-03.08.55:781][439]LogBlueprintUserMessages: [OptionsMenu_C_0] X=1360 Y=768
[2023.04.26-03.08.55:781][439]LogBlueprintUserMessages: [OptionsMenu_C_0] X=1366 Y=768
[2023.04.26-03.08.55:781][439]LogBlueprintUserMessages: [OptionsMenu_C_0] X=1440 Y=900
[2023.04.26-03.08.55:781][439]LogBlueprintUserMessages: [OptionsMenu_C_0] X=1600 Y=900
[2023.04.26-03.08.55:781][439]LogBlueprintUserMessages: [OptionsMenu_C_0] X=1600 Y=1024
[2023.04.26-03.08.55:781][439]LogBlueprintUserMessages: [OptionsMenu_C_0] X=1680 Y=1050
[2023.04.26-03.08.55:781][439]LogBlueprintUserMessages: [OptionsMenu_C_0] X=1920 Y=1080
[2023.04.26-03.09.06:651][187]LogSlate: Updating window title bar state: overlay mode, drag disabled, window buttons hidden, title bar hidden
[2023.04.26-03.09.07:323][298]Closing by request
[2023.04.26-03.09.07:323][298]LogWindows: FPlatformMisc::RequestExit(0)
[2023.04.26-03.09.07:323][298]LogWindows: FPlatformMisc::RequestExitWithStatus(0, 0)
[2023.04.26-03.09.07:323][298]LogCore: Engine exit requested (reason: Win RequestExit)
[2023.04.26-03.09.07:329][299]LogCore: Engine exit requested (reason: EngineExit() was called; note: exit was already requested)
[2023.04.26-03.09.07:329][299]LogInit: Display: PreExit Game.
[2023.04.26-03.09.07:329][299]LogWorld: BeginTearingDown for /Game/Levels/Opening_Screen
[2023.04.26-03.09.07:330][299]LogWorld: UWorld::CleanupWorld for Opening_Screen, bSessionEnded=true, bCleanupResources=true
[2023.04.26-03.09.07:330][299]LogSlate: InvalidateAllWidgets triggered.  All widgets were invalidated
[2023.04.26-03.09.07:654][299]LogAudio: Display: Beginning Audio Device Manager Shutdown (Module: AudioMixerXAudio2)...
[2023.04.26-03.09.07:654][299]LogAudio: Display: Destroying 1 Remaining Audio Device(s)...
[2023.04.26-03.09.07:654][299]LogAudio: Display: Audio Device unregistered from world 'Opening_Screen'.
[2023.04.26-03.09.07:679][299]LogAudioMixer: FMixerPlatformXAudio2::StopAudioStream() called
[2023.04.26-03.09.07:680][299]LogAudioMixer: FMixerPlatformXAudio2::StopAudioStream() called
[2023.04.26-03.09.07:684][299]LogAudio: Display: Audio Device Manager Shutdown
[2023.04.26-03.09.07:688][299]LogSlate: Window 'CapstoneProject_HJV (64-bit Development PCD3D_SM5) ' being destroyed
[2023.04.26-03.09.07:774][299]LogWindowsTextInputMethodSystem: Display: IME system deactivated.
[2023.04.26-03.09.07:791][299]LogExit: Preparing to exit.
[2023.04.26-03.09.07:819][299]LogUObjectHash: Compacting FUObjectHashTables data took   1.92ms
[2023.04.26-03.09.08:673][299]LogMoviePlayer: Shutting down movie player
[2023.04.26-03.09.08:842][299]LogSlate: Updating window title bar state: overlay mode, drag disabled, window buttons hidden, title bar hidden
[2023.04.26-03.09.08:867][299]LogDemo: Cleaned up 0 splitscreen connections with owner deletion
[2023.04.26-03.09.08:873][299]LogExit: Game engine shut down
[2023.04.26-03.09.08:930][299]LogExit: Object subsystem successfully closed.
[2023.04.26-03.09.08:946][299]LogShaderCompilers: Display: === FShaderJobCache stats ===
[2023.04.26-03.09.08:946][299]LogShaderCompilers: Display: Total job queries 0, among them cache hits 0 (0.00%)
[2023.04.26-03.09.08:946][299]LogShaderCompilers: Display: Tracking 0 distinct input hashes that result in 0 distinct outputs (0.00%)
[2023.04.26-03.09.08:946][299]LogShaderCompilers: Display: RAM used: 0.00 MB (0.00 GB) of 1228.80 MB (1.20 GB) budget. Usage: 0.00%
[2023.04.26-03.09.08:946][299]LogShaderCompilers: Display: ================================================
[2023.04.26-03.09.08:956][299]LogShaderCompilers: Display: Shaders left to compile 0
[2023.04.26-03.09.08:965][299]LogModuleManager: Shutting down and abandoning module SequenceRecorderSections (566)
[2023.04.26-03.09.08:965][299]LogModuleManager: Shutting down and abandoning module SequenceRecorder (564)
[2023.04.26-03.09.08:966][299]LogModuleManager: Shutting down and abandoning module AutomationController (562)
[2023.04.26-03.09.08:966][299]LogModuleManager: Shutting down and abandoning module AutomationWorker (560)
[2023.04.26-03.09.08:966][299]LogModuleManager: Shutting down and abandoning module Voice (558)
[2023.04.26-03.09.08:966][299]LogModuleManager: Shutting down and abandoning module AIModule (556)
[2023.04.26-03.09.08:966][299]LogModuleManager: Shutting down and abandoning module GameplayDebugger (555)
[2023.04.26-03.09.08:966][299]LogModuleManager: Shutting down and abandoning module AITestSuite (553)
[2023.04.26-03.09.08:966][299]LogModuleManager: Shutting down and abandoning module NavigationSystem (551)
[2023.04.26-03.09.08:966][299]LogModuleManager: Shutting down and abandoning module AnimGraph (548)
[2023.04.26-03.09.08:966][299]LogModuleManager: Shutting down and abandoning module SteamVREditor (546)
[2023.04.26-03.09.08:966][299]LogModuleManager: Shutting down and abandoning module ToolMenus (545)
[2023.04.26-03.09.08:966][299]LogModuleManager: Shutting down and abandoning module OculusMR (542)
[2023.04.26-03.09.08:966][299]LogModuleManager: Shutting down and abandoning module OpenXRInput (540)
[2023.04.26-03.09.08:966][299]LogModuleManager: Shutting down and abandoning module TakeRecorderSources (538)
[2023.04.26-03.09.08:966][299]LogModuleManager: Shutting down and abandoning module TakeRecorder (537)
[2023.04.26-03.09.08:966][299]LogModuleManager: Shutting down and abandoning module TakeTrackRecorders (534)
[2023.04.26-03.09.08:966][299]LogModuleManager: Shutting down and abandoning module TakesCore (532)
[2023.04.26-03.09.08:966][299]LogModuleManager: Shutting down and abandoning module WebMMediaFactory (530)
[2023.04.26-03.09.08:966][299]LogModuleManager: Shutting down and abandoning module WebMMedia (528)
[2023.04.26-03.09.08:966][299]LogModuleManager: Shutting down and abandoning module WmfMediaFactory (526)
[2023.04.26-03.09.08:966][299]LogModuleManager: Shutting down and abandoning module OpenExrWrapper (524)
[2023.04.26-03.09.08:966][299]LogModuleManager: Shutting down and abandoning module ImgMediaFactory (522)
[2023.04.26-03.09.08:966][299]LogModuleManager: Shutting down and abandoning module AvfMediaFactory (520)
[2023.04.26-03.09.08:966][299]LogModuleManager: Shutting down and abandoning module PlanarCut (518)
[2023.04.26-03.09.08:966][299]LogModuleManager: Shutting down and abandoning module CharacterAI (516)
[2023.04.26-03.09.08:966][299]LogModuleManager: Shutting down and abandoning module MagicLeapMediaCodecFactory (514)
[2023.04.26-03.09.08:966][299]LogModuleManager: Shutting down and abandoning module MagicLeapMediaFactory (512)
[2023.04.26-03.09.08:966][299]LogModuleManager: Shutting down and abandoning module SessionServices (510)
[2023.04.26-03.09.08:966][299]LogModuleManager: Shutting down and abandoning module MovieSceneCapture (508)
[2023.04.26-03.09.08:966][299]LogModuleManager: Shutting down and abandoning module LiveCoding (506)
[2023.04.26-03.09.08:966][299]LogModuleManager: Shutting down and abandoning module LevelSequence (504)
[2023.04.26-03.09.08:966][299]LogModuleManager: Shutting down and abandoning module MovieSceneTracks (502)
[2023.04.26-03.09.08:966][299]LogModuleManager: Shutting down and abandoning module MovieScene (500)
[2023.04.26-03.09.08:966][299]LogModuleManager: Shutting down and abandoning module StreamingPauseRendering (498)
[2023.04.26-03.09.08:966][299]LogModuleManager: Shutting down and abandoning module PortalServices (496)
[2023.04.26-03.09.08:966][299]LogModuleManager: Shutting down and abandoning module PortalRpc (494)
[2023.04.26-03.09.08:966][299]LogModuleManager: Shutting down and abandoning module MessagingRpc (492)
[2023.04.26-03.09.08:966][299]LogModuleManager: Shutting down and abandoning module AudioMixerXAudio2 (490)
[2023.04.26-03.09.08:966][299]LogModuleManager: Shutting down and abandoning module AudioMixerCore (489)
[2023.04.26-03.09.08:966][299]LogModuleManager: Shutting down and abandoning module ImageWriteQueue (486)
[2023.04.26-03.09.08:971][299]LogModuleManager: Shutting down and abandoning module ProfilerService (484)
[2023.04.26-03.09.09:128][299]LogModuleManager: Shutting down and abandoning module TaskGraph (482)
[2023.04.26-03.09.09:128][299]LogModuleManager: Shutting down and abandoning module OculusInput (480)
[2023.04.26-03.09.09:128][299]LogModuleManager: Shutting down and abandoning module VisualStudioCodeSourceCodeAccess (478)
[2023.04.26-03.09.09:128][299]LogModuleManager: Shutting down and abandoning module VisualStudioSourceCodeAccess (476)
[2023.04.26-03.09.09:128][299]LogModuleManager: Shutting down and abandoning module HotReload (475)
[2023.04.26-03.09.09:129][299]LogModuleManager: Shutting down and abandoning module UObjectPlugin (472)
[2023.04.26-03.09.09:129][299]LogModuleManager: Shutting down and abandoning module SubversionSourceControl (470)
[2023.04.26-03.09.09:129][299]LogModuleManager: Shutting down and abandoning module PerforceSourceControl (468)
[2023.04.26-03.09.09:129][299]LogModuleManager: Shutting down and abandoning module SourceControl (467)
[2023.04.26-03.09.09:129][299]LogModuleManager: Shutting down and abandoning module CLionSourceCodeAccess (464)
[2023.04.26-03.09.09:129][299]LogModuleManager: Shutting down and abandoning module Synthesis (462)
[2023.04.26-03.09.09:129][299]LogModuleManager: Shutting down and abandoning module ProceduralMeshComponent (460)
[2023.04.26-03.09.09:129][299]LogModuleManager: Shutting down and abandoning module MobilePatchingUtils (458)
[2023.04.26-03.09.09:129][299]LogModuleManager: Shutting down and abandoning module GooglePAD (456)
[2023.04.26-03.09.09:129][299]LogModuleManager: Shutting down and abandoning module EditableMesh (454)
[2023.04.26-03.09.09:129][299]LogModuleManager: Shutting down and abandoning module AppleImageUtilsBlueprintSupport (452)
[2023.04.26-03.09.09:129][299]LogModuleManager: Shutting down and abandoning module AppleImageUtils (450)
[2023.04.26-03.09.09:129][299]LogModuleManager: Shutting down and abandoning module CustomMeshComponent (448)
[2023.04.26-03.09.09:129][299]LogModuleManager: Shutting down and abandoning module CableComponent (446)
[2023.04.26-03.09.09:129][299]LogModuleManager: Shutting down and abandoning module AudioCapture (444)
[2023.04.26-03.09.09:129][299]LogModuleManager: Shutting down and abandoning module AudioCaptureRtAudio (443)
[2023.04.26-03.09.09:129][299]LogModuleManager: Shutting down and abandoning module AssetTags (440)
[2023.04.26-03.09.09:129][299]LogModuleManager: Shutting down and abandoning module ArchVisCharacter (438)
[2023.04.26-03.09.09:129][299]LogModuleManager: Shutting down and abandoning module AndroidPermission (436)
[2023.04.26-03.09.09:129][299]LogModuleManager: Shutting down and abandoning module TakeMovieScene (434)
[2023.04.26-03.09.09:129][299]LogModuleManager: Shutting down and abandoning module ActorLayerUtilities (432)
[2023.04.26-03.09.09:129][299]LogModuleManager: Shutting down and abandoning module MediaCompositing (430)
[2023.04.26-03.09.09:129][299]LogModuleManager: Shutting down and abandoning module ImgMedia (428)
[2023.04.26-03.09.09:129][299]LogModuleManager: Shutting down and abandoning module TemplateSequence (426)
[2023.04.26-03.09.09:129][299]LogModuleManager: Shutting down and abandoning module MotoSynth (424)
[2023.04.26-03.09.09:129][299]LogModuleManager: Shutting down and abandoning module OpenImageDenoise (422)
[2023.04.26-03.09.09:129][299]LogOpenImageDenoise: OIDN shutting down
[2023.04.26-03.09.09:129][299]LogModuleManager: Shutting down and abandoning module MeshConversion (420)
[2023.04.26-03.09.09:129][299]LogModuleManager: Shutting down and abandoning module DynamicMesh (418)
[2023.04.26-03.09.09:129][299]LogModuleManager: Shutting down and abandoning module GeometryAlgorithms (416)
[2023.04.26-03.09.09:129][299]LogModuleManager: Shutting down and abandoning module GeometricObjects (414)
[2023.04.26-03.09.09:129][299]LogModuleManager: Shutting down and abandoning module GeometryCollectionTracks (412)
[2023.04.26-03.09.09:129][299]LogModuleManager: Shutting down and abandoning module GeometryCollectionSequencer (411)
[2023.04.26-03.09.09:129][299]LogModuleManager: Shutting down and abandoning module GeometryCacheTracks (408)
[2023.04.26-03.09.09:129][299]LogModuleManager: Shutting down and abandoning module GeometryCacheSequencer (407)
[2023.04.26-03.09.09:129][299]LogModuleManager: Shutting down and abandoning module GeometryCache (404)
[2023.04.26-03.09.09:129][299]LogModuleManager: Shutting down and abandoning module GeometryCacheEd (403)
[2023.04.26-03.09.09:129][299]LogModuleManager: Shutting down and abandoning module ChaosNiagara (400)
[2023.04.26-03.09.09:129][299]LogModuleManager: Shutting down and abandoning module FieldSystemEngine (399)
[2023.04.26-03.09.09:129][299]LogModuleManager: Shutting down and abandoning module AutomationUtils (396)
[2023.04.26-03.09.09:129][299]LogModuleManager: Shutting down and abandoning module BackChannel (394)
[2023.04.26-03.09.09:129][299]LogModuleManager: Shutting down and abandoning module CPathfinding (392)
[2023.04.26-03.09.09:129][299]LogModuleManager: Shutting down and abandoning module MagicLeapSharedWorld (390)
[2023.04.26-03.09.09:129][299]LogModuleManager: Shutting down and abandoning module MagicLeapLightEstimation (388)
[2023.04.26-03.09.09:129][299]LogModuleManager: Shutting down and abandoning module MagicLeapHelperVulkan (386)
[2023.04.26-03.09.09:129][299]LogModuleManager: Shutting down and abandoning module MagicLeapHelperOpenGL (384)
[2023.04.26-03.09.09:129][299]LogModuleManager: Shutting down and abandoning module MagicLeapAudio (382)
[2023.04.26-03.09.09:129][299]LogModuleManager: Shutting down and abandoning module OodleNetworkHandlerComponent (380)
[2023.04.26-03.09.09:129][299]LogModuleManager: Shutting down and abandoning module LiveLinkSequencer (378)
[2023.04.26-03.09.09:129][299]LogModuleManager: Shutting down and abandoning module LiveLinkMovieScene (376)
[2023.04.26-03.09.09:129][299]LogModuleManager: Shutting down and abandoning module LiveLinkGraphNode (374)
[2023.04.26-03.09.09:129][299]LogModuleManager: Shutting down and abandoning module LiveLinkComponents (372)
[2023.04.26-03.09.09:129][299]LogModuleManager: Shutting down and abandoning module LiveLink (370)
[2023.04.26-03.09.09:290][299]LogModuleManager: Shutting down and abandoning module SoundFields (368)
[2023.04.26-03.09.09:290][299]LogModuleManager: Shutting down and abandoning module PropertyAccessNode (366)
[2023.04.26-03.09.09:290][299]LogModuleManager: Shutting down and abandoning module AnimationSharing (364)
[2023.04.26-03.09.09:290][299]LogModuleManager: Shutting down and abandoning module RuntimePhysXCooking (362)
[2023.04.26-03.09.09:290][299]LogModuleManager: Shutting down and abandoning module SignificanceManager (360)
[2023.04.26-03.09.09:290][299]LogModuleManager: Shutting down and abandoning module PhysXVehiclesEditor (358)
[2023.04.26-03.09.09:290][299]LogModuleManager: Shutting down and abandoning module PropertyAccessEditor (354)
[2023.04.26-03.09.09:290][299]LogModuleManager: Shutting down and abandoning module LocationServicesBPLibrary (352)
[2023.04.26-03.09.09:290][299]LogModuleManager: Shutting down and abandoning module ApexDestructionEditor (350)
[2023.04.26-03.09.09:290][299]LogModuleManager: Shutting down and abandoning module ApexDestruction (348)
[2023.04.26-03.09.09:290][299]LogModuleManager: Shutting down and abandoning module AudioSynesthesia (346)
[2023.04.26-03.09.09:290][299]LogModuleManager: Shutting down and abandoning module AudioSynesthesiaCore (344)
[2023.04.26-03.09.09:290][299]LogModuleManager: Shutting down and abandoning module ImgMediaEngine (342)
[2023.04.26-03.09.09:290][299]LogModuleManager: Shutting down and abandoning module ActorSequence (340)
[2023.04.26-03.09.09:290][299]LogModuleManager: Shutting down and abandoning module PythonScriptPlugin (338)
[2023.04.26-03.09.09:290][299]LogModuleManager: Shutting down and abandoning module UdpMessaging (336)
[2023.04.26-03.09.09:391][299]LogModuleManager: Shutting down and abandoning module TcpMessaging (334)
[2023.04.26-03.09.09:666][299]LogModuleManager: Shutting down and abandoning module MagicLeapARPin (332)
[2023.04.26-03.09.09:666][299]LogModuleManager: Shutting down and abandoning module MagicLeapHandMeshing (330)
[2023.04.26-03.09.09:666][299]LogModuleManager: Shutting down and abandoning module MagicLeapSecureStorage (328)
[2023.04.26-03.09.09:666][299]LogModuleManager: Shutting down and abandoning module MagicLeapPrivileges (326)
[2023.04.26-03.09.09:666][299]LogModuleManager: Shutting down and abandoning module MagicLeapPlanes (324)
[2023.04.26-03.09.09:666][299]LogMagicLeapPlanes: Planes tracker already destroyed.
[2023.04.26-03.09.09:666][299]LogModuleManager: Shutting down and abandoning module MagicLeapImageTracker (322)
[2023.04.26-03.09.09:666][299]LogModuleManager: Shutting down and abandoning module MagicLeapIdentity (320)
[2023.04.26-03.09.09:667][299]LogModuleManager: Shutting down and abandoning module MagicLeapHandTracking (318)
[2023.04.26-03.09.09:667][299]LogModuleManager: Shutting down and abandoning module MagicLeapEyeTracker (316)
[2023.04.26-03.09.09:667][299]LogModuleManager: Shutting down and abandoning module MagicLeapController (314)
[2023.04.26-03.09.09:667][299]LogModuleManager: Shutting down and abandoning module MagicLeapARPinImpl (312)
[2023.04.26-03.09.09:667][299]LogModuleManager: Shutting down and abandoning module MagicLeapAR (310)
[2023.04.26-03.09.09:667][299]LogModuleManager: Shutting down and abandoning module NiagaraAnimNotifies (308)
[2023.04.26-03.09.09:667][299]LogModuleManager: Shutting down and abandoning module Niagara (306)
[2023.04.26-03.09.09:667][299]LogModuleManager: Shutting down and abandoning module SignalProcessing (305)
[2023.04.26-03.09.09:667][299]LogModuleManager: Shutting down and abandoning module NiagaraEditor (303)
[2023.04.26-03.09.09:667][299]LogModuleManager: Shutting down and abandoning module ContentBrowser (302)
[2023.04.26-03.09.09:667][299]LogModuleManager: Shutting down and abandoning module CollectionManager (301)
[2023.04.26-03.09.09:667][299]LogModuleManager: Shutting down and abandoning module DirectoryWatcher (300)
[2023.04.26-03.09.09:667][299]LogModuleManager: Shutting down and abandoning module ContentBrowserData (297)
[2023.04.26-03.09.09:667][299]LogModuleManager: Shutting down and abandoning module NiagaraCore (292)
[2023.04.26-03.09.09:667][299]LogModuleManager: Shutting down and abandoning module LightPropagationVolumeRuntime (290)
[2023.04.26-03.09.09:667][299]LogModuleManager: Shutting down and abandoning module GameplayTagsEditor (288)
[2023.04.26-03.09.09:667][299]LogModuleManager: Shutting down and abandoning module GameplayCameras (286)
[2023.04.26-03.09.09:667][299]LogModuleManager: Shutting down and abandoning module FacialAnimation (284)
[2023.04.26-03.09.09:667][299]LogModuleManager: Shutting down and abandoning module AssetManagerEditor (282)
[2023.04.26-03.09.09:667][299]LogModuleManager: Shutting down and abandoning module TreeMap (281)
[2023.04.26-03.09.09:667][299]LogModuleManager: Shutting down and abandoning module EnvironmentQueryEditor (278)
[2023.04.26-03.09.09:668][299]LogModuleManager: Shutting down and abandoning module Paper2D (276)
[2023.04.26-03.09.09:668][299]LogModuleManager: Shutting down and abandoning module WindowsMoviePlayer (274)
[2023.04.26-03.09.09:668][299]LogModuleManager: Shutting down and abandoning module WebMMoviePlayer (272)
[2023.04.26-03.09.09:668][299]LogModuleManager: Shutting down and abandoning module NetworkReplayStreaming (270)
[2023.04.26-03.09.09:668][299]LogModuleManager: Shutting down and abandoning module PacketHandler (268)
[2023.04.26-03.09.09:668][299]LogModuleManager: Shutting down and abandoning module ClothingSystemEditor (266)
[2023.04.26-03.09.09:668][299]LogModuleManager: Shutting down and abandoning module ClothingSystemRuntimeNv (264)
[2023.04.26-03.09.09:668][299]LogModuleManager: Shutting down and abandoning module MediaAssets (262)
[2023.04.26-03.09.09:668][299]LogModuleManager: Shutting down and abandoning module Overlay (260)
[2023.04.26-03.09.09:668][299]LogModuleManager: Shutting down and abandoning module OverlayEditor (259)
[2023.04.26-03.09.09:668][299]LogModuleManager: Shutting down and abandoning module VREditor (256)
[2023.04.26-03.09.09:668][299]LogModuleManager: Shutting down and abandoning module StringTableEditor (254)
[2023.04.26-03.09.09:668][299]LogModuleManager: Shutting down and abandoning module GameplayTasksEditor (252)
[2023.04.26-03.09.09:668][299]LogModuleManager: Shutting down and abandoning module BehaviorTreeEditor (250)
[2023.04.26-03.09.09:668][299]LogModuleManager: Shutting down and abandoning module FunctionalTesting (248)
[2023.04.26-03.09.09:668][299]LogModuleManager: Shutting down and abandoning module CollisionAnalyzer (246)
[2023.04.26-03.09.09:668][299]LogModuleManager: Shutting down and abandoning module WorkspaceMenuStructure (245)
[2023.04.26-03.09.09:668][299]LogModuleManager: Shutting down and abandoning module UMG (242)
[2023.04.26-03.09.09:668][299]LogModuleManager: Shutting down and abandoning module UMGEditor (241)
[2023.04.26-03.09.09:668][299]LogModuleManager: Shutting down and abandoning module Sequencer (240)
[2023.04.26-03.09.09:669][299]LogModuleManager: Shutting down and abandoning module MessageLog (237)
[2023.04.26-03.09.09:669][299]LogModuleManager: Shutting down and abandoning module SlateReflector (232)
[2023.04.26-03.09.09:669][299]LogModuleManager: Shutting down and abandoning module Slate (230)
[2023.04.26-03.09.09:669][299]LogModuleManager: Shutting down and abandoning module SlateCore (228)
[2023.04.26-03.09.09:670][299]LogModuleManager: Shutting down and abandoning module LandscapeEditorUtilities (226)
[2023.04.26-03.09.09:670][299]LogModuleManager: Shutting down and abandoning module UnrealEd (224)
[2023.04.26-03.09.09:670][299]LogModuleManager: Shutting down and abandoning module MRMesh (222)
[2023.04.26-03.09.09:670][299]LogModuleManager: Shutting down and abandoning module Messaging (220)
[2023.04.26-03.09.09:670][299]LogModuleManager: Shutting down and abandoning module SourceCodeAccess (218)
[2023.04.26-03.09.09:670][299]LogModuleManager: Shutting down and abandoning module HeadMountedDisplay (216)
[2023.04.26-03.09.09:670][299]LogModuleManager: Shutting down and abandoning module XAudio2 (214)
[2023.04.26-03.09.09:670][299]LogModuleManager: Shutting down and abandoning module Networking (212)
[2023.04.26-03.09.09:670][299]LogModuleManager: Shutting down and abandoning module Core (210)
[2023.04.26-03.09.09:670][299]LogModuleManager: Shutting down and abandoning module MaterialEditor (208)
[2023.04.26-03.09.09:670][299]LogModuleManager: Shutting down and abandoning module MovieSceneTools (206)
[2023.04.26-03.09.09:670][299]LogModuleManager: Shutting down and abandoning module EditorStyle (205)
[2023.04.26-03.09.09:671][299]LogModuleManager: Shutting down and abandoning module KismetCompiler (202)
[2023.04.26-03.09.09:671][299]LogModuleManager: Shutting down and abandoning module MeshBuilder (200)
[2023.04.26-03.09.09:671][299]LogModuleManager: Shutting down and abandoning module MeshUtilities (198)
[2023.04.26-03.09.09:671][299]LogModuleManager: Shutting down and abandoning module MeshMergeUtilities (197)
[2023.04.26-03.09.09:671][299]LogModuleManager: Shutting down and abandoning module MeshReductionInterface (196)
[2023.04.26-03.09.09:671][299]LogModuleManager: Shutting down and abandoning module MeshBoneReduction (195)
[2023.04.26-03.09.09:671][299]LogModuleManager: Shutting down and abandoning module SkeletalMeshReduction (193)
[2023.04.26-03.09.09:671][299]LogModuleManager: Shutting down and abandoning module ProxyLODMeshReduction (191)
[2023.04.26-03.09.09:671][299]LogModuleManager: Shutting down and abandoning module QuadricMeshReduction (189)
[2023.04.26-03.09.09:671][299]LogModuleManager: Shutting down and abandoning module MaterialBaking (185)
[2023.04.26-03.09.09:671][299]LogModuleManager: Shutting down and abandoning module NullInstallBundleManager (180)
[2023.04.26-03.09.09:671][299]LogModuleManager: Shutting down and abandoning module PIEPreviewDeviceProfileSelector (178)
[2023.04.26-03.09.09:671][299]LogModuleManager: Shutting down and abandoning module DerivedDataCache (176)
[2023.04.26-03.09.09:671][299]LogModuleManager: Shutting down and abandoning module TargetPlatform (174)
[2023.04.26-03.09.09:671][299]LogModuleManager: Shutting down and abandoning module VulkanShaderFormat (173)
[2023.04.26-03.09.09:671][299]LogModuleManager: Shutting down and abandoning module ShaderFormatVectorVM (171)
[2023.04.26-03.09.09:671][299]LogModuleManager: Shutting down and abandoning module ShaderFormatOpenGL (169)
[2023.04.26-03.09.09:671][299]LogModuleManager: Shutting down and abandoning module ShaderFormatD3D (167)
[2023.04.26-03.09.09:671][299]LogModuleManager: Shutting down and abandoning module MetalShaderFormat (165)
[2023.04.26-03.09.09:671][299]LogModuleManager: Shutting down and abandoning module TextureFormatOodle (163)
[2023.04.26-03.09.09:671][299]LogModuleManager: Shutting down and abandoning module TextureFormatUncompressed (161)
[2023.04.26-03.09.09:671][299]LogModuleManager: Shutting down and abandoning module TextureFormatPVR (159)
[2023.04.26-03.09.09:671][299]LogModuleManager: Shutting down and abandoning module TextureFormatETC2 (157)
[2023.04.26-03.09.09:671][299]LogModuleManager: Shutting down and abandoning module TextureFormatDXT (155)
[2023.04.26-03.09.09:671][299]LogModuleManager: Shutting down and abandoning module TextureFormatIntelISPCTexComp (153)
[2023.04.26-03.09.09:672][299]LogModuleManager: Shutting down and abandoning module TextureFormatASTC (151)
[2023.04.26-03.09.09:672][299]LogModuleManager: Shutting down and abandoning module ImageWrapper (150)
[2023.04.26-03.09.09:672][299]LogModuleManager: Shutting down and abandoning module AudioFormatOpus (147)
[2023.04.26-03.09.09:672][299]LogModuleManager: Shutting down and abandoning module AudioFormatOgg (145)
[2023.04.26-03.09.09:672][299]LogModuleManager: Shutting down and abandoning module AudioFormatADPCM (143)
[2023.04.26-03.09.09:672][299]LogModuleManager: Shutting down and abandoning module WindowsServerTargetPlatform (141)
[2023.04.26-03.09.09:672][299]LogModuleManager: Shutting down and abandoning module WindowsClientTargetPlatform (139)
[2023.04.26-03.09.09:672][299]LogModuleManager: Shutting down and abandoning module WindowsTargetPlatform (137)
[2023.04.26-03.09.09:672][299]LogModuleManager: Shutting down and abandoning module WindowsNoEditorTargetPlatform (135)
[2023.04.26-03.09.09:672][299]LogModuleManager: Shutting down and abandoning module D3D11RHI (132)
[2023.04.26-03.09.09:672][299]LogModuleManager: Shutting down and abandoning module InputCore (130)
[2023.04.26-03.09.09:672][299]LogModuleManager: Shutting down and abandoning module Settings (128)
[2023.04.26-03.09.09:672][299]LogModuleManager: Shutting down and abandoning module PhysXCooking (126)
[2023.04.26-03.09.09:672][299]LogModuleManager: Shutting down and abandoning module Chaos (124)
[2023.04.26-03.09.09:672][299]LogModuleManager: Shutting down and abandoning module WindowsPlatformFeatures (122)
[2023.04.26-03.09.09:672][299]LogModuleManager: Shutting down and abandoning module GameplayMediaEncoder (121)
[2023.04.26-03.09.09:672][299]LogModuleManager: Shutting down and abandoning module AVEncoder (120)
[2023.04.26-03.09.09:672][299]LogModuleManager: Shutting down and abandoning module SteamVRInputDevice (116)
[2023.04.26-03.09.09:672][299]LogModuleManager: Shutting down and abandoning module SteamVRInput (114)
[2023.04.26-03.09.09:672][299]LogModuleManager: Shutting down and abandoning module SteamVR (112)
[2023.04.26-03.09.09:672][299]LogHMD: Freeing OpenVRDLLHandle.
[2023.04.26-03.09.09:672][299]LogModuleManager: Shutting down and abandoning module OculusHMD (110)
[2023.04.26-03.09.09:672][299]LogModuleManager: Shutting down and abandoning module PixWinPlugin (108)
[2023.04.26-03.09.09:672][299]LogModuleManager: Shutting down and abandoning module VariantManagerContent (106)
[2023.04.26-03.09.09:672][299]LogModuleManager: Shutting down and abandoning module DatasmithContent (104)
[2023.04.26-03.09.09:672][299]LogModuleManager: Shutting down and abandoning module OpenXRHandTracking (102)
[2023.04.26-03.09.09:672][299]LogSlate: Slate User Destroyed.  User Index 0, Is Virtual User: 0
[2023.04.26-03.09.09:672][299]LogModuleManager: Shutting down and abandoning module OpenXREyeTracker (100)
[2023.04.26-03.09.09:672][299]LogModuleManager: Shutting down and abandoning module OpenXRAR (98)
[2023.04.26-03.09.09:672][299]LogModuleManager: Shutting down and abandoning module AugmentedReality (97)
[2023.04.26-03.09.09:672][299]LogModuleManager: Shutting down and abandoning module OpenXRHMD (94)
[2023.04.26-03.09.09:672][299]LogModuleManager: Shutting down and abandoning module ExampleDeviceProfileSelector (92)
[2023.04.26-03.09.09:672][299]LogModuleManager: Shutting down and abandoning module ChunkDownloader (90)
[2023.04.26-03.09.09:673][299]LogModuleManager: Shutting down and abandoning module LauncherChunkInstaller (88)
[2023.04.26-03.09.09:673][299]LogModuleManager: Shutting down and abandoning module OnlineBlueprintSupport (86)
[2023.04.26-03.09.09:673][299]LogModuleManager: Shutting down and abandoning module OnlineSubsystem (82)
[2023.04.26-03.09.09:673][299]LogModuleManager: Shutting down and abandoning module XMPP (77)
[2023.04.26-03.09.09:673][299]LogModuleManager: Shutting down and abandoning module WebSockets (76)
