Log file open, 04/23/23 22:25:55
LogWindows: Failed to load 'aqProf.dll' (GetLastError=126)
LogWindows: File 'aqProf.dll' does not exist
LogWindows: Failed to load 'VtuneApi.dll' (GetLastError=126)
LogWindows: File 'VtuneApi.dll' does not exist
LogWindows: Failed to load 'VtuneApi32e.dll' (GetLastError=126)
LogWindows: File 'VtuneApi32e.dll' does not exist
LogConsoleResponse: Display: Failed to find resolution value strings in scalability ini. Falling back to default.
LogConsoleResponse: Display: Failed to find resolution value strings in scalability ini. Falling back to default.
LogInit: Display: Running engine for game: CapstoneProject_HJV
LogPlatformFile: Not using cached read wrapper
LogTaskGraph: Started task graph with 5 named threads and 47 total threads with 3 sets of task threads.
LogStats: Stats thread started at 0.293202
LogICUInternationalization: ICU TimeZone Detection - Raw Offset: -5:00, Platform Override: ''
LogInit: Display: Loading text-based GConfig....
LogPluginManager: Mounting plugin MeshPainting
LogPluginManager: Mounting plugin XGEController
LogPluginManager: Mounting plugin Paper2D
LogPluginManager: Mounting plugin LiveLink
LogPluginManager: Mounting plugin AISupport
LogPluginManager: Mounting plugin EnvironmentQueryEditor
LogPluginManager: Mounting plugin LightPropagationVolume
LogPluginManager: Mounting plugin OodleData
LogPluginManager: Mounting plugin OodleNetwork
LogPluginManager: Mounting plugin AnimationSharing
LogPluginManager: Mounting plugin CLionSourceCodeAccess
LogPluginManager: Mounting plugin CodeLiteSourceCodeAccess
LogPluginManager: Mounting plugin GitSourceControl
LogPluginManager: Mounting plugin NullSourceCodeAccess
LogPluginManager: Mounting plugin PerforceSourceControl
LogPluginManager: Mounting plugin KDevelopSourceCodeAccess
LogPluginManager: Mounting plugin PixWinPlugin
LogPluginManager: Mounting plugin PlasticSourceControl
LogPluginManager: Mounting plugin PluginUtils
LogPluginManager: Mounting plugin PropertyAccessNode
LogPluginManager: Mounting plugin RiderSourceCodeAccess
LogPluginManager: Mounting plugin SubversionSourceControl
LogPluginManager: Mounting plugin TextureFormatOodle
LogPluginManager: Mounting plugin UObjectPlugin
LogPluginManager: Mounting plugin VisualStudioCodeSourceCodeAccess
LogPluginManager: Mounting plugin VisualStudioSourceCodeAccess
LogPluginManager: Mounting plugin AssetManagerEditor
LogPluginManager: Mounting plugin XCodeSourceCodeAccess
LogPluginManager: Mounting plugin CryptoKeys
LogPluginManager: Mounting plugin CurveEditorTools
LogPluginManager: Mounting plugin DataValidation
LogPluginManager: Mounting plugin GameplayTagsEditor
LogPluginManager: Mounting plugin FacialAnimation
LogPluginManager: Mounting plugin GeometryMode
LogPluginManager: Mounting plugin MacGraphicsSwitching
LogPluginManager: Mounting plugin MaterialAnalyzer
LogPluginManager: Mounting plugin MobileLauncherProfileWizard
LogPluginManager: Mounting plugin PluginBrowser
LogPluginManager: Mounting plugin CameraShakePreviewer
LogPluginManager: Mounting plugin SpeedTreeImporter
LogPluginManager: Mounting plugin GameplayCameras
LogPluginManager: Mounting plugin DatasmithContent
LogPluginManager: Mounting plugin VariantManagerContent
LogPluginManager: Mounting plugin AlembicImporter
LogPluginManager: Mounting plugin AutomationUtils
LogPluginManager: Mounting plugin BackChannel
LogPluginManager: Mounting plugin ChaosCloth
LogPluginManager: Mounting plugin ChaosClothEditor
LogPluginManager: Mounting plugin ChaosEditor
LogPluginManager: Mounting plugin ChaosNiagara
LogPluginManager: Mounting plugin ChaosSolverPlugin
LogPluginManager: Mounting plugin CharacterAI
LogPluginManager: Mounting plugin GeometryCache
LogPluginManager: Mounting plugin GeometryCollectionPlugin
LogPluginManager: Mounting plugin GeometryProcessing
LogPluginManager: Mounting plugin Niagara
LogPluginManager: Mounting plugin MotoSynth
LogPluginManager: Mounting plugin OpenImageDenoise
LogPluginManager: Mounting plugin PlanarCut
LogPluginManager: Mounting plugin PlatformCrypto
LogPluginManager: Mounting plugin ProxyLODPlugin
LogPluginManager: Mounting plugin PythonScriptPlugin
LogPluginManager: Mounting plugin SkeletalReduction
LogPluginManager: Mounting plugin LuminPlatformFeatures
LogPluginManager: Mounting plugin MagicLeap
LogPluginManager: Mounting plugin MagicLeapLightEstimation
LogPluginManager: Mounting plugin MagicLeapMedia
LogPluginManager: Mounting plugin MagicLeapPassableWorld
LogPluginManager: Mounting plugin MLSDK
LogPluginManager: Mounting plugin CPathfinding
LogPluginManager: Mounting plugin AndroidMedia
LogPluginManager: Mounting plugin AvfMedia
LogPluginManager: Mounting plugin ImgMedia
LogPluginManager: Mounting plugin MediaCompositing
LogPluginManager: Mounting plugin MediaPlayerEditor
LogPluginManager: Mounting plugin WebMMedia
LogPluginManager: Mounting plugin WmfMedia
LogPluginManager: Mounting plugin TcpMessaging
LogPluginManager: Mounting plugin UdpMessaging
LogPluginManager: Mounting plugin ActorSequence
LogPluginManager: Mounting plugin LevelSequenceEditor
LogPluginManager: Mounting plugin MatineeToLevelSequence
LogPluginManager: Mounting plugin TemplateSequence
LogPluginManager: Mounting plugin OnlineSubsystem
LogPluginManager: Mounting plugin OnlineSubsystemNull
LogPluginManager: Mounting plugin OnlineSubsystemUtils
LogPluginManager: Mounting plugin LauncherChunkInstaller
LogPluginManager: Mounting plugin ActorLayerUtilities
LogPluginManager: Mounting plugin AndroidDeviceProfileSelector
LogPluginManager: Mounting plugin AndroidMoviePlayer
LogPluginManager: Mounting plugin AndroidPermission
LogPluginManager: Mounting plugin AppleImageUtils
LogPluginManager: Mounting plugin ApexDestruction
LogPluginManager: Mounting plugin AppleMoviePlayer
LogPluginManager: Mounting plugin ArchVisCharacter
LogPluginManager: Mounting plugin AssetTags
LogPluginManager: Mounting plugin AudioCapture
LogPluginManager: Mounting plugin AudioSynesthesia
LogPluginManager: Mounting plugin CableComponent
LogPluginManager: Mounting plugin ChunkDownloader
LogPluginManager: Mounting plugin CustomMeshComponent
LogPluginManager: Mounting plugin EditableMesh
LogPluginManager: Mounting plugin ExampleDeviceProfileSelector
LogPluginManager: Mounting plugin GoogleCloudMessaging
LogPluginManager: Mounting plugin GooglePAD
LogPluginManager: Mounting plugin IOSDeviceProfileSelector
LogPluginManager: Mounting plugin LinuxDeviceProfileSelector
LogPluginManager: Mounting plugin LocationServicesBPLibrary
LogPluginManager: Mounting plugin MobilePatchingUtils
LogPluginManager: Mounting plugin OpenXR
LogPluginManager: Mounting plugin OpenXREyeTracker
LogPluginManager: Mounting plugin OpenXRHandTracking
LogPluginManager: Mounting plugin PostSplashScreen
LogPluginManager: Mounting plugin PhysXVehicles
LogPluginManager: Mounting plugin ProceduralMeshComponent
LogPluginManager: Mounting plugin SignificanceManager
LogPluginManager: Mounting plugin SoundFields
LogPluginManager: Mounting plugin Synthesis
LogPluginManager: Mounting plugin RuntimePhysXCooking
LogPluginManager: Mounting plugin PropertyAccessEditor
LogPluginManager: Mounting plugin WebMMoviePlayer
LogPluginManager: Mounting plugin WindowsMoviePlayer
LogPluginManager: Mounting plugin ScreenshotTools
LogPluginManager: Mounting plugin Takes
LogPluginManager: Mounting plugin ContentBrowserAssetDataSource
LogPluginManager: Mounting plugin ContentBrowserClassDataSource
LogPluginManager: Mounting plugin ContentBrowserFileDataSource
LogPluginManager: Mounting plugin OnlineSubsystemGooglePlay
LogPluginManager: Mounting plugin OnlineSubsystemIOS
LogPluginManager: Mounting plugin OculusVR
LogPluginManager: Mounting plugin SteamVR
PixWinPlugin: PIX capture plugin failed to initialize! Check that the process is launched from PIX.
LogInit: Using libcurl 7.55.1-DEV
LogInit:  - built for x86_64-pc-win32
LogInit:  - supports SSL with OpenSSL/1.1.1
LogInit:  - supports HTTP deflate (compression) using libz 1.2.8
LogInit:  - other features:
LogInit:      CURL_VERSION_SSL
LogInit:      CURL_VERSION_LIBZ
LogInit:      CURL_VERSION_IPV6
LogInit:      CURL_VERSION_ASYNCHDNS
LogInit:      CURL_VERSION_LARGEFILE
LogInit:      CURL_VERSION_IDN
LogInit:  CurlRequestOptions (configurable via config and command line):
LogInit:  - bVerifyPeer = true  - Libcurl will verify peer certificate
LogInit:  - bUseHttpProxy = false  - Libcurl will NOT use HTTP proxy
LogInit:  - bDontReuseConnections = false  - Libcurl will reuse connections
LogInit:  - MaxHostConnections = 16  - Libcurl will limit the number of connections to a host
LogInit:  - LocalHostAddr = Default
LogInit:  - BufferSize = 65536
LogOnline: OSS: Creating online subsystem instance for: NULL
LogInit: WinSock: version 1.1 (2.2), MaxSocks=32767, MaxUdp=65467
LogOnline: OSS: TryLoadSubsystemAndSetDefault: Loaded subsystem for module [NULL]
LogOculusPluginWrapper: OculusPlugin initialized successfully
LogHMD: Failed initializing OVRPlugin 1.59.0
LogInit: Build: ++UE4+Release-4.27-CL-18319896
LogInit: Engine Version: 4.27.2-18319896+++UE4+Release-4.27
LogInit: Compatible Engine Version: 4.27.0-17155196+++UE4+Release-4.27
LogInit: Net CL: 17155196
LogInit: OS: Windows 10 (Release 2009) (), CPU: AMD Ryzen 7 2700 Eight-Core Processor          , GPU: NVIDIA GeForce GTX 1060 3GB
LogInit: Compiled (64-bit): Nov 30 2021 07:12:08
LogInit: Compiled with Visual C++: 19.24.28315.00
LogInit: Build Configuration: Development
LogInit: Branch Name: ++UE4+Release-4.27
LogInit: Command Line: 
LogInit: Base Directory: E:/Epic Games/UE_4.27/Engine/Binaries/Win64/
LogInit: Allocator: TBB
LogInit: Installed Engine Build: 1
LogDevObjectVersion: Number of dev versions registered: 29
LogDevObjectVersion:   Dev-Blueprints (B0D832E4-1F89-4F0D-ACCF-7EB736FD4AA2): 10
LogDevObjectVersion:   Dev-Build (E1C64328-A22C-4D53-A36C-8E866417BD8C): 0
LogDevObjectVersion:   Dev-Core (375EC13C-06E4-48FB-B500-84F0262A717E): 4
LogDevObjectVersion:   Dev-Editor (E4B068ED-F494-42E9-A231-DA0B2E46BB41): 40
LogDevObjectVersion:   Dev-Framework (CFFC743F-43B0-4480-9391-14DF171D2073): 37
LogDevObjectVersion:   Dev-Mobile (B02B49B5-BB20-44E9-A304-32B752E40360): 3
LogDevObjectVersion:   Dev-Networking (A4E4105C-59A1-49B5-A7C5-40C4547EDFEE): 0
LogDevObjectVersion:   Dev-Online (39C831C9-5AE6-47DC-9A44-9C173E1C8E7C): 0
LogDevObjectVersion:   Dev-Physics (78F01B33-EBEA-4F98-B9B4-84EACCB95AA2): 14
LogDevObjectVersion:   Dev-Platform (6631380F-2D4D-43E0-8009-CF276956A95A): 0
LogDevObjectVersion:   Dev-Rendering (12F88B9F-8875-4AFC-A67C-D90C383ABD29): 45
LogDevObjectVersion:   Dev-Sequencer (7B5AE74C-D270-4C10-A958-57980B212A5A): 13
LogDevObjectVersion:   Dev-VR (D7296918-1DD6-4BDD-9DE2-64A83CC13884): 3
LogDevObjectVersion:   Dev-LoadTimes (C2A15278-BFE7-4AFE-6C17-90FF531DF755): 1
LogDevObjectVersion:   Private-Geometry (6EACA3D4-40EC-4CC1-B786-8BED09428FC5): 3
LogDevObjectVersion:   Dev-AnimPhys (29E575DD-E0A3-4627-9D10-D276232CDCEA): 17
LogDevObjectVersion:   Dev-Anim (AF43A65D-7FD3-4947-9873-3E8ED9C1BB05): 15
LogDevObjectVersion:   Dev-ReflectionCapture (6B266CEC-1EC7-4B8F-A30B-E4D90942FC07): 1
LogDevObjectVersion:   Dev-Automation (0DF73D61-A23F-47EA-B727-89E90C41499A): 1
LogDevObjectVersion:   FortniteMain (601D1886-AC64-4F84-AA16-D3DE0DEAC7D6): 47
LogDevObjectVersion:   FortniteRelease (E7086368-6B23-4C58-8439-1B7016265E91): 1
LogDevObjectVersion:   Dev-Enterprise (9DFFBCD6-494F-0158-E221-12823C92A888): 10
LogDevObjectVersion:   Dev-Niagara (F2AED0AC-9AFE-416F-8664-AA7FFA26D6FC): 1
LogDevObjectVersion:   Dev-Destruction (174F1F0B-B4C6-45A5-B13F-2EE8D0FB917D): 10
LogDevObjectVersion:   Dev-Physics-Ext (35F94A83-E258-406C-A318-09F59610247C): 41
LogDevObjectVersion:   Dev-PhysicsMaterial-Chaos (B68FC16E-8B1B-42E2-B453-215C058844FE): 1
LogDevObjectVersion:   Dev-CineCamera (B2E18506-4273-CFC2-A54E-F4BB758BBA07): 1
LogDevObjectVersion:   Dev-VirtualProduction (64F58936-FD1B-42BA-BA96-7289D5D0FA4E): 1
LogDevObjectVersion:   Dev-MediaFramework (6F0ED827-A609-4895-9C91-998D90180EA4): 2
LogInit: Presizing for max 25165824 objects, including 0 objects not considered by GC, pre-allocating 0 bytes for permanent pool.
LogConfig: Applying CVar settings from Section [/Script/Engine.StreamingSettings] File [E:/School/DAGD 499/CapstoneProject/CapstoneProject_HJV/Saved/Config/Windows/Engine.ini]
LogConfig: Setting CVar [[s.MinBulkDataSizeForAsyncLoading:131072]]
LogConfig: Setting CVar [[s.AsyncLoadingThreadEnabled:0]]
LogConfig: Setting CVar [[s.EventDrivenLoaderEnabled:1]]
LogConfig: Setting CVar [[s.WarnIfTimeLimitExceeded:0]]
LogConfig: Setting CVar [[s.TimeLimitExceededMultiplier:1.5]]
LogConfig: Setting CVar [[s.TimeLimitExceededMinTime:0.005]]
LogConfig: Setting CVar [[s.UseBackgroundLevelStreaming:1]]
LogConfig: Setting CVar [[s.PriorityAsyncLoadingExtraTime:15.0]]
LogConfig: Setting CVar [[s.LevelStreamingActorsUpdateTimeLimit:5.0]]
LogConfig: Setting CVar [[s.PriorityLevelStreamingActorsUpdateExtraTime:5.0]]
LogConfig: Setting CVar [[s.LevelStreamingComponentsRegistrationGranularity:10]]
LogConfig: Setting CVar [[s.UnregisterComponentsTimeLimit:1.0]]
LogConfig: Setting CVar [[s.LevelStreamingComponentsUnregistrationGranularity:5]]
LogConfig: Setting CVar [[s.FlushStreamingOnExit:1]]
LogInit: Object subsystem initialized
LogConfig: Setting CVar [[con.DebugEarlyDefault:1]]
LogConfig: Setting CVar [[r.setres:1280x720]]
[2023.04.24-02.25.56:325][  0]LogConfig: Setting CVar [[r.VSync:0]]
[2023.04.24-02.25.56:325][  0]LogConfig: Setting CVar [[r.RHICmdBypass:0]]
[2023.04.24-02.25.56:325][  0]LogConfig: Applying CVar settings from Section [/Script/Engine.RendererSettings] File [E:/School/DAGD 499/CapstoneProject/CapstoneProject_HJV/Saved/Config/Windows/Engine.ini]
[2023.04.24-02.25.56:325][  0]LogConfig: Setting CVar [[r.GPUCrashDebugging:0]]
[2023.04.24-02.25.56:325][  0]LogConfig: Applying CVar settings from Section [/Script/Engine.RendererOverrideSettings] File [E:/School/DAGD 499/CapstoneProject/CapstoneProject_HJV/Saved/Config/Windows/Engine.ini]
[2023.04.24-02.25.56:325][  0]LogConfig: Applying CVar settings from Section [/Script/Engine.StreamingSettings] File [E:/School/DAGD 499/CapstoneProject/CapstoneProject_HJV/Saved/Config/Windows/Engine.ini]
[2023.04.24-02.25.56:325][  0]LogConfig: Setting CVar [[s.MinBulkDataSizeForAsyncLoading:131072]]
[2023.04.24-02.25.56:325][  0]LogConfig: Setting CVar [[s.AsyncLoadingThreadEnabled:0]]
[2023.04.24-02.25.56:325][  0]LogConfig: Setting CVar [[s.EventDrivenLoaderEnabled:1]]
[2023.04.24-02.25.56:325][  0]LogConfig: Setting CVar [[s.WarnIfTimeLimitExceeded:0]]
[2023.04.24-02.25.56:325][  0]LogConfig: Setting CVar [[s.TimeLimitExceededMultiplier:1.5]]
[2023.04.24-02.25.56:325][  0]LogConfig: Setting CVar [[s.TimeLimitExceededMinTime:0.005]]
[2023.04.24-02.25.56:325][  0]LogConfig: Setting CVar [[s.UseBackgroundLevelStreaming:1]]
[2023.04.24-02.25.56:325][  0]LogConfig: Setting CVar [[s.PriorityAsyncLoadingExtraTime:15.0]]
[2023.04.24-02.25.56:325][  0]LogConfig: Setting CVar [[s.LevelStreamingActorsUpdateTimeLimit:5.0]]
[2023.04.24-02.25.56:325][  0]LogConfig: Setting CVar [[s.PriorityLevelStreamingActorsUpdateExtraTime:5.0]]
[2023.04.24-02.25.56:325][  0]LogConfig: Setting CVar [[s.LevelStreamingComponentsRegistrationGranularity:10]]
[2023.04.24-02.25.56:325][  0]LogConfig: Setting CVar [[s.UnregisterComponentsTimeLimit:1.0]]
[2023.04.24-02.25.56:325][  0]LogConfig: Setting CVar [[s.LevelStreamingComponentsUnregistrationGranularity:5]]
[2023.04.24-02.25.56:325][  0]LogConfig: Setting CVar [[s.FlushStreamingOnExit:1]]
[2023.04.24-02.25.56:325][  0]LogConfig: Applying CVar settings from Section [/Script/Engine.GarbageCollectionSettings] File [E:/School/DAGD 499/CapstoneProject/CapstoneProject_HJV/Saved/Config/Windows/Engine.ini]
[2023.04.24-02.25.56:325][  0]LogConfig: Setting CVar [[gc.MaxObjectsNotConsideredByGC:1]]
[2023.04.24-02.25.56:325][  0]LogConfig: Setting CVar [[gc.SizeOfPermanentObjectPool:0]]
[2023.04.24-02.25.56:325][  0]LogConfig: Setting CVar [[gc.FlushStreamingOnGC:0]]
[2023.04.24-02.25.56:325][  0]LogConfig: Setting CVar [[gc.NumRetriesBeforeForcingGC:10]]
[2023.04.24-02.25.56:325][  0]LogConfig: Setting CVar [[gc.AllowParallelGC:1]]
[2023.04.24-02.25.56:325][  0]LogConfig: Setting CVar [[gc.TimeBetweenPurgingPendingKillObjects:61.1]]
[2023.04.24-02.25.56:325][  0]LogConfig: Setting CVar [[gc.MaxObjectsInEditor:25165824]]
[2023.04.24-02.25.56:325][  0]LogConfig: Setting CVar [[gc.IncrementalBeginDestroyEnabled:1]]
[2023.04.24-02.25.56:325][  0]LogConfig: Setting CVar [[gc.CreateGCClusters:1]]
[2023.04.24-02.25.56:325][  0]LogConfig: Setting CVar [[gc.MinGCClusterSize:5]]
[2023.04.24-02.25.56:325][  0]LogConfig: Setting CVar [[gc.ActorClusteringEnabled:0]]
[2023.04.24-02.25.56:325][  0]LogConfig: Setting CVar [[gc.BlueprintClusteringEnabled:0]]
[2023.04.24-02.25.56:325][  0]LogConfig: Setting CVar [[gc.UseDisregardForGCOnDedicatedServers:0]]
[2023.04.24-02.25.56:325][  0]LogConfig: Setting CVar [[gc.MultithreadedDestructionEnabled:1]]
[2023.04.24-02.25.56:326][  0]LogConfig: Applying CVar settings from Section [/Script/Engine.NetworkSettings] File [E:/School/DAGD 499/CapstoneProject/CapstoneProject_HJV/Saved/Config/Windows/Engine.ini]
[2023.04.24-02.25.56:326][  0]LogConfig: Applying CVar settings from Section [/Script/UnrealEd.CookerSettings] File [E:/School/DAGD 499/CapstoneProject/CapstoneProject_HJV/Saved/Config/Windows/Engine.ini]
[2023.04.24-02.25.56:343][  0]LogConfig: Applying CVar settings from Section [ViewDistanceQuality@3] File [E:/School/DAGD 499/CapstoneProject/CapstoneProject_HJV/Saved/Config/Windows/Scalability.ini]
[2023.04.24-02.25.56:343][  0]LogConfig: Setting CVar [[r.SkeletalMeshLODBias:0]]
[2023.04.24-02.25.56:343][  0]LogConfig: Setting CVar [[r.ViewDistanceScale:1.0]]
[2023.04.24-02.25.56:343][  0]LogConfig: Applying CVar settings from Section [AntiAliasingQuality@3] File [E:/School/DAGD 499/CapstoneProject/CapstoneProject_HJV/Saved/Config/Windows/Scalability.ini]
[2023.04.24-02.25.56:343][  0]LogConfig: Setting CVar [[r.PostProcessAAQuality:4]]
[2023.04.24-02.25.56:343][  0]LogConfig: Applying CVar settings from Section [ShadowQuality@3] File [E:/School/DAGD 499/CapstoneProject/CapstoneProject_HJV/Saved/Config/Windows/Scalability.ini]
[2023.04.24-02.25.56:343][  0]LogConfig: Setting CVar [[r.LightFunctionQuality:1]]
[2023.04.24-02.25.56:343][  0]LogConfig: Setting CVar [[r.ShadowQuality:5]]
[2023.04.24-02.25.56:343][  0]LogConfig: Setting CVar [[r.Shadow.CSM.MaxCascades:10]]
[2023.04.24-02.25.56:343][  0]LogConfig: Setting CVar [[r.Shadow.MaxResolution:2048]]
[2023.04.24-02.25.56:343][  0]LogConfig: Setting CVar [[r.Shadow.MaxCSMResolution:2048]]
[2023.04.24-02.25.56:343][  0]LogConfig: Setting CVar [[r.Shadow.RadiusThreshold:0.01]]
[2023.04.24-02.25.56:343][  0]LogConfig: Setting CVar [[r.Shadow.DistanceScale:1.0]]
[2023.04.24-02.25.56:343][  0]LogConfig: Setting CVar [[r.Shadow.CSM.TransitionScale:1.0]]
[2023.04.24-02.25.56:343][  0]LogConfig: Setting CVar [[r.Shadow.PreShadowResolutionFactor:1.0]]
[2023.04.24-02.25.56:343][  0]LogConfig: Setting CVar [[r.DistanceFieldShadowing:1]]
[2023.04.24-02.25.56:343][  0]LogConfig: Setting CVar [[r.DistanceFieldAO:1]]
[2023.04.24-02.25.56:343][  0]LogConfig: Setting CVar [[r.AOQuality:2]]
[2023.04.24-02.25.56:343][  0]LogConfig: Setting CVar [[r.VolumetricFog:1]]
[2023.04.24-02.25.56:343][  0]LogConfig: Setting CVar [[r.VolumetricFog.GridPixelSize:8]]
[2023.04.24-02.25.56:343][  0]LogConfig: Setting CVar [[r.VolumetricFog.GridSizeZ:128]]
[2023.04.24-02.25.56:343][  0]LogConfig: Setting CVar [[r.VolumetricFog.HistoryMissSupersampleCount:4]]
[2023.04.24-02.25.56:343][  0]LogConfig: Setting CVar [[r.LightMaxDrawDistanceScale:1]]
[2023.04.24-02.25.56:343][  0]LogConfig: Setting CVar [[r.CapsuleShadows:1]]
[2023.04.24-02.25.56:343][  0]LogConfig: Applying CVar settings from Section [PostProcessQuality@3] File [E:/School/DAGD 499/CapstoneProject/CapstoneProject_HJV/Saved/Config/Windows/Scalability.ini]
[2023.04.24-02.25.56:343][  0]LogConfig: Setting CVar [[r.MotionBlurQuality:4]]
[2023.04.24-02.25.56:343][  0]LogConfig: Setting CVar [[r.AmbientOcclusionMipLevelFactor:0.4]]
[2023.04.24-02.25.56:343][  0]LogConfig: Setting CVar [[r.AmbientOcclusionMaxQuality:100]]
[2023.04.24-02.25.56:343][  0]LogConfig: Setting CVar [[r.AmbientOcclusionLevels:-1]]
[2023.04.24-02.25.56:343][  0]LogConfig: Setting CVar [[r.AmbientOcclusionRadiusScale:1.0]]
[2023.04.24-02.25.56:343][  0]LogConfig: Setting CVar [[r.DepthOfFieldQuality:2]]
[2023.04.24-02.25.56:343][  0]LogConfig: Setting CVar [[r.RenderTargetPoolMin:400]]
[2023.04.24-02.25.56:343][  0]LogConfig: Setting CVar [[r.LensFlareQuality:2]]
[2023.04.24-02.25.56:343][  0]LogConfig: Setting CVar [[r.SceneColorFringeQuality:1]]
[2023.04.24-02.25.56:343][  0]LogConfig: Setting CVar [[r.EyeAdaptationQuality:2]]
[2023.04.24-02.25.56:343][  0]LogConfig: Setting CVar [[r.BloomQuality:5]]
[2023.04.24-02.25.56:343][  0]LogConfig: Setting CVar [[r.FastBlurThreshold:100]]
[2023.04.24-02.25.56:343][  0]LogConfig: Setting CVar [[r.Upscale.Quality:3]]
[2023.04.24-02.25.56:343][  0]LogConfig: Setting CVar [[r.Tonemapper.GrainQuantization:1]]
[2023.04.24-02.25.56:343][  0]LogConfig: Setting CVar [[r.LightShaftQuality:1]]
[2023.04.24-02.25.56:343][  0]LogConfig: Setting CVar [[r.Filter.SizeScale:1]]
[2023.04.24-02.25.56:344][  0]LogConfig: Setting CVar [[r.Tonemapper.Quality:5]]
[2023.04.24-02.25.56:344][  0]LogConfig: Setting CVar [[r.DOF.Gather.AccumulatorQuality:1        ; higher gathering accumulator quality]]
[2023.04.24-02.25.56:344][  0]LogConfig: Setting CVar [[r.DOF.Gather.PostfilterMethod:1          ; Median3x3 postfilering method]]
[2023.04.24-02.25.56:344][  0]LogConfig: Setting CVar [[r.DOF.Gather.EnableBokehSettings:0       ; no bokeh simulation when gathering]]
[2023.04.24-02.25.56:344][  0]LogConfig: Setting CVar [[r.DOF.Gather.RingCount:4                 ; medium number of samples when gathering]]
[2023.04.24-02.25.56:344][  0]LogConfig: Setting CVar [[r.DOF.Scatter.ForegroundCompositing:1    ; additive foreground scattering]]
[2023.04.24-02.25.56:344][  0]LogConfig: Setting CVar [[r.DOF.Scatter.BackgroundCompositing:2    ; additive background scattering]]
[2023.04.24-02.25.56:344][  0]LogConfig: Setting CVar [[r.DOF.Scatter.EnableBokehSettings:1      ; bokeh simulation when scattering]]
[2023.04.24-02.25.56:344][  0]LogConfig: Setting CVar [[r.DOF.Scatter.MaxSpriteRatio:0.1         ; only a maximum of 10% of scattered bokeh]]
[2023.04.24-02.25.56:344][  0]LogConfig: Setting CVar [[r.DOF.Recombine.Quality:1                ; cheap slight out of focus]]
[2023.04.24-02.25.56:344][  0]LogConfig: Setting CVar [[r.DOF.Recombine.EnableBokehSettings:0    ; no bokeh simulation on slight out of focus]]
[2023.04.24-02.25.56:344][  0]LogConfig: Setting CVar [[r.DOF.TemporalAAQuality:1                ; more stable temporal accumulation]]
[2023.04.24-02.25.56:344][  0]LogConfig: Setting CVar [[r.DOF.Kernel.MaxForegroundRadius:0.025]]
[2023.04.24-02.25.56:344][  0]LogConfig: Setting CVar [[r.DOF.Kernel.MaxBackgroundRadius:0.025]]
[2023.04.24-02.25.56:344][  0]LogConfig: Applying CVar settings from Section [TextureQuality@3] File [E:/School/DAGD 499/CapstoneProject/CapstoneProject_HJV/Saved/Config/Windows/Scalability.ini]
[2023.04.24-02.25.56:344][  0]LogConfig: Setting CVar [[r.Streaming.MipBias:0]]
[2023.04.24-02.25.56:344][  0]LogConfig: Setting CVar [[r.Streaming.AmortizeCPUToGPUCopy:0]]
[2023.04.24-02.25.56:344][  0]LogConfig: Setting CVar [[r.Streaming.MaxNumTexturesToStreamPerFrame:0]]
[2023.04.24-02.25.56:344][  0]LogConfig: Setting CVar [[r.Streaming.Boost:1]]
[2023.04.24-02.25.56:344][  0]LogConfig: Setting CVar [[r.MaxAnisotropy:8]]
[2023.04.24-02.25.56:344][  0]LogConfig: Setting CVar [[r.VT.MaxAnisotropy:8]]
[2023.04.24-02.25.56:344][  0]LogConfig: Setting CVar [[r.Streaming.LimitPoolSizeToVRAM:0]]
[2023.04.24-02.25.56:344][  0]LogConfig: Setting CVar [[r.Streaming.PoolSize:1000]]
[2023.04.24-02.25.56:344][  0]LogConfig: Setting CVar [[r.Streaming.MaxEffectiveScreenSize:0]]
[2023.04.24-02.25.56:344][  0]LogConfig: Applying CVar settings from Section [EffectsQuality@3] File [E:/School/DAGD 499/CapstoneProject/CapstoneProject_HJV/Saved/Config/Windows/Scalability.ini]
[2023.04.24-02.25.56:344][  0]LogConfig: Setting CVar [[r.TranslucencyLightingVolumeDim:64]]
[2023.04.24-02.25.56:344][  0]LogConfig: Setting CVar [[r.RefractionQuality:2]]
[2023.04.24-02.25.56:344][  0]LogConfig: Setting CVar [[r.SSR.Quality:3]]
[2023.04.24-02.25.56:344][  0]LogConfig: Setting CVar [[r.SSR.HalfResSceneColor:0]]
[2023.04.24-02.25.56:344][  0]LogConfig: Setting CVar [[r.SceneColorFormat:4]]
[2023.04.24-02.25.56:344][  0]LogConfig: Setting CVar [[r.DetailMode:2]]
[2023.04.24-02.25.56:344][  0]LogConfig: Setting CVar [[r.TranslucencyVolumeBlur:1]]
[2023.04.24-02.25.56:344][  0]LogConfig: Setting CVar [[r.MaterialQualityLevel:1 ; High quality]]
[2023.04.24-02.25.56:344][  0]LogConfig: Setting CVar [[r.AnisotropicMaterials:1]]
[2023.04.24-02.25.56:344][  0]LogConfig: Setting CVar [[r.SSS.Scale:1]]
[2023.04.24-02.25.56:344][  0]LogConfig: Setting CVar [[r.SSS.SampleSet:2]]
[2023.04.24-02.25.56:344][  0]LogConfig: Setting CVar [[r.SSS.Quality:1]]
[2023.04.24-02.25.56:344][  0]LogConfig: Setting CVar [[r.SSS.HalfRes:0]]
[2023.04.24-02.25.56:344][  0]LogConfig: Setting CVar [[r.SSGI.Quality:3]]
[2023.04.24-02.25.56:344][  0]LogConfig: Setting CVar [[r.EmitterSpawnRateScale:1.0]]
[2023.04.24-02.25.56:344][  0]LogConfig: Setting CVar [[r.ParticleLightQuality:2]]
[2023.04.24-02.25.56:344][  0]LogConfig: Setting CVar [[r.SkyAtmosphere.AerialPerspectiveLUT.FastApplyOnOpaque:1 ; Always have FastSkyLUT 1 in this case to avoid wrong sky]]
[2023.04.24-02.25.56:344][  0]LogConfig: Setting CVar [[r.SkyAtmosphere.AerialPerspectiveLUT.SampleCountMaxPerSlice:4]]
[2023.04.24-02.25.56:344][  0]LogConfig: Setting CVar [[r.SkyAtmosphere.AerialPerspectiveLUT.DepthResolution:16.0]]
[2023.04.24-02.25.56:344][  0]LogConfig: Setting CVar [[r.SkyAtmosphere.FastSkyLUT:1]]
[2023.04.24-02.25.56:344][  0]LogConfig: Setting CVar [[r.SkyAtmosphere.FastSkyLUT.SampleCountMin:4.0]]
[2023.04.24-02.25.56:344][  0]LogConfig: Setting CVar [[r.SkyAtmosphere.FastSkyLUT.SampleCountMax:128.0]]
[2023.04.24-02.25.56:344][  0]LogConfig: Setting CVar [[r.SkyAtmosphere.SampleCountMin:4.0]]
[2023.04.24-02.25.56:344][  0]LogConfig: Setting CVar [[r.SkyAtmosphere.SampleCountMax:128.0]]
[2023.04.24-02.25.56:344][  0]LogConfig: Setting CVar [[r.SkyAtmosphere.TransmittanceLUT.UseSmallFormat:0]]
[2023.04.24-02.25.56:344][  0]LogConfig: Setting CVar [[r.SkyAtmosphere.TransmittanceLUT.SampleCount:10.0]]
[2023.04.24-02.25.56:344][  0]LogConfig: Setting CVar [[r.SkyAtmosphere.MultiScatteringLUT.SampleCount:15.0]]
[2023.04.24-02.25.56:344][  0]LogConfig: Setting CVar [[r.SkyLight.RealTimeReflectionCapture:1]]
[2023.04.24-02.25.56:344][  0]LogConfig: Applying CVar settings from Section [FoliageQuality@3] File [E:/School/DAGD 499/CapstoneProject/CapstoneProject_HJV/Saved/Config/Windows/Scalability.ini]
[2023.04.24-02.25.56:344][  0]LogConfig: Setting CVar [[foliage.DensityScale:1.0]]
[2023.04.24-02.25.56:344][  0]LogConfig: Setting CVar [[grass.DensityScale:1.0]]
[2023.04.24-02.25.56:344][  0]LogConfig: Applying CVar settings from Section [ShadingQuality@3] File [E:/School/DAGD 499/CapstoneProject/CapstoneProject_HJV/Saved/Config/Windows/Scalability.ini]
[2023.04.24-02.25.56:344][  0]LogConfig: Setting CVar [[r.HairStrands.SkyLighting.IntegrationType:2]]
[2023.04.24-02.25.56:344][  0]LogConfig: Setting CVar [[r.HairStrands.SkyAO.SampleCount:4]]
[2023.04.24-02.25.56:344][  0]LogConfig: Setting CVar [[r.HairStrands.Visibility.MSAA.SamplePerPixel:4]]
[2023.04.24-02.25.56:345][  0]LogInit: Selected Device Profile: [Windows]
[2023.04.24-02.25.56:345][  0]LogInit: Applying CVar settings loaded from the selected device profile: [Windows]
[2023.04.24-02.25.56:345][  0]LogHAL: Display: Platform has ~ 24 GB [25697697792 / 34359738368 / 24], which maps to Larger [LargestMinGB=32, LargerMinGB=12, DefaultMinGB=8, SmallerMinGB=6, SmallestMinGB=0)
[2023.04.24-02.25.56:345][  0]LogInit: Going up to parent DeviceProfile []
[2023.04.24-02.25.56:345][  0]LogConfig: Applying CVar settings from Section [ViewDistanceQuality@3] File [E:/School/DAGD 499/CapstoneProject/CapstoneProject_HJV/Saved/Config/Windows/Scalability.ini]
[2023.04.24-02.25.56:345][  0]LogConfig: Setting CVar [[r.SkeletalMeshLODBias:0]]
[2023.04.24-02.25.56:345][  0]LogConfig: Setting CVar [[r.ViewDistanceScale:1.0]]
[2023.04.24-02.25.56:345][  0]LogConfig: Applying CVar settings from Section [AntiAliasingQuality@3] File [E:/School/DAGD 499/CapstoneProject/CapstoneProject_HJV/Saved/Config/Windows/Scalability.ini]
[2023.04.24-02.25.56:345][  0]LogConfig: Setting CVar [[r.PostProcessAAQuality:4]]
[2023.04.24-02.25.56:345][  0]LogConfig: Applying CVar settings from Section [ShadowQuality@3] File [E:/School/DAGD 499/CapstoneProject/CapstoneProject_HJV/Saved/Config/Windows/Scalability.ini]
[2023.04.24-02.25.56:345][  0]LogConfig: Setting CVar [[r.LightFunctionQuality:1]]
[2023.04.24-02.25.56:345][  0]LogConfig: Setting CVar [[r.ShadowQuality:5]]
[2023.04.24-02.25.56:345][  0]LogConfig: Setting CVar [[r.Shadow.CSM.MaxCascades:10]]
[2023.04.24-02.25.56:345][  0]LogConfig: Setting CVar [[r.Shadow.MaxResolution:2048]]
[2023.04.24-02.25.56:345][  0]LogConfig: Setting CVar [[r.Shadow.MaxCSMResolution:2048]]
[2023.04.24-02.25.56:345][  0]LogConfig: Setting CVar [[r.Shadow.RadiusThreshold:0.01]]
[2023.04.24-02.25.56:345][  0]LogConfig: Setting CVar [[r.Shadow.DistanceScale:1.0]]
[2023.04.24-02.25.56:345][  0]LogConfig: Setting CVar [[r.Shadow.CSM.TransitionScale:1.0]]
[2023.04.24-02.25.56:345][  0]LogConfig: Setting CVar [[r.Shadow.PreShadowResolutionFactor:1.0]]
[2023.04.24-02.25.56:345][  0]LogConfig: Setting CVar [[r.DistanceFieldShadowing:1]]
[2023.04.24-02.25.56:345][  0]LogConfig: Setting CVar [[r.DistanceFieldAO:1]]
[2023.04.24-02.25.56:345][  0]LogConfig: Setting CVar [[r.AOQuality:2]]
[2023.04.24-02.25.56:345][  0]LogConfig: Setting CVar [[r.VolumetricFog:1]]
[2023.04.24-02.25.56:345][  0]LogConfig: Setting CVar [[r.VolumetricFog.GridPixelSize:8]]
[2023.04.24-02.25.56:345][  0]LogConfig: Setting CVar [[r.VolumetricFog.GridSizeZ:128]]
[2023.04.24-02.25.56:345][  0]LogConfig: Setting CVar [[r.VolumetricFog.HistoryMissSupersampleCount:4]]
[2023.04.24-02.25.56:345][  0]LogConfig: Setting CVar [[r.LightMaxDrawDistanceScale:1]]
[2023.04.24-02.25.56:345][  0]LogConfig: Setting CVar [[r.CapsuleShadows:1]]
[2023.04.24-02.25.56:345][  0]LogConfig: Applying CVar settings from Section [PostProcessQuality@3] File [E:/School/DAGD 499/CapstoneProject/CapstoneProject_HJV/Saved/Config/Windows/Scalability.ini]
[2023.04.24-02.25.56:345][  0]LogConfig: Setting CVar [[r.MotionBlurQuality:4]]
[2023.04.24-02.25.56:345][  0]LogConfig: Setting CVar [[r.AmbientOcclusionMipLevelFactor:0.4]]
[2023.04.24-02.25.56:345][  0]LogConfig: Setting CVar [[r.AmbientOcclusionMaxQuality:100]]
[2023.04.24-02.25.56:345][  0]LogConfig: Setting CVar [[r.AmbientOcclusionLevels:-1]]
[2023.04.24-02.25.56:345][  0]LogConfig: Setting CVar [[r.AmbientOcclusionRadiusScale:1.0]]
[2023.04.24-02.25.56:345][  0]LogConfig: Setting CVar [[r.DepthOfFieldQuality:2]]
[2023.04.24-02.25.56:345][  0]LogConfig: Setting CVar [[r.RenderTargetPoolMin:400]]
[2023.04.24-02.25.56:345][  0]LogConfig: Setting CVar [[r.LensFlareQuality:2]]
[2023.04.24-02.25.56:345][  0]LogConfig: Setting CVar [[r.SceneColorFringeQuality:1]]
[2023.04.24-02.25.56:345][  0]LogConfig: Setting CVar [[r.EyeAdaptationQuality:2]]
[2023.04.24-02.25.56:345][  0]LogConfig: Setting CVar [[r.BloomQuality:5]]
[2023.04.24-02.25.56:345][  0]LogConfig: Setting CVar [[r.FastBlurThreshold:100]]
[2023.04.24-02.25.56:345][  0]LogConfig: Setting CVar [[r.Upscale.Quality:3]]
[2023.04.24-02.25.56:345][  0]LogConfig: Setting CVar [[r.Tonemapper.GrainQuantization:1]]
[2023.04.24-02.25.56:345][  0]LogConfig: Setting CVar [[r.LightShaftQuality:1]]
[2023.04.24-02.25.56:345][  0]LogConfig: Setting CVar [[r.Filter.SizeScale:1]]
[2023.04.24-02.25.56:345][  0]LogConfig: Setting CVar [[r.Tonemapper.Quality:5]]
[2023.04.24-02.25.56:345][  0]LogConfig: Setting CVar [[r.DOF.Gather.AccumulatorQuality:1        ; higher gathering accumulator quality]]
[2023.04.24-02.25.56:345][  0]LogConfig: Setting CVar [[r.DOF.Gather.PostfilterMethod:1          ; Median3x3 postfilering method]]
[2023.04.24-02.25.56:345][  0]LogConfig: Setting CVar [[r.DOF.Gather.EnableBokehSettings:0       ; no bokeh simulation when gathering]]
[2023.04.24-02.25.56:345][  0]LogConfig: Setting CVar [[r.DOF.Gather.RingCount:4                 ; medium number of samples when gathering]]
[2023.04.24-02.25.56:345][  0]LogConfig: Setting CVar [[r.DOF.Scatter.ForegroundCompositing:1    ; additive foreground scattering]]
[2023.04.24-02.25.56:345][  0]LogConfig: Setting CVar [[r.DOF.Scatter.BackgroundCompositing:2    ; additive background scattering]]
[2023.04.24-02.25.56:345][  0]LogConfig: Setting CVar [[r.DOF.Scatter.EnableBokehSettings:1      ; bokeh simulation when scattering]]
[2023.04.24-02.25.56:345][  0]LogConfig: Setting CVar [[r.DOF.Scatter.MaxSpriteRatio:0.1         ; only a maximum of 10% of scattered bokeh]]
[2023.04.24-02.25.56:346][  0]LogConfig: Setting CVar [[r.DOF.Recombine.Quality:1                ; cheap slight out of focus]]
[2023.04.24-02.25.56:346][  0]LogConfig: Setting CVar [[r.DOF.Recombine.EnableBokehSettings:0    ; no bokeh simulation on slight out of focus]]
[2023.04.24-02.25.56:346][  0]LogConfig: Setting CVar [[r.DOF.TemporalAAQuality:1                ; more stable temporal accumulation]]
[2023.04.24-02.25.56:346][  0]LogConfig: Setting CVar [[r.DOF.Kernel.MaxForegroundRadius:0.025]]
[2023.04.24-02.25.56:346][  0]LogConfig: Setting CVar [[r.DOF.Kernel.MaxBackgroundRadius:0.025]]
[2023.04.24-02.25.56:346][  0]LogConfig: Applying CVar settings from Section [TextureQuality@3] File [E:/School/DAGD 499/CapstoneProject/CapstoneProject_HJV/Saved/Config/Windows/Scalability.ini]
[2023.04.24-02.25.56:346][  0]LogConfig: Setting CVar [[r.Streaming.MipBias:0]]
[2023.04.24-02.25.56:346][  0]LogConfig: Setting CVar [[r.Streaming.AmortizeCPUToGPUCopy:0]]
[2023.04.24-02.25.56:346][  0]LogConfig: Setting CVar [[r.Streaming.MaxNumTexturesToStreamPerFrame:0]]
[2023.04.24-02.25.56:346][  0]LogConfig: Setting CVar [[r.Streaming.Boost:1]]
[2023.04.24-02.25.56:346][  0]LogConfig: Setting CVar [[r.MaxAnisotropy:8]]
[2023.04.24-02.25.56:346][  0]LogConfig: Setting CVar [[r.VT.MaxAnisotropy:8]]
[2023.04.24-02.25.56:346][  0]LogConfig: Setting CVar [[r.Streaming.LimitPoolSizeToVRAM:0]]
[2023.04.24-02.25.56:346][  0]LogConfig: Setting CVar [[r.Streaming.PoolSize:1000]]
[2023.04.24-02.25.56:346][  0]LogConfig: Setting CVar [[r.Streaming.MaxEffectiveScreenSize:0]]
[2023.04.24-02.25.56:346][  0]LogConfig: Applying CVar settings from Section [EffectsQuality@3] File [E:/School/DAGD 499/CapstoneProject/CapstoneProject_HJV/Saved/Config/Windows/Scalability.ini]
[2023.04.24-02.25.56:346][  0]LogConfig: Setting CVar [[r.TranslucencyLightingVolumeDim:64]]
[2023.04.24-02.25.56:346][  0]LogConfig: Setting CVar [[r.RefractionQuality:2]]
[2023.04.24-02.25.56:346][  0]LogConfig: Setting CVar [[r.SSR.Quality:3]]
[2023.04.24-02.25.56:346][  0]LogConfig: Setting CVar [[r.SSR.HalfResSceneColor:0]]
[2023.04.24-02.25.56:346][  0]LogConfig: Setting CVar [[r.SceneColorFormat:4]]
[2023.04.24-02.25.56:346][  0]LogConfig: Setting CVar [[r.DetailMode:2]]
[2023.04.24-02.25.56:346][  0]LogConfig: Setting CVar [[r.TranslucencyVolumeBlur:1]]
[2023.04.24-02.25.56:346][  0]LogConfig: Setting CVar [[r.MaterialQualityLevel:1 ; High quality]]
[2023.04.24-02.25.56:346][  0]LogConfig: Setting CVar [[r.AnisotropicMaterials:1]]
[2023.04.24-02.25.56:346][  0]LogConfig: Setting CVar [[r.SSS.Scale:1]]
[2023.04.24-02.25.56:346][  0]LogConfig: Setting CVar [[r.SSS.SampleSet:2]]
[2023.04.24-02.25.56:346][  0]LogConfig: Setting CVar [[r.SSS.Quality:1]]
[2023.04.24-02.25.56:346][  0]LogConfig: Setting CVar [[r.SSS.HalfRes:0]]
[2023.04.24-02.25.56:346][  0]LogConfig: Setting CVar [[r.SSGI.Quality:3]]
[2023.04.24-02.25.56:346][  0]LogConfig: Setting CVar [[r.EmitterSpawnRateScale:1.0]]
[2023.04.24-02.25.56:346][  0]LogConfig: Setting CVar [[r.ParticleLightQuality:2]]
[2023.04.24-02.25.56:346][  0]LogConfig: Setting CVar [[r.SkyAtmosphere.AerialPerspectiveLUT.FastApplyOnOpaque:1 ; Always have FastSkyLUT 1 in this case to avoid wrong sky]]
[2023.04.24-02.25.56:346][  0]LogConfig: Setting CVar [[r.SkyAtmosphere.AerialPerspectiveLUT.SampleCountMaxPerSlice:4]]
[2023.04.24-02.25.56:346][  0]LogConfig: Setting CVar [[r.SkyAtmosphere.AerialPerspectiveLUT.DepthResolution:16.0]]
[2023.04.24-02.25.56:346][  0]LogConfig: Setting CVar [[r.SkyAtmosphere.FastSkyLUT:1]]
[2023.04.24-02.25.56:346][  0]LogConfig: Setting CVar [[r.SkyAtmosphere.FastSkyLUT.SampleCountMin:4.0]]
[2023.04.24-02.25.56:346][  0]LogConfig: Setting CVar [[r.SkyAtmosphere.FastSkyLUT.SampleCountMax:128.0]]
[2023.04.24-02.25.56:346][  0]LogConfig: Setting CVar [[r.SkyAtmosphere.SampleCountMin:4.0]]
[2023.04.24-02.25.56:346][  0]LogConfig: Setting CVar [[r.SkyAtmosphere.SampleCountMax:128.0]]
[2023.04.24-02.25.56:346][  0]LogConfig: Setting CVar [[r.SkyAtmosphere.TransmittanceLUT.UseSmallFormat:0]]
[2023.04.24-02.25.56:346][  0]LogConfig: Setting CVar [[r.SkyAtmosphere.TransmittanceLUT.SampleCount:10.0]]
[2023.04.24-02.25.56:346][  0]LogConfig: Setting CVar [[r.SkyAtmosphere.MultiScatteringLUT.SampleCount:15.0]]
[2023.04.24-02.25.56:346][  0]LogConfig: Setting CVar [[r.SkyLight.RealTimeReflectionCapture:1]]
[2023.04.24-02.25.56:346][  0]LogConfig: Applying CVar settings from Section [FoliageQuality@3] File [E:/School/DAGD 499/CapstoneProject/CapstoneProject_HJV/Saved/Config/Windows/Scalability.ini]
[2023.04.24-02.25.56:346][  0]LogConfig: Setting CVar [[foliage.DensityScale:1.0]]
[2023.04.24-02.25.56:346][  0]LogConfig: Setting CVar [[grass.DensityScale:1.0]]
[2023.04.24-02.25.56:346][  0]LogConfig: Applying CVar settings from Section [ShadingQuality@3] File [E:/School/DAGD 499/CapstoneProject/CapstoneProject_HJV/Saved/Config/Windows/Scalability.ini]
[2023.04.24-02.25.56:346][  0]LogConfig: Setting CVar [[r.HairStrands.SkyLighting.IntegrationType:2]]
[2023.04.24-02.25.56:346][  0]LogConfig: Setting CVar [[r.HairStrands.SkyAO.SampleCount:4]]
[2023.04.24-02.25.56:346][  0]LogConfig: Setting CVar [[r.HairStrands.Visibility.MSAA.SamplePerPixel:4]]
[2023.04.24-02.25.56:346][  0]LogConfig: Applying CVar settings from Section [Startup] File [../../../Engine/Config/ConsoleVariables.ini]
[2023.04.24-02.25.56:347][  0]LogConfig: Setting CVar [[net.UseAdaptiveNetUpdateFrequency:0]]
[2023.04.24-02.25.56:347][  0]LogConfig: Setting CVar [[p.chaos.AllowCreatePhysxBodies:1]]
[2023.04.24-02.25.56:347][  0]LogConfig: Setting CVar [[fx.SkipVectorVMBackendOptimizations:1]]
[2023.04.24-02.25.56:347][  0]LogConfig: Applying CVar settings from Section [ConsoleVariables] File [E:/School/DAGD 499/CapstoneProject/CapstoneProject_HJV/Saved/Config/Windows/Engine.ini]
[2023.04.24-02.25.56:347][  0]LogConfig: Applying CVar settings from Section [ConsoleVariables] File [E:/School/DAGD 499/CapstoneProject/CapstoneProject_HJV/Saved/Config/Windows/Editor.ini]
[2023.04.24-02.25.56:347][  0]LogInit: Computer: DESKTOP-FIRQR9R
[2023.04.24-02.25.56:347][  0]LogInit: User: ehowl
[2023.04.24-02.25.56:347][  0]LogInit: CPU Page size=4096, Cores=8
[2023.04.24-02.25.56:347][  0]LogInit: High frequency timer resolution =10.000000 MHz
[2023.04.24-02.25.56:347][  0]LogMemory: Memory total: Physical=23.9GB (24GB approx)
[2023.04.24-02.25.56:347][  0]LogMemory: Platform Memory Stats for Windows
[2023.04.24-02.25.56:347][  0]LogMemory: Process Physical Memory: 148.27 MB used, 148.28 MB peak
[2023.04.24-02.25.56:347][  0]LogMemory: Process Virtual Memory: 131.40 MB used, 131.40 MB peak
[2023.04.24-02.25.56:347][  0]LogMemory: Physical Memory: 9186.27 MB used,  15320.96 MB free, 24507.23 MB total
[2023.04.24-02.25.56:347][  0]LogMemory: Virtual Memory: 134208336.00 MB used,  9392.52 MB free, 134217728.00 MB total
[2023.04.24-02.25.56:354][  0]LogWindows: WindowsPlatformFeatures enabled
[2023.04.24-02.25.56:383][  0]LogInit: Physics initialised using underlying interface: PhysX
[2023.04.24-02.25.56:389][  0]LogInit: Using OS detected language (en-US).
[2023.04.24-02.25.56:389][  0]LogInit: Using OS detected locale (en-US).
[2023.04.24-02.25.56:392][  0]LogTextLocalizationManager: No specific localization for 'en-US' exists, so the 'en' localization will be used.
[2023.04.24-02.25.56:640][  0]LogInit: Setting process to per monitor DPI aware
[2023.04.24-02.25.56:653][  0]LogWindowsTextInputMethodSystem: Display: IME system deactivated.
[2023.04.24-02.25.56:673][  0]LogSlate: New Slate User Created.  User Index 0, Is Virtual User: 0
[2023.04.24-02.25.56:673][  0]LogSlate: Slate User Registered.  User Index 0, Is Virtual User: 0
[2023.04.24-02.25.56:866][  0]LogD3D11RHI: Loaded GFSDK_Aftermath_Lib.x64.dll
[2023.04.24-02.25.56:869][  0]LogHMD: Failed to initialize OpenVR with code 110
[2023.04.24-02.25.56:869][  0]LogD3D11RHI: D3D11 min allowed feature level: 11_0
[2023.04.24-02.25.56:869][  0]LogD3D11RHI: D3D11 max allowed feature level: 11_0
[2023.04.24-02.25.56:869][  0]LogD3D11RHI: D3D11 adapters:
[2023.04.24-02.25.57:014][  0]LogD3D11RHI:    0. 'NVIDIA GeForce GTX 1060 3GB' (Feature Level 11_0)
[2023.04.24-02.25.57:014][  0]LogD3D11RHI:       2988/0/12253 MB DedicatedVideo/DedicatedSystem/SharedSystem, Outputs:2, VendorId:0x10de
[2023.04.24-02.25.57:017][  0]LogD3D11RHI:    1. 'Microsoft Basic Render Driver' (Feature Level 11_0)
[2023.04.24-02.25.57:017][  0]LogD3D11RHI:       0/0/12253 MB DedicatedVideo/DedicatedSystem/SharedSystem, Outputs:0, VendorId:0x1414
[2023.04.24-02.25.57:017][  0]LogD3D11RHI: Chosen D3D11 Adapter:
[2023.04.24-02.25.57:017][  0]LogD3D11RHI:     Description : NVIDIA GeForce GTX 1060 3GB
[2023.04.24-02.25.57:017][  0]LogD3D11RHI:     VendorId    : 10de
[2023.04.24-02.25.57:017][  0]LogD3D11RHI:     DeviceId    : 1c02
[2023.04.24-02.25.57:017][  0]LogD3D11RHI:     SubSysId    : 61603842
[2023.04.24-02.25.57:017][  0]LogD3D11RHI:     Revision    : 00a1
[2023.04.24-02.25.57:017][  0]LogD3D11RHI:     DedicatedVideoMemory : 3133145088 bytes
[2023.04.24-02.25.57:017][  0]LogD3D11RHI:     DedicatedSystemMemory : 0 bytes
[2023.04.24-02.25.57:017][  0]LogD3D11RHI:     SharedSystemMemory : 12848848896 bytes
[2023.04.24-02.25.57:017][  0]LogD3D11RHI:     AdapterLuid : 0 44575
[2023.04.24-02.25.57:029][  0]LogD3D11RHI: Creating new Direct3DDevice
[2023.04.24-02.25.57:029][  0]LogD3D11RHI:     GPU DeviceId: 0x1c02 (for the marketing name, search the web for "GPU Device Id")
[2023.04.24-02.25.57:029][  0]LogWindows: EnumDisplayDevices:
[2023.04.24-02.25.57:029][  0]LogWindows:    0. 'NVIDIA GeForce GTX 1060 3GB' (P:1 D:1)
[2023.04.24-02.25.57:030][  0]LogWindows:    1. 'NVIDIA GeForce GTX 1060 3GB' (P:0 D:1)
[2023.04.24-02.25.57:030][  0]LogWindows:    2. 'NVIDIA GeForce GTX 1060 3GB' (P:0 D:0)
[2023.04.24-02.25.57:030][  0]LogWindows:    3. 'NVIDIA GeForce GTX 1060 3GB' (P:0 D:0)
[2023.04.24-02.25.57:030][  0]LogWindows: DebugString: FoundDriverCount:4 
[2023.04.24-02.25.57:030][  0]LogD3D11RHI:     Adapter Name: NVIDIA GeForce GTX 1060 3GB
[2023.04.24-02.25.57:030][  0]LogD3D11RHI:   Driver Version: 516.94 (internal:31.0.15.1694, unified:516.94)
[2023.04.24-02.25.57:030][  0]LogD3D11RHI:      Driver Date: 7-21-2022
[2023.04.24-02.25.57:030][  0]LogRHI: Texture pool is 2091 MB (70% of 2988 MB)
[2023.04.24-02.25.57:030][  0]LogD3D11RHI: Creating D3DDevice using adapter:
[2023.04.24-02.25.57:030][  0]LogD3D11RHI:     Description : NVIDIA GeForce GTX 1060 3GB
[2023.04.24-02.25.57:030][  0]LogD3D11RHI:     VendorId    : 10de
[2023.04.24-02.25.57:030][  0]LogD3D11RHI:     DeviceId    : 1c02
[2023.04.24-02.25.57:030][  0]LogD3D11RHI:     SubSysId    : 61603842
[2023.04.24-02.25.57:030][  0]LogD3D11RHI:     Revision    : 00a1
[2023.04.24-02.25.57:030][  0]LogD3D11RHI:     DedicatedVideoMemory : 3133145088 bytes
[2023.04.24-02.25.57:030][  0]LogD3D11RHI:     DedicatedSystemMemory : 0 bytes
[2023.04.24-02.25.57:030][  0]LogD3D11RHI:     SharedSystemMemory : 12848848896 bytes
[2023.04.24-02.25.57:030][  0]LogD3D11RHI:     AdapterLuid : 0 44575
[2023.04.24-02.25.57:110][  0]LogD3D11RHI: RHI has support for 64 bit atomics
[2023.04.24-02.25.57:110][  0]LogD3D11RHI: Async texture creation enabled
[2023.04.24-02.25.57:110][  0]LogD3D11RHI: Array index from any shader is supported
[2023.04.24-02.25.57:133][  0]LogD3D11RHI: GPU Timing Frequency: 1000.000000 (Debug: 2 1)
[2023.04.24-02.25.57:169][  0]LogRHI: GeForceNow SDK initialized: 1
[2023.04.24-02.25.57:557][  0]LogTargetPlatformManager: Display: Loaded TargetPlatform 'AllDesktop'
[2023.04.24-02.25.57:583][  0]LogTargetPlatformManager: Display: Loaded TargetPlatform 'Android'
[2023.04.24-02.25.57:583][  0]LogTargetPlatformManager: Display: Loaded TargetPlatform 'Android_ASTC'
[2023.04.24-02.25.57:583][  0]LogTargetPlatformManager: Display: Loaded TargetPlatform 'Android_DXT'
[2023.04.24-02.25.57:583][  0]LogTargetPlatformManager: Display: Loaded TargetPlatform 'Android_ETC2'
[2023.04.24-02.25.57:583][  0]LogTargetPlatformManager: Display: Loaded TargetPlatform 'AndroidClient'
[2023.04.24-02.25.57:584][  0]LogTargetPlatformManager: Display: Loaded TargetPlatform 'Android_ASTCClient'
[2023.04.24-02.25.57:584][  0]LogTargetPlatformManager: Display: Loaded TargetPlatform 'Android_DXTClient'
[2023.04.24-02.25.57:584][  0]LogTargetPlatformManager: Display: Loaded TargetPlatform 'Android_ETC2Client'
[2023.04.24-02.25.57:584][  0]LogTargetPlatformManager: Display: Loaded TargetPlatform 'Android_Multi'
[2023.04.24-02.25.57:584][  0]LogTargetPlatformManager: Display: Loaded TargetPlatform 'Android_MultiClient'
[2023.04.24-02.25.57:605][  0]LogTargetPlatformManager: Display: Loaded TargetPlatform 'IOSClient'
[2023.04.24-02.25.57:605][  0]LogTargetPlatformManager: Display: Loaded TargetPlatform 'IOS'
[2023.04.24-02.25.57:617][  0]LogTargetPlatformManager: Display: Loaded TargetPlatform 'Linux'
[2023.04.24-02.25.57:622][  0]LogTargetPlatformManager: Display: Loaded TargetPlatform 'LinuxNoEditor'
[2023.04.24-02.25.57:627][  0]LogTargetPlatformManager: Display: Loaded TargetPlatform 'LinuxClient'
[2023.04.24-02.25.57:633][  0]LogTargetPlatformManager: Display: Loaded TargetPlatform 'LinuxServer'
[2023.04.24-02.25.57:644][  0]LogTargetPlatformManager: Display: Loaded TargetPlatform 'LinuxAArch64NoEditor'
[2023.04.24-02.25.57:650][  0]LogTargetPlatformManager: Display: Loaded TargetPlatform 'LinuxAArch64Client'
[2023.04.24-02.25.57:655][  0]LogTargetPlatformManager: Display: Loaded TargetPlatform 'LinuxAArch64Server'
[2023.04.24-02.25.57:684][  0]LogTargetPlatformManager: Display: Loaded TargetPlatform 'Lumin'
[2023.04.24-02.25.57:684][  0]LogTargetPlatformManager: Display: Loaded TargetPlatform 'LuminClient'
[2023.04.24-02.25.57:695][  0]LogTargetPlatformManager: Display: Loaded TargetPlatform 'MacNoEditor'
[2023.04.24-02.25.57:700][  0]LogTargetPlatformManager: Display: Loaded TargetPlatform 'Mac'
[2023.04.24-02.25.57:705][  0]LogTargetPlatformManager: Display: Loaded TargetPlatform 'MacClient'
[2023.04.24-02.25.57:710][  0]LogTargetPlatformManager: Display: Loaded TargetPlatform 'MacServer'
[2023.04.24-02.25.57:723][  0]LogTargetPlatformManager: Display: Loaded TargetPlatform 'TVOSClient'
[2023.04.24-02.25.57:723][  0]LogTargetPlatformManager: Display: Loaded TargetPlatform 'TVOS'
[2023.04.24-02.25.57:734][  0]LogTargetPlatformManager: Display: Loaded TargetPlatform 'WindowsNoEditor'
[2023.04.24-02.25.57:740][  0]LogTargetPlatformManager: Display: Loaded TargetPlatform 'Windows'
[2023.04.24-02.25.57:746][  0]LogTargetPlatformManager: Display: Loaded TargetPlatform 'WindowsClient'
[2023.04.24-02.25.57:751][  0]LogTargetPlatformManager: Display: Loaded TargetPlatform 'WindowsServer'
[2023.04.24-02.25.57:751][  0]LogTargetPlatformManager: Display: Building Assets For Windows
[2023.04.24-02.25.57:760][  0]LogAudioDebug: Display: Lib vorbis DLL was dynamically loaded.
[2023.04.24-02.25.57:796][  0]LogTextureFormatOodle: Display: Oodle Texture 2.9.0 init RDO Off
[2023.04.24-02.25.57:833][  0]LogRendererCore: Ray tracing is disabled. Reason: r.RayTracing=0.
[2023.04.24-02.25.57:833][  0]LogShaderCompilers: Guid format shader working directory is -21 characters bigger than the processId version (../../../../../School/DAGD 499/CapstoneProject/CapstoneProject_HJV/Intermediate/Shaders/WorkingDirectory/25220/).
[2023.04.24-02.25.57:834][  0]LogShaderCompilers: Cleaned the shader compiler working directory 'C:/Users/ehowl/AppData/Local/Temp/UnrealShaderWorkingDir/64563B414AF506F23B9864965F4CA984/'.
[2023.04.24-02.25.57:834][  0]LogXGEController: Cannot use XGE Controller as Incredibuild is not installed on this machine.
[2023.04.24-02.25.57:834][  0]LogShaderCompilers: Cannot use XGE Shader Compiler as Incredibuild is not installed on this machine.
[2023.04.24-02.25.57:834][  0]LogShaderCompilers: Display: Using Local Shader Compiler.
[2023.04.24-02.25.58:780][  0]LogDerivedDataCache: Display: Max Cache Size: 512 MB
[2023.04.24-02.25.58:864][  0]LogDerivedDataCache: Loaded boot cache 0.08s 94MB C:/Users/ehowl/AppData/Local/UnrealEngine/4.27/DerivedDataCache/Boot.ddc.
[2023.04.24-02.25.58:864][  0]LogDerivedDataCache: Display: Loaded Boot cache: C:/Users/ehowl/AppData/Local/UnrealEngine/4.27/DerivedDataCache/Boot.ddc
[2023.04.24-02.25.58:864][  0]LogDerivedDataCache: FDerivedDataBackendGraph:  Pak pak cache file ../../../../../School/DAGD 499/CapstoneProject/CapstoneProject_HJV/DerivedDataCache/DDC.ddp not found, will not use a pak cache.
[2023.04.24-02.25.58:864][  0]LogDerivedDataCache: Unable to find inner node Pak for hierarchical cache Hierarchy.
[2023.04.24-02.25.58:864][  0]LogDerivedDataCache: FDerivedDataBackendGraph:  CompressedPak pak cache file ../../../../../School/DAGD 499/CapstoneProject/CapstoneProject_HJV/DerivedDataCache/Compressed.ddp not found, will not use a pak cache.
[2023.04.24-02.25.58:864][  0]LogDerivedDataCache: Unable to find inner node CompressedPak for hierarchical cache Hierarchy.
[2023.04.24-02.25.58:889][  0]LogDerivedDataCache: Display: Pak cache opened for reading ../../../Engine/DerivedDataCache/Compressed.ddp.
[2023.04.24-02.25.58:889][  0]LogDerivedDataCache: FDerivedDataBackendGraph:  EnterprisePak pak cache file ../../../Enterprise/DerivedDataCache/Compressed.ddp not found, will not use a pak cache.
[2023.04.24-02.25.58:889][  0]LogDerivedDataCache: Unable to find inner node EnterprisePak for hierarchical cache Hierarchy.
[2023.04.24-02.25.58:901][  0]LogDerivedDataCache: Speed tests for C:/Users/ehowl/AppData/Local/UnrealEngine/Common/DerivedDataCache took 0.01 seconds
[2023.04.24-02.25.58:901][  0]LogDerivedDataCache: Display: Performance to C:/Users/ehowl/AppData/Local/UnrealEngine/Common/DerivedDataCache: Latency=0.09ms. RandomReadSpeed=606.53MBs, RandomWriteSpeed=104.37MBs. Assigned SpeedClass 'Local'
[2023.04.24-02.25.58:902][  0]LogDerivedDataCache: Using Local data cache path C:/Users/ehowl/AppData/Local/UnrealEngine/Common/DerivedDataCache: Writable
[2023.04.24-02.25.58:902][  0]LogDerivedDataCache: Shared data cache path not found in *engine.ini, will not use an Shared cache.
[2023.04.24-02.25.58:902][  0]LogDerivedDataCache: Unable to find inner node Shared for hierarchical cache Hierarchy.
[2023.04.24-02.25.58:963][  0]LogSlate: Using FreeType 2.10.0
[2023.04.24-02.25.58:964][  0]LogSlate: SlateFontServices - WITH_FREETYPE: 1, WITH_HARFBUZZ: 1
[2023.04.24-02.25.58:996][  0]LogAssetRegistry: FAssetRegistry took 0.0049 seconds to start up
[2023.04.24-02.25.59:317][  0]LogInit: Selected Device Profile: [Windows]
[2023.04.24-02.25.59:317][  0]LogInit: Active device profile: [000002246055C900][00000224522AE380 49] Windows
[2023.04.24-02.25.59:317][  0]LogInit: Profiles: [000002246055C900][00000224522AE380 49] Windows, [000002246051F800][000002245DF1E500 49] WindowsNoEditor, [000002246055F500][0000022460B96680 49] WindowsServer, [000002246051CE00][0000022460BB0800 49] WindowsClient, [000002246055F800][000002245DF14940 49] IOS, [000002246051E800][000002245247EA80 49] iPadAir, [000002246055E000][0000022460BB4BC0 49] iPadAir2, [00000224604C8A00][000002245F042E40 49] IPadPro, [00000224604C8B00][0000022460BB8E80 49] iPadAir3, [000002246051D900][000002245F04D000 49] iPadAir4, [00000224604CB400][000002245F051180 49] iPadMini2, [000002246051EA00][000002245F055300 49] iPadMini3, [00000224604C9700][000002245F059480 49] iPadMini4, [000002246055D100][00000224608B5600 49] iPadMini5, [00000224604F0300][00000224608518C0 49] iPhone6, [00000224604F0400][0000022460855900 49] iPodTouch6, [00000224604CB600][000002245F36FBC0 49] iPhone7, [00000224604C9800][000002245F397C00 49] iPodTouch7, [00000224604F3F00][000002245F348200 49] iPhone5S, [000002246051E200][000002245F338380 49] iPhone6Plus, [00000224604C8200][000002245F334500 49] iPhone6S, [000002246051E400][000002245F330680 49] iPhone6SPlus, [00000224604CBC00][000002245F320800 49] iPhone7Plus, [000002246051C300][000002245F316980 49] iPhoneSE, [00000224604CB500][000002245F312B00 49] iPhone8, [000002246051DE00][0000022460BBCC40 49] iPhone8Plus, [00000224604C9100][000002245F306D80 49] iPhoneX, [000002246051C400][000002245F2FAEC0 49] iPhoneXS, [00000224604C9300][000002245F2F3040 49] iPhoneXSMax, [000002246051D400][000002245F2E71C0 49] iPhoneXR, [00000224604CB800][000002245F2E3340 49] iPhone11, [000002246051EE00][000002245F2BF4C0 49] iPhone11Pro, [00000224604CB700][000002245F2B3640 49] iPhone11ProMax, [000002246051CF00][000002245F2AF7C0 49] iPhoneSE2, [00000224604CAE00][000002245F2AB940 49] iPhone12Mini, [000002246051FC00][000002245F2A7AC0 49] iPhone12, [00000224604CA400][000002245F2A20C0 49] iPhone12Pro, [000002246051C700][000002245F294240 49] iPhone12ProMax, [00000224604CA300][000002245F2903C0 49] iPadPro105, [000002246051F100][000002245F28C540 49] iPadPro129, [00000224604CA200][000002245F2826C0 49] iPadPro97, [000002246051CB00][000002245F278840 49] iPadPro2_129, [00000224604CB200][000002245F2689C0 49] iPad5, [000002246051F400][000002245F264B40 49] iPad6, [00000224604CB300][000002245DF38CC0 49] iPad7, [000002246051C200][000002245F2F6E00 49] iPad8, [00000224604C9A00][0000022452502F40 49] iPadPro11, [000002246051D600][00000224524FF080 49] iPadPro2_11, [00000224604C9D00][000002245DCF11C0 49] iPadPro3_129, [000002246051F900][000002245F061340 49] iPadPro4_129, [00000224604CB000][000002245F0654C0 49] AppleTV, [000002246051FF00][000002245F069640 49] AppleTV4K, [00000224604C8100][000002245DCF57C0 49] TVOS, [000002246051E500][000002245DCF9940 49] Mac, [00000224604CBB00][000002245DCFDAC0 49] MacClient, [000002246051DB00][000002245DD000C0 49] MacNoEditor, [00000224604CAC00][000002245DD04240 49] MacServer, [000002246051CA00][000002245DD083C0 49] Linux, [00000224604CA000][000002245DD0C540 49] LinuxAArch64, [000002246051E700][000002245DD106C0 49] LinuxNoEditor, [00000224604CA500][000002245DD14840 49] LinuxAArch64NoEditor, [000002246051D500][000002245DD189C0 49] LinuxClient, [00000224604CB900][000002245DE46B40 49] LinuxAArch64Client, [000002246051D700][000002245DE4ACC0 49] LinuxServer, [00000224604C9900][000002245DE4EE40 49] LinuxAArch64Server, [000002246051F700][000002245F05CF80 49] Android, [00000224604C8600][000002245DE530C0 49] Android_Low, [000002246051ED00][000002245DE57200 49] Android_Mid, [000002246055FA00][000002245DE5B340 49] Android_High, [00000224604F1C00][000002245DE634C0 49] Android_Default, [000002246055E100][000002245DE67640 49] Android_Adreno4xx, [00000224604F2700][000002245DE6B7C0 49] Android_Adreno5xx_Low, [000002246055CA00][000002245DE6F940 49] Android_Adreno5xx, [00000224604F2D00][000002245DE73AC0 49] Android_Adreno6xx, [000002246055D200][000002245DE760C0 49] Android_Adreno6xx_Vulkan, [00000224604F2800][000002245DE7A240 49] Android_Mali_T6xx, [000002246055E600][000002245DE7E3C0 49] Android_Mali_T7xx, [00000224604F2E00][000002245DE8C540 49] Android_Mali_T8xx, [000002246055F200][000002245DE906C0 49] Android_Mali_G71, [00000224604F3C00][000002245DE94840 49] Android_Mali_G72, [000002246055EA00][000002245DE989C0 49] Android_Mali_G72_Vulkan, [00000224604F1B00][000002245DE9CB40 49] Android_Mali_G76, [000002246055DA00][000002245DEA0CC0 49] Android_Mali_G76_Vulkan, [00000224604F2000][000002245DEA4E40 49] Android_Mali_G77, [000002246055ED00][000002245DEA8FC0 49] Android_Mali_G77_Vulkan, [00000224604F3800][000002245DEAD140 49] Android_Mali_G78, [000002246055E800][000002245DE5F280 49] Android_Mali_G78_Vulkan, [00000224604F1200][000002245DEB13C0 49] Android_Mali_G710, [000002246055CE00][000002245DEB5500 49] Android_Mali_G710_Vulkan, [00000224604F3500][000002245DEBD680 49] Android_Vulkan_SM5, [000002246055F400][000002245DEC1800 49] Android_PowerVR_G6xxx, [00000224604F2C00][000002245DEC5980 49] Android_PowerVR_GT7xxx, [000002246055FC00][000002245DEC9B00 49] Android_PowerVR_GE8xxx, [00000224604F0E00][000002245DECC100 49] Android_PowerVR_GM9xxx, [000002246055D800][000002245DED0280 49] Android_PowerVR_GM9xxx_Vulkan, [00000224604F2400][000002245DED4400 49] Android_TegraK1, [000002246055D000][00000224608B8580 49] Android_Unknown_Vulkan, [000002246051FA00][00000224608BC700 49] Lumin, [000002246055DE00][00000224608C0880 49] Lumin_Desktop, [000002246051DC00][00000224608C4A00 49] HoloLens, 
[2023.04.24-02.25.59:464][  0]LogMeshReduction: Using QuadricMeshReduction for automatic static mesh reduction
[2023.04.24-02.25.59:465][  0]LogMeshReduction: Using SimplygonMeshReduction for automatic skeletal mesh reduction
[2023.04.24-02.25.59:465][  0]LogMeshReduction: Using ProxyLODMeshReduction for automatic mesh merging
[2023.04.24-02.25.59:465][  0]LogMeshReduction: No distributed automatic mesh merging module available
[2023.04.24-02.25.59:465][  0]LogMeshMerging: No distributed automatic mesh merging module available
[2023.04.24-02.25.59:490][  0]LogNetVersion: CapstoneProject_HJV 1.0.0, NetCL: 17155196, EngineNetVer: 17, GameNetVer: 0 (Checksum: 2464823574)
[2023.04.24-02.26.00:028][  0]LogTexture: Default maximum texture size for cubemaps generated from long-lat sources has been changed from 512 to unlimited. In order to preserve old behaiour for '/Engine/MapTemplates/Sky/DaylightAmbientCubemap.DaylightAmbientCubemap', its maximum texture size has been explicitly set to 512.
[2023.04.24-02.26.00:101][  0]LogHMD: PokeAHoleMaterial loaded successfully
[2023.04.24-02.26.00:109][  0]LogUObjectArray: 17178 objects as part of root set at end of initial load.
[2023.04.24-02.26.00:109][  0]LogUObjectAllocator: 4302048 out of 0 bytes used by permanent object pool.
[2023.04.24-02.26.00:109][  0]LogUObjectArray: CloseDisregardForGC: 0/0 objects in disregard for GC pool
[2023.04.24-02.26.00:446][  0]LogNiagaraDebuggerClient: Niagara Debugger Client Initialized | Session: A8848C584BD755B1BE70BABFC18C5FDC | Instance: A3934D104B8EBA0EC1AE4B9DEF59F636 (DESKTOP-FIRQR9R-25220).
[2023.04.24-02.26.00:487][  0]LogPython: Using Python 3.7.7
[2023.04.24-02.26.01:254][  0]LogTcpMessaging: Initializing TcpMessaging bridge
[2023.04.24-02.26.01:260][  0]LogUdpMessaging: Initializing bridge on interface 0.0.0.0:0 to multicast group 230.0.0.1:6666.
[2023.04.24-02.26.01:450][  0]SourceControl: Source control is disabled
[2023.04.24-02.26.01:450][  0]SourceControl: Source control is disabled
[2023.04.24-02.26.01:454][  0]SourceControl: Source control is disabled
[2023.04.24-02.26.01:457][  0]SourceControl: Source control is disabled
[2023.04.24-02.26.01:468][  0]SourceControl: Source control is disabled
[2023.04.24-02.26.01:475][  0]LogUProjectInfo: Found projects:
[2023.04.24-02.26.01:482][  0]LogVSAccessor: Display: Unable to create Visual Studio setup instance: 80040154
[2023.04.24-02.26.01:483][  0]LogVSAccessor: Display: Unable to create Visual Studio setup instance: 80040154
[2023.04.24-02.26.01:483][  0]LogVSAccessor: Display: Unable to create Visual Studio setup instance: 80040154
[2023.04.24-02.26.01:718][  0]LogOpenImageDenoise: OIDN starting up
[2023.04.24-02.26.01:777][  0]LogAndroidPermission: UAndroidPermissionCallbackProxy::GetInstance
[2023.04.24-02.26.01:807][  0]LogAudioCaptureCore: Display: No Audio Capture implementations found. Audio input will be silent.
[2023.04.24-02.26.01:807][  0]LogAudioCaptureCore: Display: No Audio Capture implementations found. Audio input will be silent.
[2023.04.24-02.26.01:956][  0]LogCollectionManager: Loaded 0 collections in 0.000995 seconds
[2023.04.24-02.26.01:985][  0]LogFileCache: Scanning file cache for directory 'E:/School/DAGD 499/CapstoneProject/CapstoneProject_HJV/Saved/Collections/' took 0.00s
[2023.04.24-02.26.01:985][  0]LogFileCache: Scanning file cache for directory 'E:/School/DAGD 499/CapstoneProject/CapstoneProject_HJV/Content/Developers/ehowl/Collections/' took 0.00s
[2023.04.24-02.26.01:985][  0]LogFileCache: Scanning file cache for directory 'E:/School/DAGD 499/CapstoneProject/CapstoneProject_HJV/Content/Collections/' took 0.00s
[2023.04.24-02.26.01:985][  0]LogOcInput: OculusInput pre-init called
[2023.04.24-02.26.02:252][  0]LogClass: Warning: StructProperty FCPathNode::WorldLocation is not initialized properly even though its struct probably has a custom default constructor. Module:CPathfinding File:Public/CPathNode.h
[2023.04.24-02.26.02:252][  0]LogClass: Display: 1 Uninitialized script struct members found including 0 object properties
[2023.04.24-02.26.02:253][  0]LogAutomationTest: Warning: StructProperty FCPathNode::WorldLocation is not initialized properly even though its struct probably has a custom default constructor. Module:CPathfinding File:Public/CPathNode.h
[2023.04.24-02.26.02:253][  0]LogEngine: Initializing Engine...
[2023.04.24-02.26.02:256][  0]LogHMD: Failed to enumerate extensions. Please check that you have a valid OpenXR runtime installed.
[2023.04.24-02.26.02:257][  0]LogHMD: Failed to initialize OpenVR with code 110
[2023.04.24-02.26.02:257][  0]LogMagicLeap: Warning: VR disabled because ZI is not enabled.  To enable, in the editor, Edit -> Project Settings -> Plugins -> Magic Leap Plugin -> Enable Zero Iteration
[2023.04.24-02.26.02:258][  0]LogStats: UGameplayTagsManager::InitializeManager -  0.000 s
[2023.04.24-02.26.02:426][  0]LogInit: Initializing FReadOnlyCVARCache
[2023.04.24-02.26.02:439][  0]LogAIModule: Creating AISystem for world Untitled
[2023.04.24-02.26.02:440][  0]LogAudio: Display: Initializing Audio Device Manager...
[2023.04.24-02.26.02:444][  0]LogAudio: Display: Loading Default Audio Settings Objects...
[2023.04.24-02.26.02:444][  0]LogAudio: Display: No default SoundConcurrencyObject specified (or failed to load).
[2023.04.24-02.26.02:445][  0]LogAudio: Display: Audio Device Manager Initialized
[2023.04.24-02.26.02:445][  0]LogAudio: Display: Creating Audio Device:                 Id: 1, Scope: Shared, Realtime: True
[2023.04.24-02.26.02:445][  0]LogAudioMixer: Display: Audio Mixer Platform Settings:
[2023.04.24-02.26.02:445][  0]LogAudioMixer: Display: 	Sample Rate:						  48000
[2023.04.24-02.26.02:445][  0]LogAudioMixer: Display: 	Callback Buffer Frame Size Requested: 1024
[2023.04.24-02.26.02:445][  0]LogAudioMixer: Display: 	Callback Buffer Frame Size To Use:	  1024
[2023.04.24-02.26.02:445][  0]LogAudioMixer: Display: 	Number of buffers to queue:			  2
[2023.04.24-02.26.02:445][  0]LogAudioMixer: Display: 	Max Channels (voices):				  32
[2023.04.24-02.26.02:445][  0]LogAudioMixer: Display: 	Number of Async Source Workers:		  0
[2023.04.24-02.26.02:445][  0]LogAudio: Display: AudioDevice MaxSources: 32
[2023.04.24-02.26.02:445][  0]LogAudio: Display: Audio Spatialization Plugin: None (built-in).
[2023.04.24-02.26.02:445][  0]LogAudio: Display: Audio Reverb Plugin: None (built-in).
[2023.04.24-02.26.02:445][  0]LogAudio: Display: Audio Occlusion Plugin: None (built-in).
[2023.04.24-02.26.02:445][  0]LogAudioMixer: Display: Initializing audio mixer.
[2023.04.24-02.26.02:458][  0]LogAudioMixer: Display: 0: FrontLeft
[2023.04.24-02.26.02:458][  0]LogAudioMixer: Display: 1: FrontRight
[2023.04.24-02.26.02:479][  0]LogAudioMixer: Display: Using Audio Device Speakers (HyperX Cloud II Wireless)
[2023.04.24-02.26.02:482][  0]LogAudioMixer: Display: Initializing Sound Submixes...
[2023.04.24-02.26.02:485][  0]LogAudioMixer: Display: Submix unset or invalid in 'AudioSettings': Using engine asset 'MasterSubmixDefault'
[2023.04.24-02.26.02:485][  0]LogAudioMixer: Display: Creating Master Submix 'MasterSubmixDefault'
[2023.04.24-02.26.02:485][  0]LogAudioMixer: Display: Submix unset or invalid in 'AudioSettings': Using engine asset 'MasterReverbSubmixDefault'
[2023.04.24-02.26.02:485][  0]LogAudioMixer: Display: Creating Master Submix 'MasterReverbSubmixDefault'
[2023.04.24-02.26.02:486][  0]LogAudioMixer: Display: Creating Master Submix 'MasterEQSubmixDefault'
[2023.04.24-02.26.02:486][  0]LogAudioMixer: FMixerPlatformXAudio2::StartAudioStream() called
[2023.04.24-02.26.02:486][  0]LogAudioMixer: Display: Output buffers initialized: Frames=1024, Channels=2, Samples=2048
[2023.04.24-02.26.02:488][  0]LogAudioMixer: Display: Starting AudioMixerPlatformInterface::RunInternal()
[2023.04.24-02.26.02:488][  0]LogAudioMixer: Display: FMixerPlatformXAudio2::SubmitBuffer() called for the first time
[2023.04.24-02.26.02:488][  0]LogInit: FAudioDevice initialized.
[2023.04.24-02.26.02:488][  0]LogAudio: Display: Audio Device (ID: 1) registered with world 'Untitled'.
[2023.04.24-02.26.02:488][  0]LogNetVersion: Set ProjectVersion to 1.0.0.0. Version Checksum will be recalculated on next use.
[2023.04.24-02.26.02:603][  0]LogDerivedDataCache: Saved boot cache 0.11s 94MB C:/Users/ehowl/AppData/Local/UnrealEngine/4.27/DerivedDataCache/Boot.ddc.
[2023.04.24-02.26.02:603][  0]LogInit: Texture streaming: Enabled
[2023.04.24-02.26.02:618][  0]LogAnalytics: Display: [UEEditor.Rocket.Release] APIServer = https://datarouter.ol.epicgames.com/. AppVersion = 4.27.2-18319896+++UE4+Release-4.27
[2023.04.24-02.26.02:622][  0]LogEngineSessionManager: EngineSessionManager initialized
[2023.04.24-02.26.02:622][  0]LogEditorSessionSummary: Verbose: Initializing EditorSessionSummaryWriter for editor session tracking
[2023.04.24-02.26.02:624][  0]LogEditorSessionSummary: EditorSessionSummaryWriter initialized
[2023.04.24-02.26.02:666][  0]LogInit: Transaction tracking system initialized
[2023.04.24-02.26.02:690][  0]BlueprintLog: New page: Editor Load
[2023.04.24-02.26.02:758][  0]LocalizationService: Localization service is disabled
[2023.04.24-02.26.02:784][  0]TimingProfiler: Initialize
[2023.04.24-02.26.02:784][  0]TimingProfiler: OnSessionChanged
[2023.04.24-02.26.02:784][  0]LoadingProfiler: Initialize
[2023.04.24-02.26.02:784][  0]LoadingProfiler: OnSessionChanged
[2023.04.24-02.26.02:784][  0]NetworkingProfiler: Initialize
[2023.04.24-02.26.02:785][  0]NetworkingProfiler: OnSessionChanged
[2023.04.24-02.26.02:785][  0]MemoryProfiler: Initialize
[2023.04.24-02.26.02:785][  0]MemoryProfiler: OnSessionChanged
[2023.04.24-02.26.02:848][  0]LogVSAccessor: Display: Unable to create Visual Studio setup instance: 80040154
[2023.04.24-02.26.02:848][  0]LogVSAccessor: Display: Unable to create Visual Studio setup instance: 80040154
[2023.04.24-02.26.02:849][  0]LogVSAccessor: Display: Unable to create Visual Studio setup instance: 80040154
[2023.04.24-02.26.02:946][  0]LogCook: Display: CookSettings for Memory: MemoryMaxUsedVirtual 0MiB, MemoryMaxUsedPhysical 16384MiB, MemoryMinFreeVirtual 0MiB, MemoryMinFreePhysical 1024MiB
[2023.04.24-02.26.02:946][  0]LogCook: Display: Mobile HDR setting 1
[2023.04.24-02.26.03:173][  0]LogFileCache: Scanning file cache for directory 'E:/School/DAGD 499/CapstoneProject/CapstoneProject_HJV/Content/' took 0.01s
[2023.04.24-02.26.03:370][  0]LogInit: Display: Engine is initialized. Leaving FEngineLoop::Init()
[2023.04.24-02.26.03:374][  0]SourceControl: Source control is disabled
[2023.04.24-02.26.03:374][  0]LogUnrealEdMisc: Loading editor; pre map load, took 8.264
[2023.04.24-02.26.03:374][  0]Cmd: MAP LOAD FILE="../../../../../School/DAGD 499/CapstoneProject/CapstoneProject_HJV/Content/Levels/Lab_Level.umap" TEMPLATE=0 SHOWPROGRESS=1 FEATURELEVEL=3
[2023.04.24-02.26.03:374][  0]LightingResults: New page: Lighting Build
[2023.04.24-02.26.03:376][  0]LogWorld: UWorld::CleanupWorld for Untitled, bSessionEnded=true, bCleanupResources=true
[2023.04.24-02.26.03:376][  0]LogSlate: InvalidateAllWidgets triggered.  All widgets were invalidated
[2023.04.24-02.26.03:376][  0]MapCheck: New page: Map Check
[2023.04.24-02.26.03:376][  0]LightingResults: New page: Lighting Build
[2023.04.24-02.26.03:383][  0]LogAudio: Display: Audio Device unregistered from world 'None'.
[2023.04.24-02.26.03:386][  0]LogUObjectHash: Compacting FUObjectHashTables data took   1.01ms
[2023.04.24-02.26.05:350][  0]LogTemp: Warning: CPath - Dynamic obstacle 'Lab_Door6_159' is not Movable.
[2023.04.24-02.26.05:350][  0]LogTemp: Warning: CPath - Dynamic obstacle 'Lab_Door7' is not Movable.
[2023.04.24-02.26.05:390][  0]LogTexture: Default maximum texture size for cubemaps generated from long-lat sources has been changed from 512 to unlimited. In order to preserve old behaiour for '/Game/StarterContent/HDRI/HDRI_Epic_Courtyard_Daylight.HDRI_Epic_Courtyard_Daylight', its maximum texture size has been explicitly set to 512.
[2023.04.24-02.26.06:976][  0]LogAudio: Display: Audio Device (ID: 1) registered with world 'Lab_Level'.
[2023.04.24-02.26.06:977][  0]LogAIModule: Creating AISystem for world Lab_Level
[2023.04.24-02.26.07:015][  0]LogSkeletalMesh: USkeletalMeshComponent::InitArticulated : Could not find root physics body: '/Game/Levels/Lab_Level.Lab_Level:PersistentLevel.Drone2.CharacterMesh0'
[2023.04.24-02.26.07:016][  0]LogSkeletalMesh: USkeletalMeshComponent::InitArticulated : Could not find root physics body: '/Game/Levels/Lab_Level.Lab_Level:PersistentLevel.Drone3.CharacterMesh0'
[2023.04.24-02.26.07:016][  0]LogSkeletalMesh: USkeletalMeshComponent::InitArticulated : Could not find root physics body: '/Game/Levels/Lab_Level.Lab_Level:PersistentLevel.Drone_2.CharacterMesh0'
[2023.04.24-02.26.07:108][  0]LogEditorServer: Finished looking for orphan Actors (0.000 secs)
[2023.04.24-02.26.07:141][  0]LogUObjectHash: Compacting FUObjectHashTables data took   2.21ms
[2023.04.24-02.26.07:144][  0]Cmd: MAP CHECKDEP NOCLEARLOG
[2023.04.24-02.26.07:144][  0]MapCheck: Map check complete: 0 Error(s), 0 Warning(s), took 0.198ms to complete.
[2023.04.24-02.26.07:144][  0]LogFileHelpers: Loading map 'Lab_Level' took 3.770
[2023.04.24-02.26.07:146][  0]LogUnrealEdMisc: Total Editor Startup Time, took 12.036
[2023.04.24-02.26.07:292][  0]LogSlate: Updating window title bar state: overlay mode, drag disabled, window buttons hidden, title bar hidden
[2023.04.24-02.26.07:301][  0]LogSlate: Updating window title bar state: overlay mode, drag disabled, window buttons hidden, title bar hidden
[2023.04.24-02.26.07:309][  0]LogSlate: Updating window title bar state: overlay mode, drag disabled, window buttons hidden, title bar hidden
[2023.04.24-02.26.07:316][  0]LogSlate: Updating window title bar state: overlay mode, drag disabled, window buttons hidden, title bar hidden
[2023.04.24-02.26.07:335][  0]LogNativeClassHierarchy: Verbose: Native class hierarchy populated in 0.0133 seconds. Added 3836 classes and 936 folders.
[2023.04.24-02.26.07:359][  0]LogNativeClassHierarchy: Verbose: Native class hierarchy updated for 'WidgetCarousel' in 0.0003 seconds. Added 0 classes and 0 folders.
[2023.04.24-02.26.07:360][  0]LogPakFile: PakFile PrimaryIndexSize=187
[2023.04.24-02.26.07:360][  0]LogPakFile: PakFile PathHashIndexSize=101
[2023.04.24-02.26.07:360][  0]LogPakFile: PakFile FullDirectoryIndexSize=148
[2023.04.24-02.26.07:360][  0]LogShaderLibrary: Display: ShaderCodeLibraryPakFileMountedCallback: PakFile 'E:/Epic Games/UE_4.27/FeaturePacks/FP_FirstPerson.upack' (chunk index -1, root 'root:/') mounted
[2023.04.24-02.26.07:361][  0]LogShaderLibrary: Display: ShaderCodeLibraryPakFileMountedCallback: pending pak file info (ChunkID:-1 Root:root:/ File:E:/Epic Games/UE_4.27/FeaturePacks/FP_FirstPerson.upack)
[2023.04.24-02.26.07:361][  0]LogPakFile: OnPakFileMounted2Time == 0.000072
[2023.04.24-02.26.07:361][  0]LogPakFile: PakFile PrimaryIndexSize=189
[2023.04.24-02.26.07:361][  0]LogPakFile: PakFile PathHashIndexSize=101
[2023.04.24-02.26.07:361][  0]LogPakFile: PakFile FullDirectoryIndexSize=152
[2023.04.24-02.26.07:361][  0]LogShaderLibrary: Display: ShaderCodeLibraryPakFileMountedCallback: PakFile 'E:/Epic Games/UE_4.27/FeaturePacks/FP_FirstPersonBP.upack' (chunk index -1, root 'root:/') mounted
[2023.04.24-02.26.07:361][  0]LogShaderLibrary: Display: ShaderCodeLibraryPakFileMountedCallback: pending pak file info (ChunkID:-1 Root:root:/ File:E:/Epic Games/UE_4.27/FeaturePacks/FP_FirstPersonBP.upack)
[2023.04.24-02.26.07:361][  0]LogPakFile: OnPakFileMounted2Time == 0.000045
[2023.04.24-02.26.07:362][  0]LogPakFile: PakFile PrimaryIndexSize=191
[2023.04.24-02.26.07:362][  0]LogPakFile: PakFile PathHashIndexSize=101
[2023.04.24-02.26.07:362][  0]LogPakFile: PakFile FullDirectoryIndexSize=160
[2023.04.24-02.26.07:362][  0]LogShaderLibrary: Display: ShaderCodeLibraryPakFileMountedCallback: PakFile 'E:/Epic Games/UE_4.27/FeaturePacks/MobileStarterContent.upack' (chunk index -1, root 'root:/') mounted
[2023.04.24-02.26.07:362][  0]LogShaderLibrary: Display: ShaderCodeLibraryPakFileMountedCallback: pending pak file info (ChunkID:-1 Root:root:/ File:E:/Epic Games/UE_4.27/FeaturePacks/MobileStarterContent.upack)
[2023.04.24-02.26.07:362][  0]LogPakFile: OnPakFileMounted2Time == 0.000041
[2023.04.24-02.26.07:363][  0]LogPakFile: PakFile PrimaryIndexSize=185
[2023.04.24-02.26.07:363][  0]LogPakFile: PakFile PathHashIndexSize=101
[2023.04.24-02.26.07:363][  0]LogPakFile: PakFile FullDirectoryIndexSize=148
[2023.04.24-02.26.07:363][  0]LogShaderLibrary: Display: ShaderCodeLibraryPakFileMountedCallback: PakFile 'E:/Epic Games/UE_4.27/FeaturePacks/StarterContent.upack' (chunk index -1, root 'root:/') mounted
[2023.04.24-02.26.07:363][  0]LogShaderLibrary: Display: ShaderCodeLibraryPakFileMountedCallback: pending pak file info (ChunkID:-1 Root:root:/ File:E:/Epic Games/UE_4.27/FeaturePacks/StarterContent.upack)
[2023.04.24-02.26.07:363][  0]LogPakFile: OnPakFileMounted2Time == 0.000041
[2023.04.24-02.26.07:363][  0]LogPakFile: PakFile PrimaryIndexSize=190
[2023.04.24-02.26.07:363][  0]LogPakFile: PakFile PathHashIndexSize=101
[2023.04.24-02.26.07:363][  0]LogPakFile: PakFile FullDirectoryIndexSize=154
[2023.04.24-02.26.07:363][  0]LogShaderLibrary: Display: ShaderCodeLibraryPakFileMountedCallback: PakFile 'E:/Epic Games/UE_4.27/FeaturePacks/TP_2DSideScroller.upack' (chunk index -1, root 'root:/') mounted
[2023.04.24-02.26.07:363][  0]LogShaderLibrary: Display: ShaderCodeLibraryPakFileMountedCallback: pending pak file info (ChunkID:-1 Root:root:/ File:E:/Epic Games/UE_4.27/FeaturePacks/TP_2DSideScroller.upack)
[2023.04.24-02.26.07:363][  0]LogPakFile: OnPakFileMounted2Time == 0.000039
[2023.04.24-02.26.07:364][  0]LogPakFile: PakFile PrimaryIndexSize=192
[2023.04.24-02.26.07:364][  0]LogPakFile: PakFile PathHashIndexSize=101
[2023.04.24-02.26.07:364][  0]LogPakFile: PakFile FullDirectoryIndexSize=158
[2023.04.24-02.26.07:364][  0]LogShaderLibrary: Display: ShaderCodeLibraryPakFileMountedCallback: PakFile 'E:/Epic Games/UE_4.27/FeaturePacks/TP_2DSideScrollerBP.upack' (chunk index -1, root 'root:/') mounted
[2023.04.24-02.26.07:364][  0]LogShaderLibrary: Display: ShaderCodeLibraryPakFileMountedCallback: pending pak file info (ChunkID:-1 Root:root:/ File:E:/Epic Games/UE_4.27/FeaturePacks/TP_2DSideScrollerBP.upack)
[2023.04.24-02.26.07:364][  0]LogPakFile: OnPakFileMounted2Time == 0.000039
[2023.04.24-02.26.07:364][  0]LogPakFile: PakFile PrimaryIndexSize=182
[2023.04.24-02.26.07:365][  0]LogPakFile: PakFile PathHashIndexSize=101
[2023.04.24-02.26.07:365][  0]LogPakFile: PakFile FullDirectoryIndexSize=138
[2023.04.24-02.26.07:365][  0]LogShaderLibrary: Display: ShaderCodeLibraryPakFileMountedCallback: PakFile 'E:/Epic Games/UE_4.27/FeaturePacks/TP_Flying.upack' (chunk index -1, root 'root:/') mounted
[2023.04.24-02.26.07:365][  0]LogShaderLibrary: Display: ShaderCodeLibraryPakFileMountedCallback: pending pak file info (ChunkID:-1 Root:root:/ File:E:/Epic Games/UE_4.27/FeaturePacks/TP_Flying.upack)
[2023.04.24-02.26.07:365][  0]LogPakFile: OnPakFileMounted2Time == 0.000038
[2023.04.24-02.26.07:365][  0]LogPakFile: PakFile PrimaryIndexSize=184
[2023.04.24-02.26.07:365][  0]LogPakFile: PakFile PathHashIndexSize=101
[2023.04.24-02.26.07:365][  0]LogPakFile: PakFile FullDirectoryIndexSize=142
[2023.04.24-02.26.07:365][  0]LogShaderLibrary: Display: ShaderCodeLibraryPakFileMountedCallback: PakFile 'E:/Epic Games/UE_4.27/FeaturePacks/TP_FlyingBP.upack' (chunk index -1, root 'root:/') mounted
[2023.04.24-02.26.07:365][  0]LogShaderLibrary: Display: ShaderCodeLibraryPakFileMountedCallback: pending pak file info (ChunkID:-1 Root:root:/ File:E:/Epic Games/UE_4.27/FeaturePacks/TP_FlyingBP.upack)
[2023.04.24-02.26.07:365][  0]LogPakFile: OnPakFileMounted2Time == 0.000038
[2023.04.24-02.26.07:366][  0]LogPakFile: PakFile PrimaryIndexSize=188
[2023.04.24-02.26.07:366][  0]LogPakFile: PakFile PathHashIndexSize=101
[2023.04.24-02.26.07:366][  0]LogPakFile: PakFile FullDirectoryIndexSize=150
[2023.04.24-02.26.07:366][  0]LogShaderLibrary: Display: ShaderCodeLibraryPakFileMountedCallback: PakFile 'E:/Epic Games/UE_4.27/FeaturePacks/TP_HandheldARBP.upack' (chunk index -1, root 'root:/') mounted
[2023.04.24-02.26.07:366][  0]LogShaderLibrary: Display: ShaderCodeLibraryPakFileMountedCallback: pending pak file info (ChunkID:-1 Root:root:/ File:E:/Epic Games/UE_4.27/FeaturePacks/TP_HandheldARBP.upack)
[2023.04.24-02.26.07:366][  0]LogPakFile: OnPakFileMounted2Time == 0.000039
[2023.04.24-02.26.07:367][  0]LogPakFile: PakFile PrimaryIndexSize=182
[2023.04.24-02.26.07:367][  0]LogPakFile: PakFile PathHashIndexSize=101
[2023.04.24-02.26.07:367][  0]LogPakFile: PakFile FullDirectoryIndexSize=138
[2023.04.24-02.26.07:367][  0]LogShaderLibrary: Display: ShaderCodeLibraryPakFileMountedCallback: PakFile 'E:/Epic Games/UE_4.27/FeaturePacks/TP_Puzzle.upack' (chunk index -1, root 'root:/') mounted
[2023.04.24-02.26.07:367][  0]LogShaderLibrary: Display: ShaderCodeLibraryPakFileMountedCallback: pending pak file info (ChunkID:-1 Root:root:/ File:E:/Epic Games/UE_4.27/FeaturePacks/TP_Puzzle.upack)
[2023.04.24-02.26.07:367][  0]LogPakFile: OnPakFileMounted2Time == 0.000041
[2023.04.24-02.26.07:367][  0]LogPakFile: PakFile PrimaryIndexSize=184
[2023.04.24-02.26.07:367][  0]LogPakFile: PakFile PathHashIndexSize=101
[2023.04.24-02.26.07:367][  0]LogPakFile: PakFile FullDirectoryIndexSize=142
[2023.04.24-02.26.07:367][  0]LogShaderLibrary: Display: ShaderCodeLibraryPakFileMountedCallback: PakFile 'E:/Epic Games/UE_4.27/FeaturePacks/TP_PuzzleBP.upack' (chunk index -1, root 'root:/') mounted
[2023.04.24-02.26.07:367][  0]LogShaderLibrary: Display: ShaderCodeLibraryPakFileMountedCallback: pending pak file info (ChunkID:-1 Root:root:/ File:E:/Epic Games/UE_4.27/FeaturePacks/TP_PuzzleBP.upack)
[2023.04.24-02.26.07:367][  0]LogPakFile: OnPakFileMounted2Time == 0.000039
[2023.04.24-02.26.07:368][  0]LogPakFile: PakFile PrimaryIndexSize=183
[2023.04.24-02.26.07:368][  0]LogPakFile: PakFile PathHashIndexSize=101
[2023.04.24-02.26.07:368][  0]LogPakFile: PakFile FullDirectoryIndexSize=140
[2023.04.24-02.26.07:368][  0]LogShaderLibrary: Display: ShaderCodeLibraryPakFileMountedCallback: PakFile 'E:/Epic Games/UE_4.27/FeaturePacks/TP_Rolling.upack' (chunk index -1, root 'root:/') mounted
[2023.04.24-02.26.07:368][  0]LogShaderLibrary: Display: ShaderCodeLibraryPakFileMountedCallback: pending pak file info (ChunkID:-1 Root:root:/ File:E:/Epic Games/UE_4.27/FeaturePacks/TP_Rolling.upack)
[2023.04.24-02.26.07:368][  0]LogPakFile: OnPakFileMounted2Time == 0.000039
[2023.04.24-02.26.07:369][  0]LogPakFile: PakFile PrimaryIndexSize=185
[2023.04.24-02.26.07:369][  0]LogPakFile: PakFile PathHashIndexSize=101
[2023.04.24-02.26.07:369][  0]LogPakFile: PakFile FullDirectoryIndexSize=144
[2023.04.24-02.26.07:369][  0]LogShaderLibrary: Display: ShaderCodeLibraryPakFileMountedCallback: PakFile 'E:/Epic Games/UE_4.27/FeaturePacks/TP_RollingBP.upack' (chunk index -1, root 'root:/') mounted
[2023.04.24-02.26.07:369][  0]LogShaderLibrary: Display: ShaderCodeLibraryPakFileMountedCallback: pending pak file info (ChunkID:-1 Root:root:/ File:E:/Epic Games/UE_4.27/FeaturePacks/TP_RollingBP.upack)
[2023.04.24-02.26.07:369][  0]LogPakFile: OnPakFileMounted2Time == 0.000039
[2023.04.24-02.26.07:369][  0]LogPakFile: PakFile PrimaryIndexSize=188
[2023.04.24-02.26.07:369][  0]LogPakFile: PakFile PathHashIndexSize=101
[2023.04.24-02.26.07:369][  0]LogPakFile: PakFile FullDirectoryIndexSize=150
[2023.04.24-02.26.07:369][  0]LogShaderLibrary: Display: ShaderCodeLibraryPakFileMountedCallback: PakFile 'E:/Epic Games/UE_4.27/FeaturePacks/TP_SideScroller.upack' (chunk index -1, root 'root:/') mounted
[2023.04.24-02.26.07:369][  0]LogShaderLibrary: Display: ShaderCodeLibraryPakFileMountedCallback: pending pak file info (ChunkID:-1 Root:root:/ File:E:/Epic Games/UE_4.27/FeaturePacks/TP_SideScroller.upack)
[2023.04.24-02.26.07:369][  0]LogPakFile: OnPakFileMounted2Time == 0.000039
[2023.04.24-02.26.07:370][  0]LogPakFile: PakFile PrimaryIndexSize=190
[2023.04.24-02.26.07:370][  0]LogPakFile: PakFile PathHashIndexSize=101
[2023.04.24-02.26.07:370][  0]LogPakFile: PakFile FullDirectoryIndexSize=154
[2023.04.24-02.26.07:370][  0]LogShaderLibrary: Display: ShaderCodeLibraryPakFileMountedCallback: PakFile 'E:/Epic Games/UE_4.27/FeaturePacks/TP_SideScrollerBP.upack' (chunk index -1, root 'root:/') mounted
[2023.04.24-02.26.07:370][  0]LogShaderLibrary: Display: ShaderCodeLibraryPakFileMountedCallback: pending pak file info (ChunkID:-1 Root:root:/ File:E:/Epic Games/UE_4.27/FeaturePacks/TP_SideScrollerBP.upack)
[2023.04.24-02.26.07:370][  0]LogPakFile: OnPakFileMounted2Time == 0.000039
[2023.04.24-02.26.07:370][  0]LogPakFile: PakFile PrimaryIndexSize=187
[2023.04.24-02.26.07:370][  0]LogPakFile: PakFile PathHashIndexSize=101
[2023.04.24-02.26.07:370][  0]LogPakFile: PakFile FullDirectoryIndexSize=148
[2023.04.24-02.26.07:371][  0]LogShaderLibrary: Display: ShaderCodeLibraryPakFileMountedCallback: PakFile 'E:/Epic Games/UE_4.27/FeaturePacks/TP_ThirdPerson.upack' (chunk index -1, root 'root:/') mounted
[2023.04.24-02.26.07:371][  0]LogShaderLibrary: Display: ShaderCodeLibraryPakFileMountedCallback: pending pak file info (ChunkID:-1 Root:root:/ File:E:/Epic Games/UE_4.27/FeaturePacks/TP_ThirdPerson.upack)
[2023.04.24-02.26.07:371][  0]LogPakFile: OnPakFileMounted2Time == 0.000045
[2023.04.24-02.26.07:371][  0]LogPakFile: PakFile PrimaryIndexSize=189
[2023.04.24-02.26.07:371][  0]LogPakFile: PakFile PathHashIndexSize=101
[2023.04.24-02.26.07:371][  0]LogPakFile: PakFile FullDirectoryIndexSize=152
[2023.04.24-02.26.07:371][  0]LogShaderLibrary: Display: ShaderCodeLibraryPakFileMountedCallback: PakFile 'E:/Epic Games/UE_4.27/FeaturePacks/TP_ThirdPersonBP.upack' (chunk index -1, root 'root:/') mounted
[2023.04.24-02.26.07:371][  0]LogShaderLibrary: Display: ShaderCodeLibraryPakFileMountedCallback: pending pak file info (ChunkID:-1 Root:root:/ File:E:/Epic Games/UE_4.27/FeaturePacks/TP_ThirdPersonBP.upack)
[2023.04.24-02.26.07:371][  0]LogPakFile: OnPakFileMounted2Time == 0.000040
[2023.04.24-02.26.07:372][  0]LogPakFile: PakFile PrimaryIndexSize=183
[2023.04.24-02.26.07:372][  0]LogPakFile: PakFile PathHashIndexSize=101
[2023.04.24-02.26.07:372][  0]LogPakFile: PakFile FullDirectoryIndexSize=140
[2023.04.24-02.26.07:372][  0]LogShaderLibrary: Display: ShaderCodeLibraryPakFileMountedCallback: PakFile 'E:/Epic Games/UE_4.27/FeaturePacks/TP_TopDown.upack' (chunk index -1, root 'root:/') mounted
[2023.04.24-02.26.07:372][  0]LogShaderLibrary: Display: ShaderCodeLibraryPakFileMountedCallback: pending pak file info (ChunkID:-1 Root:root:/ File:E:/Epic Games/UE_4.27/FeaturePacks/TP_TopDown.upack)
[2023.04.24-02.26.07:372][  0]LogPakFile: OnPakFileMounted2Time == 0.000051
[2023.04.24-02.26.07:372][  0]LogPakFile: PakFile PrimaryIndexSize=185
[2023.04.24-02.26.07:372][  0]LogPakFile: PakFile PathHashIndexSize=101
[2023.04.24-02.26.07:372][  0]LogPakFile: PakFile FullDirectoryIndexSize=144
[2023.04.24-02.26.07:373][  0]LogShaderLibrary: Display: ShaderCodeLibraryPakFileMountedCallback: PakFile 'E:/Epic Games/UE_4.27/FeaturePacks/TP_TopDownBP.upack' (chunk index -1, root 'root:/') mounted
[2023.04.24-02.26.07:373][  0]LogShaderLibrary: Display: ShaderCodeLibraryPakFileMountedCallback: pending pak file info (ChunkID:-1 Root:root:/ File:E:/Epic Games/UE_4.27/FeaturePacks/TP_TopDownBP.upack)
[2023.04.24-02.26.07:373][  0]LogPakFile: OnPakFileMounted2Time == 0.000040
[2023.04.24-02.26.07:373][  0]LogPakFile: PakFile PrimaryIndexSize=185
[2023.04.24-02.26.07:373][  0]LogPakFile: PakFile PathHashIndexSize=101
[2023.04.24-02.26.07:373][  0]LogPakFile: PakFile FullDirectoryIndexSize=144
[2023.04.24-02.26.07:373][  0]LogShaderLibrary: Display: ShaderCodeLibraryPakFileMountedCallback: PakFile 'E:/Epic Games/UE_4.27/FeaturePacks/TP_TwinStick.upack' (chunk index -1, root 'root:/') mounted
[2023.04.24-02.26.07:373][  0]LogShaderLibrary: Display: ShaderCodeLibraryPakFileMountedCallback: pending pak file info (ChunkID:-1 Root:root:/ File:E:/Epic Games/UE_4.27/FeaturePacks/TP_TwinStick.upack)
[2023.04.24-02.26.07:373][  0]LogPakFile: OnPakFileMounted2Time == 0.000041
[2023.04.24-02.26.07:374][  0]LogPakFile: PakFile PrimaryIndexSize=187
[2023.04.24-02.26.07:374][  0]LogPakFile: PakFile PathHashIndexSize=101
[2023.04.24-02.26.07:374][  0]LogPakFile: PakFile FullDirectoryIndexSize=148
[2023.04.24-02.26.07:374][  0]LogShaderLibrary: Display: ShaderCodeLibraryPakFileMountedCallback: PakFile 'E:/Epic Games/UE_4.27/FeaturePacks/TP_TwinStickBP.upack' (chunk index -1, root 'root:/') mounted
[2023.04.24-02.26.07:374][  0]LogShaderLibrary: Display: ShaderCodeLibraryPakFileMountedCallback: pending pak file info (ChunkID:-1 Root:root:/ File:E:/Epic Games/UE_4.27/FeaturePacks/TP_TwinStickBP.upack)
[2023.04.24-02.26.07:374][  0]LogPakFile: OnPakFileMounted2Time == 0.000043
[2023.04.24-02.26.07:374][  0]LogPakFile: PakFile PrimaryIndexSize=183
[2023.04.24-02.26.07:375][  0]LogPakFile: PakFile PathHashIndexSize=101
[2023.04.24-02.26.07:375][  0]LogPakFile: PakFile FullDirectoryIndexSize=140
[2023.04.24-02.26.07:375][  0]LogShaderLibrary: Display: ShaderCodeLibraryPakFileMountedCallback: PakFile 'E:/Epic Games/UE_4.27/FeaturePacks/TP_Vehicle.upack' (chunk index -1, root 'root:/') mounted
[2023.04.24-02.26.07:375][  0]LogShaderLibrary: Display: ShaderCodeLibraryPakFileMountedCallback: pending pak file info (ChunkID:-1 Root:root:/ File:E:/Epic Games/UE_4.27/FeaturePacks/TP_Vehicle.upack)
[2023.04.24-02.26.07:375][  0]LogPakFile: OnPakFileMounted2Time == 0.000041
[2023.04.24-02.26.07:375][  0]LogPakFile: PakFile PrimaryIndexSize=186
[2023.04.24-02.26.07:375][  0]LogPakFile: PakFile PathHashIndexSize=101
[2023.04.24-02.26.07:375][  0]LogPakFile: PakFile FullDirectoryIndexSize=146
[2023.04.24-02.26.07:375][  0]LogShaderLibrary: Display: ShaderCodeLibraryPakFileMountedCallback: PakFile 'E:/Epic Games/UE_4.27/FeaturePacks/TP_VehicleAdv.upack' (chunk index -1, root 'root:/') mounted
[2023.04.24-02.26.07:375][  0]LogShaderLibrary: Display: ShaderCodeLibraryPakFileMountedCallback: pending pak file info (ChunkID:-1 Root:root:/ File:E:/Epic Games/UE_4.27/FeaturePacks/TP_VehicleAdv.upack)
[2023.04.24-02.26.07:375][  0]LogPakFile: OnPakFileMounted2Time == 0.000041
[2023.04.24-02.26.07:376][  0]LogPakFile: PakFile PrimaryIndexSize=188
[2023.04.24-02.26.07:376][  0]LogPakFile: PakFile PathHashIndexSize=101
[2023.04.24-02.26.07:376][  0]LogPakFile: PakFile FullDirectoryIndexSize=150
[2023.04.24-02.26.07:376][  0]LogShaderLibrary: Display: ShaderCodeLibraryPakFileMountedCallback: PakFile 'E:/Epic Games/UE_4.27/FeaturePacks/TP_VehicleAdvBP.upack' (chunk index -1, root 'root:/') mounted
[2023.04.24-02.26.07:376][  0]LogShaderLibrary: Display: ShaderCodeLibraryPakFileMountedCallback: pending pak file info (ChunkID:-1 Root:root:/ File:E:/Epic Games/UE_4.27/FeaturePacks/TP_VehicleAdvBP.upack)
[2023.04.24-02.26.07:376][  0]LogPakFile: OnPakFileMounted2Time == 0.000041
[2023.04.24-02.26.07:377][  0]LogPakFile: PakFile PrimaryIndexSize=185
[2023.04.24-02.26.07:377][  0]LogPakFile: PakFile PathHashIndexSize=101
[2023.04.24-02.26.07:377][  0]LogPakFile: PakFile FullDirectoryIndexSize=144
[2023.04.24-02.26.07:377][  0]LogShaderLibrary: Display: ShaderCodeLibraryPakFileMountedCallback: PakFile 'E:/Epic Games/UE_4.27/FeaturePacks/TP_VehicleBP.upack' (chunk index -1, root 'root:/') mounted
[2023.04.24-02.26.07:377][  0]LogShaderLibrary: Display: ShaderCodeLibraryPakFileMountedCallback: pending pak file info (ChunkID:-1 Root:root:/ File:E:/Epic Games/UE_4.27/FeaturePacks/TP_VehicleBP.upack)
[2023.04.24-02.26.07:377][  0]LogPakFile: OnPakFileMounted2Time == 0.000040
[2023.04.24-02.26.07:377][  0]LogPakFile: PakFile PrimaryIndexSize=192
[2023.04.24-02.26.07:377][  0]LogPakFile: PakFile PathHashIndexSize=101
[2023.04.24-02.26.07:377][  0]LogPakFile: PakFile FullDirectoryIndexSize=158
[2023.04.24-02.26.07:377][  0]LogShaderLibrary: Display: ShaderCodeLibraryPakFileMountedCallback: PakFile 'E:/Epic Games/UE_4.27/FeaturePacks/TP_VirtualRealityBP.upack' (chunk index -1, root 'root:/') mounted
[2023.04.24-02.26.07:377][  0]LogShaderLibrary: Display: ShaderCodeLibraryPakFileMountedCallback: pending pak file info (ChunkID:-1 Root:root:/ File:E:/Epic Games/UE_4.27/FeaturePacks/TP_VirtualRealityBP.upack)
[2023.04.24-02.26.07:377][  0]LogPakFile: OnPakFileMounted2Time == 0.000040
[2023.04.24-02.26.07:426][  0]LogNativeClassHierarchy: Verbose: Native class hierarchy updated for 'AddContentDialog' in 0.0004 seconds. Added 0 classes and 0 folders.
[2023.04.24-02.26.07:427][  0]LogNativeClassHierarchy: Verbose: Native class hierarchy updated for 'SceneOutliner' in 0.0002 seconds. Added 2 classes and 0 folders.
[2023.04.24-02.26.07:806][  0]LogSlate: Took 0.000467 seconds to synchronously load lazily loaded font '../../../Engine/Content/Slate/Fonts/Roboto-Regular.ttf' (155K)
[2023.04.24-02.26.07:809][  0]LogSlate: Took 0.000276 seconds to synchronously load lazily loaded font '../../../Engine/Content/Editor/Slate/Fonts/FontAwesome.ttf' (139K)
[2023.04.24-02.26.07:811][  0]LogSlate: Took 0.000195 seconds to synchronously load lazily loaded font '../../../Engine/Content/Slate/Fonts/Roboto-Bold.ttf' (160K)
[2023.04.24-02.26.07:950][  0]LogRenderer: Reallocating scene render targets to support 1104x612 Format 10 NumSamples 1 (Frame:1).
[2023.04.24-02.26.08:770][  0]LogSlate: Took 0.000264 seconds to synchronously load lazily loaded font '../../../Engine/Content/Slate/Fonts/Roboto-Light.ttf' (167K)
[2023.04.24-02.26.08:869][  0]LogNativeClassHierarchy: Verbose: Native class hierarchy updated for 'HierarchicalLODOutliner' in 0.0003 seconds. Added 0 classes and 0 folders.
[2023.04.24-02.26.08:869][  0]LogLoad: (Engine Initialization) Total time: 13.76 seconds
[2023.04.24-02.26.08:869][  0]LogLoad: (Engine Initialization) Total Blueprint compile time: 0.00 seconds
[2023.04.24-02.26.08:988][  0]LogContentStreaming: Texture pool size now 1000 MB
[2023.04.24-02.26.09:018][  1]LogFileCache: Retrieving MD5 hashes for directory 'E:/School/DAGD 499/CapstoneProject/CapstoneProject_HJV/Content/' took 0.13s
[2023.04.24-02.26.09:025][  1]LogAssetRegistry: Asset discovery search completed in 10.0315 seconds
[2023.04.24-02.26.09:032][  1]LogCollectionManager: Fixed up redirectors for 0 collections in 0.000005 seconds (updated 0 objects)
[2023.04.24-02.26.10:362][  5]LogSlate: Took 0.000264 seconds to synchronously load lazily loaded font '../../../Engine/Content/Slate/Fonts/Roboto-Light.ttf' (167K)
[2023.04.24-02.26.26:317][239]LogAssetEditorSubsystem: Opening Asset editor for Blueprint /Game/Assets/AI/DroneBoss/DroneBossChar.DroneBossChar
[2023.04.24-02.26.26:501][239]LogNativeClassHierarchy: Verbose: Native class hierarchy updated for 'BlueprintGraph' in 0.0007 seconds. Added 126 classes and 0 folders.
[2023.04.24-02.26.27:802][239]LogSlate: Took 0.000272 seconds to synchronously load lazily loaded font '../../../Engine/Content/Slate/Fonts/Roboto-BoldCondensed.ttf' (158K)
[2023.04.24-02.26.36:083][826]LogSlate: Took 0.015595 seconds to synchronously load lazily loaded font '../../../Engine/Content/Slate/Fonts/Roboto-BoldCondensedItalic.ttf' (160K)
[2023.04.24-02.27.01:752][516]BlueprintLog: New page: Compile DroneBossChar
[2023.04.24-02.27.01:980][516]LogUObjectHash: Compacting FUObjectHashTables data took   4.31ms
[2023.04.24-02.27.03:262][547]LogSavePackage: Moving '../../../../../School/DAGD 499/CapstoneProject/CapstoneProject_HJV/Saved/DroneBossCharAADC6FE44437CAFCF39841B2BB0875C1.tmp' to '../../../../../School/DAGD 499/CapstoneProject/CapstoneProject_HJV/Content/Assets/AI/DroneBoss/DroneBossChar.uasset'
[2023.04.24-02.27.03:277][547]AssetCheck: New page: Asset Save: DroneBossChar
[2023.04.24-02.27.03:277][547]LogContentValidation: Display: Validating Blueprint /Game/Assets/AI/DroneBoss/DroneBossChar.DroneBossChar
[2023.04.24-02.27.04:640][669]LogSlate: Took 0.000321 seconds to synchronously load lazily loaded font '../../../Engine/Content/Slate/Fonts/Roboto-Italic.ttf' (157K)
[2023.04.24-02.28.21:138][267]BlueprintLog: New page: Compile DroneBossChar
[2023.04.24-02.28.21:383][267]LogUObjectHash: Compacting FUObjectHashTables data took   3.92ms
[2023.04.24-02.28.22:419][282]LogSavePackage: Moving '../../../../../School/DAGD 499/CapstoneProject/CapstoneProject_HJV/Saved/DroneBossCharD3C20AA44ECDAD187963EEBBA18D1821.tmp' to '../../../../../School/DAGD 499/CapstoneProject/CapstoneProject_HJV/Content/Assets/AI/DroneBoss/DroneBossChar.uasset'
[2023.04.24-02.28.22:438][282]AssetCheck: New page: Asset Save: DroneBossChar
[2023.04.24-02.28.22:438][282]LogContentValidation: Display: Validating Blueprint /Game/Assets/AI/DroneBoss/DroneBossChar.DroneBossChar
[2023.04.24-02.28.28:737][799]LogSavePackage: Moving '../../../../../School/DAGD 499/CapstoneProject/CapstoneProject_HJV/Saved/DroneBossChar47AFC2944A1F5CCDE3E103AE3EC933A2.tmp' to '../../../../../School/DAGD 499/CapstoneProject/CapstoneProject_HJV/Content/Assets/AI/DroneBoss/DroneBossChar.uasset'
[2023.04.24-02.28.28:765][799]AssetCheck: New page: Asset Save: DroneBossChar
[2023.04.24-02.28.28:765][799]LogContentValidation: Display: Validating Blueprint /Game/Assets/AI/DroneBoss/DroneBossChar.DroneBossChar
[2023.04.24-02.28.38:096][477]BlueprintLog: New page: Compile DroneBossChar
[2023.04.24-02.28.38:340][477]LogUObjectHash: Compacting FUObjectHashTables data took   4.07ms
[2023.04.24-02.28.39:269][487]LogSavePackage: Moving '../../../../../School/DAGD 499/CapstoneProject/CapstoneProject_HJV/Saved/DroneBossChar5D78BEC04EA75B0EEAFD938E1E9610B8.tmp' to '../../../../../School/DAGD 499/CapstoneProject/CapstoneProject_HJV/Content/Assets/AI/DroneBoss/DroneBossChar.uasset'
[2023.04.24-02.28.39:292][487]AssetCheck: New page: Asset Save: DroneBossChar
[2023.04.24-02.28.39:292][487]LogContentValidation: Display: Validating Blueprint /Game/Assets/AI/DroneBoss/DroneBossChar.DroneBossChar
[2023.04.24-02.28.40:170][548]Cmd: OBJ SAVEPACKAGE PACKAGE="/Game/Levels/Lab_Level" FILE="../../../../../School/DAGD 499/CapstoneProject/CapstoneProject_HJV/Content/Levels/Lab_Level.umap" SILENT=true AUTOSAVING=false KEEPDIRTY=false
[2023.04.24-02.28.40:199][548]LogUObjectHash: Compacting FUObjectHashTables data took   4.72ms
[2023.04.24-02.28.40:533][548]LogSavePackage: Moving '../../../../../School/DAGD 499/CapstoneProject/CapstoneProject_HJV/Saved/Lab_Level73144E9B44148EC640FD71AD002D7162.tmp' to '../../../../../School/DAGD 499/CapstoneProject/CapstoneProject_HJV/Content/Levels/Lab_Level.umap'
[2023.04.24-02.28.40:557][548]Cmd: OBJ SAVEPACKAGE PACKAGE="/Game/Levels/Lab_Level_BuiltData" FILE="../../../../../School/DAGD 499/CapstoneProject/CapstoneProject_HJV/Content/Levels/Lab_Level_BuiltData.uasset" SILENT=true
[2023.04.24-02.28.41:825][548]LogSavePackage: Moving '../../../../../School/DAGD 499/CapstoneProject/CapstoneProject_HJV/Saved/Lab_Level_BuiltDataA4BB7898472015A23280E5986EB6A12E.tmp' to '../../../../../School/DAGD 499/CapstoneProject/CapstoneProject_HJV/Content/Levels/Lab_Level_BuiltData.uasset'
[2023.04.24-02.28.41:876][548]AssetCheck: New page: Asset Save: multiple assets
[2023.04.24-02.28.41:876][548]LogContentValidation: Display: Validating MapBuildDataRegistry /Game/Levels/Lab_Level_BuiltData.Lab_Level_BuiltData
[2023.04.24-02.28.41:876][548]LogContentValidation: Display: Validating World /Game/Levels/Lab_Level.Lab_Level
