Log file open, 11/09/22 18:48:21
LogWindows: Failed to load 'aqProf.dll' (GetLastError=126)
LogWindows: File 'aqProf.dll' does not exist
LogWindows: Failed to load 'VtuneApi.dll' (GetLastError=126)
LogWindows: File 'VtuneApi.dll' does not exist
LogWindows: Failed to load 'VtuneApi32e.dll' (GetLastError=126)
LogWindows: File 'VtuneApi32e.dll' does not exist
LogConsoleResponse: Display: Failed to find resolution value strings in scalability ini. Falling back to default.
LogConsoleResponse: Display: Failed to find resolution value strings in scalability ini. Falling back to default.
LogInit: Display: Running engine for game: CapstoneProject_HJV
LogPlatformFile: Not using cached read wrapper
LogTaskGraph: Started task graph with 5 named threads and 47 total threads with 3 sets of task threads.
LogStats: Stats thread started at 0.346352
LogICUInternationalization: ICU TimeZone Detection - Raw Offset: -5:00, Platform Override: ''
LogInit: Display: Loading text-based GConfig....
LogPluginManager: Mounting plugin MeshPainting
LogPluginManager: Mounting plugin XGEController
LogPluginManager: Mounting plugin Paper2D
LogPluginManager: Mounting plugin OodleData
LogPluginManager: Mounting plugin GameplayCameras
LogPluginManager: Mounting plugin CameraShakePreviewer
LogPluginManager: Mounting plugin CLionSourceCodeAccess
LogPluginManager: Mounting plugin LightPropagationVolume
LogPluginManager: Mounting plugin GitSourceControl
LogPluginManager: Mounting plugin CodeLiteSourceCodeAccess
LogPluginManager: Mounting plugin AnimationSharing
LogPluginManager: Mounting plugin KDevelopSourceCodeAccess
LogPluginManager: Mounting plugin NullSourceCodeAccess
LogPluginManager: Mounting plugin PerforceSourceControl
LogPluginManager: Mounting plugin PlasticSourceControl
LogPluginManager: Mounting plugin PropertyAccessNode
LogPluginManager: Mounting plugin PluginUtils
LogPluginManager: Mounting plugin SubversionSourceControl
LogPluginManager: Mounting plugin PixWinPlugin
LogPluginManager: Mounting plugin RiderSourceCodeAccess
LogPluginManager: Mounting plugin UObjectPlugin
LogPluginManager: Mounting plugin TextureFormatOodle
LogPluginManager: Mounting plugin VisualStudioCodeSourceCodeAccess
LogPluginManager: Mounting plugin VisualStudioSourceCodeAccess
LogPluginManager: Mounting plugin XCodeSourceCodeAccess
LogPluginManager: Mounting plugin OodleNetwork
LogPluginManager: Mounting plugin AssetManagerEditor
LogPluginManager: Mounting plugin CryptoKeys
LogPluginManager: Mounting plugin CurveEditorTools
LogPluginManager: Mounting plugin GeometryMode
LogPluginManager: Mounting plugin FacialAnimation
LogPluginManager: Mounting plugin GameplayTagsEditor
LogPluginManager: Mounting plugin DataValidation
LogPluginManager: Mounting plugin MacGraphicsSwitching
LogPluginManager: Mounting plugin PluginBrowser
LogPluginManager: Mounting plugin MobileLauncherProfileWizard
LogPluginManager: Mounting plugin MaterialAnalyzer
LogPluginManager: Mounting plugin SpeedTreeImporter
LogPluginManager: Mounting plugin DatasmithContent
LogPluginManager: Mounting plugin VariantManagerContent
LogPluginManager: Mounting plugin Niagara
LogPluginManager: Mounting plugin AlembicImporter
LogPluginManager: Mounting plugin AutomationUtils
LogPluginManager: Mounting plugin BackChannel
LogPluginManager: Mounting plugin ChaosEditor
LogPluginManager: Mounting plugin ChaosClothEditor
LogPluginManager: Mounting plugin ChaosCloth
LogPluginManager: Mounting plugin ChaosNiagara
LogPluginManager: Mounting plugin ChaosSolverPlugin
LogPluginManager: Mounting plugin CharacterAI
LogPluginManager: Mounting plugin GeometryCollectionPlugin
LogPluginManager: Mounting plugin GeometryCache
LogPluginManager: Mounting plugin GeometryProcessing
LogPluginManager: Mounting plugin OpenImageDenoise
LogPluginManager: Mounting plugin PlanarCut
LogPluginManager: Mounting plugin MotoSynth
LogPluginManager: Mounting plugin PlatformCrypto
LogPluginManager: Mounting plugin ProxyLODPlugin
LogPluginManager: Mounting plugin PythonScriptPlugin
LogPluginManager: Mounting plugin MagicLeap
LogPluginManager: Mounting plugin LuminPlatformFeatures
LogPluginManager: Mounting plugin MagicLeapLightEstimation
LogPluginManager: Mounting plugin MagicLeapMedia
LogPluginManager: Mounting plugin MagicLeapPassableWorld
LogPluginManager: Mounting plugin MLSDK
LogPluginManager: Mounting plugin AndroidMedia
LogPluginManager: Mounting plugin UdpMessaging
LogPluginManager: Mounting plugin TcpMessaging
LogPluginManager: Mounting plugin AvfMedia
LogPluginManager: Mounting plugin ImgMedia
LogPluginManager: Mounting plugin MediaCompositing
LogPluginManager: Mounting plugin MediaPlayerEditor
LogPluginManager: Mounting plugin SkeletalReduction
LogPluginManager: Mounting plugin WebMMedia
LogPluginManager: Mounting plugin WmfMedia
LogPluginManager: Mounting plugin LevelSequenceEditor
LogPluginManager: Mounting plugin MatineeToLevelSequence
LogPluginManager: Mounting plugin ActorSequence
LogPluginManager: Mounting plugin LauncherChunkInstaller
LogPluginManager: Mounting plugin TemplateSequence
LogPluginManager: Mounting plugin ActorLayerUtilities
LogPluginManager: Mounting plugin AndroidDeviceProfileSelector
LogPluginManager: Mounting plugin AndroidMoviePlayer
LogPluginManager: Mounting plugin AndroidPermission
LogPluginManager: Mounting plugin AppleImageUtils
LogPluginManager: Mounting plugin AppleMoviePlayer
LogPluginManager: Mounting plugin ArchVisCharacter
LogPluginManager: Mounting plugin CableComponent
LogPluginManager: Mounting plugin AssetTags
LogPluginManager: Mounting plugin AudioSynesthesia
LogPluginManager: Mounting plugin CustomMeshComponent
LogPluginManager: Mounting plugin AudioCapture
LogPluginManager: Mounting plugin EditableMesh
LogPluginManager: Mounting plugin ExampleDeviceProfileSelector
LogPluginManager: Mounting plugin ChunkDownloader
LogPluginManager: Mounting plugin OnlineSubsystem
LogPluginManager: Mounting plugin OnlineSubsystemNull
LogPluginManager: Mounting plugin OnlineSubsystemUtils
LogPluginManager: Mounting plugin GoogleCloudMessaging
LogPluginManager: Mounting plugin ScreenshotTools
LogPluginManager: Mounting plugin LocationServicesBPLibrary
LogPluginManager: Mounting plugin LinuxDeviceProfileSelector
LogPluginManager: Mounting plugin GooglePAD
LogPluginManager: Mounting plugin IOSDeviceProfileSelector
LogPluginManager: Mounting plugin MobilePatchingUtils
LogPluginManager: Mounting plugin OpenXR
LogPluginManager: Mounting plugin OpenXREyeTracker
LogPluginManager: Mounting plugin OpenXRHandTracking
LogPluginManager: Mounting plugin PhysXVehicles
LogPluginManager: Mounting plugin ProceduralMeshComponent
LogPluginManager: Mounting plugin PostSplashScreen
LogPluginManager: Mounting plugin PropertyAccessEditor
LogPluginManager: Mounting plugin SignificanceManager
LogPluginManager: Mounting plugin RuntimePhysXCooking
LogPluginManager: Mounting plugin Takes
LogPluginManager: Mounting plugin SoundFields
LogPluginManager: Mounting plugin Synthesis
LogPluginManager: Mounting plugin WebMMoviePlayer
LogPluginManager: Mounting plugin WindowsMoviePlayer
LogPluginManager: Mounting plugin LiveLink
LogPluginManager: Mounting plugin EnvironmentQueryEditor
LogPluginManager: Mounting plugin AISupport
LogPluginManager: Mounting plugin ContentBrowserAssetDataSource
LogPluginManager: Mounting plugin ContentBrowserClassDataSource
LogPluginManager: Mounting plugin ContentBrowserFileDataSource
LogPluginManager: Mounting plugin OnlineSubsystemGooglePlay
LogPluginManager: Mounting plugin OnlineSubsystemIOS
LogPluginManager: Mounting plugin OculusVR
LogPluginManager: Mounting plugin SteamVR
PixWinPlugin: PIX capture plugin failed to initialize! Check that the process is launched from PIX.
LogInit: Using libcurl 7.55.1-DEV
LogInit:  - built for x86_64-pc-win32
LogInit:  - supports SSL with OpenSSL/1.1.1
LogInit:  - supports HTTP deflate (compression) using libz 1.2.8
LogInit:  - other features:
LogInit:      CURL_VERSION_SSL
LogInit:      CURL_VERSION_LIBZ
LogInit:      CURL_VERSION_IPV6
LogInit:      CURL_VERSION_ASYNCHDNS
LogInit:      CURL_VERSION_LARGEFILE
LogInit:      CURL_VERSION_IDN
LogInit:  CurlRequestOptions (configurable via config and command line):
LogInit:  - bVerifyPeer = true  - Libcurl will verify peer certificate
LogInit:  - bUseHttpProxy = false  - Libcurl will NOT use HTTP proxy
LogInit:  - bDontReuseConnections = false  - Libcurl will reuse connections
LogInit:  - MaxHostConnections = 16  - Libcurl will limit the number of connections to a host
LogInit:  - LocalHostAddr = Default
LogInit:  - BufferSize = 65536
LogOnline: OSS: Creating online subsystem instance for: NULL
LogInit: WinSock: version 1.1 (2.2), MaxSocks=32767, MaxUdp=65467
LogOnline: OSS: TryLoadSubsystemAndSetDefault: Loaded subsystem for module [NULL]
LogOculusPluginWrapper: OculusPlugin initialized successfully
LogHMD: Failed initializing OVRPlugin 1.59.0
LogInit: Build: ++UE4+Release-4.27-CL-18319896
LogInit: Engine Version: 4.27.2-18319896+++UE4+Release-4.27
LogInit: Compatible Engine Version: 4.27.0-17155196+++UE4+Release-4.27
LogInit: Net CL: 17155196
LogInit: OS: Windows 10 (Release 2009) (), CPU: AMD Ryzen 7 2700 Eight-Core Processor          , GPU: NVIDIA GeForce GTX 1060 3GB
LogInit: Compiled (64-bit): Nov 30 2021 07:12:08
LogInit: Compiled with Visual C++: 19.24.28315.00
LogInit: Build Configuration: Development
LogInit: Branch Name: ++UE4+Release-4.27
LogInit: Command Line:  /Game/Levels/AI_Test -game -PIEVIACONSOLE -Multiprocess "GameUserSettingsINI=C:/Users/ehowl/Desktop/DAGD 498/CapstoneProject/CapstoneProject_HJV/Saved/Config/Windows/PIEGameUserSettings0.ini" -MultiprocessSaveConfig -forcepassthrough -messaging -SessionName="Play in Standalone Game" -windowed -WinX=28 -WinY=573 SAVEWINPOS=1 -ResX=1340 -ResY=924
LogInit: Base Directory: C:/Program Files/Epic Games/UE_4.27/Engine/Binaries/Win64/
LogInit: Allocator: TBB
LogInit: Installed Engine Build: 1
LogDevObjectVersion: Number of dev versions registered: 29
LogDevObjectVersion:   Dev-Blueprints (B0D832E4-1F89-4F0D-ACCF-7EB736FD4AA2): 10
LogDevObjectVersion:   Dev-Build (E1C64328-A22C-4D53-A36C-8E866417BD8C): 0
LogDevObjectVersion:   Dev-Core (375EC13C-06E4-48FB-B500-84F0262A717E): 4
LogDevObjectVersion:   Dev-Editor (E4B068ED-F494-42E9-A231-DA0B2E46BB41): 40
LogDevObjectVersion:   Dev-Framework (CFFC743F-43B0-4480-9391-14DF171D2073): 37
LogDevObjectVersion:   Dev-Mobile (B02B49B5-BB20-44E9-A304-32B752E40360): 3
LogDevObjectVersion:   Dev-Networking (A4E4105C-59A1-49B5-A7C5-40C4547EDFEE): 0
LogDevObjectVersion:   Dev-Online (39C831C9-5AE6-47DC-9A44-9C173E1C8E7C): 0
LogDevObjectVersion:   Dev-Physics (78F01B33-EBEA-4F98-B9B4-84EACCB95AA2): 14
LogDevObjectVersion:   Dev-Platform (6631380F-2D4D-43E0-8009-CF276956A95A): 0
LogDevObjectVersion:   Dev-Rendering (12F88B9F-8875-4AFC-A67C-D90C383ABD29): 45
LogDevObjectVersion:   Dev-Sequencer (7B5AE74C-D270-4C10-A958-57980B212A5A): 13
LogDevObjectVersion:   Dev-VR (D7296918-1DD6-4BDD-9DE2-64A83CC13884): 3
LogDevObjectVersion:   Dev-LoadTimes (C2A15278-BFE7-4AFE-6C17-90FF531DF755): 1
LogDevObjectVersion:   Private-Geometry (6EACA3D4-40EC-4CC1-B786-8BED09428FC5): 3
LogDevObjectVersion:   Dev-AnimPhys (29E575DD-E0A3-4627-9D10-D276232CDCEA): 17
LogDevObjectVersion:   Dev-Anim (AF43A65D-7FD3-4947-9873-3E8ED9C1BB05): 15
LogDevObjectVersion:   Dev-ReflectionCapture (6B266CEC-1EC7-4B8F-A30B-E4D90942FC07): 1
LogDevObjectVersion:   Dev-Automation (0DF73D61-A23F-47EA-B727-89E90C41499A): 1
LogDevObjectVersion:   FortniteMain (601D1886-AC64-4F84-AA16-D3DE0DEAC7D6): 47
LogDevObjectVersion:   FortniteRelease (E7086368-6B23-4C58-8439-1B7016265E91): 1
LogDevObjectVersion:   Dev-Enterprise (9DFFBCD6-494F-0158-E221-12823C92A888): 10
LogDevObjectVersion:   Dev-Niagara (F2AED0AC-9AFE-416F-8664-AA7FFA26D6FC): 1
LogDevObjectVersion:   Dev-Destruction (174F1F0B-B4C6-45A5-B13F-2EE8D0FB917D): 10
LogDevObjectVersion:   Dev-Physics-Ext (35F94A83-E258-406C-A318-09F59610247C): 41
LogDevObjectVersion:   Dev-PhysicsMaterial-Chaos (B68FC16E-8B1B-42E2-B453-215C058844FE): 1
LogDevObjectVersion:   Dev-CineCamera (B2E18506-4273-CFC2-A54E-F4BB758BBA07): 1
LogDevObjectVersion:   Dev-VirtualProduction (64F58936-FD1B-42BA-BA96-7289D5D0FA4E): 1
LogDevObjectVersion:   Dev-MediaFramework (6F0ED827-A609-4895-9C91-998D90180EA4): 2
LogInit: Presizing for max 25165824 objects, including 0 objects not considered by GC, pre-allocating 0 bytes for permanent pool.
LogConfig: Applying CVar settings from Section [/Script/Engine.StreamingSettings] File [C:/Users/ehowl/Desktop/DAGD 498/CapstoneProject/CapstoneProject_HJV/Saved/Config/Windows/Engine.ini]
LogConfig: Setting CVar [[s.MinBulkDataSizeForAsyncLoading:131072]]
LogConfig: Setting CVar [[s.AsyncLoadingThreadEnabled:0]]
LogConfig: Setting CVar [[s.EventDrivenLoaderEnabled:1]]
LogConfig: Setting CVar [[s.WarnIfTimeLimitExceeded:0]]
LogConfig: Setting CVar [[s.TimeLimitExceededMultiplier:1.5]]
LogConfig: Setting CVar [[s.TimeLimitExceededMinTime:0.005]]
LogConfig: Setting CVar [[s.UseBackgroundLevelStreaming:1]]
LogConfig: Setting CVar [[s.PriorityAsyncLoadingExtraTime:15.0]]
LogConfig: Setting CVar [[s.LevelStreamingActorsUpdateTimeLimit:5.0]]
LogConfig: Setting CVar [[s.PriorityLevelStreamingActorsUpdateExtraTime:5.0]]
LogConfig: Setting CVar [[s.LevelStreamingComponentsRegistrationGranularity:10]]
LogConfig: Setting CVar [[s.UnregisterComponentsTimeLimit:1.0]]
LogConfig: Setting CVar [[s.LevelStreamingComponentsUnregistrationGranularity:5]]
LogConfig: Setting CVar [[s.FlushStreamingOnExit:1]]
LogInit: Object subsystem initialized
LogConfig: Setting CVar [[con.DebugEarlyDefault:1]]
LogConfig: Setting CVar [[r.setres:1280x720]]
[2022.11.09-23.48.22:918][  0]LogConfig: Setting CVar [[con.DebugEarlyDefault:1]]
[2022.11.09-23.48.22:918][  0]LogConfig: Setting CVar [[r.setres:1280x720]]
[2022.11.09-23.48.22:918][  0]LogConfig: Applying CVar settings from Section [/Script/Engine.RendererSettings] File [C:/Users/ehowl/Desktop/DAGD 498/CapstoneProject/CapstoneProject_HJV/Saved/Config/Windows/Engine.ini]
[2022.11.09-23.48.22:918][  0]LogConfig: Setting CVar [[r.GPUCrashDebugging:0]]
[2022.11.09-23.48.22:918][  0]LogConfig: Applying CVar settings from Section [/Script/Engine.RendererOverrideSettings] File [C:/Users/ehowl/Desktop/DAGD 498/CapstoneProject/CapstoneProject_HJV/Saved/Config/Windows/Engine.ini]
[2022.11.09-23.48.22:918][  0]LogConfig: Applying CVar settings from Section [/Script/Engine.StreamingSettings] File [C:/Users/ehowl/Desktop/DAGD 498/CapstoneProject/CapstoneProject_HJV/Saved/Config/Windows/Engine.ini]
[2022.11.09-23.48.22:918][  0]LogConfig: Setting CVar [[s.MinBulkDataSizeForAsyncLoading:131072]]
[2022.11.09-23.48.22:918][  0]LogConfig: Setting CVar [[s.AsyncLoadingThreadEnabled:0]]
[2022.11.09-23.48.22:919][  0]LogConfig: Setting CVar [[s.EventDrivenLoaderEnabled:1]]
[2022.11.09-23.48.22:919][  0]LogConfig: Setting CVar [[s.WarnIfTimeLimitExceeded:0]]
[2022.11.09-23.48.22:919][  0]LogConfig: Setting CVar [[s.TimeLimitExceededMultiplier:1.5]]
[2022.11.09-23.48.22:919][  0]LogConfig: Setting CVar [[s.TimeLimitExceededMinTime:0.005]]
[2022.11.09-23.48.22:919][  0]LogConfig: Setting CVar [[s.UseBackgroundLevelStreaming:1]]
[2022.11.09-23.48.22:919][  0]LogConfig: Setting CVar [[s.PriorityAsyncLoadingExtraTime:15.0]]
[2022.11.09-23.48.22:919][  0]LogConfig: Setting CVar [[s.LevelStreamingActorsUpdateTimeLimit:5.0]]
[2022.11.09-23.48.22:919][  0]LogConfig: Setting CVar [[s.PriorityLevelStreamingActorsUpdateExtraTime:5.0]]
[2022.11.09-23.48.22:919][  0]LogConfig: Setting CVar [[s.LevelStreamingComponentsRegistrationGranularity:10]]
[2022.11.09-23.48.22:919][  0]LogConfig: Setting CVar [[s.UnregisterComponentsTimeLimit:1.0]]
[2022.11.09-23.48.22:919][  0]LogConfig: Setting CVar [[s.LevelStreamingComponentsUnregistrationGranularity:5]]
[2022.11.09-23.48.22:919][  0]LogConfig: Setting CVar [[s.FlushStreamingOnExit:1]]
[2022.11.09-23.48.22:919][  0]LogConfig: Applying CVar settings from Section [/Script/Engine.GarbageCollectionSettings] File [C:/Users/ehowl/Desktop/DAGD 498/CapstoneProject/CapstoneProject_HJV/Saved/Config/Windows/Engine.ini]
[2022.11.09-23.48.22:919][  0]LogConfig: Setting CVar [[gc.MaxObjectsNotConsideredByGC:1]]
[2022.11.09-23.48.22:919][  0]LogConfig: Setting CVar [[gc.SizeOfPermanentObjectPool:0]]
[2022.11.09-23.48.22:919][  0]LogConfig: Setting CVar [[gc.FlushStreamingOnGC:0]]
[2022.11.09-23.48.22:919][  0]LogConfig: Setting CVar [[gc.NumRetriesBeforeForcingGC:10]]
[2022.11.09-23.48.22:919][  0]LogConfig: Setting CVar [[gc.AllowParallelGC:1]]
[2022.11.09-23.48.22:919][  0]LogConfig: Setting CVar [[gc.TimeBetweenPurgingPendingKillObjects:61.1]]
[2022.11.09-23.48.22:919][  0]LogConfig: Setting CVar [[gc.MaxObjectsInEditor:25165824]]
[2022.11.09-23.48.22:919][  0]LogConfig: Setting CVar [[gc.IncrementalBeginDestroyEnabled:1]]
[2022.11.09-23.48.22:919][  0]LogConfig: Setting CVar [[gc.CreateGCClusters:1]]
[2022.11.09-23.48.22:919][  0]LogConfig: Setting CVar [[gc.MinGCClusterSize:5]]
[2022.11.09-23.48.22:919][  0]LogConfig: Setting CVar [[gc.ActorClusteringEnabled:0]]
[2022.11.09-23.48.22:919][  0]LogConfig: Setting CVar [[gc.BlueprintClusteringEnabled:0]]
[2022.11.09-23.48.22:919][  0]LogConfig: Setting CVar [[gc.UseDisregardForGCOnDedicatedServers:0]]
[2022.11.09-23.48.22:919][  0]LogConfig: Setting CVar [[gc.MultithreadedDestructionEnabled:1]]
[2022.11.09-23.48.22:919][  0]LogConfig: Applying CVar settings from Section [/Script/Engine.NetworkSettings] File [C:/Users/ehowl/Desktop/DAGD 498/CapstoneProject/CapstoneProject_HJV/Saved/Config/Windows/Engine.ini]
[2022.11.09-23.48.22:919][  0]LogConfig: Applying CVar settings from Section [/Script/UnrealEd.CookerSettings] File [C:/Users/ehowl/Desktop/DAGD 498/CapstoneProject/CapstoneProject_HJV/Saved/Config/Windows/Engine.ini]
[2022.11.09-23.48.22:936][  0]LogConfig: Applying CVar settings from Section [ViewDistanceQuality@3] File [C:/Users/ehowl/Desktop/DAGD 498/CapstoneProject/CapstoneProject_HJV/Saved/Config/Windows/Scalability.ini]
[2022.11.09-23.48.22:936][  0]LogConfig: Setting CVar [[r.SkeletalMeshLODBias:0]]
[2022.11.09-23.48.22:936][  0]LogConfig: Setting CVar [[r.ViewDistanceScale:1.0]]
[2022.11.09-23.48.22:936][  0]LogConfig: Applying CVar settings from Section [AntiAliasingQuality@3] File [C:/Users/ehowl/Desktop/DAGD 498/CapstoneProject/CapstoneProject_HJV/Saved/Config/Windows/Scalability.ini]
[2022.11.09-23.48.22:936][  0]LogConfig: Setting CVar [[r.PostProcessAAQuality:4]]
[2022.11.09-23.48.22:936][  0]LogConfig: Applying CVar settings from Section [ShadowQuality@3] File [C:/Users/ehowl/Desktop/DAGD 498/CapstoneProject/CapstoneProject_HJV/Saved/Config/Windows/Scalability.ini]
[2022.11.09-23.48.22:936][  0]LogConfig: Setting CVar [[r.LightFunctionQuality:1]]
[2022.11.09-23.48.22:936][  0]LogConfig: Setting CVar [[r.ShadowQuality:5]]
[2022.11.09-23.48.22:936][  0]LogConfig: Setting CVar [[r.Shadow.CSM.MaxCascades:10]]
[2022.11.09-23.48.22:936][  0]LogConfig: Setting CVar [[r.Shadow.MaxResolution:2048]]
[2022.11.09-23.48.22:936][  0]LogConfig: Setting CVar [[r.Shadow.MaxCSMResolution:2048]]
[2022.11.09-23.48.22:936][  0]LogConfig: Setting CVar [[r.Shadow.RadiusThreshold:0.01]]
[2022.11.09-23.48.22:936][  0]LogConfig: Setting CVar [[r.Shadow.DistanceScale:1.0]]
[2022.11.09-23.48.22:936][  0]LogConfig: Setting CVar [[r.Shadow.CSM.TransitionScale:1.0]]
[2022.11.09-23.48.22:936][  0]LogConfig: Setting CVar [[r.Shadow.PreShadowResolutionFactor:1.0]]
[2022.11.09-23.48.22:937][  0]LogConfig: Setting CVar [[r.DistanceFieldShadowing:1]]
[2022.11.09-23.48.22:937][  0]LogConfig: Setting CVar [[r.DistanceFieldAO:1]]
[2022.11.09-23.48.22:938][  0]LogConfig: Setting CVar [[r.AOQuality:2]]
[2022.11.09-23.48.22:938][  0]LogConfig: Setting CVar [[r.VolumetricFog:1]]
[2022.11.09-23.48.22:938][  0]LogConfig: Setting CVar [[r.VolumetricFog.GridPixelSize:8]]
[2022.11.09-23.48.22:938][  0]LogConfig: Setting CVar [[r.VolumetricFog.GridSizeZ:128]]
[2022.11.09-23.48.22:938][  0]LogConfig: Setting CVar [[r.VolumetricFog.HistoryMissSupersampleCount:4]]
[2022.11.09-23.48.22:938][  0]LogConfig: Setting CVar [[r.LightMaxDrawDistanceScale:1]]
[2022.11.09-23.48.22:938][  0]LogConfig: Setting CVar [[r.CapsuleShadows:1]]
[2022.11.09-23.48.22:938][  0]LogConfig: Applying CVar settings from Section [PostProcessQuality@3] File [C:/Users/ehowl/Desktop/DAGD 498/CapstoneProject/CapstoneProject_HJV/Saved/Config/Windows/Scalability.ini]
[2022.11.09-23.48.22:938][  0]LogConfig: Setting CVar [[r.MotionBlurQuality:4]]
[2022.11.09-23.48.22:938][  0]LogConfig: Setting CVar [[r.AmbientOcclusionMipLevelFactor:0.4]]
[2022.11.09-23.48.22:938][  0]LogConfig: Setting CVar [[r.AmbientOcclusionMaxQuality:100]]
[2022.11.09-23.48.22:938][  0]LogConfig: Setting CVar [[r.AmbientOcclusionLevels:-1]]
[2022.11.09-23.48.22:938][  0]LogConfig: Setting CVar [[r.AmbientOcclusionRadiusScale:1.0]]
[2022.11.09-23.48.22:938][  0]LogConfig: Setting CVar [[r.DepthOfFieldQuality:2]]
[2022.11.09-23.48.22:938][  0]LogConfig: Setting CVar [[r.RenderTargetPoolMin:400]]
[2022.11.09-23.48.22:938][  0]LogConfig: Setting CVar [[r.LensFlareQuality:2]]
[2022.11.09-23.48.22:938][  0]LogConfig: Setting CVar [[r.SceneColorFringeQuality:1]]
[2022.11.09-23.48.22:938][  0]LogConfig: Setting CVar [[r.EyeAdaptationQuality:2]]
[2022.11.09-23.48.22:938][  0]LogConfig: Setting CVar [[r.BloomQuality:5]]
[2022.11.09-23.48.22:938][  0]LogConfig: Setting CVar [[r.FastBlurThreshold:100]]
[2022.11.09-23.48.22:938][  0]LogConfig: Setting CVar [[r.Upscale.Quality:3]]
[2022.11.09-23.48.22:938][  0]LogConfig: Setting CVar [[r.Tonemapper.GrainQuantization:1]]
[2022.11.09-23.48.22:938][  0]LogConfig: Setting CVar [[r.LightShaftQuality:1]]
[2022.11.09-23.48.22:938][  0]LogConfig: Setting CVar [[r.Filter.SizeScale:1]]
[2022.11.09-23.48.22:938][  0]LogConfig: Setting CVar [[r.Tonemapper.Quality:5]]
[2022.11.09-23.48.22:938][  0]LogConfig: Setting CVar [[r.DOF.Gather.AccumulatorQuality:1        ; higher gathering accumulator quality]]
[2022.11.09-23.48.22:938][  0]LogConfig: Setting CVar [[r.DOF.Gather.PostfilterMethod:1          ; Median3x3 postfilering method]]
[2022.11.09-23.48.22:938][  0]LogConfig: Setting CVar [[r.DOF.Gather.EnableBokehSettings:0       ; no bokeh simulation when gathering]]
[2022.11.09-23.48.22:938][  0]LogConfig: Setting CVar [[r.DOF.Gather.RingCount:4                 ; medium number of samples when gathering]]
[2022.11.09-23.48.22:938][  0]LogConfig: Setting CVar [[r.DOF.Scatter.ForegroundCompositing:1    ; additive foreground scattering]]
[2022.11.09-23.48.22:938][  0]LogConfig: Setting CVar [[r.DOF.Scatter.BackgroundCompositing:2    ; additive background scattering]]
[2022.11.09-23.48.22:938][  0]LogConfig: Setting CVar [[r.DOF.Scatter.EnableBokehSettings:1      ; bokeh simulation when scattering]]
[2022.11.09-23.48.22:938][  0]LogConfig: Setting CVar [[r.DOF.Scatter.MaxSpriteRatio:0.1         ; only a maximum of 10% of scattered bokeh]]
[2022.11.09-23.48.22:938][  0]LogConfig: Setting CVar [[r.DOF.Recombine.Quality:1                ; cheap slight out of focus]]
[2022.11.09-23.48.22:938][  0]LogConfig: Setting CVar [[r.DOF.Recombine.EnableBokehSettings:0    ; no bokeh simulation on slight out of focus]]
[2022.11.09-23.48.22:938][  0]LogConfig: Setting CVar [[r.DOF.TemporalAAQuality:1                ; more stable temporal accumulation]]
[2022.11.09-23.48.22:938][  0]LogConfig: Setting CVar [[r.DOF.Kernel.MaxForegroundRadius:0.025]]
[2022.11.09-23.48.22:938][  0]LogConfig: Setting CVar [[r.DOF.Kernel.MaxBackgroundRadius:0.025]]
[2022.11.09-23.48.22:938][  0]LogConfig: Applying CVar settings from Section [TextureQuality@3] File [C:/Users/ehowl/Desktop/DAGD 498/CapstoneProject/CapstoneProject_HJV/Saved/Config/Windows/Scalability.ini]
[2022.11.09-23.48.22:938][  0]LogConfig: Setting CVar [[r.Streaming.MipBias:0]]
[2022.11.09-23.48.22:938][  0]LogConfig: Setting CVar [[r.Streaming.AmortizeCPUToGPUCopy:0]]
[2022.11.09-23.48.22:938][  0]LogConfig: Setting CVar [[r.Streaming.MaxNumTexturesToStreamPerFrame:0]]
[2022.11.09-23.48.22:938][  0]LogConfig: Setting CVar [[r.Streaming.Boost:1]]
[2022.11.09-23.48.22:938][  0]LogConfig: Setting CVar [[r.MaxAnisotropy:8]]
[2022.11.09-23.48.22:938][  0]LogConfig: Setting CVar [[r.VT.MaxAnisotropy:8]]
[2022.11.09-23.48.22:938][  0]LogConfig: Setting CVar [[r.Streaming.LimitPoolSizeToVRAM:0]]
[2022.11.09-23.48.22:938][  0]LogConfig: Setting CVar [[r.Streaming.PoolSize:1000]]
[2022.11.09-23.48.22:938][  0]LogConfig: Setting CVar [[r.Streaming.MaxEffectiveScreenSize:0]]
[2022.11.09-23.48.22:938][  0]LogConfig: Applying CVar settings from Section [EffectsQuality@3] File [C:/Users/ehowl/Desktop/DAGD 498/CapstoneProject/CapstoneProject_HJV/Saved/Config/Windows/Scalability.ini]
[2022.11.09-23.48.22:938][  0]LogConfig: Setting CVar [[r.TranslucencyLightingVolumeDim:64]]
[2022.11.09-23.48.22:938][  0]LogConfig: Setting CVar [[r.RefractionQuality:2]]
[2022.11.09-23.48.22:938][  0]LogConfig: Setting CVar [[r.SSR.Quality:3]]
[2022.11.09-23.48.22:938][  0]LogConfig: Setting CVar [[r.SSR.HalfResSceneColor:0]]
[2022.11.09-23.48.22:938][  0]LogConfig: Setting CVar [[r.SceneColorFormat:4]]
[2022.11.09-23.48.22:938][  0]LogConfig: Setting CVar [[r.DetailMode:2]]
[2022.11.09-23.48.22:938][  0]LogConfig: Setting CVar [[r.TranslucencyVolumeBlur:1]]
[2022.11.09-23.48.22:938][  0]LogConfig: Setting CVar [[r.MaterialQualityLevel:1 ; High quality]]
[2022.11.09-23.48.22:938][  0]LogConfig: Setting CVar [[r.AnisotropicMaterials:1]]
[2022.11.09-23.48.22:938][  0]LogConfig: Setting CVar [[r.SSS.Scale:1]]
[2022.11.09-23.48.22:938][  0]LogConfig: Setting CVar [[r.SSS.SampleSet:2]]
[2022.11.09-23.48.22:938][  0]LogConfig: Setting CVar [[r.SSS.Quality:1]]
[2022.11.09-23.48.22:938][  0]LogConfig: Setting CVar [[r.SSS.HalfRes:0]]
[2022.11.09-23.48.22:938][  0]LogConfig: Setting CVar [[r.SSGI.Quality:3]]
[2022.11.09-23.48.22:938][  0]LogConfig: Setting CVar [[r.EmitterSpawnRateScale:1.0]]
[2022.11.09-23.48.22:938][  0]LogConfig: Setting CVar [[r.ParticleLightQuality:2]]
[2022.11.09-23.48.22:938][  0]LogConfig: Setting CVar [[r.SkyAtmosphere.AerialPerspectiveLUT.FastApplyOnOpaque:1 ; Always have FastSkyLUT 1 in this case to avoid wrong sky]]
[2022.11.09-23.48.22:938][  0]LogConfig: Setting CVar [[r.SkyAtmosphere.AerialPerspectiveLUT.SampleCountMaxPerSlice:4]]
[2022.11.09-23.48.22:938][  0]LogConfig: Setting CVar [[r.SkyAtmosphere.AerialPerspectiveLUT.DepthResolution:16.0]]
[2022.11.09-23.48.22:938][  0]LogConfig: Setting CVar [[r.SkyAtmosphere.FastSkyLUT:1]]
[2022.11.09-23.48.22:938][  0]LogConfig: Setting CVar [[r.SkyAtmosphere.FastSkyLUT.SampleCountMin:4.0]]
[2022.11.09-23.48.22:938][  0]LogConfig: Setting CVar [[r.SkyAtmosphere.FastSkyLUT.SampleCountMax:128.0]]
[2022.11.09-23.48.22:938][  0]LogConfig: Setting CVar [[r.SkyAtmosphere.SampleCountMin:4.0]]
[2022.11.09-23.48.22:938][  0]LogConfig: Setting CVar [[r.SkyAtmosphere.SampleCountMax:128.0]]
[2022.11.09-23.48.22:938][  0]LogConfig: Setting CVar [[r.SkyAtmosphere.TransmittanceLUT.UseSmallFormat:0]]
[2022.11.09-23.48.22:938][  0]LogConfig: Setting CVar [[r.SkyAtmosphere.TransmittanceLUT.SampleCount:10.0]]
[2022.11.09-23.48.22:938][  0]LogConfig: Setting CVar [[r.SkyAtmosphere.MultiScatteringLUT.SampleCount:15.0]]
[2022.11.09-23.48.22:938][  0]LogConfig: Setting CVar [[r.SkyLight.RealTimeReflectionCapture:1]]
[2022.11.09-23.48.22:938][  0]LogConfig: Applying CVar settings from Section [FoliageQuality@3] File [C:/Users/ehowl/Desktop/DAGD 498/CapstoneProject/CapstoneProject_HJV/Saved/Config/Windows/Scalability.ini]
[2022.11.09-23.48.22:938][  0]LogConfig: Setting CVar [[foliage.DensityScale:1.0]]
[2022.11.09-23.48.22:938][  0]LogConfig: Setting CVar [[grass.DensityScale:1.0]]
[2022.11.09-23.48.22:938][  0]LogConfig: Applying CVar settings from Section [ShadingQuality@3] File [C:/Users/ehowl/Desktop/DAGD 498/CapstoneProject/CapstoneProject_HJV/Saved/Config/Windows/Scalability.ini]
[2022.11.09-23.48.22:938][  0]LogConfig: Setting CVar [[r.HairStrands.SkyLighting.IntegrationType:2]]
[2022.11.09-23.48.22:938][  0]LogConfig: Setting CVar [[r.HairStrands.SkyAO.SampleCount:4]]
[2022.11.09-23.48.22:938][  0]LogConfig: Setting CVar [[r.HairStrands.Visibility.MSAA.SamplePerPixel:4]]
[2022.11.09-23.48.22:938][  0]LogInit: Selected Device Profile: [Windows]
[2022.11.09-23.48.22:938][  0]LogInit: Applying CVar settings loaded from the selected device profile: [Windows]
[2022.11.09-23.48.22:938][  0]LogHAL: Display: Platform has ~ 24 GB [25697681408 / 34359738368 / 24], which maps to Larger [LargestMinGB=32, LargerMinGB=12, DefaultMinGB=8, SmallerMinGB=6, SmallestMinGB=0)
[2022.11.09-23.48.22:938][  0]LogInit: Going up to parent DeviceProfile []
[2022.11.09-23.48.22:938][  0]LogConfig: Applying CVar settings from Section [ViewDistanceQuality@3] File [C:/Users/ehowl/Desktop/DAGD 498/CapstoneProject/CapstoneProject_HJV/Saved/Config/Windows/Scalability.ini]
[2022.11.09-23.48.22:938][  0]LogConfig: Setting CVar [[r.SkeletalMeshLODBias:0]]
[2022.11.09-23.48.22:939][  0]LogConfig: Setting CVar [[r.ViewDistanceScale:1.0]]
[2022.11.09-23.48.22:939][  0]LogConfig: Applying CVar settings from Section [AntiAliasingQuality@3] File [C:/Users/ehowl/Desktop/DAGD 498/CapstoneProject/CapstoneProject_HJV/Saved/Config/Windows/Scalability.ini]
[2022.11.09-23.48.22:939][  0]LogConfig: Setting CVar [[r.PostProcessAAQuality:4]]
[2022.11.09-23.48.22:939][  0]LogConfig: Applying CVar settings from Section [ShadowQuality@3] File [C:/Users/ehowl/Desktop/DAGD 498/CapstoneProject/CapstoneProject_HJV/Saved/Config/Windows/Scalability.ini]
[2022.11.09-23.48.22:939][  0]LogConfig: Setting CVar [[r.LightFunctionQuality:1]]
[2022.11.09-23.48.22:939][  0]LogConfig: Setting CVar [[r.ShadowQuality:5]]
[2022.11.09-23.48.22:939][  0]LogConfig: Setting CVar [[r.Shadow.CSM.MaxCascades:10]]
[2022.11.09-23.48.22:939][  0]LogConfig: Setting CVar [[r.Shadow.MaxResolution:2048]]
[2022.11.09-23.48.22:939][  0]LogConfig: Setting CVar [[r.Shadow.MaxCSMResolution:2048]]
[2022.11.09-23.48.22:939][  0]LogConfig: Setting CVar [[r.Shadow.RadiusThreshold:0.01]]
[2022.11.09-23.48.22:939][  0]LogConfig: Setting CVar [[r.Shadow.DistanceScale:1.0]]
[2022.11.09-23.48.22:939][  0]LogConfig: Setting CVar [[r.Shadow.CSM.TransitionScale:1.0]]
[2022.11.09-23.48.22:939][  0]LogConfig: Setting CVar [[r.Shadow.PreShadowResolutionFactor:1.0]]
[2022.11.09-23.48.22:939][  0]LogConfig: Setting CVar [[r.DistanceFieldShadowing:1]]
[2022.11.09-23.48.22:939][  0]LogConfig: Setting CVar [[r.DistanceFieldAO:1]]
[2022.11.09-23.48.22:939][  0]LogConfig: Setting CVar [[r.AOQuality:2]]
[2022.11.09-23.48.22:939][  0]LogConfig: Setting CVar [[r.VolumetricFog:1]]
[2022.11.09-23.48.22:939][  0]LogConfig: Setting CVar [[r.VolumetricFog.GridPixelSize:8]]
[2022.11.09-23.48.22:939][  0]LogConfig: Setting CVar [[r.VolumetricFog.GridSizeZ:128]]
[2022.11.09-23.48.22:939][  0]LogConfig: Setting CVar [[r.VolumetricFog.HistoryMissSupersampleCount:4]]
[2022.11.09-23.48.22:939][  0]LogConfig: Setting CVar [[r.LightMaxDrawDistanceScale:1]]
[2022.11.09-23.48.22:939][  0]LogConfig: Setting CVar [[r.CapsuleShadows:1]]
[2022.11.09-23.48.22:939][  0]LogConfig: Applying CVar settings from Section [PostProcessQuality@3] File [C:/Users/ehowl/Desktop/DAGD 498/CapstoneProject/CapstoneProject_HJV/Saved/Config/Windows/Scalability.ini]
[2022.11.09-23.48.22:939][  0]LogConfig: Setting CVar [[r.MotionBlurQuality:4]]
[2022.11.09-23.48.22:939][  0]LogConfig: Setting CVar [[r.AmbientOcclusionMipLevelFactor:0.4]]
[2022.11.09-23.48.22:939][  0]LogConfig: Setting CVar [[r.AmbientOcclusionMaxQuality:100]]
[2022.11.09-23.48.22:939][  0]LogConfig: Setting CVar [[r.AmbientOcclusionLevels:-1]]
[2022.11.09-23.48.22:939][  0]LogConfig: Setting CVar [[r.AmbientOcclusionRadiusScale:1.0]]
[2022.11.09-23.48.22:939][  0]LogConfig: Setting CVar [[r.DepthOfFieldQuality:2]]
[2022.11.09-23.48.22:939][  0]LogConfig: Setting CVar [[r.RenderTargetPoolMin:400]]
[2022.11.09-23.48.22:939][  0]LogConfig: Setting CVar [[r.LensFlareQuality:2]]
[2022.11.09-23.48.22:939][  0]LogConfig: Setting CVar [[r.SceneColorFringeQuality:1]]
[2022.11.09-23.48.22:939][  0]LogConfig: Setting CVar [[r.EyeAdaptationQuality:2]]
[2022.11.09-23.48.22:939][  0]LogConfig: Setting CVar [[r.BloomQuality:5]]
[2022.11.09-23.48.22:939][  0]LogConfig: Setting CVar [[r.FastBlurThreshold:100]]
[2022.11.09-23.48.22:939][  0]LogConfig: Setting CVar [[r.Upscale.Quality:3]]
[2022.11.09-23.48.22:939][  0]LogConfig: Setting CVar [[r.Tonemapper.GrainQuantization:1]]
[2022.11.09-23.48.22:939][  0]LogConfig: Setting CVar [[r.LightShaftQuality:1]]
[2022.11.09-23.48.22:939][  0]LogConfig: Setting CVar [[r.Filter.SizeScale:1]]
[2022.11.09-23.48.22:939][  0]LogConfig: Setting CVar [[r.Tonemapper.Quality:5]]
[2022.11.09-23.48.22:939][  0]LogConfig: Setting CVar [[r.DOF.Gather.AccumulatorQuality:1        ; higher gathering accumulator quality]]
[2022.11.09-23.48.22:939][  0]LogConfig: Setting CVar [[r.DOF.Gather.PostfilterMethod:1          ; Median3x3 postfilering method]]
[2022.11.09-23.48.22:939][  0]LogConfig: Setting CVar [[r.DOF.Gather.EnableBokehSettings:0       ; no bokeh simulation when gathering]]
[2022.11.09-23.48.22:939][  0]LogConfig: Setting CVar [[r.DOF.Gather.RingCount:4                 ; medium number of samples when gathering]]
[2022.11.09-23.48.22:939][  0]LogConfig: Setting CVar [[r.DOF.Scatter.ForegroundCompositing:1    ; additive foreground scattering]]
[2022.11.09-23.48.22:939][  0]LogConfig: Setting CVar [[r.DOF.Scatter.BackgroundCompositing:2    ; additive background scattering]]
[2022.11.09-23.48.22:939][  0]LogConfig: Setting CVar [[r.DOF.Scatter.EnableBokehSettings:1      ; bokeh simulation when scattering]]
[2022.11.09-23.48.22:939][  0]LogConfig: Setting CVar [[r.DOF.Scatter.MaxSpriteRatio:0.1         ; only a maximum of 10% of scattered bokeh]]
[2022.11.09-23.48.22:939][  0]LogConfig: Setting CVar [[r.DOF.Recombine.Quality:1                ; cheap slight out of focus]]
[2022.11.09-23.48.22:939][  0]LogConfig: Setting CVar [[r.DOF.Recombine.EnableBokehSettings:0    ; no bokeh simulation on slight out of focus]]
[2022.11.09-23.48.22:939][  0]LogConfig: Setting CVar [[r.DOF.TemporalAAQuality:1                ; more stable temporal accumulation]]
[2022.11.09-23.48.22:939][  0]LogConfig: Setting CVar [[r.DOF.Kernel.MaxForegroundRadius:0.025]]
[2022.11.09-23.48.22:939][  0]LogConfig: Setting CVar [[r.DOF.Kernel.MaxBackgroundRadius:0.025]]
[2022.11.09-23.48.22:939][  0]LogConfig: Applying CVar settings from Section [TextureQuality@3] File [C:/Users/ehowl/Desktop/DAGD 498/CapstoneProject/CapstoneProject_HJV/Saved/Config/Windows/Scalability.ini]
[2022.11.09-23.48.22:939][  0]LogConfig: Setting CVar [[r.Streaming.MipBias:0]]
[2022.11.09-23.48.22:939][  0]LogConfig: Setting CVar [[r.Streaming.AmortizeCPUToGPUCopy:0]]
[2022.11.09-23.48.22:939][  0]LogConfig: Setting CVar [[r.Streaming.MaxNumTexturesToStreamPerFrame:0]]
[2022.11.09-23.48.22:939][  0]LogConfig: Setting CVar [[r.Streaming.Boost:1]]
[2022.11.09-23.48.22:939][  0]LogConfig: Setting CVar [[r.MaxAnisotropy:8]]
[2022.11.09-23.48.22:939][  0]LogConfig: Setting CVar [[r.VT.MaxAnisotropy:8]]
[2022.11.09-23.48.22:939][  0]LogConfig: Setting CVar [[r.Streaming.LimitPoolSizeToVRAM:0]]
[2022.11.09-23.48.22:939][  0]LogConfig: Setting CVar [[r.Streaming.PoolSize:1000]]
[2022.11.09-23.48.22:939][  0]LogConfig: Setting CVar [[r.Streaming.MaxEffectiveScreenSize:0]]
[2022.11.09-23.48.22:939][  0]LogConfig: Applying CVar settings from Section [EffectsQuality@3] File [C:/Users/ehowl/Desktop/DAGD 498/CapstoneProject/CapstoneProject_HJV/Saved/Config/Windows/Scalability.ini]
[2022.11.09-23.48.22:939][  0]LogConfig: Setting CVar [[r.TranslucencyLightingVolumeDim:64]]
[2022.11.09-23.48.22:939][  0]LogConfig: Setting CVar [[r.RefractionQuality:2]]
[2022.11.09-23.48.22:940][  0]LogConfig: Setting CVar [[r.SSR.Quality:3]]
[2022.11.09-23.48.22:940][  0]LogConfig: Setting CVar [[r.SSR.HalfResSceneColor:0]]
[2022.11.09-23.48.22:940][  0]LogConfig: Setting CVar [[r.SceneColorFormat:4]]
[2022.11.09-23.48.22:940][  0]LogConfig: Setting CVar [[r.DetailMode:2]]
[2022.11.09-23.48.22:940][  0]LogConfig: Setting CVar [[r.TranslucencyVolumeBlur:1]]
[2022.11.09-23.48.22:940][  0]LogConfig: Setting CVar [[r.MaterialQualityLevel:1 ; High quality]]
[2022.11.09-23.48.22:940][  0]LogConfig: Setting CVar [[r.AnisotropicMaterials:1]]
[2022.11.09-23.48.22:940][  0]LogConfig: Setting CVar [[r.SSS.Scale:1]]
[2022.11.09-23.48.22:940][  0]LogConfig: Setting CVar [[r.SSS.SampleSet:2]]
[2022.11.09-23.48.22:940][  0]LogConfig: Setting CVar [[r.SSS.Quality:1]]
[2022.11.09-23.48.22:940][  0]LogConfig: Setting CVar [[r.SSS.HalfRes:0]]
[2022.11.09-23.48.22:940][  0]LogConfig: Setting CVar [[r.SSGI.Quality:3]]
[2022.11.09-23.48.22:940][  0]LogConfig: Setting CVar [[r.EmitterSpawnRateScale:1.0]]
[2022.11.09-23.48.22:940][  0]LogConfig: Setting CVar [[r.ParticleLightQuality:2]]
[2022.11.09-23.48.22:940][  0]LogConfig: Setting CVar [[r.SkyAtmosphere.AerialPerspectiveLUT.FastApplyOnOpaque:1 ; Always have FastSkyLUT 1 in this case to avoid wrong sky]]
[2022.11.09-23.48.22:940][  0]LogConfig: Setting CVar [[r.SkyAtmosphere.AerialPerspectiveLUT.SampleCountMaxPerSlice:4]]
[2022.11.09-23.48.22:940][  0]LogConfig: Setting CVar [[r.SkyAtmosphere.AerialPerspectiveLUT.DepthResolution:16.0]]
[2022.11.09-23.48.22:940][  0]LogConfig: Setting CVar [[r.SkyAtmosphere.FastSkyLUT:1]]
[2022.11.09-23.48.22:940][  0]LogConfig: Setting CVar [[r.SkyAtmosphere.FastSkyLUT.SampleCountMin:4.0]]
[2022.11.09-23.48.22:940][  0]LogConfig: Setting CVar [[r.SkyAtmosphere.FastSkyLUT.SampleCountMax:128.0]]
[2022.11.09-23.48.22:940][  0]LogConfig: Setting CVar [[r.SkyAtmosphere.SampleCountMin:4.0]]
[2022.11.09-23.48.22:940][  0]LogConfig: Setting CVar [[r.SkyAtmosphere.SampleCountMax:128.0]]
[2022.11.09-23.48.22:940][  0]LogConfig: Setting CVar [[r.SkyAtmosphere.TransmittanceLUT.UseSmallFormat:0]]
[2022.11.09-23.48.22:940][  0]LogConfig: Setting CVar [[r.SkyAtmosphere.TransmittanceLUT.SampleCount:10.0]]
[2022.11.09-23.48.22:940][  0]LogConfig: Setting CVar [[r.SkyAtmosphere.MultiScatteringLUT.SampleCount:15.0]]
[2022.11.09-23.48.22:940][  0]LogConfig: Setting CVar [[r.SkyLight.RealTimeReflectionCapture:1]]
[2022.11.09-23.48.22:940][  0]LogConfig: Applying CVar settings from Section [FoliageQuality@3] File [C:/Users/ehowl/Desktop/DAGD 498/CapstoneProject/CapstoneProject_HJV/Saved/Config/Windows/Scalability.ini]
[2022.11.09-23.48.22:940][  0]LogConfig: Setting CVar [[foliage.DensityScale:1.0]]
[2022.11.09-23.48.22:940][  0]LogConfig: Setting CVar [[grass.DensityScale:1.0]]
[2022.11.09-23.48.22:940][  0]LogConfig: Applying CVar settings from Section [ShadingQuality@3] File [C:/Users/ehowl/Desktop/DAGD 498/CapstoneProject/CapstoneProject_HJV/Saved/Config/Windows/Scalability.ini]
[2022.11.09-23.48.22:940][  0]LogConfig: Setting CVar [[r.HairStrands.SkyLighting.IntegrationType:2]]
[2022.11.09-23.48.22:940][  0]LogConfig: Setting CVar [[r.HairStrands.SkyAO.SampleCount:4]]
[2022.11.09-23.48.22:940][  0]LogConfig: Setting CVar [[r.HairStrands.Visibility.MSAA.SamplePerPixel:4]]
[2022.11.09-23.48.22:940][  0]LogConfig: Applying CVar settings from Section [Startup] File [../../../Engine/Config/ConsoleVariables.ini]
[2022.11.09-23.48.22:941][  0]LogConfig: Setting CVar [[net.UseAdaptiveNetUpdateFrequency:0]]
[2022.11.09-23.48.22:941][  0]LogConfig: Setting CVar [[p.chaos.AllowCreatePhysxBodies:1]]
[2022.11.09-23.48.22:941][  0]LogConfig: Setting CVar [[fx.SkipVectorVMBackendOptimizations:1]]
[2022.11.09-23.48.22:941][  0]LogConfig: Applying CVar settings from Section [ConsoleVariables] File [C:/Users/ehowl/Desktop/DAGD 498/CapstoneProject/CapstoneProject_HJV/Saved/Config/Windows/Engine.ini]
[2022.11.09-23.48.22:941][  0]LogConfig: Applying CVar settings from Section [ConsoleVariables] File [C:/Users/ehowl/Desktop/DAGD 498/CapstoneProject/CapstoneProject_HJV/Saved/Config/Windows/Editor.ini]
[2022.11.09-23.48.22:941][  0]LogInit: Computer: DESKTOP-07SU9JG
[2022.11.09-23.48.22:941][  0]LogInit: User: ehowl
[2022.11.09-23.48.22:941][  0]LogInit: CPU Page size=4096, Cores=8
[2022.11.09-23.48.22:941][  0]LogInit: High frequency timer resolution =10.000000 MHz
[2022.11.09-23.48.22:941][  0]LogMemory: Memory total: Physical=23.9GB (24GB approx)
[2022.11.09-23.48.22:941][  0]LogMemory: Platform Memory Stats for Windows
[2022.11.09-23.48.22:941][  0]LogMemory: Process Physical Memory: 146.80 MB used, 146.80 MB peak
[2022.11.09-23.48.22:941][  0]LogMemory: Process Virtual Memory: 129.35 MB used, 129.35 MB peak
[2022.11.09-23.48.22:941][  0]LogMemory: Physical Memory: 15919.64 MB used,  8587.57 MB free, 24507.22 MB total
[2022.11.09-23.48.22:941][  0]LogMemory: Virtual Memory: 134196800.00 MB used,  20925.04 MB free, 134217728.00 MB total
[2022.11.09-23.48.22:948][  0]LogWindows: WindowsPlatformFeatures enabled
[2022.11.09-23.48.23:004][  0]LogInit: Physics initialised using underlying interface: PhysX
[2022.11.09-23.48.23:005][  0]LogInit: Using OS detected language (en-US).
[2022.11.09-23.48.23:005][  0]LogInit: Using OS detected locale (en-US).
[2022.11.09-23.48.23:011][  0]LogTextLocalizationManager: No specific localization for 'en-US' exists, so the 'en' localization will be used.
[2022.11.09-23.48.23:298][  0]LogWindowsTextInputMethodSystem: Display: IME system deactivated.
[2022.11.09-23.48.23:335][  0]LogSlate: New Slate User Created.  User Index 0, Is Virtual User: 0
[2022.11.09-23.48.23:335][  0]LogSlate: Slate User Registered.  User Index 0, Is Virtual User: 0
[2022.11.09-23.48.23:361][  0]LogD3D11RHI: Loaded GFSDK_Aftermath_Lib.x64.dll
[2022.11.09-23.48.23:364][  0]LogHMD: Failed to initialize OpenVR with code 110
[2022.11.09-23.48.23:364][  0]LogD3D11RHI: D3D11 min allowed feature level: 11_0
[2022.11.09-23.48.23:364][  0]LogD3D11RHI: D3D11 max allowed feature level: 11_0
[2022.11.09-23.48.23:364][  0]LogD3D11RHI: D3D11 adapters:
[2022.11.09-23.48.23:489][  0]LogD3D11RHI:    0. 'NVIDIA GeForce GTX 1060 3GB' (Feature Level 11_0)
[2022.11.09-23.48.23:489][  0]LogD3D11RHI:       2988/0/12253 MB DedicatedVideo/DedicatedSystem/SharedSystem, Outputs:2, VendorId:0x10de
[2022.11.09-23.48.23:492][  0]LogD3D11RHI:    1. 'Microsoft Basic Render Driver' (Feature Level 11_0)
[2022.11.09-23.48.23:492][  0]LogD3D11RHI:       0/0/12253 MB DedicatedVideo/DedicatedSystem/SharedSystem, Outputs:0, VendorId:0x1414
[2022.11.09-23.48.23:492][  0]LogD3D11RHI: Chosen D3D11 Adapter:
[2022.11.09-23.48.23:492][  0]LogD3D11RHI:     Description : NVIDIA GeForce GTX 1060 3GB
[2022.11.09-23.48.23:492][  0]LogD3D11RHI:     VendorId    : 10de
[2022.11.09-23.48.23:492][  0]LogD3D11RHI:     DeviceId    : 1c02
[2022.11.09-23.48.23:492][  0]LogD3D11RHI:     SubSysId    : 61603842
[2022.11.09-23.48.23:492][  0]LogD3D11RHI:     Revision    : 00a1
[2022.11.09-23.48.23:492][  0]LogD3D11RHI:     DedicatedVideoMemory : 3133145088 bytes
[2022.11.09-23.48.23:492][  0]LogD3D11RHI:     DedicatedSystemMemory : 0 bytes
[2022.11.09-23.48.23:493][  0]LogD3D11RHI:     SharedSystemMemory : 12848840704 bytes
[2022.11.09-23.48.23:493][  0]LogD3D11RHI:     AdapterLuid : 0 54908
[2022.11.09-23.48.23:504][  0]LogD3D11RHI: Creating new Direct3DDevice
[2022.11.09-23.48.23:504][  0]LogD3D11RHI:     GPU DeviceId: 0x1c02 (for the marketing name, search the web for "GPU Device Id")
[2022.11.09-23.48.23:504][  0]LogWindows: EnumDisplayDevices:
[2022.11.09-23.48.23:504][  0]LogWindows:    0. 'NVIDIA GeForce GTX 1060 3GB' (P:1 D:1)
[2022.11.09-23.48.23:504][  0]LogWindows:    1. 'NVIDIA GeForce GTX 1060 3GB' (P:0 D:1)
[2022.11.09-23.48.23:505][  0]LogWindows:    2. 'NVIDIA GeForce GTX 1060 3GB' (P:0 D:0)
[2022.11.09-23.48.23:505][  0]LogWindows:    3. 'NVIDIA GeForce GTX 1060 3GB' (P:0 D:0)
[2022.11.09-23.48.23:505][  0]LogWindows: DebugString: FoundDriverCount:4 
[2022.11.09-23.48.23:505][  0]LogD3D11RHI:     Adapter Name: NVIDIA GeForce GTX 1060 3GB
[2022.11.09-23.48.23:505][  0]LogD3D11RHI:   Driver Version: 512.15 (internal:30.0.15.1215, unified:512.15)
[2022.11.09-23.48.23:505][  0]LogD3D11RHI:      Driver Date: 3-17-2022
[2022.11.09-23.48.23:505][  0]LogRHI: Texture pool is 2091 MB (70% of 2988 MB)
[2022.11.09-23.48.23:505][  0]LogD3D11RHI: Creating D3DDevice using adapter:
[2022.11.09-23.48.23:505][  0]LogD3D11RHI:     Description : NVIDIA GeForce GTX 1060 3GB
[2022.11.09-23.48.23:505][  0]LogD3D11RHI:     VendorId    : 10de
[2022.11.09-23.48.23:505][  0]LogD3D11RHI:     DeviceId    : 1c02
[2022.11.09-23.48.23:505][  0]LogD3D11RHI:     SubSysId    : 61603842
[2022.11.09-23.48.23:505][  0]LogD3D11RHI:     Revision    : 00a1
[2022.11.09-23.48.23:505][  0]LogD3D11RHI:     DedicatedVideoMemory : 3133145088 bytes
[2022.11.09-23.48.23:505][  0]LogD3D11RHI:     DedicatedSystemMemory : 0 bytes
[2022.11.09-23.48.23:505][  0]LogD3D11RHI:     SharedSystemMemory : 12848840704 bytes
[2022.11.09-23.48.23:505][  0]LogD3D11RHI:     AdapterLuid : 0 54908
[2022.11.09-23.48.23:588][  0]LogD3D11RHI: RHI has support for 64 bit atomics
[2022.11.09-23.48.23:589][  0]LogD3D11RHI: Async texture creation enabled
[2022.11.09-23.48.23:589][  0]LogD3D11RHI: Array index from any shader is supported
[2022.11.09-23.48.23:611][  0]LogD3D11RHI: GPU Timing Frequency: 1000.000000 (Debug: 2 1)
[2022.11.09-23.48.23:649][  0]LogRHI: GeForceNow SDK initialized: 1
[2022.11.09-23.48.24:032][  0]LogTargetPlatformManager: Display: Loaded TargetPlatform 'WindowsNoEditor'
[2022.11.09-23.48.24:039][  0]LogTargetPlatformManager: Display: Loaded TargetPlatform 'Windows'
[2022.11.09-23.48.24:045][  0]LogTargetPlatformManager: Display: Loaded TargetPlatform 'WindowsClient'
[2022.11.09-23.48.24:051][  0]LogTargetPlatformManager: Display: Loaded TargetPlatform 'WindowsServer'
[2022.11.09-23.48.24:052][  0]LogTargetPlatformManager: Display: Building Assets For Windows
[2022.11.09-23.48.24:061][  0]LogAudioDebug: Display: Lib vorbis DLL was dynamically loaded.
[2022.11.09-23.48.24:108][  0]LogTextureFormatOodle: Display: Oodle Texture 2.9.0 init RDO Off
[2022.11.09-23.48.24:147][  0]LogRendererCore: Ray tracing is disabled. Reason: r.RayTracing=0.
[2022.11.09-23.48.24:147][  0]LogShaderCompilers: Guid format shader working directory is -37 characters bigger than the processId version (../../../../../../Users/ehowl/Desktop/DAGD 498/CapstoneProject/CapstoneProject_HJV/Intermediate/Shaders/WorkingDirectory/31392/).
[2022.11.09-23.48.24:148][  0]LogShaderCompilers: Cleaned the shader compiler working directory 'C:/Users/ehowl/AppData/Local/Temp/UnrealShaderWorkingDir/CAF9B2A245FF19CC7F5810B858A85B7E/'.
[2022.11.09-23.48.24:148][  0]LogXGEController: Cannot use XGE Controller as Incredibuild is not installed on this machine.
[2022.11.09-23.48.24:148][  0]LogShaderCompilers: Cannot use XGE Shader Compiler as Incredibuild is not installed on this machine.
[2022.11.09-23.48.24:148][  0]LogShaderCompilers: Display: Using Local Shader Compiler.
[2022.11.09-23.48.25:113][  0]LogDerivedDataCache: Display: Max Cache Size: 512 MB
[2022.11.09-23.48.25:184][  0]LogDerivedDataCache: Loaded boot cache 0.07s 94MB C:/Users/ehowl/AppData/Local/UnrealEngine/4.27/DerivedDataCache/Boot.ddc.
[2022.11.09-23.48.25:184][  0]LogDerivedDataCache: Display: Loaded Boot cache: C:/Users/ehowl/AppData/Local/UnrealEngine/4.27/DerivedDataCache/Boot.ddc
[2022.11.09-23.48.25:184][  0]LogDerivedDataCache: FDerivedDataBackendGraph:  Pak pak cache file ../../../../../../Users/ehowl/Desktop/DAGD 498/CapstoneProject/CapstoneProject_HJV/DerivedDataCache/DDC.ddp not found, will not use a pak cache.
[2022.11.09-23.48.25:184][  0]LogDerivedDataCache: Unable to find inner node Pak for hierarchical cache Hierarchy.
[2022.11.09-23.48.25:184][  0]LogDerivedDataCache: FDerivedDataBackendGraph:  CompressedPak pak cache file ../../../../../../Users/ehowl/Desktop/DAGD 498/CapstoneProject/CapstoneProject_HJV/DerivedDataCache/Compressed.ddp not found, will not use a pak cache.
[2022.11.09-23.48.25:184][  0]LogDerivedDataCache: Unable to find inner node CompressedPak for hierarchical cache Hierarchy.
[2022.11.09-23.48.25:205][  0]LogDerivedDataCache: Display: Pak cache opened for reading ../../../Engine/DerivedDataCache/Compressed.ddp.
[2022.11.09-23.48.25:206][  0]LogDerivedDataCache: FDerivedDataBackendGraph:  EnterprisePak pak cache file ../../../Enterprise/DerivedDataCache/Compressed.ddp not found, will not use a pak cache.
[2022.11.09-23.48.25:206][  0]LogDerivedDataCache: Unable to find inner node EnterprisePak for hierarchical cache Hierarchy.
[2022.11.09-23.48.25:220][  0]LogDerivedDataCache: Speed tests for C:/Users/ehowl/AppData/Local/UnrealEngine/Common/DerivedDataCache took 0.01 seconds
[2022.11.09-23.48.25:220][  0]LogDerivedDataCache: Display: Performance to C:/Users/ehowl/AppData/Local/UnrealEngine/Common/DerivedDataCache: Latency=0.06ms. RandomReadSpeed=222.55MBs, RandomWriteSpeed=104.84MBs. Assigned SpeedClass 'Local'
[2022.11.09-23.48.25:220][  0]LogDerivedDataCache: Using Local data cache path C:/Users/ehowl/AppData/Local/UnrealEngine/Common/DerivedDataCache: Writable
[2022.11.09-23.48.25:220][  0]LogDerivedDataCache: Shared data cache path not found in *engine.ini, will not use an Shared cache.
[2022.11.09-23.48.25:220][  0]LogDerivedDataCache: Unable to find inner node Shared for hierarchical cache Hierarchy.
[2022.11.09-23.48.25:264][  0]LogSlate: Using FreeType 2.10.0
[2022.11.09-23.48.25:264][  0]LogSlate: SlateFontServices - WITH_FREETYPE: 1, WITH_HARFBUZZ: 1
[2022.11.09-23.48.25:351][  0]LogInit: Using OS detected language (en-US).
[2022.11.09-23.48.25:351][  0]LogInit: Using OS detected locale (en-US).
[2022.11.09-23.48.25:351][  0]LogTextLocalizationManager: No localization for 'en-US' exists, so 'en' will be used for the language.
[2022.11.09-23.48.25:351][  0]LogTextLocalizationManager: No localization for 'en-US' exists, so 'en' will be used for the locale.
[2022.11.09-23.48.25:351][  0]LogSlate: FontCache flush requested. Reason: Culture for localization was changed
[2022.11.09-23.48.25:351][  0]LogSlate: FontCache flush requested. Reason: Culture for localization was changed
[2022.11.09-23.48.25:356][  0]LogTextLocalizationManager: Compacting localization data took   0.01ms
[2022.11.09-23.48.25:356][  0]LogAssetRegistry: FAssetRegistry took 0.0035 seconds to start up
[2022.11.09-23.48.25:564][  0]LogPackageLocalizationCache: Processed 27 localized package path(s) for 1 prioritized culture(s) in 0.001916 seconds
[2022.11.09-23.48.25:657][  0]LogInit: Selected Device Profile: [Windows]
[2022.11.09-23.48.25:657][  0]LogInit: Active device profile: [0000016023423800][0000016018701940 49] Windows
[2022.11.09-23.48.25:657][  0]LogInit: Profiles: [0000016023423800][0000016018701940 49] Windows, [00000160233D4A00][0000016018705A80 49] WindowsNoEditor, [0000016023420A00][000001601870DC00 49] WindowsServer, [00000160233D7000][000001601BC0E200 49] WindowsClient, [0000016023422F00][000001601BC12380 49] IOS, [00000160233D5300][000001601BC16500 49] iPadAir, [0000016023421200][000001601BC1A680 49] iPadAir2, [0000016023383F00][000001601BC22940 49] IPadPro, [0000016023383E00][000001601BC1E980 49] iPadAir3, [0000016023422900][000001601BC26B00 49] iPadAir4, [0000016023380F00][000001601BC2AC80 49] iPadMini2, [0000016023421700][000001601BC2EE00 49] iPadMini3, [0000016023382A00][000001601BC32F80 49] iPadMini4, [0000016023422100][000001601BC37100 49] iPadMini5, [00000160233C7800][000001601BC3F3C0 49] iPhone6, [00000160233C7900][000001601BC3B400 49] iPodTouch6, [0000016023381100][000001601BC476C0 49] iPhone7, [0000016023381200][000001601BC43700 49] iPodTouch7, [00000160233C4E00][000001601BC4B880 49] iPhone5S, [0000016023380500][00000160187099C0 49] iPhone6Plus, [00000160233C6B00][000001601BC4FB00 49] iPhone6S, [0000016023380C00][000001601BC520C0 49] iPhone6SPlus, [00000160233C5600][000001601B952240 49] iPhone7Plus, [0000016023380A00][000001601B9563C0 49] iPhoneSE, [00000160233C6300][000001601B95A540 49] iPhone8, [0000016023382000][000001601B95E6C0 49] iPhone8Plus, [00000160233C7F00][000001601B962840 49] iPhoneX, [0000016023380100][000001601B9669C0 49] iPhoneXS, [00000160233C4500][000001601B96AB40 49] iPhoneXSMax, [0000016023382800][000001601B96ECC0 49] iPhoneXR, [00000160233C6900][000001601B972E40 49] iPhone11, [0000016023383300][000001601B976FC0 49] iPhone11Pro, [00000160233C5700][000001601B97B140 49] iPhone11ProMax, [0000016023381300][000001601B97F2C0 49] iPhoneSE2, [00000160233C5000][000001601B983440 49] iPhone12Mini, [0000016023382600][000001601B9875C0 49] iPhone12, [00000160233C6400][000001601B98B740 49] iPhone12Pro, [0000016023380600][000001601B98F8C0 49] iPhone12ProMax, [00000160233C4D00][000001601B993A40 49] iPadPro105, [0000016023381900][000001601BC57B80 49] iPadPro129, [00000160233C7E00][000001601B996140 49] iPadPro97, [0000016023383100][000001601B99A280 49] iPadPro2_129, [00000160233C6A00][000001601B99E3C0 49] iPad5, [0000016023383C00][000001601B9A6540 49] iPad6, [00000160233C6800][000001601B9AA6C0 49] iPad7, [0000016023381000][000001601B9AE840 49] iPad8, [00000160233C6000][000001601B9B29C0 49] iPadPro11, [0000016023380B00][000001601B9B6B40 49] iPadPro2_11, [00000160233C7100][000001601B9BACC0 49] iPadPro3_129, [0000016023383500][0000016018A58E40 49] iPadPro4_129, [00000160233C4B00][0000016018A5CFC0 49] AppleTV, [0000016023381700][0000016018A61140 49] AppleTV4K, [00000160233C7300][0000016018A652C0 49] TVOS, [0000016023381C00][0000016018A69440 49] Mac, [00000160233C6700][0000016018A6D5C0 49] MacClient, [0000016023382200][0000016018A71740 49] MacNoEditor, [00000160233C7C00][0000016018A758C0 49] MacServer, [0000016023381800][0000016018A79A40 49] Linux, [00000160233C4F00][0000016018A7DBC0 49] LinuxAArch64, [0000016023380800][000001601B9A2180 49] LinuxNoEditor, [00000160233C5400][0000016018A802C0 49] LinuxAArch64NoEditor, [0000016023381500][0000016018A84400 49] LinuxClient, [00000160233C4700][0000016018A88540 49] LinuxAArch64Client, [0000016023460100][0000016018A906C0 49] LinuxServer, [00000160233D7400][000001601850A840 49] LinuxAArch64Server, [0000016023461400][000001601850E9C0 49] Android, [00000160233D4400][0000016018512B40 49] Android_Low, [0000016023460E00][0000016018516CC0 49] Android_Mid, [00000160233D7500][000001601851AE40 49] Android_High, [0000016023462000][000001601851EFC0 49] Android_Default, [00000160233D5200][0000016018523140 49] Android_Adreno4xx, [0000016023460A00][00000160185272C0 49] Android_Adreno5xx_Low, [00000160233D5400][000001601852B440 49] Android_Adreno5xx, [0000016023461A00][000001601852F5C0 49] Android_Adreno6xx, [00000160233D5100][0000016018533740 49] Android_Adreno6xx_Vulkan, [0000016023462800][00000160185378C0 49] Android_Mali_T6xx, [00000160233D5800][000001601853BA40 49] Android_Mali_T7xx, [0000016023462400][000001601853FBC0 49] Android_Mali_T8xx, [00000160233D5D00][00000160185421C0 49] Android_Mali_G71, [0000016023461C00][0000016018546340 49] Android_Mali_G72, [00000160233D7C00][0000016018A8C480 49] Android_Mali_G72_Vulkan, [0000016023460500][000001601854A5C0 49] Android_Mali_G76, [00000160233D4300][000001601854E700 49] Android_Mali_G76_Vulkan, [0000016023460900][0000016018556880 49] Android_Mali_G77, [00000160233D7E00][000001601855AA00 49] Android_Mali_G77_Vulkan, [00000160233C7200][000001601855EB80 49] Android_Mali_G78, [0000016023382C00][0000016018562D00 49] Android_Mali_G78_Vulkan, [00000160233C7000][0000016018566E80 49] Android_Mali_G710, [0000016023380300][000001601856B000 49] Android_Mali_G710_Vulkan, [00000160233C4100][000001601856F180 49] Android_Vulkan_SM5, [0000016023383A00][0000016018573300 49] Android_PowerVR_G6xxx, [0000016023461D00][0000016018577480 49] Android_PowerVR_GT7xxx, [0000016023382E00][000001601857B600 49] Android_PowerVR_GE8xxx, [0000016023462900][000001601857F780 49] Android_PowerVR_GM9xxx, [0000016023383400][0000016018583900 49] Android_PowerVR_GM9xxx_Vulkan, [0000016023461900][0000016018587A80 49] Android_TegraK1, [0000016023381600][000001601858BC00 49] Android_Unknown_Vulkan, [0000016023460300][000001601858E200 49] Lumin, [0000016023383800][0000016018592380 49] Lumin_Desktop, [0000016023461200][0000016018596500 49] HoloLens, 
[2022.11.09-23.48.25:710][  0]LogMeshReduction: Using QuadricMeshReduction for automatic static mesh reduction
[2022.11.09-23.48.25:710][  0]LogMeshReduction: Using SimplygonMeshReduction for automatic skeletal mesh reduction
[2022.11.09-23.48.25:710][  0]LogMeshReduction: Using ProxyLODMeshReduction for automatic mesh merging
[2022.11.09-23.48.25:710][  0]LogMeshReduction: No distributed automatic mesh merging module available
[2022.11.09-23.48.25:710][  0]LogMeshMerging: No distributed automatic mesh merging module available
[2022.11.09-23.48.25:834][  0]LogNetVersion: CapstoneProject_HJV 1.0.0, NetCL: 17155196, EngineNetVer: 17, GameNetVer: 0 (Checksum: 2464823574)
[2022.11.09-23.48.26:146][  0]LogTexture: Default maximum texture size for cubemaps generated from long-lat sources has been changed from 512 to unlimited. In order to preserve old behaiour for '/Engine/MapTemplates/Sky/DaylightAmbientCubemap.DaylightAmbientCubemap', its maximum texture size has been explicitly set to 512.
[2022.11.09-23.48.26:209][  0]LogHMD: PokeAHoleMaterial loaded successfully
[2022.11.09-23.48.26:345][  0]LogMoviePlayer: Initializing movie player
[2022.11.09-23.48.26:462][  0]LogNiagaraDebuggerClient: Niagara Debugger Client Initialized | Session: CD24BEF449B982550F03CDAB245DC41A | Instance: 16BC64DE44B2C2D16EE59D895E4E5BB3 (DESKTOP-07SU9JG-31392).
[2022.11.09-23.48.26:488][  0]LogCollectionManager: Loaded 0 collections in 0.003084 seconds
[2022.11.09-23.48.26:491][  0]LogFileCache: Scanning file cache for directory 'C:/Users/ehowl/Desktop/DAGD 498/CapstoneProject/CapstoneProject_HJV/Saved/Collections/' took 0.00s
[2022.11.09-23.48.26:491][  0]LogFileCache: Scanning file cache for directory 'C:/Users/ehowl/Desktop/DAGD 498/CapstoneProject/CapstoneProject_HJV/Content/Developers/ehowl/Collections/' took 0.00s
[2022.11.09-23.48.26:491][  0]LogFileCache: Scanning file cache for directory 'C:/Users/ehowl/Desktop/DAGD 498/CapstoneProject/CapstoneProject_HJV/Content/Collections/' took 0.00s
[2022.11.09-23.48.26:491][  0]LogCollectionManager: Fixed up redirectors for 0 collections in 0.000002 seconds (updated 0 objects)
[2022.11.09-23.48.26:513][  0]LogPython: Using Python 3.7.7
[2022.11.09-23.48.27:166][  0]LogUdpMessaging: Initializing bridge on interface 0.0.0.0:0 to multicast group 230.0.0.1:6666.
[2022.11.09-23.48.27:173][  0]LogTcpMessaging: Initializing TcpMessaging bridge
[2022.11.09-23.48.27:239][  0]SourceControl: Source control is disabled
[2022.11.09-23.48.27:239][  0]SourceControl: Source control is disabled
[2022.11.09-23.48.27:243][  0]SourceControl: Source control is disabled
[2022.11.09-23.48.27:249][  0]LogUProjectInfo: Found projects:
[2022.11.09-23.48.27:350][  0]LogOpenImageDenoise: OIDN starting up
[2022.11.09-23.48.27:402][  0]LogAndroidPermission: UAndroidPermissionCallbackProxy::GetInstance
[2022.11.09-23.48.27:437][  0]LogAudioCaptureCore: Display: No Audio Capture implementations found. Audio input will be silent.
[2022.11.09-23.48.27:437][  0]LogAudioCaptureCore: Display: No Audio Capture implementations found. Audio input will be silent.
[2022.11.09-23.48.27:565][  0]LogOcInput: OculusInput pre-init called
[2022.11.09-23.48.27:575][  0]LogUObjectArray: 22121 objects as part of root set at end of initial load.
[2022.11.09-23.48.27:575][  0]LogUObjectAllocator: 5975632 out of 0 bytes used by permanent object pool.
[2022.11.09-23.48.27:575][  0]LogUObjectArray: CloseDisregardForGC: 0/0 objects in disregard for GC pool
[2022.11.09-23.48.27:636][  0]LogEngine: Initializing Engine...
[2022.11.09-23.48.27:640][  0]LogHMD: Failed to enumerate extensions. Please check that you have a valid OpenXR runtime installed.
[2022.11.09-23.48.27:640][  0]LogHMD: Failed to initialize OpenVR with code 110
[2022.11.09-23.48.27:640][  0]LogMagicLeap: Warning: VR disabled because ZI is not enabled.  To enable, in the editor, Edit -> Project Settings -> Plugins -> Magic Leap Plugin -> Enable Zero Iteration
[2022.11.09-23.48.27:642][  0]LogStats: UGameplayTagsManager::InitializeManager -  0.000 s
[2022.11.09-23.48.27:762][  0]LogInit: Initializing FReadOnlyCVARCache
[2022.11.09-23.48.27:762][  0]LogAudio: Display: Initializing Audio Device Manager...
[2022.11.09-23.48.27:767][  0]LogAudio: Display: Loading Default Audio Settings Objects...
[2022.11.09-23.48.27:768][  0]LogAudio: Display: No default SoundConcurrencyObject specified (or failed to load).
[2022.11.09-23.48.27:769][  0]LogAudio: Display: Audio Device Manager Initialized
[2022.11.09-23.48.27:769][  0]LogAudio: Display: Creating Audio Device:                 Id: 1, Scope: Shared, Realtime: True
[2022.11.09-23.48.27:769][  0]LogAudioMixer: Display: Audio Mixer Platform Settings:
[2022.11.09-23.48.27:769][  0]LogAudioMixer: Display: 	Sample Rate:						  48000
[2022.11.09-23.48.27:769][  0]LogAudioMixer: Display: 	Callback Buffer Frame Size Requested: 1024
[2022.11.09-23.48.27:769][  0]LogAudioMixer: Display: 	Callback Buffer Frame Size To Use:	  1024
[2022.11.09-23.48.27:769][  0]LogAudioMixer: Display: 	Number of buffers to queue:			  2
[2022.11.09-23.48.27:769][  0]LogAudioMixer: Display: 	Max Channels (voices):				  32
[2022.11.09-23.48.27:769][  0]LogAudioMixer: Display: 	Number of Async Source Workers:		  0
[2022.11.09-23.48.27:769][  0]LogAudio: Display: AudioDevice MaxSources: 32
[2022.11.09-23.48.27:769][  0]LogAudio: Display: Audio Spatialization Plugin: None (built-in).
[2022.11.09-23.48.27:769][  0]LogAudio: Display: Audio Reverb Plugin: None (built-in).
[2022.11.09-23.48.27:769][  0]LogAudio: Display: Audio Occlusion Plugin: None (built-in).
[2022.11.09-23.48.27:769][  0]LogAudioMixer: Display: Initializing audio mixer.
[2022.11.09-23.48.27:788][  0]LogAudioMixer: Display: 0: FrontLeft
[2022.11.09-23.48.27:788][  0]LogAudioMixer: Display: 1: FrontRight
[2022.11.09-23.48.27:808][  0]LogAudioMixer: Display: Using Audio Device Speakers (HyperX Cloud II Wireless)
[2022.11.09-23.48.27:815][  0]LogAudioMixer: Display: Initializing Sound Submixes...
[2022.11.09-23.48.27:818][  0]LogAudioMixer: Display: Creating Master Submix 'MasterSubmixDefault'
[2022.11.09-23.48.27:818][  0]LogAudioMixer: Display: Creating Master Submix 'MasterReverbSubmixDefault'
[2022.11.09-23.48.27:820][  0]LogAudioMixer: Display: Creating Master Submix 'MasterEQSubmixDefault'
[2022.11.09-23.48.27:820][  0]LogAudioMixer: FMixerPlatformXAudio2::StartAudioStream() called
[2022.11.09-23.48.27:820][  0]LogAudioMixer: Display: Output buffers initialized: Frames=1024, Channels=2, Samples=2048
[2022.11.09-23.48.27:821][  0]LogAudioMixer: Display: Starting AudioMixerPlatformInterface::RunInternal()
[2022.11.09-23.48.27:821][  0]LogAudioMixer: Display: FMixerPlatformXAudio2::SubmitBuffer() called for the first time
[2022.11.09-23.48.27:821][  0]LogInit: FAudioDevice initialized.
[2022.11.09-23.48.27:822][  0]LogNetVersion: Set ProjectVersion to 1.0.0.0. Version Checksum will be recalculated on next use.
[2022.11.09-23.48.27:823][  0]LogInit: Texture streaming: Enabled
[2022.11.09-23.48.27:903][  0]LogAudio: Display: Audio Device (ID: 1) registered with world 'Untitled'.
[2022.11.09-23.48.27:904][  0]LogSlate: Updating window title bar state: overlay mode, drag disabled, window buttons hidden, title bar hidden
[2022.11.09-23.48.27:905][  0]LogInit: Display: Game Engine Initialized.
[2022.11.09-23.48.27:905][  0]LogNiagaraEditor: GEditor isn't valid! Particle reset commands will not work for Niagara components!
[2022.11.09-23.48.28:041][  0]LogInit: Display: Starting Game.
[2022.11.09-23.48.28:041][  0]LogNet: Browse: /Game/Levels/AI_Test?Name=Player
[2022.11.09-23.48.28:041][  0]LogLoad: LoadMap: /Game/Levels/AI_Test?Name=Player
[2022.11.09-23.48.28:041][  0]LogWorld: BeginTearingDown for /Temp/Untitled_0
[2022.11.09-23.48.28:042][  0]LogWorld: UWorld::CleanupWorld for Untitled, bSessionEnded=true, bCleanupResources=true
[2022.11.09-23.48.28:043][  0]LogSlate: InvalidateAllWidgets triggered.  All widgets were invalidated
[2022.11.09-23.48.28:047][  0]LogAudio: Display: Audio Device unregistered from world 'None'.
[2022.11.09-23.48.28:049][  0]LogUObjectHash: Compacting FUObjectHashTables data took   0.94ms
[2022.11.09-23.48.28:227][  0]LogAudio: Display: Audio Device (ID: 1) registered with world 'AI_Test'.
[2022.11.09-23.48.28:236][  0]LogAIModule: Creating AISystem for world AI_Test
[2022.11.09-23.48.28:462][  0]LogLoad: Game class is 'MyGame_C'
[2022.11.09-23.48.28:466][  0]LogWorld: Bringing World /Game/Levels/AI_Test.AI_Test up for play (max tick rate 0) at 2022.11.09-18.48.28
[2022.11.09-23.48.28:467][  0]LogWorld: Bringing up level for play took: 0.003472
[2022.11.09-23.48.28:468][  0]LogGameMode: Display: Match State Changed from EnteringMap to WaitingToStart
[2022.11.09-23.48.28:469][  0]LogGameState: Match State Changed from EnteringMap to WaitingToStart
[2022.11.09-23.48.28:469][  0]LogGameMode: Display: Match State Changed from WaitingToStart to InProgress
[2022.11.09-23.48.28:473][  0]LogGameState: Match State Changed from WaitingToStart to InProgress
[2022.11.09-23.48.28:473][  0]LogLoad: Took 0.432320 seconds to LoadMap(/Game/Levels/AI_Test)
[2022.11.09-23.48.28:549][  0]LogSlate: Took 0.000237 seconds to synchronously load lazily loaded font '../../../Engine/Content/Slate/Fonts/Roboto-Regular.ttf' (155K)
[2022.11.09-23.48.28:603][  0]LogRenderer: Reallocating scene render targets to support 1340x924 Format 10 NumSamples 1 (Frame:1).
[2022.11.09-23.48.28:603][  0]LogInit: Display: Engine is initialized. Leaving FEngineLoop::Init()
[2022.11.09-23.48.28:603][  0]LogLoad: (Engine Initialization) Total time: 7.61 seconds
[2022.11.09-23.48.28:603][  0]LogLoad: (Engine Initialization) Total Blueprint compile time: 0.00 seconds
[2022.11.09-23.48.28:608][  0]LogContentStreaming: Texture pool size now 1000 MB
[2022.11.09-23.48.28:610][  0]LogSlate: InvalidateAllWidgets triggered.  All widgets were invalidated
[2022.11.09-23.48.28:642][  0]LogRenderer: Reallocating scene render targets to support 128x128 Format 10 NumSamples 1 (Frame:1).
[2022.11.09-23.48.28:679][  0]LogRenderer: Reallocating scene render targets to support 1340x924 Format 10 NumSamples 1 (Frame:2).
[2022.11.09-23.48.28:714][  1]LogSlate: Took 0.000237 seconds to synchronously load lazily loaded font '../../../Engine/Content/Slate/Fonts/Roboto-Regular.ttf' (155K)
[2022.11.09-23.49.09:707][425]LogSlate: Window 'CapstoneProject_HJV (64-bit Development PCD3D_SM5) ' being destroyed
[2022.11.09-23.49.09:708][425]LogWindowsTextInputMethodSystem: Display: IME system deactivated.
[2022.11.09-23.49.09:711][425]LogSlate: Updating window title bar state: overlay mode, drag disabled, window buttons hidden, title bar hidden
[2022.11.09-23.49.09:711][425]LogEngine: All Windows Closed
[2022.11.09-23.49.09:711][425]LogWindows: FPlatformMisc::RequestExit(0)
[2022.11.09-23.49.09:712][425]LogWindows: FPlatformMisc::RequestExitWithStatus(0, 0)
[2022.11.09-23.49.09:712][425]LogCore: Engine exit requested (reason: Win RequestExit)
[2022.11.09-23.49.09:712][426]LogCore: Engine exit requested (reason: EngineExit() was called; note: exit was already requested)
[2022.11.09-23.49.09:712][426]LogInit: Display: PreExit Game.
[2022.11.09-23.49.09:731][426]LogWorld: BeginTearingDown for /Game/Levels/AI_Test
[2022.11.09-23.49.09:732][426]LogWorld: UWorld::CleanupWorld for AI_Test, bSessionEnded=true, bCleanupResources=true
[2022.11.09-23.49.09:732][426]LogSlate: InvalidateAllWidgets triggered.  All widgets were invalidated
[2022.11.09-23.49.10:661][426]LogAudio: Display: Beginning Audio Device Manager Shutdown (Module: AudioMixerXAudio2)...
[2022.11.09-23.49.10:661][426]LogAudio: Display: Destroying 1 Remaining Audio Device(s)...
[2022.11.09-23.49.10:661][426]LogAudio: Display: Audio Device unregistered from world 'AI_Test'.
[2022.11.09-23.49.10:685][426]LogAudioMixer: FMixerPlatformXAudio2::StopAudioStream() called
[2022.11.09-23.49.10:686][426]LogAudioMixer: FMixerPlatformXAudio2::StopAudioStream() called
[2022.11.09-23.49.10:690][426]LogAudio: Display: Audio Device Manager Shutdown
[2022.11.09-23.49.10:694][426]LogExit: Preparing to exit.
[2022.11.09-23.49.11:198][426]LogSlate: Updating window title bar state: overlay mode, drag disabled, window buttons hidden, title bar hidden
[2022.11.09-23.49.11:203][426]LogUObjectHash: Compacting FUObjectHashTables data took   1.27ms
[2022.11.09-23.49.11:298][426]LogMoviePlayer: Shutting down movie player
[2022.11.09-23.49.11:398][426]LogDemo: Cleaned up 0 splitscreen connections with owner deletion
[2022.11.09-23.49.11:404][426]LogExit: Game engine shut down
[2022.11.09-23.49.11:455][426]LogExit: Object subsystem successfully closed.
[2022.11.09-23.49.11:478][426]LogShaderCompilers: Display: === FShaderJobCache stats ===
[2022.11.09-23.49.11:478][426]LogShaderCompilers: Display: Total job queries 0, among them cache hits 0 (0.00%)
[2022.11.09-23.49.11:478][426]LogShaderCompilers: Display: Tracking 0 distinct input hashes that result in 0 distinct outputs (0.00%)
[2022.11.09-23.49.11:478][426]LogShaderCompilers: Display: RAM used: 0.00 MB (0.00 GB) of 1228.80 MB (1.20 GB) budget. Usage: 0.00%
[2022.11.09-23.49.11:478][426]LogShaderCompilers: Display: ================================================
[2022.11.09-23.49.11:485][426]LogShaderCompilers: Display: Shaders left to compile 0
[2022.11.09-23.49.11:526][426]LogModuleManager: Shutting down and abandoning module SequenceRecorderSections (560)
[2022.11.09-23.49.11:526][426]LogModuleManager: Shutting down and abandoning module SequenceRecorder (558)
[2022.11.09-23.49.11:526][426]LogModuleManager: Shutting down and abandoning module AutomationController (556)
[2022.11.09-23.49.11:526][426]LogModuleManager: Shutting down and abandoning module AutomationWorker (554)
[2022.11.09-23.49.11:526][426]LogModuleManager: Shutting down and abandoning module Voice (552)
[2022.11.09-23.49.11:526][426]LogModuleManager: Shutting down and abandoning module AIModule (550)
[2022.11.09-23.49.11:526][426]LogModuleManager: Shutting down and abandoning module GameplayDebugger (549)
[2022.11.09-23.49.11:526][426]LogModuleManager: Shutting down and abandoning module AITestSuite (547)
[2022.11.09-23.49.11:526][426]LogModuleManager: Shutting down and abandoning module NavigationSystem (545)
[2022.11.09-23.49.11:526][426]LogModuleManager: Shutting down and abandoning module AnimGraph (542)
[2022.11.09-23.49.11:526][426]LogModuleManager: Shutting down and abandoning module SteamVREditor (540)
[2022.11.09-23.49.11:526][426]LogModuleManager: Shutting down and abandoning module ToolMenus (539)
[2022.11.09-23.49.11:526][426]LogModuleManager: Shutting down and abandoning module OculusMR (536)
[2022.11.09-23.49.11:526][426]LogModuleManager: Shutting down and abandoning module TakeRecorderSources (534)
[2022.11.09-23.49.11:526][426]LogModuleManager: Shutting down and abandoning module TakeRecorder (533)
[2022.11.09-23.49.11:526][426]LogModuleManager: Shutting down and abandoning module TakeTrackRecorders (530)
[2022.11.09-23.49.11:526][426]LogModuleManager: Shutting down and abandoning module TakesCore (528)
[2022.11.09-23.49.11:526][426]LogModuleManager: Shutting down and abandoning module OpenXRInput (526)
[2022.11.09-23.49.11:526][426]LogModuleManager: Shutting down and abandoning module WmfMediaFactory (524)
[2022.11.09-23.49.11:526][426]LogModuleManager: Shutting down and abandoning module WebMMediaFactory (522)
[2022.11.09-23.49.11:526][426]LogModuleManager: Shutting down and abandoning module WebMMedia (520)
[2022.11.09-23.49.11:526][426]LogModuleManager: Shutting down and abandoning module OpenExrWrapper (518)
[2022.11.09-23.49.11:526][426]LogModuleManager: Shutting down and abandoning module ImgMediaFactory (516)
[2022.11.09-23.49.11:526][426]LogModuleManager: Shutting down and abandoning module AvfMediaFactory (514)
[2022.11.09-23.49.11:526][426]LogModuleManager: Shutting down and abandoning module MagicLeapMediaCodecFactory (512)
[2022.11.09-23.49.11:526][426]LogModuleManager: Shutting down and abandoning module MagicLeapMediaFactory (510)
[2022.11.09-23.49.11:526][426]LogModuleManager: Shutting down and abandoning module PlanarCut (508)
[2022.11.09-23.49.11:526][426]LogModuleManager: Shutting down and abandoning module CharacterAI (506)
[2022.11.09-23.49.11:526][426]LogModuleManager: Shutting down and abandoning module SessionServices (504)
[2022.11.09-23.49.11:526][426]LogModuleManager: Shutting down and abandoning module MovieSceneCapture (502)
[2022.11.09-23.49.11:526][426]LogModuleManager: Shutting down and abandoning module LiveCoding (500)
[2022.11.09-23.49.11:526][426]LogModuleManager: Shutting down and abandoning module LevelSequence (498)
[2022.11.09-23.49.11:526][426]LogModuleManager: Shutting down and abandoning module MovieSceneTracks (496)
[2022.11.09-23.49.11:526][426]LogModuleManager: Shutting down and abandoning module MovieScene (494)
[2022.11.09-23.49.11:527][426]LogModuleManager: Shutting down and abandoning module StreamingPauseRendering (492)
[2022.11.09-23.49.11:527][426]LogModuleManager: Shutting down and abandoning module PortalServices (490)
[2022.11.09-23.49.11:527][426]LogModuleManager: Shutting down and abandoning module PortalRpc (488)
[2022.11.09-23.49.11:527][426]LogModuleManager: Shutting down and abandoning module MessagingRpc (486)
[2022.11.09-23.49.11:527][426]LogModuleManager: Shutting down and abandoning module AudioMixerXAudio2 (484)
[2022.11.09-23.49.11:527][426]LogModuleManager: Shutting down and abandoning module AudioMixerCore (483)
[2022.11.09-23.49.11:527][426]LogModuleManager: Shutting down and abandoning module ImageWriteQueue (480)
[2022.11.09-23.49.11:532][426]LogModuleManager: Shutting down and abandoning module ProfilerService (478)
[2022.11.09-23.49.11:625][426]LogModuleManager: Shutting down and abandoning module TaskGraph (476)
[2022.11.09-23.49.11:626][426]LogModuleManager: Shutting down and abandoning module OculusInput (474)
[2022.11.09-23.49.11:626][426]LogModuleManager: Shutting down and abandoning module LiveLinkSequencer (472)
[2022.11.09-23.49.11:626][426]LogModuleManager: Shutting down and abandoning module LiveLinkMovieScene (470)
[2022.11.09-23.49.11:626][426]LogModuleManager: Shutting down and abandoning module LiveLinkGraphNode (468)
[2022.11.09-23.49.11:626][426]LogModuleManager: Shutting down and abandoning module LiveLinkComponents (466)
[2022.11.09-23.49.11:626][426]LogModuleManager: Shutting down and abandoning module LiveLink (464)
[2022.11.09-23.49.12:514][426]LogModuleManager: Shutting down and abandoning module Synthesis (462)
[2022.11.09-23.49.12:514][426]LogModuleManager: Shutting down and abandoning module TakeMovieScene (460)
[2022.11.09-23.49.12:514][426]LogModuleManager: Shutting down and abandoning module ProceduralMeshComponent (458)
[2022.11.09-23.49.12:514][426]LogModuleManager: Shutting down and abandoning module MobilePatchingUtils (456)
[2022.11.09-23.49.12:514][426]LogModuleManager: Shutting down and abandoning module GooglePAD (454)
[2022.11.09-23.49.12:514][426]LogModuleManager: Shutting down and abandoning module EditableMesh (452)
[2022.11.09-23.49.12:514][426]LogModuleManager: Shutting down and abandoning module AudioCapture (450)
[2022.11.09-23.49.12:514][426]LogModuleManager: Shutting down and abandoning module AudioCaptureRtAudio (449)
[2022.11.09-23.49.12:514][426]LogModuleManager: Shutting down and abandoning module CustomMeshComponent (446)
[2022.11.09-23.49.12:514][426]LogModuleManager: Shutting down and abandoning module AssetTags (444)
[2022.11.09-23.49.12:514][426]LogModuleManager: Shutting down and abandoning module CableComponent (442)
[2022.11.09-23.49.12:514][426]LogModuleManager: Shutting down and abandoning module ArchVisCharacter (440)
[2022.11.09-23.49.12:514][426]LogModuleManager: Shutting down and abandoning module AppleImageUtilsBlueprintSupport (438)
[2022.11.09-23.49.12:514][426]LogModuleManager: Shutting down and abandoning module AppleImageUtils (436)
[2022.11.09-23.49.12:514][426]LogModuleManager: Shutting down and abandoning module AndroidPermission (434)
[2022.11.09-23.49.12:514][426]LogModuleManager: Shutting down and abandoning module ActorLayerUtilities (432)
[2022.11.09-23.49.12:514][426]LogModuleManager: Shutting down and abandoning module TemplateSequence (430)
[2022.11.09-23.49.12:514][426]LogModuleManager: Shutting down and abandoning module MediaCompositing (428)
[2022.11.09-23.49.12:514][426]LogModuleManager: Shutting down and abandoning module ImgMedia (426)
[2022.11.09-23.49.12:514][426]LogModuleManager: Shutting down and abandoning module MagicLeapSharedWorld (424)
[2022.11.09-23.49.12:514][426]LogModuleManager: Shutting down and abandoning module MagicLeapLightEstimation (422)
[2022.11.09-23.49.12:514][426]LogModuleManager: Shutting down and abandoning module MagicLeapHelperVulkan (420)
[2022.11.09-23.49.12:514][426]LogModuleManager: Shutting down and abandoning module MagicLeapHelperOpenGL (418)
[2022.11.09-23.49.12:514][426]LogModuleManager: Shutting down and abandoning module MagicLeapAudio (416)
[2022.11.09-23.49.12:514][426]LogModuleManager: Shutting down and abandoning module MotoSynth (414)
[2022.11.09-23.49.12:514][426]LogModuleManager: Shutting down and abandoning module OpenImageDenoise (412)
[2022.11.09-23.49.12:514][426]LogOpenImageDenoise: OIDN shutting down
[2022.11.09-23.49.12:514][426]LogModuleManager: Shutting down and abandoning module MeshConversion (410)
[2022.11.09-23.49.12:514][426]LogModuleManager: Shutting down and abandoning module DynamicMesh (408)
[2022.11.09-23.49.12:514][426]LogModuleManager: Shutting down and abandoning module GeometryAlgorithms (406)
[2022.11.09-23.49.12:514][426]LogModuleManager: Shutting down and abandoning module GeometricObjects (404)
[2022.11.09-23.49.12:514][426]LogModuleManager: Shutting down and abandoning module GeometryCacheTracks (402)
[2022.11.09-23.49.12:514][426]LogModuleManager: Shutting down and abandoning module GeometryCacheSequencer (401)
[2022.11.09-23.49.12:514][426]LogModuleManager: Shutting down and abandoning module GeometryCache (398)
[2022.11.09-23.49.12:514][426]LogModuleManager: Shutting down and abandoning module GeometryCacheEd (397)
[2022.11.09-23.49.12:514][426]LogModuleManager: Shutting down and abandoning module GeometryCollectionTracks (394)
[2022.11.09-23.49.12:514][426]LogModuleManager: Shutting down and abandoning module GeometryCollectionSequencer (393)
[2022.11.09-23.49.12:514][426]LogModuleManager: Shutting down and abandoning module ChaosNiagara (390)
[2022.11.09-23.49.12:514][426]LogModuleManager: Shutting down and abandoning module FieldSystemEngine (389)
[2022.11.09-23.49.12:514][426]LogModuleManager: Shutting down and abandoning module BackChannel (386)
[2022.11.09-23.49.12:514][426]LogModuleManager: Shutting down and abandoning module AutomationUtils (384)
[2022.11.09-23.49.12:514][426]LogModuleManager: Shutting down and abandoning module OodleNetworkHandlerComponent (382)
[2022.11.09-23.49.12:514][426]LogModuleManager: Shutting down and abandoning module VisualStudioSourceCodeAccess (380)
[2022.11.09-23.49.12:514][426]LogModuleManager: Shutting down and abandoning module HotReload (379)
[2022.11.09-23.49.12:515][426]LogModuleManager: Shutting down and abandoning module VisualStudioCodeSourceCodeAccess (376)
[2022.11.09-23.49.12:515][426]LogModuleManager: Shutting down and abandoning module UObjectPlugin (374)
[2022.11.09-23.49.12:515][426]LogModuleManager: Shutting down and abandoning module SubversionSourceControl (372)
[2022.11.09-23.49.12:515][426]LogModuleManager: Shutting down and abandoning module PerforceSourceControl (370)
[2022.11.09-23.49.12:515][426]LogModuleManager: Shutting down and abandoning module SourceControl (369)
[2022.11.09-23.49.12:515][426]LogModuleManager: Shutting down and abandoning module CLionSourceCodeAccess (366)
[2022.11.09-23.49.12:515][426]LogModuleManager: Shutting down and abandoning module EnvironmentQueryEditor (364)
[2022.11.09-23.49.12:515][426]LogModuleManager: Shutting down and abandoning module SoundFields (362)
[2022.11.09-23.49.12:515][426]LogModuleManager: Shutting down and abandoning module RuntimePhysXCooking (360)
[2022.11.09-23.49.12:515][426]LogModuleManager: Shutting down and abandoning module SignificanceManager (358)
[2022.11.09-23.49.12:515][426]LogModuleManager: Shutting down and abandoning module PropertyAccessEditor (356)
[2022.11.09-23.49.12:515][426]LogModuleManager: Shutting down and abandoning module PhysXVehiclesEditor (354)
[2022.11.09-23.49.12:515][426]LogModuleManager: Shutting down and abandoning module LocationServicesBPLibrary (350)
[2022.11.09-23.49.12:515][426]LogModuleManager: Shutting down and abandoning module AudioSynesthesia (348)
[2022.11.09-23.49.12:515][426]LogModuleManager: Shutting down and abandoning module AudioSynesthesiaCore (346)
[2022.11.09-23.49.12:515][426]LogModuleManager: Shutting down and abandoning module ActorSequence (344)
[2022.11.09-23.49.12:515][426]LogModuleManager: Shutting down and abandoning module ImgMediaEngine (342)
[2022.11.09-23.49.12:515][426]LogModuleManager: Shutting down and abandoning module TcpMessaging (340)
[2022.11.09-23.49.12:616][426]LogModuleManager: Shutting down and abandoning module UdpMessaging (338)
[2022.11.09-23.49.12:717][426]LogModuleManager: Shutting down and abandoning module MagicLeapARPin (336)
[2022.11.09-23.49.12:717][426]LogModuleManager: Shutting down and abandoning module MagicLeapHandMeshing (334)
[2022.11.09-23.49.12:717][426]LogModuleManager: Shutting down and abandoning module MagicLeapSecureStorage (332)
[2022.11.09-23.49.12:717][426]LogModuleManager: Shutting down and abandoning module MagicLeapPrivileges (330)
[2022.11.09-23.49.12:717][426]LogModuleManager: Shutting down and abandoning module MagicLeapPlanes (328)
[2022.11.09-23.49.12:717][426]LogMagicLeapPlanes: Planes tracker already destroyed.
[2022.11.09-23.49.12:717][426]LogModuleManager: Shutting down and abandoning module MagicLeapImageTracker (326)
[2022.11.09-23.49.12:717][426]LogModuleManager: Shutting down and abandoning module MagicLeapIdentity (324)
[2022.11.09-23.49.12:717][426]LogModuleManager: Shutting down and abandoning module MagicLeapHandTracking (322)
[2022.11.09-23.49.12:717][426]LogModuleManager: Shutting down and abandoning module MagicLeapEyeTracker (320)
[2022.11.09-23.49.12:717][426]LogModuleManager: Shutting down and abandoning module MagicLeapController (318)
[2022.11.09-23.49.12:717][426]LogModuleManager: Shutting down and abandoning module MagicLeapARPinImpl (316)
[2022.11.09-23.49.12:717][426]LogModuleManager: Shutting down and abandoning module MagicLeapAR (314)
[2022.11.09-23.49.12:717][426]LogModuleManager: Shutting down and abandoning module PythonScriptPlugin (312)
[2022.11.09-23.49.12:717][426]LogModuleManager: Shutting down and abandoning module NiagaraAnimNotifies (310)
[2022.11.09-23.49.12:717][426]LogModuleManager: Shutting down and abandoning module Niagara (308)
[2022.11.09-23.49.12:717][426]LogModuleManager: Shutting down and abandoning module SignalProcessing (307)
[2022.11.09-23.49.12:717][426]LogModuleManager: Shutting down and abandoning module NiagaraEditor (305)
[2022.11.09-23.49.12:717][426]LogModuleManager: Shutting down and abandoning module ContentBrowser (304)
[2022.11.09-23.49.12:717][426]LogModuleManager: Shutting down and abandoning module CollectionManager (303)
[2022.11.09-23.49.12:718][426]LogModuleManager: Shutting down and abandoning module DirectoryWatcher (302)
[2022.11.09-23.49.12:718][426]LogModuleManager: Shutting down and abandoning module ContentBrowserData (299)
[2022.11.09-23.49.12:718][426]LogModuleManager: Shutting down and abandoning module NiagaraCore (294)
[2022.11.09-23.49.12:718][426]LogModuleManager: Shutting down and abandoning module GameplayTagsEditor (292)
[2022.11.09-23.49.12:718][426]LogModuleManager: Shutting down and abandoning module FacialAnimation (290)
[2022.11.09-23.49.12:718][426]LogModuleManager: Shutting down and abandoning module AssetManagerEditor (288)
[2022.11.09-23.49.12:718][426]LogModuleManager: Shutting down and abandoning module TreeMap (287)
[2022.11.09-23.49.12:718][426]LogModuleManager: Shutting down and abandoning module PropertyAccessNode (284)
[2022.11.09-23.49.12:718][426]LogModuleManager: Shutting down and abandoning module AnimationSharing (282)
[2022.11.09-23.49.12:718][426]LogModuleManager: Shutting down and abandoning module LightPropagationVolumeRuntime (280)
[2022.11.09-23.49.12:718][426]LogModuleManager: Shutting down and abandoning module GameplayCameras (278)
[2022.11.09-23.49.12:718][426]LogModuleManager: Shutting down and abandoning module Paper2D (276)
[2022.11.09-23.49.12:718][426]LogModuleManager: Shutting down and abandoning module WindowsMoviePlayer (274)
[2022.11.09-23.49.12:718][426]LogModuleManager: Shutting down and abandoning module WebMMoviePlayer (272)
[2022.11.09-23.49.12:719][426]LogModuleManager: Shutting down and abandoning module NetworkReplayStreaming (270)
[2022.11.09-23.49.12:719][426]LogModuleManager: Shutting down and abandoning module PacketHandler (268)
[2022.11.09-23.49.12:719][426]LogModuleManager: Shutting down and abandoning module ClothingSystemEditor (266)
[2022.11.09-23.49.12:719][426]LogModuleManager: Shutting down and abandoning module ClothingSystemRuntimeNv (264)
[2022.11.09-23.49.12:719][426]LogModuleManager: Shutting down and abandoning module MediaAssets (262)
[2022.11.09-23.49.12:719][426]LogModuleManager: Shutting down and abandoning module Overlay (260)
[2022.11.09-23.49.12:719][426]LogModuleManager: Shutting down and abandoning module OverlayEditor (259)
[2022.11.09-23.49.12:719][426]LogModuleManager: Shutting down and abandoning module VREditor (256)
[2022.11.09-23.49.12:719][426]LogModuleManager: Shutting down and abandoning module StringTableEditor (254)
[2022.11.09-23.49.12:719][426]LogModuleManager: Shutting down and abandoning module GameplayTasksEditor (252)
[2022.11.09-23.49.12:719][426]LogModuleManager: Shutting down and abandoning module BehaviorTreeEditor (250)
[2022.11.09-23.49.12:719][426]LogModuleManager: Shutting down and abandoning module FunctionalTesting (248)
[2022.11.09-23.49.12:719][426]LogModuleManager: Shutting down and abandoning module CollisionAnalyzer (246)
[2022.11.09-23.49.12:719][426]LogModuleManager: Shutting down and abandoning module WorkspaceMenuStructure (245)
[2022.11.09-23.49.12:719][426]LogModuleManager: Shutting down and abandoning module UMG (242)
[2022.11.09-23.49.12:719][426]LogModuleManager: Shutting down and abandoning module UMGEditor (241)
[2022.11.09-23.49.12:719][426]LogModuleManager: Shutting down and abandoning module Sequencer (240)
[2022.11.09-23.49.12:719][426]LogModuleManager: Shutting down and abandoning module MessageLog (237)
[2022.11.09-23.49.12:719][426]LogModuleManager: Shutting down and abandoning module SlateReflector (232)
[2022.11.09-23.49.12:719][426]LogModuleManager: Shutting down and abandoning module Slate (230)
[2022.11.09-23.49.12:719][426]LogModuleManager: Shutting down and abandoning module SlateCore (228)
[2022.11.09-23.49.12:720][426]LogModuleManager: Shutting down and abandoning module LandscapeEditorUtilities (226)
[2022.11.09-23.49.12:721][426]LogModuleManager: Shutting down and abandoning module UnrealEd (224)
[2022.11.09-23.49.12:721][426]LogModuleManager: Shutting down and abandoning module MRMesh (222)
[2022.11.09-23.49.12:721][426]LogModuleManager: Shutting down and abandoning module Messaging (220)
[2022.11.09-23.49.12:721][426]LogModuleManager: Shutting down and abandoning module SourceCodeAccess (218)
[2022.11.09-23.49.12:721][426]LogModuleManager: Shutting down and abandoning module HeadMountedDisplay (216)
[2022.11.09-23.49.12:721][426]LogModuleManager: Shutting down and abandoning module XAudio2 (214)
[2022.11.09-23.49.12:721][426]LogModuleManager: Shutting down and abandoning module Networking (212)
[2022.11.09-23.49.12:721][426]LogModuleManager: Shutting down and abandoning module Core (210)
[2022.11.09-23.49.12:721][426]LogModuleManager: Shutting down and abandoning module MaterialEditor (208)
[2022.11.09-23.49.12:721][426]LogModuleManager: Shutting down and abandoning module MovieSceneTools (206)
[2022.11.09-23.49.12:721][426]LogModuleManager: Shutting down and abandoning module EditorStyle (205)
[2022.11.09-23.49.12:722][426]LogModuleManager: Shutting down and abandoning module KismetCompiler (202)
[2022.11.09-23.49.12:722][426]LogModuleManager: Shutting down and abandoning module MeshBuilder (200)
[2022.11.09-23.49.12:722][426]LogModuleManager: Shutting down and abandoning module MeshUtilities (198)
[2022.11.09-23.49.12:722][426]LogModuleManager: Shutting down and abandoning module MeshMergeUtilities (197)
[2022.11.09-23.49.12:722][426]LogModuleManager: Shutting down and abandoning module MeshReductionInterface (196)
[2022.11.09-23.49.12:722][426]LogModuleManager: Shutting down and abandoning module MeshBoneReduction (195)
[2022.11.09-23.49.12:722][426]LogModuleManager: Shutting down and abandoning module SkeletalMeshReduction (193)
[2022.11.09-23.49.12:722][426]LogModuleManager: Shutting down and abandoning module ProxyLODMeshReduction (191)
[2022.11.09-23.49.12:722][426]LogModuleManager: Shutting down and abandoning module QuadricMeshReduction (189)
[2022.11.09-23.49.12:722][426]LogModuleManager: Shutting down and abandoning module MaterialBaking (185)
[2022.11.09-23.49.12:722][426]LogModuleManager: Shutting down and abandoning module NullInstallBundleManager (180)
[2022.11.09-23.49.12:722][426]LogModuleManager: Shutting down and abandoning module PIEPreviewDeviceProfileSelector (178)
[2022.11.09-23.49.12:722][426]LogModuleManager: Shutting down and abandoning module DerivedDataCache (176)
[2022.11.09-23.49.12:722][426]LogModuleManager: Shutting down and abandoning module TargetPlatform (174)
[2022.11.09-23.49.12:722][426]LogModuleManager: Shutting down and abandoning module VulkanShaderFormat (173)
[2022.11.09-23.49.12:722][426]LogModuleManager: Shutting down and abandoning module ShaderFormatVectorVM (171)
[2022.11.09-23.49.12:722][426]LogModuleManager: Shutting down and abandoning module ShaderFormatOpenGL (169)
[2022.11.09-23.49.12:722][426]LogModuleManager: Shutting down and abandoning module ShaderFormatD3D (167)
[2022.11.09-23.49.12:722][426]LogModuleManager: Shutting down and abandoning module MetalShaderFormat (165)
[2022.11.09-23.49.12:722][426]LogModuleManager: Shutting down and abandoning module TextureFormatOodle (163)
[2022.11.09-23.49.12:722][426]LogModuleManager: Shutting down and abandoning module TextureFormatUncompressed (161)
[2022.11.09-23.49.12:722][426]LogModuleManager: Shutting down and abandoning module TextureFormatPVR (159)
[2022.11.09-23.49.12:722][426]LogModuleManager: Shutting down and abandoning module TextureFormatETC2 (157)
[2022.11.09-23.49.12:722][426]LogModuleManager: Shutting down and abandoning module TextureFormatDXT (155)
[2022.11.09-23.49.12:722][426]LogModuleManager: Shutting down and abandoning module TextureFormatIntelISPCTexComp (153)
[2022.11.09-23.49.12:723][426]LogModuleManager: Shutting down and abandoning module TextureFormatASTC (151)
[2022.11.09-23.49.12:723][426]LogModuleManager: Shutting down and abandoning module ImageWrapper (150)
[2022.11.09-23.49.12:723][426]LogModuleManager: Shutting down and abandoning module AudioFormatOpus (147)
[2022.11.09-23.49.12:723][426]LogModuleManager: Shutting down and abandoning module AudioFormatOgg (145)
[2022.11.09-23.49.12:723][426]LogModuleManager: Shutting down and abandoning module AudioFormatADPCM (143)
[2022.11.09-23.49.12:723][426]LogModuleManager: Shutting down and abandoning module WindowsServerTargetPlatform (141)
[2022.11.09-23.49.12:723][426]LogModuleManager: Shutting down and abandoning module WindowsClientTargetPlatform (139)
[2022.11.09-23.49.12:723][426]LogModuleManager: Shutting down and abandoning module WindowsTargetPlatform (137)
[2022.11.09-23.49.12:723][426]LogModuleManager: Shutting down and abandoning module WindowsNoEditorTargetPlatform (135)
[2022.11.09-23.49.12:723][426]LogModuleManager: Shutting down and abandoning module D3D11RHI (132)
[2022.11.09-23.49.12:723][426]LogModuleManager: Shutting down and abandoning module InputCore (130)
[2022.11.09-23.49.12:723][426]LogModuleManager: Shutting down and abandoning module Settings (128)
[2022.11.09-23.49.12:723][426]LogModuleManager: Shutting down and abandoning module PhysXCooking (126)
[2022.11.09-23.49.12:723][426]LogModuleManager: Shutting down and abandoning module Chaos (124)
[2022.11.09-23.49.12:723][426]LogModuleManager: Shutting down and abandoning module WindowsPlatformFeatures (122)
[2022.11.09-23.49.12:723][426]LogModuleManager: Shutting down and abandoning module GameplayMediaEncoder (121)
[2022.11.09-23.49.12:723][426]LogModuleManager: Shutting down and abandoning module AVEncoder (120)
[2022.11.09-23.49.12:723][426]LogModuleManager: Shutting down and abandoning module SteamVRInputDevice (116)
[2022.11.09-23.49.12:723][426]LogModuleManager: Shutting down and abandoning module SteamVRInput (114)
[2022.11.09-23.49.12:723][426]LogModuleManager: Shutting down and abandoning module SteamVR (112)
[2022.11.09-23.49.12:723][426]LogHMD: Freeing OpenVRDLLHandle.
[2022.11.09-23.49.12:723][426]LogModuleManager: Shutting down and abandoning module OculusHMD (110)
[2022.11.09-23.49.12:723][426]LogModuleManager: Shutting down and abandoning module AISupportModule (108)
[2022.11.09-23.49.12:723][426]LogModuleManager: Shutting down and abandoning module OpenXRHandTracking (106)
[2022.11.09-23.49.12:723][426]LogSlate: Slate User Destroyed.  User Index 0, Is Virtual User: 0
[2022.11.09-23.49.12:723][426]LogModuleManager: Shutting down and abandoning module OpenXREyeTracker (104)
[2022.11.09-23.49.12:723][426]LogModuleManager: Shutting down and abandoning module OpenXRAR (102)
[2022.11.09-23.49.12:723][426]LogModuleManager: Shutting down and abandoning module AugmentedReality (101)
[2022.11.09-23.49.12:723][426]LogModuleManager: Shutting down and abandoning module OpenXRHMD (98)
[2022.11.09-23.49.12:723][426]LogModuleManager: Shutting down and abandoning module OnlineBlueprintSupport (96)
[2022.11.09-23.49.12:723][426]LogModuleManager: Shutting down and abandoning module OnlineSubsystem (92)
[2022.11.09-23.49.12:724][426]LogModuleManager: Shutting down and abandoning module XMPP (87)
[2022.11.09-23.49.12:724][426]LogModuleManager: Shutting down and abandoning module WebSockets (86)
[2022.11.09-23.49.12:732][426]LogModuleManager: Shutting down and abandoning module HTTP (83)
[2022.11.09-23.49.12:733][426]LogHttp: Display: cleaning up 0 outstanding Http requests.
[2022.11.09-23.49.12:765][426]LogModuleManager: Shutting down and abandoning module SSL (82)
[2022.11.09-23.49.12:766][426]LogModuleManager: Shutting down and abandoning module ChunkDownloader (78)
[2022.11.09-23.49.12:767][426]LogModuleManager: Shutting down and abandoning module ExampleDeviceProfileSelector (76)
[2022.11.09-23.49.12:767][426]LogModuleManager: Shutting down and abandoning module LauncherChunkInstaller (74)
[2022.11.09-23.49.12:767][426]LogModuleManager: Shutting down and abandoning module WmfMedia (72)
[2022.11.09-23.49.12:768][426]LogModuleManager: Shutting down and abandoning module Media (71)
[2022.11.09-23.49.12:769][426]LogModuleManager: Shutting down and abandoning module MediaInfo (70)
[2022.11.09-23.49.12:769][426]LogModuleManager: Shutting down and abandoning module ExrReaderGpu (66)
[2022.11.09-23.49.12:769][426]LogModuleManager: Shutting down and abandoning module MLSDK (64)
[2022.11.09-23.49.12:769][426]LogModuleManager: Shutting down and abandoning module MagicLeap (62)
[2022.11.09-23.49.12:769][426]LogModuleManager: Shutting down and abandoning module ChaosCloth (60)
[2022.11.09-23.49.12:769][426]LogModuleManager: Shutting down and abandoning module NiagaraVertexFactories (58)
[2022.11.09-23.49.12:769][426]LogModuleManager: Shutting down and abandoning module NiagaraShader (56)
[2022.11.09-23.49.12:769][426]LogModuleManager: Shutting down and abandoning module VariantManagerContent (54)
[2022.11.09-23.49.12:769][426]LogModuleManager: Shutting down and abandoning module DatasmithContent (52)
[2022.11.09-23.49.12:770][426]LogModuleManager: Shutting down and abandoning module PixWinPlugin (50)
[2022.11.09-23.49.12:770][426]LogModuleManager: Shutting down and abandoning module DesktopPlatform (48)
[2022.11.09-23.49.12:770][426]LogModuleManager: Shutting down and abandoning module PythonScriptPluginPreload (46)
[2022.11.09-23.49.12:770][426]LogModuleManager: Shutting down and abandoning module PlatformCryptoOpenSSL (44)
[2022.11.09-23.49.12:770][426]LogModuleManager: Shutting down and abandoning module PlatformCryptoTypes (42)
[2022.11.09-23.49.12:770][426]LogModuleManager: Shutting down and abandoning module PlatformCrypto (40)
[2022.11.09-23.49.12:770][426]LogModuleManager: Shutting down and abandoning module OodleDataCompressionFormat (38)
[2022.11.09-23.49.12:770][426]LogModuleManager: Shutting down and abandoning module XGEController (36)
[2022.11.09-23.49.12:770][426]LogModuleManager: Shutting down and abandoning module AnimationModifiers (34)
[2022.11.09-23.49.12:770][426]LogModuleManager: Shutting down and abandoning module AudioEditor (32)
[2022.11.09-23.49.12:770][426]LogModuleManager: Shutting down and abandoning module PropertyEditor (31)
[2022.11.09-23.49.12:770][426]LogModuleManager: Shutting down and abandoning module TextureCompressor (28)
[2022.11.09-23.49.12:770][426]LogModuleManager: Shutting down and abandoning module RenderCore (26)
[2022.11.09-23.49.12:770][426]LogModuleManager: Shutting down and abandoning module Landscape (24)
[2022.11.09-23.49.12:770][426]LogModuleManager: Shutting down and abandoning module SlateRHIRenderer (22)
[2022.11.09-23.49.12:770][426]LogModuleManager: Shutting down and abandoning module AnimGraphRuntime (20)
[2022.11.09-23.49.12:771][426]LogModuleManager: Shutting down and abandoning module Renderer (18)
[2022.11.09-23.49.12:771][426]LogModuleManager: Shutting down and abandoning module Engine (16)
[2022.11.09-23.49.12:771][426]LogModuleManager: Shutting down and abandoning module CoreUObject (14)
[2022.11.09-23.49.12:771][426]LogModuleManager: Shutting down and abandoning module NetworkFile (12)
[2022.11.09-23.49.12:771][426]LogModuleManager: Shutting down and abandoning module CookedIterativeFile (10)
[2022.11.09-23.49.12:771][426]LogModuleManager: Shutting down and abandoning module StreamingFile (8)
[2022.11.09-23.49.12:771][426]LogModuleManager: Shutting down and abandoning module SandboxFile (6)
[2022.11.09-23.49.12:771][426]LogModuleManager: Shutting down and abandoning module PakFile (4)
[2022.11.09-23.49.12:771][426]LogModuleManager: Shutting down and abandoning module RSA (3)
[2022.11.09-23.49.13:193][426]LogContentStreaming: Display: There are 1 unreleased StreamingManagers
[2022.11.09-23.49.13:211][426]LogD3D11RHI: Shutdown
[2022.11.09-23.49.13:211][426]LogD3D11RHI: CleanupD3DDevice
[2022.11.09-23.49.13:212][426]LogExit: Exiting.
[2022.11.09-23.49.13:232][426]Log file closed, 11/09/22 18:49:13
