Log file open, 04/26/23 13:59:02
LogWindows: Failed to load 'aqProf.dll' (GetLastError=126)
LogWindows: File 'aqProf.dll' does not exist
LogWindows: Failed to load 'VtuneApi.dll' (GetLastError=126)
LogWindows: File 'VtuneApi.dll' does not exist
LogWindows: Failed to load 'VtuneApi32e.dll' (GetLastError=126)
LogWindows: File 'VtuneApi32e.dll' does not exist
LogConsoleResponse: Display: Failed to find resolution value strings in scalability ini. Falling back to default.
LogConsoleResponse: Display: Failed to find resolution value strings in scalability ini. Falling back to default.
LogInit: Display: Running engine for game: CapstoneProject_HJV
LogPlatformFile: Not using cached read wrapper
LogTaskGraph: Started task graph with 5 named threads and 47 total threads with 3 sets of task threads.
LogStats: Stats thread started at 0.296811
LogICUInternationalization: ICU TimeZone Detection - Raw Offset: -5:00, Platform Override: ''
LogInit: Display: Loading text-based GConfig....
LogPluginManager: Mounting plugin MeshPainting
LogPluginManager: Mounting plugin XGEController
LogPluginManager: Mounting plugin Paper2D
LogPluginManager: Mounting plugin AnimationSharing
LogPluginManager: Mounting plugin LiveLink
LogPluginManager: Mounting plugin LightPropagationVolume
LogPluginManager: Mounting plugin OodleNetwork
LogPluginManager: Mounting plugin GameplayCameras
LogPluginManager: Mounting plugin OodleData
LogPluginManager: Mounting plugin CodeLiteSourceCodeAccess
LogPluginManager: Mounting plugin CLionSourceCodeAccess
LogPluginManager: Mounting plugin KDevelopSourceCodeAccess
LogPluginManager: Mounting plugin CameraShakePreviewer
LogPluginManager: Mounting plugin GitSourceControl
LogPluginManager: Mounting plugin NullSourceCodeAccess
LogPluginManager: Mounting plugin PixWinPlugin
LogPluginManager: Mounting plugin PerforceSourceControl
LogPluginManager: Mounting plugin PluginUtils
LogPluginManager: Mounting plugin PropertyAccessNode
LogPluginManager: Mounting plugin PlasticSourceControl
LogPluginManager: Mounting plugin RiderSourceCodeAccess
LogPluginManager: Mounting plugin SubversionSourceControl
LogPluginManager: Mounting plugin TextureFormatOodle
LogPluginManager: Mounting plugin UObjectPlugin
LogPluginManager: Mounting plugin XCodeSourceCodeAccess
LogPluginManager: Mounting plugin VisualStudioCodeSourceCodeAccess
LogPluginManager: Mounting plugin VisualStudioSourceCodeAccess
LogPluginManager: Mounting plugin Niagara
LogPluginManager: Mounting plugin LuminPlatformFeatures
LogPluginManager: Mounting plugin MagicLeap
LogPluginManager: Mounting plugin MagicLeapLightEstimation
LogPluginManager: Mounting plugin AlembicImporter
LogPluginManager: Mounting plugin MagicLeapMedia
LogPluginManager: Mounting plugin AutomationUtils
LogPluginManager: Mounting plugin CPathfinding
LogPluginManager: Mounting plugin MagicLeapPassableWorld
LogPluginManager: Mounting plugin BackChannel
LogPluginManager: Mounting plugin ChaosCloth
LogPluginManager: Mounting plugin ChaosClothEditor
LogPluginManager: Mounting plugin ChaosEditor
LogPluginManager: Mounting plugin ChaosSolverPlugin
LogPluginManager: Mounting plugin MLSDK
LogPluginManager: Mounting plugin CharacterAI
LogPluginManager: Mounting plugin ChaosNiagara
LogPluginManager: Mounting plugin GeometryCache
LogPluginManager: Mounting plugin GeometryCollectionPlugin
LogPluginManager: Mounting plugin GeometryProcessing
LogPluginManager: Mounting plugin AndroidMedia
LogPluginManager: Mounting plugin MotoSynth
LogPluginManager: Mounting plugin OpenImageDenoise
LogPluginManager: Mounting plugin AvfMedia
LogPluginManager: Mounting plugin PlanarCut
LogPluginManager: Mounting plugin PlatformCrypto
LogPluginManager: Mounting plugin PythonScriptPlugin
LogPluginManager: Mounting plugin ProxyLODPlugin
LogPluginManager: Mounting plugin SkeletalReduction
LogPluginManager: Mounting plugin ImgMedia
LogPluginManager: Mounting plugin MediaCompositing
LogPluginManager: Mounting plugin TcpMessaging
LogPluginManager: Mounting plugin UdpMessaging
LogPluginManager: Mounting plugin MediaPlayerEditor
LogPluginManager: Mounting plugin WebMMedia
LogPluginManager: Mounting plugin WmfMedia
LogPluginManager: Mounting plugin ActorSequence
LogPluginManager: Mounting plugin LevelSequenceEditor
LogPluginManager: Mounting plugin MatineeToLevelSequence
LogPluginManager: Mounting plugin TemplateSequence
LogPluginManager: Mounting plugin OnlineSubsystem
LogPluginManager: Mounting plugin OnlineSubsystemNull
LogPluginManager: Mounting plugin OnlineSubsystemUtils
LogPluginManager: Mounting plugin ActorLayerUtilities
LogPluginManager: Mounting plugin LauncherChunkInstaller
LogPluginManager: Mounting plugin AndroidDeviceProfileSelector
LogPluginManager: Mounting plugin AndroidMoviePlayer
LogPluginManager: Mounting plugin AndroidPermission
LogPluginManager: Mounting plugin ApexDestruction
LogPluginManager: Mounting plugin AppleImageUtils
LogPluginManager: Mounting plugin AppleMoviePlayer
LogPluginManager: Mounting plugin AssetTags
LogPluginManager: Mounting plugin ArchVisCharacter
LogPluginManager: Mounting plugin AudioCapture
LogPluginManager: Mounting plugin AudioSynesthesia
LogPluginManager: Mounting plugin CableComponent
LogPluginManager: Mounting plugin CustomMeshComponent
LogPluginManager: Mounting plugin ChunkDownloader
LogPluginManager: Mounting plugin EditableMesh
LogPluginManager: Mounting plugin ExampleDeviceProfileSelector
LogPluginManager: Mounting plugin GoogleCloudMessaging
LogPluginManager: Mounting plugin GooglePAD
LogPluginManager: Mounting plugin IOSDeviceProfileSelector
LogPluginManager: Mounting plugin LinuxDeviceProfileSelector
LogPluginManager: Mounting plugin LocationServicesBPLibrary
LogPluginManager: Mounting plugin MobilePatchingUtils
LogPluginManager: Mounting plugin OpenXR
LogPluginManager: Mounting plugin OpenXREyeTracker
LogPluginManager: Mounting plugin OpenXRHandTracking
LogPluginManager: Mounting plugin PhysXVehicles
LogPluginManager: Mounting plugin ScreenshotTools
LogPluginManager: Mounting plugin PostSplashScreen
LogPluginManager: Mounting plugin Takes
LogPluginManager: Mounting plugin ProceduralMeshComponent
LogPluginManager: Mounting plugin PropertyAccessEditor
LogPluginManager: Mounting plugin RuntimePhysXCooking
LogPluginManager: Mounting plugin SignificanceManager
LogPluginManager: Mounting plugin SoundFields
LogPluginManager: Mounting plugin Synthesis
LogPluginManager: Mounting plugin WebMMoviePlayer
LogPluginManager: Mounting plugin AISupport
LogPluginManager: Mounting plugin DatasmithContent
LogPluginManager: Mounting plugin VariantManagerContent
LogPluginManager: Mounting plugin WindowsMoviePlayer
LogPluginManager: Mounting plugin EnvironmentQueryEditor
LogPluginManager: Mounting plugin AssetManagerEditor
LogPluginManager: Mounting plugin CurveEditorTools
LogPluginManager: Mounting plugin CryptoKeys
LogPluginManager: Mounting plugin DataValidation
LogPluginManager: Mounting plugin GameplayTagsEditor
LogPluginManager: Mounting plugin GeometryMode
LogPluginManager: Mounting plugin MacGraphicsSwitching
LogPluginManager: Mounting plugin FacialAnimation
LogPluginManager: Mounting plugin MaterialAnalyzer
LogPluginManager: Mounting plugin MobileLauncherProfileWizard
LogPluginManager: Mounting plugin PluginBrowser
LogPluginManager: Mounting plugin SpeedTreeImporter
LogPluginManager: Mounting plugin OnlineSubsystemGooglePlay
LogPluginManager: Mounting plugin OnlineSubsystemIOS
LogPluginManager: Mounting plugin OculusVR
LogPluginManager: Mounting plugin SteamVR
LogPluginManager: Mounting plugin ContentBrowserClassDataSource
LogPluginManager: Mounting plugin ContentBrowserAssetDataSource
LogPluginManager: Mounting plugin ContentBrowserFileDataSource
PixWinPlugin: PIX capture plugin failed to initialize! Check that the process is launched from PIX.
LogInit: Using libcurl 7.55.1-DEV
LogInit:  - built for x86_64-pc-win32
LogInit:  - supports SSL with OpenSSL/1.1.1
LogInit:  - supports HTTP deflate (compression) using libz 1.2.8
LogInit:  - other features:
LogInit:      CURL_VERSION_SSL
LogInit:      CURL_VERSION_LIBZ
LogInit:      CURL_VERSION_IPV6
LogInit:      CURL_VERSION_ASYNCHDNS
LogInit:      CURL_VERSION_LARGEFILE
LogInit:      CURL_VERSION_IDN
LogInit:  CurlRequestOptions (configurable via config and command line):
LogInit:  - bVerifyPeer = true  - Libcurl will verify peer certificate
LogInit:  - bUseHttpProxy = false  - Libcurl will NOT use HTTP proxy
LogInit:  - bDontReuseConnections = false  - Libcurl will reuse connections
LogInit:  - MaxHostConnections = 16  - Libcurl will limit the number of connections to a host
LogInit:  - LocalHostAddr = Default
LogInit:  - BufferSize = 65536
LogOnline: OSS: Creating online subsystem instance for: NULL
LogInit: WinSock: version 1.1 (2.2), MaxSocks=32767, MaxUdp=65467
LogOnline: OSS: TryLoadSubsystemAndSetDefault: Loaded subsystem for module [NULL]
LogOculusPluginWrapper: OculusPlugin initialized successfully
LogHMD: Failed initializing OVRPlugin 1.59.0
LogInit: Build: ++UE4+Release-4.27-CL-18319896
LogInit: Engine Version: 4.27.2-18319896+++UE4+Release-4.27
LogInit: Compatible Engine Version: 4.27.0-17155196+++UE4+Release-4.27
LogInit: Net CL: 17155196
LogInit: OS: Windows 10 (Release 2009) (), CPU: AMD Ryzen 7 2700 Eight-Core Processor          , GPU: NVIDIA GeForce GTX 1060 3GB
LogInit: Compiled (64-bit): Nov 30 2021 07:12:08
LogInit: Compiled with Visual C++: 19.24.28315.00
LogInit: Build Configuration: Development
LogInit: Branch Name: ++UE4+Release-4.27
LogInit: Command Line:  /Game/Levels/Opening_Screen -game -PIEVIACONSOLE -Multiprocess "GameUserSettingsINI=E:/School/DAGD 499/CapstoneProject/CapstoneProject_HJV/Saved/Config/Windows/PIEGameUserSettings0.ini" -MultiprocessSaveConfig -forcepassthrough -messaging -SessionName="Play in Standalone Game" -windowed -WinX=0 -WinY=24 SAVEWINPOS=1 -ResX=1910 -ResY=1006
LogInit: Base Directory: E:/Epic Games/UE_4.27/Engine/Binaries/Win64/
LogInit: Allocator: TBB
LogInit: Installed Engine Build: 1
LogDevObjectVersion: Number of dev versions registered: 29
LogDevObjectVersion:   Dev-Blueprints (B0D832E4-1F89-4F0D-ACCF-7EB736FD4AA2): 10
LogDevObjectVersion:   Dev-Build (E1C64328-A22C-4D53-A36C-8E866417BD8C): 0
LogDevObjectVersion:   Dev-Core (375EC13C-06E4-48FB-B500-84F0262A717E): 4
LogDevObjectVersion:   Dev-Editor (E4B068ED-F494-42E9-A231-DA0B2E46BB41): 40
LogDevObjectVersion:   Dev-Framework (CFFC743F-43B0-4480-9391-14DF171D2073): 37
LogDevObjectVersion:   Dev-Mobile (B02B49B5-BB20-44E9-A304-32B752E40360): 3
LogDevObjectVersion:   Dev-Networking (A4E4105C-59A1-49B5-A7C5-40C4547EDFEE): 0
LogDevObjectVersion:   Dev-Online (39C831C9-5AE6-47DC-9A44-9C173E1C8E7C): 0
LogDevObjectVersion:   Dev-Physics (78F01B33-EBEA-4F98-B9B4-84EACCB95AA2): 14
LogDevObjectVersion:   Dev-Platform (6631380F-2D4D-43E0-8009-CF276956A95A): 0
LogDevObjectVersion:   Dev-Rendering (12F88B9F-8875-4AFC-A67C-D90C383ABD29): 45
LogDevObjectVersion:   Dev-Sequencer (7B5AE74C-D270-4C10-A958-57980B212A5A): 13
LogDevObjectVersion:   Dev-VR (D7296918-1DD6-4BDD-9DE2-64A83CC13884): 3
LogDevObjectVersion:   Dev-LoadTimes (C2A15278-BFE7-4AFE-6C17-90FF531DF755): 1
LogDevObjectVersion:   Private-Geometry (6EACA3D4-40EC-4CC1-B786-8BED09428FC5): 3
LogDevObjectVersion:   Dev-AnimPhys (29E575DD-E0A3-4627-9D10-D276232CDCEA): 17
LogDevObjectVersion:   Dev-Anim (AF43A65D-7FD3-4947-9873-3E8ED9C1BB05): 15
LogDevObjectVersion:   Dev-ReflectionCapture (6B266CEC-1EC7-4B8F-A30B-E4D90942FC07): 1
LogDevObjectVersion:   Dev-Automation (0DF73D61-A23F-47EA-B727-89E90C41499A): 1
LogDevObjectVersion:   FortniteMain (601D1886-AC64-4F84-AA16-D3DE0DEAC7D6): 47
LogDevObjectVersion:   FortniteRelease (E7086368-6B23-4C58-8439-1B7016265E91): 1
LogDevObjectVersion:   Dev-Enterprise (9DFFBCD6-494F-0158-E221-12823C92A888): 10
LogDevObjectVersion:   Dev-Niagara (F2AED0AC-9AFE-416F-8664-AA7FFA26D6FC): 1
LogDevObjectVersion:   Dev-Destruction (174F1F0B-B4C6-45A5-B13F-2EE8D0FB917D): 10
LogDevObjectVersion:   Dev-Physics-Ext (35F94A83-E258-406C-A318-09F59610247C): 41
LogDevObjectVersion:   Dev-PhysicsMaterial-Chaos (B68FC16E-8B1B-42E2-B453-215C058844FE): 1
LogDevObjectVersion:   Dev-CineCamera (B2E18506-4273-CFC2-A54E-F4BB758BBA07): 1
LogDevObjectVersion:   Dev-VirtualProduction (64F58936-FD1B-42BA-BA96-7289D5D0FA4E): 1
LogDevObjectVersion:   Dev-MediaFramework (6F0ED827-A609-4895-9C91-998D90180EA4): 2
LogInit: Presizing for max 25165824 objects, including 0 objects not considered by GC, pre-allocating 0 bytes for permanent pool.
LogConfig: Applying CVar settings from Section [/Script/Engine.StreamingSettings] File [E:/School/DAGD 499/CapstoneProject/CapstoneProject_HJV/Saved/Config/Windows/Engine.ini]
LogConfig: Setting CVar [[s.MinBulkDataSizeForAsyncLoading:131072]]
LogConfig: Setting CVar [[s.AsyncLoadingThreadEnabled:0]]
LogConfig: Setting CVar [[s.EventDrivenLoaderEnabled:1]]
LogConfig: Setting CVar [[s.WarnIfTimeLimitExceeded:0]]
LogConfig: Setting CVar [[s.TimeLimitExceededMultiplier:1.5]]
LogConfig: Setting CVar [[s.TimeLimitExceededMinTime:0.005]]
LogConfig: Setting CVar [[s.UseBackgroundLevelStreaming:1]]
LogConfig: Setting CVar [[s.PriorityAsyncLoadingExtraTime:15.0]]
LogConfig: Setting CVar [[s.LevelStreamingActorsUpdateTimeLimit:5.0]]
LogConfig: Setting CVar [[s.PriorityLevelStreamingActorsUpdateExtraTime:5.0]]
LogConfig: Setting CVar [[s.LevelStreamingComponentsRegistrationGranularity:10]]
LogConfig: Setting CVar [[s.UnregisterComponentsTimeLimit:1.0]]
LogConfig: Setting CVar [[s.LevelStreamingComponentsUnregistrationGranularity:5]]
LogConfig: Setting CVar [[s.FlushStreamingOnExit:1]]
LogInit: Object subsystem initialized
LogConfig: Setting CVar [[con.DebugEarlyDefault:1]]
LogConfig: Setting CVar [[r.setres:1280x720]]
[2023.04.26-17.59.03:402][  0]LogConfig: Setting CVar [[con.DebugEarlyDefault:1]]
[2023.04.26-17.59.03:402][  0]LogConfig: Setting CVar [[r.setres:1280x720]]
[2023.04.26-17.59.03:402][  0]LogConfig: Applying CVar settings from Section [/Script/Engine.RendererSettings] File [E:/School/DAGD 499/CapstoneProject/CapstoneProject_HJV/Saved/Config/Windows/Engine.ini]
[2023.04.26-17.59.03:402][  0]LogConfig: Setting CVar [[r.GPUCrashDebugging:0]]
[2023.04.26-17.59.03:402][  0]LogConfig: Applying CVar settings from Section [/Script/Engine.RendererOverrideSettings] File [E:/School/DAGD 499/CapstoneProject/CapstoneProject_HJV/Saved/Config/Windows/Engine.ini]
[2023.04.26-17.59.03:402][  0]LogConfig: Applying CVar settings from Section [/Script/Engine.StreamingSettings] File [E:/School/DAGD 499/CapstoneProject/CapstoneProject_HJV/Saved/Config/Windows/Engine.ini]
[2023.04.26-17.59.03:402][  0]LogConfig: Setting CVar [[s.MinBulkDataSizeForAsyncLoading:131072]]
[2023.04.26-17.59.03:402][  0]LogConfig: Setting CVar [[s.AsyncLoadingThreadEnabled:0]]
[2023.04.26-17.59.03:403][  0]LogConfig: Setting CVar [[s.EventDrivenLoaderEnabled:1]]
[2023.04.26-17.59.03:403][  0]LogConfig: Setting CVar [[s.WarnIfTimeLimitExceeded:0]]
[2023.04.26-17.59.03:403][  0]LogConfig: Setting CVar [[s.TimeLimitExceededMultiplier:1.5]]
[2023.04.26-17.59.03:403][  0]LogConfig: Setting CVar [[s.TimeLimitExceededMinTime:0.005]]
[2023.04.26-17.59.03:403][  0]LogConfig: Setting CVar [[s.UseBackgroundLevelStreaming:1]]
[2023.04.26-17.59.03:403][  0]LogConfig: Setting CVar [[s.PriorityAsyncLoadingExtraTime:15.0]]
[2023.04.26-17.59.03:403][  0]LogConfig: Setting CVar [[s.LevelStreamingActorsUpdateTimeLimit:5.0]]
[2023.04.26-17.59.03:403][  0]LogConfig: Setting CVar [[s.PriorityLevelStreamingActorsUpdateExtraTime:5.0]]
[2023.04.26-17.59.03:403][  0]LogConfig: Setting CVar [[s.LevelStreamingComponentsRegistrationGranularity:10]]
[2023.04.26-17.59.03:403][  0]LogConfig: Setting CVar [[s.UnregisterComponentsTimeLimit:1.0]]
[2023.04.26-17.59.03:403][  0]LogConfig: Setting CVar [[s.LevelStreamingComponentsUnregistrationGranularity:5]]
[2023.04.26-17.59.03:403][  0]LogConfig: Setting CVar [[s.FlushStreamingOnExit:1]]
[2023.04.26-17.59.03:403][  0]LogConfig: Applying CVar settings from Section [/Script/Engine.GarbageCollectionSettings] File [E:/School/DAGD 499/CapstoneProject/CapstoneProject_HJV/Saved/Config/Windows/Engine.ini]
[2023.04.26-17.59.03:403][  0]LogConfig: Setting CVar [[gc.MaxObjectsNotConsideredByGC:1]]
[2023.04.26-17.59.03:403][  0]LogConfig: Setting CVar [[gc.SizeOfPermanentObjectPool:0]]
[2023.04.26-17.59.03:403][  0]LogConfig: Setting CVar [[gc.FlushStreamingOnGC:0]]
[2023.04.26-17.59.03:403][  0]LogConfig: Setting CVar [[gc.NumRetriesBeforeForcingGC:10]]
[2023.04.26-17.59.03:403][  0]LogConfig: Setting CVar [[gc.AllowParallelGC:1]]
[2023.04.26-17.59.03:403][  0]LogConfig: Setting CVar [[gc.TimeBetweenPurgingPendingKillObjects:61.1]]
[2023.04.26-17.59.03:403][  0]LogConfig: Setting CVar [[gc.MaxObjectsInEditor:25165824]]
[2023.04.26-17.59.03:403][  0]LogConfig: Setting CVar [[gc.IncrementalBeginDestroyEnabled:1]]
[2023.04.26-17.59.03:403][  0]LogConfig: Setting CVar [[gc.CreateGCClusters:1]]
[2023.04.26-17.59.03:403][  0]LogConfig: Setting CVar [[gc.MinGCClusterSize:5]]
[2023.04.26-17.59.03:403][  0]LogConfig: Setting CVar [[gc.ActorClusteringEnabled:0]]
[2023.04.26-17.59.03:403][  0]LogConfig: Setting CVar [[gc.BlueprintClusteringEnabled:0]]
[2023.04.26-17.59.03:403][  0]LogConfig: Setting CVar [[gc.UseDisregardForGCOnDedicatedServers:0]]
[2023.04.26-17.59.03:403][  0]LogConfig: Setting CVar [[gc.MultithreadedDestructionEnabled:1]]
[2023.04.26-17.59.03:403][  0]LogConfig: Applying CVar settings from Section [/Script/Engine.NetworkSettings] File [E:/School/DAGD 499/CapstoneProject/CapstoneProject_HJV/Saved/Config/Windows/Engine.ini]
[2023.04.26-17.59.03:403][  0]LogConfig: Applying CVar settings from Section [/Script/UnrealEd.CookerSettings] File [E:/School/DAGD 499/CapstoneProject/CapstoneProject_HJV/Saved/Config/Windows/Engine.ini]
[2023.04.26-17.59.03:419][  0]LogConfig: Applying CVar settings from Section [ViewDistanceQuality@3] File [E:/School/DAGD 499/CapstoneProject/CapstoneProject_HJV/Saved/Config/Windows/Scalability.ini]
[2023.04.26-17.59.03:419][  0]LogConfig: Setting CVar [[r.SkeletalMeshLODBias:0]]
[2023.04.26-17.59.03:419][  0]LogConfig: Setting CVar [[r.ViewDistanceScale:1.0]]
[2023.04.26-17.59.03:419][  0]LogConfig: Applying CVar settings from Section [AntiAliasingQuality@3] File [E:/School/DAGD 499/CapstoneProject/CapstoneProject_HJV/Saved/Config/Windows/Scalability.ini]
[2023.04.26-17.59.03:419][  0]LogConfig: Setting CVar [[r.PostProcessAAQuality:4]]
[2023.04.26-17.59.03:419][  0]LogConfig: Applying CVar settings from Section [ShadowQuality@3] File [E:/School/DAGD 499/CapstoneProject/CapstoneProject_HJV/Saved/Config/Windows/Scalability.ini]
[2023.04.26-17.59.03:419][  0]LogConfig: Setting CVar [[r.LightFunctionQuality:1]]
[2023.04.26-17.59.03:419][  0]LogConfig: Setting CVar [[r.ShadowQuality:5]]
[2023.04.26-17.59.03:419][  0]LogConfig: Setting CVar [[r.Shadow.CSM.MaxCascades:10]]
[2023.04.26-17.59.03:419][  0]LogConfig: Setting CVar [[r.Shadow.MaxResolution:2048]]
[2023.04.26-17.59.03:419][  0]LogConfig: Setting CVar [[r.Shadow.MaxCSMResolution:2048]]
[2023.04.26-17.59.03:419][  0]LogConfig: Setting CVar [[r.Shadow.RadiusThreshold:0.01]]
[2023.04.26-17.59.03:419][  0]LogConfig: Setting CVar [[r.Shadow.DistanceScale:1.0]]
[2023.04.26-17.59.03:419][  0]LogConfig: Setting CVar [[r.Shadow.CSM.TransitionScale:1.0]]
[2023.04.26-17.59.03:419][  0]LogConfig: Setting CVar [[r.Shadow.PreShadowResolutionFactor:1.0]]
[2023.04.26-17.59.03:419][  0]LogConfig: Setting CVar [[r.DistanceFieldShadowing:1]]
[2023.04.26-17.59.03:419][  0]LogConfig: Setting CVar [[r.DistanceFieldAO:1]]
[2023.04.26-17.59.03:419][  0]LogConfig: Setting CVar [[r.AOQuality:2]]
[2023.04.26-17.59.03:419][  0]LogConfig: Setting CVar [[r.VolumetricFog:1]]
[2023.04.26-17.59.03:419][  0]LogConfig: Setting CVar [[r.VolumetricFog.GridPixelSize:8]]
[2023.04.26-17.59.03:419][  0]LogConfig: Setting CVar [[r.VolumetricFog.GridSizeZ:128]]
[2023.04.26-17.59.03:419][  0]LogConfig: Setting CVar [[r.VolumetricFog.HistoryMissSupersampleCount:4]]
[2023.04.26-17.59.03:420][  0]LogConfig: Setting CVar [[r.LightMaxDrawDistanceScale:1]]
[2023.04.26-17.59.03:420][  0]LogConfig: Setting CVar [[r.CapsuleShadows:1]]
[2023.04.26-17.59.03:420][  0]LogConfig: Applying CVar settings from Section [PostProcessQuality@3] File [E:/School/DAGD 499/CapstoneProject/CapstoneProject_HJV/Saved/Config/Windows/Scalability.ini]
[2023.04.26-17.59.03:420][  0]LogConfig: Setting CVar [[r.MotionBlurQuality:4]]
[2023.04.26-17.59.03:420][  0]LogConfig: Setting CVar [[r.AmbientOcclusionMipLevelFactor:0.4]]
[2023.04.26-17.59.03:420][  0]LogConfig: Setting CVar [[r.AmbientOcclusionMaxQuality:100]]
[2023.04.26-17.59.03:420][  0]LogConfig: Setting CVar [[r.AmbientOcclusionLevels:-1]]
[2023.04.26-17.59.03:420][  0]LogConfig: Setting CVar [[r.AmbientOcclusionRadiusScale:1.0]]
[2023.04.26-17.59.03:420][  0]LogConfig: Setting CVar [[r.DepthOfFieldQuality:2]]
[2023.04.26-17.59.03:420][  0]LogConfig: Setting CVar [[r.RenderTargetPoolMin:400]]
[2023.04.26-17.59.03:420][  0]LogConfig: Setting CVar [[r.LensFlareQuality:2]]
[2023.04.26-17.59.03:420][  0]LogConfig: Setting CVar [[r.SceneColorFringeQuality:1]]
[2023.04.26-17.59.03:420][  0]LogConfig: Setting CVar [[r.EyeAdaptationQuality:2]]
[2023.04.26-17.59.03:420][  0]LogConfig: Setting CVar [[r.BloomQuality:5]]
[2023.04.26-17.59.03:420][  0]LogConfig: Setting CVar [[r.FastBlurThreshold:100]]
[2023.04.26-17.59.03:420][  0]LogConfig: Setting CVar [[r.Upscale.Quality:3]]
[2023.04.26-17.59.03:420][  0]LogConfig: Setting CVar [[r.Tonemapper.GrainQuantization:1]]
[2023.04.26-17.59.03:420][  0]LogConfig: Setting CVar [[r.LightShaftQuality:1]]
[2023.04.26-17.59.03:420][  0]LogConfig: Setting CVar [[r.Filter.SizeScale:1]]
[2023.04.26-17.59.03:420][  0]LogConfig: Setting CVar [[r.Tonemapper.Quality:5]]
[2023.04.26-17.59.03:420][  0]LogConfig: Setting CVar [[r.DOF.Gather.AccumulatorQuality:1        ; higher gathering accumulator quality]]
[2023.04.26-17.59.03:420][  0]LogConfig: Setting CVar [[r.DOF.Gather.PostfilterMethod:1          ; Median3x3 postfilering method]]
[2023.04.26-17.59.03:420][  0]LogConfig: Setting CVar [[r.DOF.Gather.EnableBokehSettings:0       ; no bokeh simulation when gathering]]
[2023.04.26-17.59.03:420][  0]LogConfig: Setting CVar [[r.DOF.Gather.RingCount:4                 ; medium number of samples when gathering]]
[2023.04.26-17.59.03:420][  0]LogConfig: Setting CVar [[r.DOF.Scatter.ForegroundCompositing:1    ; additive foreground scattering]]
[2023.04.26-17.59.03:420][  0]LogConfig: Setting CVar [[r.DOF.Scatter.BackgroundCompositing:2    ; additive background scattering]]
[2023.04.26-17.59.03:420][  0]LogConfig: Setting CVar [[r.DOF.Scatter.EnableBokehSettings:1      ; bokeh simulation when scattering]]
[2023.04.26-17.59.03:420][  0]LogConfig: Setting CVar [[r.DOF.Scatter.MaxSpriteRatio:0.1         ; only a maximum of 10% of scattered bokeh]]
[2023.04.26-17.59.03:420][  0]LogConfig: Setting CVar [[r.DOF.Recombine.Quality:1                ; cheap slight out of focus]]
[2023.04.26-17.59.03:420][  0]LogConfig: Setting CVar [[r.DOF.Recombine.EnableBokehSettings:0    ; no bokeh simulation on slight out of focus]]
[2023.04.26-17.59.03:420][  0]LogConfig: Setting CVar [[r.DOF.TemporalAAQuality:1                ; more stable temporal accumulation]]
[2023.04.26-17.59.03:420][  0]LogConfig: Setting CVar [[r.DOF.Kernel.MaxForegroundRadius:0.025]]
[2023.04.26-17.59.03:420][  0]LogConfig: Setting CVar [[r.DOF.Kernel.MaxBackgroundRadius:0.025]]
[2023.04.26-17.59.03:420][  0]LogConfig: Applying CVar settings from Section [TextureQuality@3] File [E:/School/DAGD 499/CapstoneProject/CapstoneProject_HJV/Saved/Config/Windows/Scalability.ini]
[2023.04.26-17.59.03:420][  0]LogConfig: Setting CVar [[r.Streaming.MipBias:0]]
[2023.04.26-17.59.03:420][  0]LogConfig: Setting CVar [[r.Streaming.AmortizeCPUToGPUCopy:0]]
[2023.04.26-17.59.03:420][  0]LogConfig: Setting CVar [[r.Streaming.MaxNumTexturesToStreamPerFrame:0]]
[2023.04.26-17.59.03:420][  0]LogConfig: Setting CVar [[r.Streaming.Boost:1]]
[2023.04.26-17.59.03:420][  0]LogConfig: Setting CVar [[r.MaxAnisotropy:8]]
[2023.04.26-17.59.03:420][  0]LogConfig: Setting CVar [[r.VT.MaxAnisotropy:8]]
[2023.04.26-17.59.03:420][  0]LogConfig: Setting CVar [[r.Streaming.LimitPoolSizeToVRAM:0]]
[2023.04.26-17.59.03:420][  0]LogConfig: Setting CVar [[r.Streaming.PoolSize:1000]]
[2023.04.26-17.59.03:420][  0]LogConfig: Setting CVar [[r.Streaming.MaxEffectiveScreenSize:0]]
[2023.04.26-17.59.03:420][  0]LogConfig: Applying CVar settings from Section [EffectsQuality@3] File [E:/School/DAGD 499/CapstoneProject/CapstoneProject_HJV/Saved/Config/Windows/Scalability.ini]
[2023.04.26-17.59.03:420][  0]LogConfig: Setting CVar [[r.TranslucencyLightingVolumeDim:64]]
[2023.04.26-17.59.03:420][  0]LogConfig: Setting CVar [[r.RefractionQuality:2]]
[2023.04.26-17.59.03:420][  0]LogConfig: Setting CVar [[r.SSR.Quality:3]]
[2023.04.26-17.59.03:420][  0]LogConfig: Setting CVar [[r.SSR.HalfResSceneColor:0]]
[2023.04.26-17.59.03:420][  0]LogConfig: Setting CVar [[r.SceneColorFormat:4]]
[2023.04.26-17.59.03:420][  0]LogConfig: Setting CVar [[r.DetailMode:2]]
[2023.04.26-17.59.03:420][  0]LogConfig: Setting CVar [[r.TranslucencyVolumeBlur:1]]
[2023.04.26-17.59.03:420][  0]LogConfig: Setting CVar [[r.MaterialQualityLevel:1 ; High quality]]
[2023.04.26-17.59.03:420][  0]LogConfig: Setting CVar [[r.AnisotropicMaterials:1]]
[2023.04.26-17.59.03:420][  0]LogConfig: Setting CVar [[r.SSS.Scale:1]]
[2023.04.26-17.59.03:420][  0]LogConfig: Setting CVar [[r.SSS.SampleSet:2]]
[2023.04.26-17.59.03:420][  0]LogConfig: Setting CVar [[r.SSS.Quality:1]]
[2023.04.26-17.59.03:420][  0]LogConfig: Setting CVar [[r.SSS.HalfRes:0]]
[2023.04.26-17.59.03:420][  0]LogConfig: Setting CVar [[r.SSGI.Quality:3]]
[2023.04.26-17.59.03:420][  0]LogConfig: Setting CVar [[r.EmitterSpawnRateScale:1.0]]
[2023.04.26-17.59.03:420][  0]LogConfig: Setting CVar [[r.ParticleLightQuality:2]]
[2023.04.26-17.59.03:420][  0]LogConfig: Setting CVar [[r.SkyAtmosphere.AerialPerspectiveLUT.FastApplyOnOpaque:1 ; Always have FastSkyLUT 1 in this case to avoid wrong sky]]
[2023.04.26-17.59.03:420][  0]LogConfig: Setting CVar [[r.SkyAtmosphere.AerialPerspectiveLUT.SampleCountMaxPerSlice:4]]
[2023.04.26-17.59.03:420][  0]LogConfig: Setting CVar [[r.SkyAtmosphere.AerialPerspectiveLUT.DepthResolution:16.0]]
[2023.04.26-17.59.03:420][  0]LogConfig: Setting CVar [[r.SkyAtmosphere.FastSkyLUT:1]]
[2023.04.26-17.59.03:420][  0]LogConfig: Setting CVar [[r.SkyAtmosphere.FastSkyLUT.SampleCountMin:4.0]]
[2023.04.26-17.59.03:420][  0]LogConfig: Setting CVar [[r.SkyAtmosphere.FastSkyLUT.SampleCountMax:128.0]]
[2023.04.26-17.59.03:420][  0]LogConfig: Setting CVar [[r.SkyAtmosphere.SampleCountMin:4.0]]
[2023.04.26-17.59.03:421][  0]LogConfig: Setting CVar [[r.SkyAtmosphere.SampleCountMax:128.0]]
[2023.04.26-17.59.03:421][  0]LogConfig: Setting CVar [[r.SkyAtmosphere.TransmittanceLUT.UseSmallFormat:0]]
[2023.04.26-17.59.03:421][  0]LogConfig: Setting CVar [[r.SkyAtmosphere.TransmittanceLUT.SampleCount:10.0]]
[2023.04.26-17.59.03:421][  0]LogConfig: Setting CVar [[r.SkyAtmosphere.MultiScatteringLUT.SampleCount:15.0]]
[2023.04.26-17.59.03:421][  0]LogConfig: Setting CVar [[r.SkyLight.RealTimeReflectionCapture:1]]
[2023.04.26-17.59.03:421][  0]LogConfig: Applying CVar settings from Section [FoliageQuality@3] File [E:/School/DAGD 499/CapstoneProject/CapstoneProject_HJV/Saved/Config/Windows/Scalability.ini]
[2023.04.26-17.59.03:421][  0]LogConfig: Setting CVar [[foliage.DensityScale:1.0]]
[2023.04.26-17.59.03:421][  0]LogConfig: Setting CVar [[grass.DensityScale:1.0]]
[2023.04.26-17.59.03:421][  0]LogConfig: Applying CVar settings from Section [ShadingQuality@3] File [E:/School/DAGD 499/CapstoneProject/CapstoneProject_HJV/Saved/Config/Windows/Scalability.ini]
[2023.04.26-17.59.03:421][  0]LogConfig: Setting CVar [[r.HairStrands.SkyLighting.IntegrationType:2]]
[2023.04.26-17.59.03:421][  0]LogConfig: Setting CVar [[r.HairStrands.SkyAO.SampleCount:4]]
[2023.04.26-17.59.03:421][  0]LogConfig: Setting CVar [[r.HairStrands.Visibility.MSAA.SamplePerPixel:4]]
[2023.04.26-17.59.03:421][  0]LogInit: Selected Device Profile: [Windows]
[2023.04.26-17.59.03:421][  0]LogInit: Applying CVar settings loaded from the selected device profile: [Windows]
[2023.04.26-17.59.03:421][  0]LogHAL: Display: Platform has ~ 24 GB [25697697792 / 34359738368 / 24], which maps to Larger [LargestMinGB=32, LargerMinGB=12, DefaultMinGB=8, SmallerMinGB=6, SmallestMinGB=0)
[2023.04.26-17.59.03:421][  0]LogInit: Going up to parent DeviceProfile []
[2023.04.26-17.59.03:421][  0]LogConfig: Applying CVar settings from Section [ViewDistanceQuality@3] File [E:/School/DAGD 499/CapstoneProject/CapstoneProject_HJV/Saved/Config/Windows/Scalability.ini]
[2023.04.26-17.59.03:421][  0]LogConfig: Setting CVar [[r.SkeletalMeshLODBias:0]]
[2023.04.26-17.59.03:421][  0]LogConfig: Setting CVar [[r.ViewDistanceScale:1.0]]
[2023.04.26-17.59.03:421][  0]LogConfig: Applying CVar settings from Section [AntiAliasingQuality@3] File [E:/School/DAGD 499/CapstoneProject/CapstoneProject_HJV/Saved/Config/Windows/Scalability.ini]
[2023.04.26-17.59.03:421][  0]LogConfig: Setting CVar [[r.PostProcessAAQuality:4]]
[2023.04.26-17.59.03:421][  0]LogConfig: Applying CVar settings from Section [ShadowQuality@3] File [E:/School/DAGD 499/CapstoneProject/CapstoneProject_HJV/Saved/Config/Windows/Scalability.ini]
[2023.04.26-17.59.03:421][  0]LogConfig: Setting CVar [[r.LightFunctionQuality:1]]
[2023.04.26-17.59.03:421][  0]LogConfig: Setting CVar [[r.ShadowQuality:5]]
[2023.04.26-17.59.03:421][  0]LogConfig: Setting CVar [[r.Shadow.CSM.MaxCascades:10]]
[2023.04.26-17.59.03:421][  0]LogConfig: Setting CVar [[r.Shadow.MaxResolution:2048]]
[2023.04.26-17.59.03:421][  0]LogConfig: Setting CVar [[r.Shadow.MaxCSMResolution:2048]]
[2023.04.26-17.59.03:421][  0]LogConfig: Setting CVar [[r.Shadow.RadiusThreshold:0.01]]
[2023.04.26-17.59.03:421][  0]LogConfig: Setting CVar [[r.Shadow.DistanceScale:1.0]]
[2023.04.26-17.59.03:421][  0]LogConfig: Setting CVar [[r.Shadow.CSM.TransitionScale:1.0]]
[2023.04.26-17.59.03:421][  0]LogConfig: Setting CVar [[r.Shadow.PreShadowResolutionFactor:1.0]]
[2023.04.26-17.59.03:421][  0]LogConfig: Setting CVar [[r.DistanceFieldShadowing:1]]
[2023.04.26-17.59.03:421][  0]LogConfig: Setting CVar [[r.DistanceFieldAO:1]]
[2023.04.26-17.59.03:421][  0]LogConfig: Setting CVar [[r.AOQuality:2]]
[2023.04.26-17.59.03:421][  0]LogConfig: Setting CVar [[r.VolumetricFog:1]]
[2023.04.26-17.59.03:421][  0]LogConfig: Setting CVar [[r.VolumetricFog.GridPixelSize:8]]
[2023.04.26-17.59.03:421][  0]LogConfig: Setting CVar [[r.VolumetricFog.GridSizeZ:128]]
[2023.04.26-17.59.03:421][  0]LogConfig: Setting CVar [[r.VolumetricFog.HistoryMissSupersampleCount:4]]
[2023.04.26-17.59.03:421][  0]LogConfig: Setting CVar [[r.LightMaxDrawDistanceScale:1]]
[2023.04.26-17.59.03:421][  0]LogConfig: Setting CVar [[r.CapsuleShadows:1]]
[2023.04.26-17.59.03:421][  0]LogConfig: Applying CVar settings from Section [PostProcessQuality@3] File [E:/School/DAGD 499/CapstoneProject/CapstoneProject_HJV/Saved/Config/Windows/Scalability.ini]
[2023.04.26-17.59.03:421][  0]LogConfig: Setting CVar [[r.MotionBlurQuality:4]]
[2023.04.26-17.59.03:421][  0]LogConfig: Setting CVar [[r.AmbientOcclusionMipLevelFactor:0.4]]
[2023.04.26-17.59.03:421][  0]LogConfig: Setting CVar [[r.AmbientOcclusionMaxQuality:100]]
[2023.04.26-17.59.03:421][  0]LogConfig: Setting CVar [[r.AmbientOcclusionLevels:-1]]
[2023.04.26-17.59.03:421][  0]LogConfig: Setting CVar [[r.AmbientOcclusionRadiusScale:1.0]]
[2023.04.26-17.59.03:421][  0]LogConfig: Setting CVar [[r.DepthOfFieldQuality:2]]
[2023.04.26-17.59.03:421][  0]LogConfig: Setting CVar [[r.RenderTargetPoolMin:400]]
[2023.04.26-17.59.03:421][  0]LogConfig: Setting CVar [[r.LensFlareQuality:2]]
[2023.04.26-17.59.03:421][  0]LogConfig: Setting CVar [[r.SceneColorFringeQuality:1]]
[2023.04.26-17.59.03:421][  0]LogConfig: Setting CVar [[r.EyeAdaptationQuality:2]]
[2023.04.26-17.59.03:421][  0]LogConfig: Setting CVar [[r.BloomQuality:5]]
[2023.04.26-17.59.03:421][  0]LogConfig: Setting CVar [[r.FastBlurThreshold:100]]
[2023.04.26-17.59.03:421][  0]LogConfig: Setting CVar [[r.Upscale.Quality:3]]
[2023.04.26-17.59.03:421][  0]LogConfig: Setting CVar [[r.Tonemapper.GrainQuantization:1]]
[2023.04.26-17.59.03:421][  0]LogConfig: Setting CVar [[r.LightShaftQuality:1]]
[2023.04.26-17.59.03:421][  0]LogConfig: Setting CVar [[r.Filter.SizeScale:1]]
[2023.04.26-17.59.03:421][  0]LogConfig: Setting CVar [[r.Tonemapper.Quality:5]]
[2023.04.26-17.59.03:421][  0]LogConfig: Setting CVar [[r.DOF.Gather.AccumulatorQuality:1        ; higher gathering accumulator quality]]
[2023.04.26-17.59.03:421][  0]LogConfig: Setting CVar [[r.DOF.Gather.PostfilterMethod:1          ; Median3x3 postfilering method]]
[2023.04.26-17.59.03:422][  0]LogConfig: Setting CVar [[r.DOF.Gather.EnableBokehSettings:0       ; no bokeh simulation when gathering]]
[2023.04.26-17.59.03:422][  0]LogConfig: Setting CVar [[r.DOF.Gather.RingCount:4                 ; medium number of samples when gathering]]
[2023.04.26-17.59.03:422][  0]LogConfig: Setting CVar [[r.DOF.Scatter.ForegroundCompositing:1    ; additive foreground scattering]]
[2023.04.26-17.59.03:422][  0]LogConfig: Setting CVar [[r.DOF.Scatter.BackgroundCompositing:2    ; additive background scattering]]
[2023.04.26-17.59.03:422][  0]LogConfig: Setting CVar [[r.DOF.Scatter.EnableBokehSettings:1      ; bokeh simulation when scattering]]
[2023.04.26-17.59.03:422][  0]LogConfig: Setting CVar [[r.DOF.Scatter.MaxSpriteRatio:0.1         ; only a maximum of 10% of scattered bokeh]]
[2023.04.26-17.59.03:422][  0]LogConfig: Setting CVar [[r.DOF.Recombine.Quality:1                ; cheap slight out of focus]]
[2023.04.26-17.59.03:422][  0]LogConfig: Setting CVar [[r.DOF.Recombine.EnableBokehSettings:0    ; no bokeh simulation on slight out of focus]]
[2023.04.26-17.59.03:422][  0]LogConfig: Setting CVar [[r.DOF.TemporalAAQuality:1                ; more stable temporal accumulation]]
[2023.04.26-17.59.03:422][  0]LogConfig: Setting CVar [[r.DOF.Kernel.MaxForegroundRadius:0.025]]
[2023.04.26-17.59.03:422][  0]LogConfig: Setting CVar [[r.DOF.Kernel.MaxBackgroundRadius:0.025]]
[2023.04.26-17.59.03:422][  0]LogConfig: Applying CVar settings from Section [TextureQuality@3] File [E:/School/DAGD 499/CapstoneProject/CapstoneProject_HJV/Saved/Config/Windows/Scalability.ini]
[2023.04.26-17.59.03:422][  0]LogConfig: Setting CVar [[r.Streaming.MipBias:0]]
[2023.04.26-17.59.03:422][  0]LogConfig: Setting CVar [[r.Streaming.AmortizeCPUToGPUCopy:0]]
[2023.04.26-17.59.03:422][  0]LogConfig: Setting CVar [[r.Streaming.MaxNumTexturesToStreamPerFrame:0]]
[2023.04.26-17.59.03:422][  0]LogConfig: Setting CVar [[r.Streaming.Boost:1]]
[2023.04.26-17.59.03:422][  0]LogConfig: Setting CVar [[r.MaxAnisotropy:8]]
[2023.04.26-17.59.03:422][  0]LogConfig: Setting CVar [[r.VT.MaxAnisotropy:8]]
[2023.04.26-17.59.03:422][  0]LogConfig: Setting CVar [[r.Streaming.LimitPoolSizeToVRAM:0]]
[2023.04.26-17.59.03:422][  0]LogConfig: Setting CVar [[r.Streaming.PoolSize:1000]]
[2023.04.26-17.59.03:422][  0]LogConfig: Setting CVar [[r.Streaming.MaxEffectiveScreenSize:0]]
[2023.04.26-17.59.03:422][  0]LogConfig: Applying CVar settings from Section [EffectsQuality@3] File [E:/School/DAGD 499/CapstoneProject/CapstoneProject_HJV/Saved/Config/Windows/Scalability.ini]
[2023.04.26-17.59.03:422][  0]LogConfig: Setting CVar [[r.TranslucencyLightingVolumeDim:64]]
[2023.04.26-17.59.03:422][  0]LogConfig: Setting CVar [[r.RefractionQuality:2]]
[2023.04.26-17.59.03:422][  0]LogConfig: Setting CVar [[r.SSR.Quality:3]]
[2023.04.26-17.59.03:422][  0]LogConfig: Setting CVar [[r.SSR.HalfResSceneColor:0]]
[2023.04.26-17.59.03:422][  0]LogConfig: Setting CVar [[r.SceneColorFormat:4]]
[2023.04.26-17.59.03:422][  0]LogConfig: Setting CVar [[r.DetailMode:2]]
[2023.04.26-17.59.03:422][  0]LogConfig: Setting CVar [[r.TranslucencyVolumeBlur:1]]
[2023.04.26-17.59.03:422][  0]LogConfig: Setting CVar [[r.MaterialQualityLevel:1 ; High quality]]
[2023.04.26-17.59.03:422][  0]LogConfig: Setting CVar [[r.AnisotropicMaterials:1]]
[2023.04.26-17.59.03:422][  0]LogConfig: Setting CVar [[r.SSS.Scale:1]]
[2023.04.26-17.59.03:422][  0]LogConfig: Setting CVar [[r.SSS.SampleSet:2]]
[2023.04.26-17.59.03:422][  0]LogConfig: Setting CVar [[r.SSS.Quality:1]]
[2023.04.26-17.59.03:422][  0]LogConfig: Setting CVar [[r.SSS.HalfRes:0]]
[2023.04.26-17.59.03:422][  0]LogConfig: Setting CVar [[r.SSGI.Quality:3]]
[2023.04.26-17.59.03:422][  0]LogConfig: Setting CVar [[r.EmitterSpawnRateScale:1.0]]
[2023.04.26-17.59.03:422][  0]LogConfig: Setting CVar [[r.ParticleLightQuality:2]]
[2023.04.26-17.59.03:422][  0]LogConfig: Setting CVar [[r.SkyAtmosphere.AerialPerspectiveLUT.FastApplyOnOpaque:1 ; Always have FastSkyLUT 1 in this case to avoid wrong sky]]
[2023.04.26-17.59.03:422][  0]LogConfig: Setting CVar [[r.SkyAtmosphere.AerialPerspectiveLUT.SampleCountMaxPerSlice:4]]
[2023.04.26-17.59.03:422][  0]LogConfig: Setting CVar [[r.SkyAtmosphere.AerialPerspectiveLUT.DepthResolution:16.0]]
[2023.04.26-17.59.03:422][  0]LogConfig: Setting CVar [[r.SkyAtmosphere.FastSkyLUT:1]]
[2023.04.26-17.59.03:422][  0]LogConfig: Setting CVar [[r.SkyAtmosphere.FastSkyLUT.SampleCountMin:4.0]]
[2023.04.26-17.59.03:422][  0]LogConfig: Setting CVar [[r.SkyAtmosphere.FastSkyLUT.SampleCountMax:128.0]]
[2023.04.26-17.59.03:422][  0]LogConfig: Setting CVar [[r.SkyAtmosphere.SampleCountMin:4.0]]
[2023.04.26-17.59.03:422][  0]LogConfig: Setting CVar [[r.SkyAtmosphere.SampleCountMax:128.0]]
[2023.04.26-17.59.03:422][  0]LogConfig: Setting CVar [[r.SkyAtmosphere.TransmittanceLUT.UseSmallFormat:0]]
[2023.04.26-17.59.03:422][  0]LogConfig: Setting CVar [[r.SkyAtmosphere.TransmittanceLUT.SampleCount:10.0]]
[2023.04.26-17.59.03:422][  0]LogConfig: Setting CVar [[r.SkyAtmosphere.MultiScatteringLUT.SampleCount:15.0]]
[2023.04.26-17.59.03:422][  0]LogConfig: Setting CVar [[r.SkyLight.RealTimeReflectionCapture:1]]
[2023.04.26-17.59.03:422][  0]LogConfig: Applying CVar settings from Section [FoliageQuality@3] File [E:/School/DAGD 499/CapstoneProject/CapstoneProject_HJV/Saved/Config/Windows/Scalability.ini]
[2023.04.26-17.59.03:422][  0]LogConfig: Setting CVar [[foliage.DensityScale:1.0]]
[2023.04.26-17.59.03:422][  0]LogConfig: Setting CVar [[grass.DensityScale:1.0]]
[2023.04.26-17.59.03:422][  0]LogConfig: Applying CVar settings from Section [ShadingQuality@3] File [E:/School/DAGD 499/CapstoneProject/CapstoneProject_HJV/Saved/Config/Windows/Scalability.ini]
[2023.04.26-17.59.03:422][  0]LogConfig: Setting CVar [[r.HairStrands.SkyLighting.IntegrationType:2]]
[2023.04.26-17.59.03:422][  0]LogConfig: Setting CVar [[r.HairStrands.SkyAO.SampleCount:4]]
[2023.04.26-17.59.03:422][  0]LogConfig: Setting CVar [[r.HairStrands.Visibility.MSAA.SamplePerPixel:4]]
[2023.04.26-17.59.03:422][  0]LogConfig: Applying CVar settings from Section [Startup] File [../../../Engine/Config/ConsoleVariables.ini]
[2023.04.26-17.59.03:423][  0]LogConfig: Setting CVar [[net.UseAdaptiveNetUpdateFrequency:0]]
[2023.04.26-17.59.03:423][  0]LogConfig: Setting CVar [[p.chaos.AllowCreatePhysxBodies:1]]
[2023.04.26-17.59.03:423][  0]LogConfig: Setting CVar [[fx.SkipVectorVMBackendOptimizations:1]]
[2023.04.26-17.59.03:423][  0]LogConfig: Applying CVar settings from Section [ConsoleVariables] File [E:/School/DAGD 499/CapstoneProject/CapstoneProject_HJV/Saved/Config/Windows/Engine.ini]
[2023.04.26-17.59.03:423][  0]LogConfig: Applying CVar settings from Section [ConsoleVariables] File [E:/School/DAGD 499/CapstoneProject/CapstoneProject_HJV/Saved/Config/Windows/Editor.ini]
[2023.04.26-17.59.03:423][  0]LogInit: Computer: DESKTOP-FIRQR9R
[2023.04.26-17.59.03:423][  0]LogInit: User: ehowl
[2023.04.26-17.59.03:423][  0]LogInit: CPU Page size=4096, Cores=8
[2023.04.26-17.59.03:423][  0]LogInit: High frequency timer resolution =10.000000 MHz
[2023.04.26-17.59.03:423][  0]LogMemory: Memory total: Physical=23.9GB (24GB approx)
[2023.04.26-17.59.03:423][  0]LogMemory: Platform Memory Stats for Windows
[2023.04.26-17.59.03:423][  0]LogMemory: Process Physical Memory: 148.03 MB used, 148.03 MB peak
[2023.04.26-17.59.03:423][  0]LogMemory: Process Virtual Memory: 131.06 MB used, 131.06 MB peak
[2023.04.26-17.59.03:423][  0]LogMemory: Physical Memory: 12973.48 MB used,  11533.75 MB free, 24507.23 MB total
[2023.04.26-17.59.03:423][  0]LogMemory: Virtual Memory: 134210784.00 MB used,  6942.57 MB free, 134217728.00 MB total
[2023.04.26-17.59.03:429][  0]LogWindows: WindowsPlatformFeatures enabled
[2023.04.26-17.59.03:455][  0]LogInit: Physics initialised using underlying interface: PhysX
[2023.04.26-17.59.03:455][  0]LogInit: Using OS detected language (en-US).
[2023.04.26-17.59.03:455][  0]LogInit: Using OS detected locale (en-US).
[2023.04.26-17.59.03:459][  0]LogTextLocalizationManager: No specific localization for 'en-US' exists, so the 'en' localization will be used.
[2023.04.26-17.59.03:707][  0]LogWindowsTextInputMethodSystem: Display: IME system deactivated.
[2023.04.26-17.59.03:744][  0]LogSlate: New Slate User Created.  User Index 0, Is Virtual User: 0
[2023.04.26-17.59.03:744][  0]LogSlate: Slate User Registered.  User Index 0, Is Virtual User: 0
[2023.04.26-17.59.03:767][  0]LogD3D11RHI: Loaded GFSDK_Aftermath_Lib.x64.dll
[2023.04.26-17.59.03:770][  0]LogHMD: Failed to initialize OpenVR with code 110
[2023.04.26-17.59.03:770][  0]LogD3D11RHI: D3D11 min allowed feature level: 11_0
[2023.04.26-17.59.03:770][  0]LogD3D11RHI: D3D11 max allowed feature level: 11_0
[2023.04.26-17.59.03:770][  0]LogD3D11RHI: D3D11 adapters:
[2023.04.26-17.59.03:898][  0]LogD3D11RHI:    0. 'NVIDIA GeForce GTX 1060 3GB' (Feature Level 11_0)
[2023.04.26-17.59.03:898][  0]LogD3D11RHI:       2988/0/12253 MB DedicatedVideo/DedicatedSystem/SharedSystem, Outputs:2, VendorId:0x10de
[2023.04.26-17.59.03:901][  0]LogD3D11RHI:    1. 'Microsoft Basic Render Driver' (Feature Level 11_0)
[2023.04.26-17.59.03:901][  0]LogD3D11RHI:       0/0/12253 MB DedicatedVideo/DedicatedSystem/SharedSystem, Outputs:0, VendorId:0x1414
[2023.04.26-17.59.03:901][  0]LogD3D11RHI: Chosen D3D11 Adapter:
[2023.04.26-17.59.03:901][  0]LogD3D11RHI:     Description : NVIDIA GeForce GTX 1060 3GB
[2023.04.26-17.59.03:901][  0]LogD3D11RHI:     VendorId    : 10de
[2023.04.26-17.59.03:901][  0]LogD3D11RHI:     DeviceId    : 1c02
[2023.04.26-17.59.03:901][  0]LogD3D11RHI:     SubSysId    : 61603842
[2023.04.26-17.59.03:901][  0]LogD3D11RHI:     Revision    : 00a1
[2023.04.26-17.59.03:901][  0]LogD3D11RHI:     DedicatedVideoMemory : 3133145088 bytes
[2023.04.26-17.59.03:901][  0]LogD3D11RHI:     DedicatedSystemMemory : 0 bytes
[2023.04.26-17.59.03:902][  0]LogD3D11RHI:     SharedSystemMemory : 12848848896 bytes
[2023.04.26-17.59.03:902][  0]LogD3D11RHI:     AdapterLuid : 0 44575
[2023.04.26-17.59.03:913][  0]LogD3D11RHI: Creating new Direct3DDevice
[2023.04.26-17.59.03:913][  0]LogD3D11RHI:     GPU DeviceId: 0x1c02 (for the marketing name, search the web for "GPU Device Id")
[2023.04.26-17.59.03:913][  0]LogWindows: EnumDisplayDevices:
[2023.04.26-17.59.03:913][  0]LogWindows:    0. 'NVIDIA GeForce GTX 1060 3GB' (P:1 D:1)
[2023.04.26-17.59.03:914][  0]LogWindows:    1. 'NVIDIA GeForce GTX 1060 3GB' (P:0 D:1)
[2023.04.26-17.59.03:914][  0]LogWindows:    2. 'NVIDIA GeForce GTX 1060 3GB' (P:0 D:0)
[2023.04.26-17.59.03:914][  0]LogWindows:    3. 'NVIDIA GeForce GTX 1060 3GB' (P:0 D:0)
[2023.04.26-17.59.03:914][  0]LogWindows: DebugString: FoundDriverCount:4 
[2023.04.26-17.59.03:914][  0]LogD3D11RHI:     Adapter Name: NVIDIA GeForce GTX 1060 3GB
[2023.04.26-17.59.03:914][  0]LogD3D11RHI:   Driver Version: 516.94 (internal:31.0.15.1694, unified:516.94)
[2023.04.26-17.59.03:914][  0]LogD3D11RHI:      Driver Date: 7-21-2022
[2023.04.26-17.59.03:914][  0]LogRHI: Texture pool is 2091 MB (70% of 2988 MB)
[2023.04.26-17.59.03:914][  0]LogD3D11RHI: Creating D3DDevice using adapter:
[2023.04.26-17.59.03:914][  0]LogD3D11RHI:     Description : NVIDIA GeForce GTX 1060 3GB
[2023.04.26-17.59.03:914][  0]LogD3D11RHI:     VendorId    : 10de
[2023.04.26-17.59.03:914][  0]LogD3D11RHI:     DeviceId    : 1c02
[2023.04.26-17.59.03:914][  0]LogD3D11RHI:     SubSysId    : 61603842
[2023.04.26-17.59.03:914][  0]LogD3D11RHI:     Revision    : 00a1
[2023.04.26-17.59.03:914][  0]LogD3D11RHI:     DedicatedVideoMemory : 3133145088 bytes
[2023.04.26-17.59.03:914][  0]LogD3D11RHI:     DedicatedSystemMemory : 0 bytes
[2023.04.26-17.59.03:914][  0]LogD3D11RHI:     SharedSystemMemory : 12848848896 bytes
[2023.04.26-17.59.03:914][  0]LogD3D11RHI:     AdapterLuid : 0 44575
[2023.04.26-17.59.04:090][  0]LogD3D11RHI: RHI has support for 64 bit atomics
[2023.04.26-17.59.04:090][  0]LogD3D11RHI: Async texture creation enabled
[2023.04.26-17.59.04:090][  0]LogD3D11RHI: Array index from any shader is supported
[2023.04.26-17.59.04:113][  0]LogD3D11RHI: GPU Timing Frequency: 1000.000000 (Debug: 2 1)
[2023.04.26-17.59.04:146][  0]LogRHI: GeForceNow SDK initialized: 1
[2023.04.26-17.59.04:766][  0]LogTargetPlatformManager: Display: Loaded TargetPlatform 'WindowsNoEditor'
[2023.04.26-17.59.04:772][  0]LogTargetPlatformManager: Display: Loaded TargetPlatform 'Windows'
[2023.04.26-17.59.04:778][  0]LogTargetPlatformManager: Display: Loaded TargetPlatform 'WindowsClient'
[2023.04.26-17.59.04:784][  0]LogTargetPlatformManager: Display: Loaded TargetPlatform 'WindowsServer'
[2023.04.26-17.59.04:784][  0]LogTargetPlatformManager: Display: Building Assets For Windows
[2023.04.26-17.59.04:792][  0]LogAudioDebug: Display: Lib vorbis DLL was dynamically loaded.
[2023.04.26-17.59.04:826][  0]LogTextureFormatOodle: Display: Oodle Texture 2.9.0 init RDO Off
[2023.04.26-17.59.04:863][  0]LogRendererCore: Ray tracing is disabled. Reason: r.RayTracing=0.
[2023.04.26-17.59.04:863][  0]LogShaderCompilers: Guid format shader working directory is -21 characters bigger than the processId version (../../../../../School/DAGD 499/CapstoneProject/CapstoneProject_HJV/Intermediate/Shaders/WorkingDirectory/26116/).
[2023.04.26-17.59.04:863][  0]LogShaderCompilers: Cleaned the shader compiler working directory 'C:/Users/ehowl/AppData/Local/Temp/UnrealShaderWorkingDir/BB3C8B574C3250AD3759798DA9C29885/'.
[2023.04.26-17.59.04:863][  0]LogXGEController: Cannot use XGE Controller as Incredibuild is not installed on this machine.
[2023.04.26-17.59.04:864][  0]LogShaderCompilers: Cannot use XGE Shader Compiler as Incredibuild is not installed on this machine.
[2023.04.26-17.59.04:864][  0]LogShaderCompilers: Display: Using Local Shader Compiler.
[2023.04.26-17.59.05:806][  0]LogDerivedDataCache: Display: Max Cache Size: 512 MB
[2023.04.26-17.59.05:876][  0]LogDerivedDataCache: Loaded boot cache 0.07s 94MB C:/Users/ehowl/AppData/Local/UnrealEngine/4.27/DerivedDataCache/Boot.ddc.
[2023.04.26-17.59.05:876][  0]LogDerivedDataCache: Display: Loaded Boot cache: C:/Users/ehowl/AppData/Local/UnrealEngine/4.27/DerivedDataCache/Boot.ddc
[2023.04.26-17.59.05:876][  0]LogDerivedDataCache: FDerivedDataBackendGraph:  Pak pak cache file ../../../../../School/DAGD 499/CapstoneProject/CapstoneProject_HJV/DerivedDataCache/DDC.ddp not found, will not use a pak cache.
[2023.04.26-17.59.05:876][  0]LogDerivedDataCache: Unable to find inner node Pak for hierarchical cache Hierarchy.
[2023.04.26-17.59.05:876][  0]LogDerivedDataCache: FDerivedDataBackendGraph:  CompressedPak pak cache file ../../../../../School/DAGD 499/CapstoneProject/CapstoneProject_HJV/DerivedDataCache/Compressed.ddp not found, will not use a pak cache.
[2023.04.26-17.59.05:876][  0]LogDerivedDataCache: Unable to find inner node CompressedPak for hierarchical cache Hierarchy.
[2023.04.26-17.59.05:901][  0]LogDerivedDataCache: Display: Pak cache opened for reading ../../../Engine/DerivedDataCache/Compressed.ddp.
[2023.04.26-17.59.05:901][  0]LogDerivedDataCache: FDerivedDataBackendGraph:  EnterprisePak pak cache file ../../../Enterprise/DerivedDataCache/Compressed.ddp not found, will not use a pak cache.
[2023.04.26-17.59.05:901][  0]LogDerivedDataCache: Unable to find inner node EnterprisePak for hierarchical cache Hierarchy.
[2023.04.26-17.59.05:920][  0]LogDerivedDataCache: Speed tests for C:/Users/ehowl/AppData/Local/UnrealEngine/Common/DerivedDataCache took 0.02 seconds
[2023.04.26-17.59.05:920][  0]LogDerivedDataCache: Display: Performance to C:/Users/ehowl/AppData/Local/UnrealEngine/Common/DerivedDataCache: Latency=0.06ms. RandomReadSpeed=564.61MBs, RandomWriteSpeed=54.18MBs. Assigned SpeedClass 'Local'
[2023.04.26-17.59.05:921][  0]LogDerivedDataCache: Using Local data cache path C:/Users/ehowl/AppData/Local/UnrealEngine/Common/DerivedDataCache: Writable
[2023.04.26-17.59.05:921][  0]LogDerivedDataCache: Shared data cache path not found in *engine.ini, will not use an Shared cache.
[2023.04.26-17.59.05:921][  0]LogDerivedDataCache: Unable to find inner node Shared for hierarchical cache Hierarchy.
[2023.04.26-17.59.05:965][  0]LogSlate: Using FreeType 2.10.0
[2023.04.26-17.59.05:966][  0]LogSlate: SlateFontServices - WITH_FREETYPE: 1, WITH_HARFBUZZ: 1
[2023.04.26-17.59.06:056][  0]LogInit: Using OS detected language (en-US).
[2023.04.26-17.59.06:056][  0]LogInit: Using OS detected locale (en-US).
[2023.04.26-17.59.06:056][  0]LogTextLocalizationManager: No localization for 'en-US' exists, so 'en' will be used for the language.
[2023.04.26-17.59.06:056][  0]LogTextLocalizationManager: No localization for 'en-US' exists, so 'en' will be used for the locale.
[2023.04.26-17.59.06:056][  0]LogSlate: FontCache flush requested. Reason: Culture for localization was changed
[2023.04.26-17.59.06:056][  0]LogSlate: FontCache flush requested. Reason: Culture for localization was changed
[2023.04.26-17.59.06:060][  0]LogTextLocalizationManager: Compacting localization data took   0.01ms
[2023.04.26-17.59.06:060][  0]LogAssetRegistry: FAssetRegistry took 0.0020 seconds to start up
[2023.04.26-17.59.06:262][  0]LogPackageLocalizationCache: Processed 28 localized package path(s) for 1 prioritized culture(s) in 0.001443 seconds
[2023.04.26-17.59.06:342][  0]LogInit: Selected Device Profile: [Windows]
[2023.04.26-17.59.06:342][  0]LogInit: Active device profile: [000002B8087DAF00][000002B800DAFB40 49] Windows
[2023.04.26-17.59.06:342][  0]LogInit: Profiles: [000002B8087DAF00][000002B800DAFB40 49] Windows, [000002B808791300][000002B87EA80140 49] WindowsNoEditor, [000002B8087D9300][000002B8003CA2C0 49] WindowsServer, [000002B808790B00][000002B8003CE440 49] WindowsClient, [000002B8087D8B00][000002B8003D25C0 49] IOS, [000002B808793A00][000002B8003D6740 49] iPadAir, [000002B8087DBE00][000002B8003DA8C0 49] iPadAir2, [000002B80873E900][000002B8003E2B80 49] IPadPro, [000002B80873EA00][000002B8003DEBC0 49] iPadAir3, [000002B8087D8200][000002B8003E6D40 49] iPadAir4, [000002B80873F600][000002B8003EAEC0 49] iPadMini2, [000002B8087D8100][000002B8003EF040 49] iPadMini3, [000002B80873CB00][000002B8003F31C0 49] iPadMini4, [000002B8087D8D00][000002B8003F7340 49] iPadMini5, [000002B80877E200][000002B8003FF600 49] iPhone6, [000002B80877E300][000002B8003FB640 49] iPodTouch6, [000002B80873CE00][000002B87EA7D8C0 49] iPhone7, [000002B80873D000][000002B800403900 49] iPodTouch7, [000002B80877EE00][000002B800407A40 49] iPhone5S, [000002B80873C800][000002B80040BB80 49] iPhone6Plus, [000002B80877CB00][000002B80040E140 49] iPhone6S, [000002B80873F500][000002B8010AA2C0 49] iPhone6SPlus, [000002B80877F300][000002B8010AE440 49] iPhone7Plus, [000002B80873E700][000002B8010B25C0 49] iPhoneSE, [000002B80877F900][000002B8010B6740 49] iPhone8, [000002B80873C300][000002B8010BA8C0 49] iPhone8Plus, [000002B80877C300][000002B8010BEA40 49] iPhoneX, [000002B80873FF00][000002B8010C2BC0 49] iPhoneXS, [000002B80877C400][000002B8010C6D40 49] iPhoneXSMax, [000002B80873DD00][000002B8010CAEC0 49] iPhoneXR, [000002B80877C600][000002B8010CF040 49] iPhone11, [000002B80873D300][000002B8010D31C0 49] iPhone11Pro, [000002B80877EC00][000002B8010D7340 49] iPhone11ProMax, [000002B80873E500][000002B8010DB4C0 49] iPhoneSE2, [000002B80877DB00][000002B8010DF640 49] iPhone12Mini, [000002B80873F000][000002B8010E37C0 49] iPhone12, [000002B80877CC00][000002B8010E7940 49] iPhone12Pro, [000002B80873EF00][000002B8010EBAC0 49] iPhone12ProMax, [000002B80877E600][000002B800413C00 49] iPadPro105, [000002B80873DE00][000002B8010EE1C0 49] iPadPro129, [000002B80877D400][000002B8010F2300 49] iPadPro97, [000002B80873E100][000002B8010FA480 49] iPadPro2_129, [000002B80877DD00][000002B8010FE600 49] iPad5, [000002B80873ED00][000002B801102780 49] iPad6, [000002B80877F800][000002B801106900 49] iPad7, [000002B80873FE00][000002B80110AA80 49] iPad8, [000002B80877FF00][000002B80110EC00 49] iPadPro11, [000002B80873CF00][000002B801112D80 49] iPadPro2_11, [000002B80877E100][000002B801116F00 49] iPadPro3_129, [000002B80873DF00][000002B80111B080 49] iPadPro4_129, [000002B808791400][000002B80111F200 49] AppleTV, [000002B807824C00][000002B801123380 49] AppleTV4K, [000002B808792A00][000002B801127500 49] TVOS, [000002B807825300][000002B80112B680 49] Mac, [000002B808790700][000002B80112F800 49] MacClient, [000002B807824F00][000002B801133980 49] MacNoEditor, [000002B808792400][000002B801137B00 49] MacServer, [000002B807825800][000002B80113A100 49] Linux, [000002B808791A00][000002B8010F6240 49] LinuxAArch64, [000002B807825D00][000002B800930380 49] LinuxNoEditor, [000002B808793800][000002B8009344C0 49] LinuxAArch64NoEditor, [000002B807825B00][000002B80093C640 49] LinuxClient, [000002B808791100][000002B8009407C0 49] LinuxAArch64Client, [000002B807824100][000002B800944940 49] LinuxServer, [000002B808791900][000002B800948AC0 49] LinuxAArch64Server, [000002B807825100][000002B80094CC40 49] Android, [000002B808792300][000002B800950DC0 49] Android_Low, [000002B807825A00][000002B800954F40 49] Android_Mid, [000002B80873DA00][000002B8009590C0 49] Android_High, [000002B80877FD00][000002B80095D240 49] Android_Default, [000002B80873C100][000002B8009613C0 49] Android_Adreno4xx, [000002B80877CA00][000002B800965540 49] Android_Adreno5xx_Low, [000002B80873FD00][000002B8009696C0 49] Android_Adreno5xx, [000002B80877EF00][000002B80096D840 49] Android_Adreno6xx, [000002B80873CC00][000002B8009719C0 49] Android_Adreno6xx_Vulkan, [000002B80877ED00][000002B800975B40 49] Android_Mali_T6xx, [000002B80873F700][000002B800978140 49] Android_Mali_T7xx, [000002B80877F000][000002B80097C2C0 49] Android_Mali_T8xx, [000002B80873F800][000002B800938400 49] Android_Mali_G71, [000002B807824400][000002B800980540 49] Android_Mali_G72, [000002B80873D700][000002B800984680 49] Android_Mali_G72_Vulkan, [000002B807824B00][000002B8009887C0 49] Android_Mali_G76, [000002B80873D600][000002B800990940 49] Android_Mali_G76_Vulkan, [000002B807825E00][000002B800994AC0 49] Android_Mali_G77, [000002B80873F400][000002B800998C40 49] Android_Mali_G77_Vulkan, [000002B807826700][000002B80099CDC0 49] Android_Mali_G78, [000002B80873FC00][000002B8009A0F40 49] Android_Mali_G78_Vulkan, [000002B807825600][000002B8009A50C0 49] Android_Mali_G710, [000002B80873C900][000002B8009A9240 49] Android_Mali_G710_Vulkan, [000002B807826A00][000002B8009AD3C0 49] Android_Vulkan_SM5, [000002B80873D100][000002B8009B1540 49] Android_PowerVR_G6xxx, [000002B807825C00][000002B8009B56C0 49] Android_PowerVR_GT7xxx, [000002B80873D400][000002B8009B9840 49] Android_PowerVR_GE8xxx, [000002B80877FA00][000002B8009BD9C0 49] Android_PowerVR_GM9xxx, [000002B80873E000][000002B8009C1B40 49] Android_PowerVR_GM9xxx_Vulkan, [000002B80877E700][000002B8009C4140 49] Android_TegraK1, [000002B80873F300][000002B8004162C0 49] Android_Unknown_Vulkan, [000002B80877C700][000002B80041A440 49] Lumin, [000002B80873C200][000002B80098C580 49] Lumin_Desktop, [000002B80877DE00][000002B80041E6C0 49] HoloLens, 
[2023.04.26-17.59.06:388][  0]LogMeshReduction: Using QuadricMeshReduction for automatic static mesh reduction
[2023.04.26-17.59.06:388][  0]LogMeshReduction: Using SimplygonMeshReduction for automatic skeletal mesh reduction
[2023.04.26-17.59.06:388][  0]LogMeshReduction: Using ProxyLODMeshReduction for automatic mesh merging
[2023.04.26-17.59.06:388][  0]LogMeshReduction: No distributed automatic mesh merging module available
[2023.04.26-17.59.06:388][  0]LogMeshMerging: No distributed automatic mesh merging module available
[2023.04.26-17.59.06:508][  0]LogNetVersion: CapstoneProject_HJV 1.0.0, NetCL: 17155196, EngineNetVer: 17, GameNetVer: 0 (Checksum: 2464823574)
[2023.04.26-17.59.06:791][  0]LogTexture: Default maximum texture size for cubemaps generated from long-lat sources has been changed from 512 to unlimited. In order to preserve old behaiour for '/Engine/MapTemplates/Sky/DaylightAmbientCubemap.DaylightAmbientCubemap', its maximum texture size has been explicitly set to 512.
[2023.04.26-17.59.06:857][  0]LogHMD: PokeAHoleMaterial loaded successfully
[2023.04.26-17.59.06:975][  0]LogMoviePlayer: Initializing movie player
[2023.04.26-17.59.07:081][  0]LogNiagaraDebuggerClient: Niagara Debugger Client Initialized | Session: 56000CDB4F6713B8F1EB4C9983B6BAD8 | Instance: 3589259E4BD4713A4349D8BB2CCBDAB2 (DESKTOP-FIRQR9R-26116).
[2023.04.26-17.59.07:102][  0]LogCollectionManager: Loaded 0 collections in 0.000887 seconds
[2023.04.26-17.59.07:104][  0]LogFileCache: Scanning file cache for directory 'E:/School/DAGD 499/CapstoneProject/CapstoneProject_HJV/Saved/Collections/' took 0.00s
[2023.04.26-17.59.07:104][  0]LogFileCache: Scanning file cache for directory 'E:/School/DAGD 499/CapstoneProject/CapstoneProject_HJV/Content/Developers/ehowl/Collections/' took 0.00s
[2023.04.26-17.59.07:104][  0]LogFileCache: Scanning file cache for directory 'E:/School/DAGD 499/CapstoneProject/CapstoneProject_HJV/Content/Collections/' took 0.00s
[2023.04.26-17.59.07:104][  0]LogCollectionManager: Fixed up redirectors for 0 collections in 0.000002 seconds (updated 0 objects)
[2023.04.26-17.59.07:210][  0]LogPython: Using Python 3.7.7
[2023.04.26-17.59.07:750][  0]LogTcpMessaging: Initializing TcpMessaging bridge
[2023.04.26-17.59.07:754][  0]LogUdpMessaging: Initializing bridge on interface 0.0.0.0:0 to multicast group 230.0.0.1:6666.
[2023.04.26-17.59.07:882][  0]SourceControl: Source control is disabled
[2023.04.26-17.59.07:882][  0]SourceControl: Source control is disabled
[2023.04.26-17.59.07:885][  0]SourceControl: Source control is disabled
[2023.04.26-17.59.07:892][  0]LogUProjectInfo: Found projects:
[2023.04.26-17.59.07:899][  0]LogVSAccessor: Display: Unable to create Visual Studio setup instance: 80040154
[2023.04.26-17.59.07:900][  0]LogVSAccessor: Display: Unable to create Visual Studio setup instance: 80040154
[2023.04.26-17.59.07:901][  0]LogVSAccessor: Display: Unable to create Visual Studio setup instance: 80040154
[2023.04.26-17.59.07:998][  0]LogOpenImageDenoise: OIDN starting up
[2023.04.26-17.59.08:022][  0]LogAndroidPermission: UAndroidPermissionCallbackProxy::GetInstance
[2023.04.26-17.59.08:045][  0]LogAudioCaptureCore: Display: No Audio Capture implementations found. Audio input will be silent.
[2023.04.26-17.59.08:045][  0]LogAudioCaptureCore: Display: No Audio Capture implementations found. Audio input will be silent.
[2023.04.26-17.59.08:121][  0]LogOcInput: OculusInput pre-init called
[2023.04.26-17.59.08:132][  0]LogUObjectArray: 22198 objects as part of root set at end of initial load.
[2023.04.26-17.59.08:132][  0]LogUObjectAllocator: 6008992 out of 0 bytes used by permanent object pool.
[2023.04.26-17.59.08:132][  0]LogUObjectArray: CloseDisregardForGC: 0/0 objects in disregard for GC pool
[2023.04.26-17.59.08:189][  0]LogClass: Warning: StructProperty FCPathNode::WorldLocation is not initialized properly even though its struct probably has a custom default constructor. Module:CPathfinding File:Public/CPathNode.h
[2023.04.26-17.59.08:190][  0]LogClass: Display: 1 Uninitialized script struct members found including 0 object properties
[2023.04.26-17.59.08:190][  0]LogAutomationTest: Warning: StructProperty FCPathNode::WorldLocation is not initialized properly even though its struct probably has a custom default constructor. Module:CPathfinding File:Public/CPathNode.h
[2023.04.26-17.59.08:190][  0]LogEngine: Initializing Engine...
[2023.04.26-17.59.08:193][  0]LogHMD: Failed to enumerate extensions. Please check that you have a valid OpenXR runtime installed.
[2023.04.26-17.59.08:194][  0]LogHMD: Failed to initialize OpenVR with code 110
[2023.04.26-17.59.08:194][  0]LogMagicLeap: Warning: VR disabled because ZI is not enabled.  To enable, in the editor, Edit -> Project Settings -> Plugins -> Magic Leap Plugin -> Enable Zero Iteration
[2023.04.26-17.59.08:195][  0]LogStats: UGameplayTagsManager::InitializeManager -  0.000 s
[2023.04.26-17.59.08:299][  0]LogInit: Initializing FReadOnlyCVARCache
[2023.04.26-17.59.08:299][  0]LogAudio: Display: Initializing Audio Device Manager...
[2023.04.26-17.59.08:304][  0]LogAudio: Display: Loading Default Audio Settings Objects...
[2023.04.26-17.59.08:304][  0]LogAudio: Display: No default SoundConcurrencyObject specified (or failed to load).
[2023.04.26-17.59.08:305][  0]LogAudio: Display: Audio Device Manager Initialized
[2023.04.26-17.59.08:305][  0]LogAudio: Display: Creating Audio Device:                 Id: 1, Scope: Shared, Realtime: True
[2023.04.26-17.59.08:305][  0]LogAudioMixer: Display: Audio Mixer Platform Settings:
[2023.04.26-17.59.08:305][  0]LogAudioMixer: Display: 	Sample Rate:						  48000
[2023.04.26-17.59.08:305][  0]LogAudioMixer: Display: 	Callback Buffer Frame Size Requested: 1024
[2023.04.26-17.59.08:305][  0]LogAudioMixer: Display: 	Callback Buffer Frame Size To Use:	  1024
[2023.04.26-17.59.08:305][  0]LogAudioMixer: Display: 	Number of buffers to queue:			  2
[2023.04.26-17.59.08:305][  0]LogAudioMixer: Display: 	Max Channels (voices):				  32
[2023.04.26-17.59.08:305][  0]LogAudioMixer: Display: 	Number of Async Source Workers:		  0
[2023.04.26-17.59.08:305][  0]LogAudio: Display: AudioDevice MaxSources: 32
[2023.04.26-17.59.08:305][  0]LogAudio: Display: Audio Spatialization Plugin: None (built-in).
[2023.04.26-17.59.08:305][  0]LogAudio: Display: Audio Reverb Plugin: None (built-in).
[2023.04.26-17.59.08:305][  0]LogAudio: Display: Audio Occlusion Plugin: None (built-in).
[2023.04.26-17.59.08:305][  0]LogAudioMixer: Display: Initializing audio mixer.
[2023.04.26-17.59.08:318][  0]LogAudioMixer: Display: 0: FrontLeft
[2023.04.26-17.59.08:318][  0]LogAudioMixer: Display: 1: FrontRight
[2023.04.26-17.59.08:336][  0]LogAudioMixer: Display: Using Audio Device Speakers (HyperX Cloud II Wireless)
[2023.04.26-17.59.08:343][  0]LogAudioMixer: Display: Initializing Sound Submixes...
[2023.04.26-17.59.08:345][  0]LogAudioMixer: Display: Submix unset or invalid in 'AudioSettings': Using engine asset 'MasterSubmixDefault'
[2023.04.26-17.59.08:345][  0]LogAudioMixer: Display: Creating Master Submix 'MasterSubmixDefault'
[2023.04.26-17.59.08:345][  0]LogAudioMixer: Display: Submix unset or invalid in 'AudioSettings': Using engine asset 'MasterReverbSubmixDefault'
[2023.04.26-17.59.08:345][  0]LogAudioMixer: Display: Creating Master Submix 'MasterReverbSubmixDefault'
[2023.04.26-17.59.08:346][  0]LogAudioMixer: Display: Creating Master Submix 'MasterEQSubmixDefault'
[2023.04.26-17.59.08:346][  0]LogAudioMixer: FMixerPlatformXAudio2::StartAudioStream() called
[2023.04.26-17.59.08:346][  0]LogAudioMixer: Display: Output buffers initialized: Frames=1024, Channels=2, Samples=2048
[2023.04.26-17.59.08:347][  0]LogAudioMixer: Display: Starting AudioMixerPlatformInterface::RunInternal()
[2023.04.26-17.59.08:347][  0]LogAudioMixer: Display: FMixerPlatformXAudio2::SubmitBuffer() called for the first time
[2023.04.26-17.59.08:347][  0]LogInit: FAudioDevice initialized.
[2023.04.26-17.59.08:349][  0]LogNetVersion: Set ProjectVersion to 1.0.0.0. Version Checksum will be recalculated on next use.
[2023.04.26-17.59.08:349][  0]LogInit: Texture streaming: Enabled
[2023.04.26-17.59.08:453][  0]LogAudio: Display: Audio Device (ID: 1) registered with world 'Untitled'.
[2023.04.26-17.59.08:454][  0]LogSlate: Updating window title bar state: overlay mode, drag disabled, window buttons hidden, title bar hidden
[2023.04.26-17.59.08:455][  0]LogInit: Display: Game Engine Initialized.
[2023.04.26-17.59.08:455][  0]LogNiagaraEditor: GEditor isn't valid! Particle reset commands will not work for Niagara components!
[2023.04.26-17.59.08:579][  0]LogInit: Display: Starting Game.
[2023.04.26-17.59.08:579][  0]LogNet: Browse: /Game/Levels/Opening_Screen?Name=Player
[2023.04.26-17.59.08:579][  0]LogLoad: LoadMap: /Game/Levels/Opening_Screen?Name=Player
[2023.04.26-17.59.08:579][  0]LogWorld: BeginTearingDown for /Temp/Untitled_0
[2023.04.26-17.59.08:581][  0]LogWorld: UWorld::CleanupWorld for Untitled, bSessionEnded=true, bCleanupResources=true
[2023.04.26-17.59.08:581][  0]LogSlate: InvalidateAllWidgets triggered.  All widgets were invalidated
[2023.04.26-17.59.08:585][  0]LogAudio: Display: Audio Device unregistered from world 'None'.
[2023.04.26-17.59.08:588][  0]LogUObjectHash: Compacting FUObjectHashTables data took   0.97ms
[2023.04.26-17.59.11:210][  0]LogAudio: Display: Audio Device (ID: 1) registered with world 'Opening_Screen'.
[2023.04.26-17.59.11:219][  0]LogAIModule: Creating AISystem for world Opening_Screen
[2023.04.26-17.59.11:220][  0]LogLoad: Game class is 'MyGame_C'
[2023.04.26-17.59.11:222][  0]LogWorld: Bringing World /Game/Levels/Opening_Screen.Opening_Screen up for play (max tick rate 0) at 2023.04.26-13.59.11
[2023.04.26-17.59.11:222][  0]LogWorld: Bringing up level for play took: 0.001035
[2023.04.26-17.59.11:222][  0]LogGameMode: FindPlayerStart: PATHS NOT DEFINED or NO PLAYERSTART with positive rating
[2023.04.26-17.59.11:223][  0]LogGameMode: Display: Match State Changed from EnteringMap to WaitingToStart
[2023.04.26-17.59.11:223][  0]LogGameState: Match State Changed from EnteringMap to WaitingToStart
[2023.04.26-17.59.11:223][  0]LogGameMode: Display: Match State Changed from WaitingToStart to InProgress
[2023.04.26-17.59.11:226][  0]LogPhysics: Warning: Scale for /Game/Levels/Opening_Screen.Opening_Screen:PersistentLevel.PlayerCharacter_C_0.MantisBlade_Final has a component set to zero, which will result in a bad body instance. Scale:X=0.000 Y=0.000 Z=0.000
[2023.04.26-17.59.11:226][  0]LogPhysics: Warning: Initialising Body : Scale3D is (nearly) zero: Component: '/Game/Levels/Opening_Screen.Opening_Screen:PersistentLevel.PlayerCharacter_C_0.MantisBlade_Final' 
[2023.04.26-17.59.11:228][  0]LogViewport: Display: Viewport MouseCaptureMode Changed, CapturePermanently_IncludingInitialMouseDown -> NoCapture
[2023.04.26-17.59.11:229][  0]LogGameState: Match State Changed from WaitingToStart to InProgress
[2023.04.26-17.59.11:229][  0]LogLoad: Took 2.649391 seconds to LoadMap(/Game/Levels/Opening_Screen)
[2023.04.26-17.59.11:303][  0]LogSlate: Took 0.000246 seconds to synchronously load lazily loaded font '../../../Engine/Content/Slate/Fonts/Roboto-Regular.ttf' (155K)
[2023.04.26-17.59.11:349][  0]LogRenderer: Reallocating scene render targets to support 1912x1008 Format 10 NumSamples 1 (Frame:1).
[2023.04.26-17.59.11:349][  0]LogInit: Display: Engine is initialized. Leaving FEngineLoop::Init()
[2023.04.26-17.59.11:349][  0]LogLoad: (Engine Initialization) Total time: 9.41 seconds
[2023.04.26-17.59.11:349][  0]LogLoad: (Engine Initialization) Total Blueprint compile time: 0.00 seconds
[2023.04.26-17.59.11:352][  0]LogContentStreaming: Texture pool size now 1000 MB
[2023.04.26-17.59.11:356][  0]LogAudio: Warning: Detected orphaned looping sound 'MenuMusic'.
[2023.04.26-17.59.11:357][  0]LogSlate: InvalidateAllWidgets triggered.  All widgets were invalidated
[2023.04.26-17.59.11:422][  0]LogRenderer: Reallocating scene render targets to support 128x128 Format 10 NumSamples 1 (Frame:1).
[2023.04.26-17.59.11:455][  0]LogRenderer: Reallocating scene render targets to support 1912x1008 Format 10 NumSamples 1 (Frame:2).
[2023.04.26-17.59.11:499][  1]LogSlate: Took 0.000217 seconds to synchronously load lazily loaded font '../../../Engine/Content/Slate/Fonts/Roboto-Regular.ttf' (155K)
[2023.04.26-17.59.18:895][459]LogSlate: Updating window title bar state: overlay mode, drag disabled, window buttons hidden, title bar hidden
[2023.04.26-17.59.22:228][112]LogSlate: Updating window title bar state: overlay mode, drag disabled, window buttons hidden, title bar hidden
[2023.04.26-17.59.24:968][624]LogRenderer: Reallocating scene render targets to support 1600x900 Format 10 NumSamples 1 (Frame:2625).
[2023.04.26-17.59.25:851][844]LogSlate: Updating window title bar state: overlay mode, drag disabled, window buttons hidden, title bar hidden
[2023.04.26-17.59.27:615][261]LogPackageName: SearchForPackageOnDisk took   0.101s to resolve Lab_Level.umap.
[2023.04.26-17.59.27:615][261]LogGameMode: Display: Match State Changed from InProgress to LeavingMap
[2023.04.26-17.59.27:615][261]LogGameState: Match State Changed from InProgress to LeavingMap
[2023.04.26-17.59.27:714][261]LogPackageName: SearchForPackageOnDisk took   0.098s to resolve Lab_Level.umap.
[2023.04.26-17.59.27:714][261]LogNet: Browse: /Game/Levels/Lab_Level
[2023.04.26-17.59.27:714][261]LogLoad: LoadMap: /Game/Levels/Lab_Level
[2023.04.26-17.59.27:714][261]LogWorld: BeginTearingDown for /Game/Levels/Opening_Screen
[2023.04.26-17.59.27:715][261]LogWorld: UWorld::CleanupWorld for Opening_Screen, bSessionEnded=true, bCleanupResources=true
[2023.04.26-17.59.27:715][261]LogSlate: InvalidateAllWidgets triggered.  All widgets were invalidated
[2023.04.26-17.59.27:750][261]LogAudio: Display: Audio Device unregistered from world 'None'.
[2023.04.26-17.59.27:808][261]LogUObjectHash: Compacting FUObjectHashTables data took   1.44ms
[2023.04.26-17.59.29:426][261]LogTemp: Warning: CPath - Dynamic obstacle 'Lab_Door6_159' is not Movable.
[2023.04.26-17.59.29:426][261]LogTemp: Warning: CPath - Dynamic obstacle 'Lab_Door7' is not Movable.
[2023.04.26-17.59.31:199][261]LogAudio: Display: Audio Device (ID: 1) registered with world 'Lab_Level'.
[2023.04.26-17.59.31:200][261]LogAIModule: Creating AISystem for world Lab_Level
[2023.04.26-17.59.31:200][261]LogLoad: Game class is 'MyGame_C'
[2023.04.26-17.59.31:213][261]LogSkeletalMesh: USkeletalMeshComponent::InitArticulated : Could not find root physics body: '/Game/Levels/Lab_Level.Lab_Level:PersistentLevel.Drone2.CharacterMesh0'
[2023.04.26-17.59.31:213][261]LogSkeletalMesh: USkeletalMeshComponent::InitArticulated : Could not find root physics body: '/Game/Levels/Lab_Level.Lab_Level:PersistentLevel.Drone3.CharacterMesh0'
[2023.04.26-17.59.31:213][261]LogSkeletalMesh: USkeletalMeshComponent::InitArticulated : Could not find root physics body: '/Game/Levels/Lab_Level.Lab_Level:PersistentLevel.Drone_2.CharacterMesh0'
[2023.04.26-17.59.31:281][261]LogWorld: Bringing World /Game/Levels/Lab_Level.Lab_Level up for play (max tick rate 0) at 2023.04.26-13.59.31
[2023.04.26-17.59.31:285][261]LogWorld: Bringing up level for play took: 0.083852
[2023.04.26-17.59.31:286][261]LogGameMode: Display: Match State Changed from EnteringMap to WaitingToStart
[2023.04.26-17.59.31:286][261]LogGameState: Match State Changed from EnteringMap to WaitingToStart
[2023.04.26-17.59.31:286][261]LogGameMode: Display: Match State Changed from WaitingToStart to InProgress
[2023.04.26-17.59.31:288][261]LogPhysics: Warning: Scale for /Game/Levels/Lab_Level.Lab_Level:PersistentLevel.PlayerCharacter_C_0.MantisBlade_Final has a component set to zero, which will result in a bad body instance. Scale:X=0.000 Y=0.000 Z=0.000
[2023.04.26-17.59.31:288][261]LogPhysics: Warning: Initialising Body : Scale3D is (nearly) zero: Component: '/Game/Levels/Lab_Level.Lab_Level:PersistentLevel.PlayerCharacter_C_0.MantisBlade_Final' 
[2023.04.26-17.59.31:302][261]LogViewport: Display: Viewport MouseLockMode Changed, LockAlways -> LockOnCapture
[2023.04.26-17.59.31:302][261]LogViewport: Display: Viewport MouseCaptureMode Changed, NoCapture -> CapturePermanently
[2023.04.26-17.59.31:303][261]LogGameState: Match State Changed from WaitingToStart to InProgress
[2023.04.26-17.59.31:306][261]LogLoad: Took 3.592400 seconds to LoadMap(/Game/Levels/Lab_Level)
[2023.04.26-17.59.31:315][261]LogSlate: InvalidateAllWidgets triggered.  All widgets were invalidated
[2023.04.26-17.59.31:318][262]LogSlate: Took 0.000264 seconds to synchronously load lazily loaded font '../../../Engine/Content/Slate/Fonts/Roboto-Regular.ttf' (155K)
[2023.04.26-17.59.44:208][114]LogBlueprintUserMessages: [PlayerCharacter_C_0] 0.0
[2023.04.26-18.00.10:294][981]LogBlueprintUserMessages: [PlayerCharacter_C_0] 1
[2023.04.26-18.00.10:788][ 26]LogBlueprintUserMessages: [PlayerCharacter_C_0] 2
[2023.04.26-18.00.10:906][ 37]LogBlueprintUserMessages: [PlayerCharacter_C_0] 0
[2023.04.26-18.00.11:271][ 71]LogBlueprintUserMessages: [PlayerCharacter_C_0] 1
[2023.04.26-18.00.11:873][126]LogBlueprintUserMessages: [PlayerCharacter_C_0] 0
[2023.04.26-18.00.13:950][300]LogBlueprintUserMessages: [PlayerCharacter_C_0] 1
[2023.04.26-18.00.14:560][346]LogBlueprintUserMessages: [PlayerCharacter_C_0] 0
[2023.04.26-18.00.23:792][ 76]LogSkeletalMesh: USkeletalMeshComponent::InitArticulated : Could not find root physics body: '/Game/Levels/Lab_Level.Lab_Level:PersistentLevel.Drone_C_0.CharacterMesh0'
[2023.04.26-18.00.23:795][ 76]LogScript: Warning: Script Msg: Attempted to access index 0 from array 'CallFunc_GetOverlappingActors_OverlappingActors' of length 0 in '/Game/Assets/AI/NewDrone/Drone.Drone_C:ExecuteUbergraph_Drone'!
[2023.04.26-18.00.23:804][ 77]LogSkeletalMesh: USkeletalMeshComponent::InitArticulated : Could not find root physics body: '/Game/Levels/Lab_Level.Lab_Level:PersistentLevel.Drone_C_1.CharacterMesh0'
[2023.04.26-18.00.23:805][ 77]LogScript: Warning: Script Msg: Attempted to access index 0 from array 'CallFunc_GetOverlappingActors_OverlappingActors' of length 0 in '/Game/Assets/AI/NewDrone/Drone.Drone_C:ExecuteUbergraph_Drone'!
[2023.04.26-18.00.28:852][444]LogBlueprintUserMessages: [PlayerCharacter_C_0] 1
[2023.04.26-18.00.29:283][477]LogBlueprintUserMessages: [PlayerCharacter_C_0] 2
[2023.04.26-18.00.29:453][493]LogBlueprintUserMessages: [PlayerCharacter_C_0] 0
[2023.04.26-18.00.32:908][786]LogBlueprintUserMessages: [PlayerCharacter_C_0] 1
[2023.04.26-18.00.33:352][812]LogBlueprintUserMessages: [PlayerCharacter_C_0] 2
[2023.04.26-18.00.33:524][822]LogBlueprintUserMessages: [PlayerCharacter_C_0] 0
[2023.04.26-18.00.35:356][929]LogSkeletalMesh: USkeletalMeshComponent::InitArticulated : Could not find root physics body: '/Game/Levels/Lab_Level.Lab_Level:PersistentLevel.Drone_C_2.CharacterMesh0'
[2023.04.26-18.00.35:357][929]LogScript: Warning: Script Msg: Attempted to access index 0 from array 'CallFunc_GetOverlappingActors_OverlappingActors' of length 0 in '/Game/Assets/AI/NewDrone/Drone.Drone_C:ExecuteUbergraph_Drone'!
[2023.04.26-18.00.42:236][463]LogSkeletalMesh: USkeletalMeshComponent::InitArticulated : Could not find root physics body: '/Game/Levels/Lab_Level.Lab_Level:PersistentLevel.Drone_C_3.CharacterMesh0'
[2023.04.26-18.00.42:237][463]LogScript: Warning: Script Msg: Attempted to access index 0 from array 'CallFunc_GetOverlappingActors_OverlappingActors' of length 0 in '/Game/Assets/AI/NewDrone/Drone.Drone_C:ExecuteUbergraph_Drone'!
[2023.04.26-18.00.45:234][728]LogPlayerController: Error: InputMode:UIOnly - Attempting to focus Non-Focusable widget SObjectWidget [Widget.cpp(799)]!
[2023.04.26-18.00.45:234][728]LogViewport: Display: Viewport MouseLockMode Changed, LockOnCapture -> DoNotLock
[2023.04.26-18.00.45:234][728]LogViewport: Display: Viewport MouseCaptureMode Changed, CapturePermanently -> NoCapture
[2023.04.26-18.00.46:505][832]LogPackageName: SearchForPackageOnDisk took   0.103s to resolve Skyscraper_Level.umap.
[2023.04.26-18.00.46:505][832]LogGameMode: Display: Match State Changed from InProgress to LeavingMap
[2023.04.26-18.00.46:505][832]LogGameState: Match State Changed from InProgress to LeavingMap
[2023.04.26-18.00.46:604][832]LogPackageName: SearchForPackageOnDisk took   0.099s to resolve Skyscraper_Level.umap.
[2023.04.26-18.00.46:604][832]LogNet: Browse: /Game/Levels/Skyscraper_Level
[2023.04.26-18.00.46:604][832]LogLoad: LoadMap: /Game/Levels/Skyscraper_Level
[2023.04.26-18.00.46:604][832]LogWorld: BeginTearingDown for /Game/Levels/Lab_Level
[2023.04.26-18.00.46:611][832]LogWorld: UWorld::CleanupWorld for Lab_Level, bSessionEnded=true, bCleanupResources=true
[2023.04.26-18.00.46:614][832]LogSlate: InvalidateAllWidgets triggered.  All widgets were invalidated
[2023.04.26-18.00.46:665][832]LogAudio: Display: Audio Device unregistered from world 'None'.
[2023.04.26-18.00.46:720][832]LogUObjectHash: Compacting FUObjectHashTables data took   1.22ms
[2023.04.26-18.00.49:962][832]LogAudio: Display: Audio Device (ID: 1) registered with world 'Skyscraper_Level'.
[2023.04.26-18.00.49:963][832]LogAIModule: Creating AISystem for world Skyscraper_Level
[2023.04.26-18.00.49:964][832]LogLoad: Game class is 'MyGame_C'
[2023.04.26-18.00.49:972][832]LogSkeletalMesh: USkeletalMeshComponent::InitArticulated : Could not find root physics body: '/Game/Levels/Skyscraper_Level.Skyscraper_Level:PersistentLevel.Drone10_29.CharacterMesh0'
[2023.04.26-18.00.49:972][832]LogSkeletalMesh: USkeletalMeshComponent::InitArticulated : Could not find root physics body: '/Game/Levels/Skyscraper_Level.Skyscraper_Level:PersistentLevel.Drone11_32.CharacterMesh0'
[2023.04.26-18.00.49:972][832]LogSkeletalMesh: USkeletalMeshComponent::InitArticulated : Could not find root physics body: '/Game/Levels/Skyscraper_Level.Skyscraper_Level:PersistentLevel.Drone12_35.CharacterMesh0'
[2023.04.26-18.00.49:972][832]LogSkeletalMesh: USkeletalMeshComponent::InitArticulated : Could not find root physics body: '/Game/Levels/Skyscraper_Level.Skyscraper_Level:PersistentLevel.Drone13_38.CharacterMesh0'
[2023.04.26-18.00.49:972][832]LogSkeletalMesh: USkeletalMeshComponent::InitArticulated : Could not find root physics body: '/Game/Levels/Skyscraper_Level.Skyscraper_Level:PersistentLevel.Drone2_5.CharacterMesh0'
[2023.04.26-18.00.49:972][832]LogSkeletalMesh: USkeletalMeshComponent::InitArticulated : Could not find root physics body: '/Game/Levels/Skyscraper_Level.Skyscraper_Level:PersistentLevel.Drone3_8.CharacterMesh0'
[2023.04.26-18.00.49:973][832]LogSkeletalMesh: USkeletalMeshComponent::InitArticulated : Could not find root physics body: '/Game/Levels/Skyscraper_Level.Skyscraper_Level:PersistentLevel.Drone4_11.CharacterMesh0'
[2023.04.26-18.00.49:973][832]LogSkeletalMesh: USkeletalMeshComponent::InitArticulated : Could not find root physics body: '/Game/Levels/Skyscraper_Level.Skyscraper_Level:PersistentLevel.Drone5_14.CharacterMesh0'
[2023.04.26-18.00.49:973][832]LogSkeletalMesh: USkeletalMeshComponent::InitArticulated : Could not find root physics body: '/Game/Levels/Skyscraper_Level.Skyscraper_Level:PersistentLevel.Drone6_17.CharacterMesh0'
[2023.04.26-18.00.49:973][832]LogSkeletalMesh: USkeletalMeshComponent::InitArticulated : Could not find root physics body: '/Game/Levels/Skyscraper_Level.Skyscraper_Level:PersistentLevel.Drone7_20.CharacterMesh0'
[2023.04.26-18.00.49:973][832]LogSkeletalMesh: USkeletalMeshComponent::InitArticulated : Could not find root physics body: '/Game/Levels/Skyscraper_Level.Skyscraper_Level:PersistentLevel.Drone8_23.CharacterMesh0'
[2023.04.26-18.00.49:973][832]LogSkeletalMesh: USkeletalMeshComponent::InitArticulated : Could not find root physics body: '/Game/Levels/Skyscraper_Level.Skyscraper_Level:PersistentLevel.Drone9_26.CharacterMesh0'
[2023.04.26-18.00.49:973][832]LogSkeletalMesh: USkeletalMeshComponent::InitArticulated : Could not find root physics body: '/Game/Levels/Skyscraper_Level.Skyscraper_Level:PersistentLevel.Drone_2.CharacterMesh0'
[2023.04.26-18.00.50:017][832]LogWorld: Bringing World /Game/Levels/Skyscraper_Level.Skyscraper_Level up for play (max tick rate 0) at 2023.04.26-14.00.50
[2023.04.26-18.00.50:021][832]LogWorld: Bringing up level for play took: 0.055800
[2023.04.26-18.00.50:021][832]LogGameMode: Display: Match State Changed from EnteringMap to WaitingToStart
[2023.04.26-18.00.50:021][832]LogGameState: Match State Changed from EnteringMap to WaitingToStart
[2023.04.26-18.00.50:021][832]LogGameMode: Display: Match State Changed from WaitingToStart to InProgress
[2023.04.26-18.00.50:023][832]LogPhysics: Warning: Scale for /Game/Levels/Skyscraper_Level.Skyscraper_Level:PersistentLevel.PlayerCharacter_C_0.MantisBlade_Final has a component set to zero, which will result in a bad body instance. Scale:X=0.000 Y=0.000 Z=0.000
[2023.04.26-18.00.50:023][832]LogPhysics: Warning: Initialising Body : Scale3D is (nearly) zero: Component: '/Game/Levels/Skyscraper_Level.Skyscraper_Level:PersistentLevel.PlayerCharacter_C_0.MantisBlade_Final' 
[2023.04.26-18.00.50:058][832]LogViewport: Display: Viewport MouseLockMode Changed, DoNotLock -> LockOnCapture
[2023.04.26-18.00.50:058][832]LogViewport: Display: Viewport MouseCaptureMode Changed, NoCapture -> CapturePermanently
[2023.04.26-18.00.50:058][832]LogScript: Warning: Script Msg: Attempted to access index 0 from array 'CallFunc_GetOverlappingActors_OverlappingActors' of length 0 in '/Game/Assets/AI/NewDrone/Drone.Drone_C:ExecuteUbergraph_Drone'!
[2023.04.26-18.00.50:058][832]LogScript: Warning: Script Msg: Attempted to access index 0 from array 'CallFunc_GetOverlappingActors_OverlappingActors' of length 0 in '/Game/Assets/AI/NewDrone/Drone.Drone_C:ExecuteUbergraph_Drone'!
[2023.04.26-18.00.50:059][832]LogScript: Warning: Script Msg: Attempted to access index 0 from array 'CallFunc_GetOverlappingActors_OverlappingActors' of length 0 in '/Game/Assets/AI/NewDrone/Drone.Drone_C:ExecuteUbergraph_Drone'!
[2023.04.26-18.00.50:060][832]LogGameState: Match State Changed from WaitingToStart to InProgress
[2023.04.26-18.00.50:061][832]LogLoad: Took 3.456620 seconds to LoadMap(/Game/Levels/Skyscraper_Level)
[2023.04.26-18.00.50:068][832]LogSlate: InvalidateAllWidgets triggered.  All widgets were invalidated
[2023.04.26-18.00.50:071][833]LogSlate: Took 0.000229 seconds to synchronously load lazily loaded font '../../../Engine/Content/Slate/Fonts/Roboto-Regular.ttf' (155K)
[2023.04.26-18.00.50:695][854]LogOutputDevice: Warning: 

Script Stack (7 frames):
Drone_C.ExecuteUbergraph_Drone
Drone_C.HandleMovement
Drone_C.ExecuteUbergraph_Drone
Drone_C.HandleState
Drone_C.CooldownMovement
Drone_C.ExecuteUbergraph_Drone
Drone_C.ReceiveTick

[2023.04.26-18.00.50:695][854]LogWindows: Windows GetLastError: The operation completed successfully. (0)
[2023.04.26-18.00.52:521][854]LogWindows: Error: === Critical error: ===
[2023.04.26-18.00.52:521][854]LogWindows: Error: 
[2023.04.26-18.00.52:521][854]LogWindows: Error: Assertion failed: IsValid(Volume) [File:D:/build/U5M-Marketplace/Sync/LocalBuilds/PluginTemp/HostProject/Plugins/CPathfinding/Source/CPathfinding/Private/CPathFindPath.cpp] [Line: 310] 
[2023.04.26-18.00.52:521][854]LogWindows: Error: CPATH - FindPathAsync:::Volume was invalid
[2023.04.26-18.00.52:521][854]LogWindows: Error: 
[2023.04.26-18.00.52:521][854]LogWindows: Error: 
[2023.04.26-18.00.52:521][854]LogWindows: Error: [Callstack] 0x00007ffdf58ccb69 KERNELBASE.dll!UnknownFunction []
[2023.04.26-18.00.52:521][854]LogWindows: Error: [Callstack] 0x00007ffdaefd0216 UE4Editor-Core.dll!UnknownFunction []
[2023.04.26-18.00.52:521][854]LogWindows: Error: [Callstack] 0x00007ffdaefd4218 UE4Editor-Core.dll!UnknownFunction []
[2023.04.26-18.00.52:521][854]LogWindows: Error: [Callstack] 0x00007ffdaecf242d UE4Editor-Core.dll!UnknownFunction []
[2023.04.26-18.00.52:521][854]LogWindows: Error: [Callstack] 0x00007ffdaec46a45 UE4Editor-Core.dll!UnknownFunction []
[2023.04.26-18.00.52:521][854]LogWindows: Error: [Callstack] 0x00007ffdaec480a0 UE4Editor-Core.dll!UnknownFunction []
[2023.04.26-18.00.52:521][854]LogWindows: Error: [Callstack] 0x00007ffd85bd11b8 UE4Editor-CPathfinding.dll!UCPathAsyncFindPath::FindPathAsync() [D:\build\U5M-Marketplace\Sync\LocalBuilds\PluginTemp\HostProject\Plugins\CPathfinding\Source\CPathfinding\Private\CPathFindPath.cpp:310]
[2023.04.26-18.00.52:521][854]LogWindows: Error: [Callstack] 0x00007ffd85bdc727 UE4Editor-CPathfinding.dll!UCPathAsyncFindPath::execFindPathAsync() [D:\build\U5M-Marketplace\Sync\LocalBuilds\PluginTemp\HostProject\Plugins\CPathfinding\Intermediate\Build\Win64\UE4Editor\Inc\CPathfinding\CPathFindPath.gen.cpp:94]
[2023.04.26-18.00.52:521][854]LogWindows: Error: [Callstack] 0x00007ffdb9e3be99 UE4Editor-CoreUObject.dll!UnknownFunction []
[2023.04.26-18.00.52:521][854]LogWindows: Error: [Callstack] 0x00007ffdb9e3e5af UE4Editor-CoreUObject.dll!UnknownFunction []
[2023.04.26-18.00.52:521][854]LogWindows: Error: [Callstack] 0x00007ffdb9e14d8d UE4Editor-CoreUObject.dll!UnknownFunction []
[2023.04.26-18.00.52:521][854]LogWindows: Error: [Callstack] 0x00007ffdb9de341a UE4Editor-CoreUObject.dll!UnknownFunction []
[2023.04.26-18.00.52:521][854]LogWindows: Error: [Callstack] 0x00007ffdb9e1497c UE4Editor-CoreUObject.dll!UnknownFunction []
[2023.04.26-18.00.52:521][854]LogWindows: Error: [Callstack] 0x00007ffdb9e14d8d UE4Editor-CoreUObject.dll!UnknownFunction []
[2023.04.26-18.00.52:521][854]LogWindows: Error: [Callstack] 0x00007ffdb9de341a UE4Editor-CoreUObject.dll!UnknownFunction []
[2023.04.26-18.00.52:521][854]LogWindows: Error: [Callstack] 0x00007ffdb9e1497c UE4Editor-CoreUObject.dll!UnknownFunction []
[2023.04.26-18.00.52:521][854]LogWindows: Error: [Callstack] 0x00007ffdb9e14d8d UE4Editor-CoreUObject.dll!UnknownFunction []
[2023.04.26-18.00.52:521][854]LogWindows: Error: [Callstack] 0x00007ffdb9de341a UE4Editor-CoreUObject.dll!UnknownFunction []
[2023.04.26-18.00.52:521][854]LogWindows: Error: [Callstack] 0x00007ffdb9e1497c UE4Editor-CoreUObject.dll!UnknownFunction []
[2023.04.26-18.00.52:521][854]LogWindows: Error: [Callstack] 0x00007ffdb9e14d8d UE4Editor-CoreUObject.dll!UnknownFunction []
[2023.04.26-18.00.52:521][854]LogWindows: Error: [Callstack] 0x00007ffdb9de341a UE4Editor-CoreUObject.dll!UnknownFunction []
[2023.04.26-18.00.52:521][854]LogWindows: Error: [Callstack] 0x00007ffdb9e1497c UE4Editor-CoreUObject.dll!UnknownFunction []
[2023.04.26-18.00.52:522][854]LogWindows: Error: [Callstack] 0x00007ffdb9e14d8d UE4Editor-CoreUObject.dll!UnknownFunction []
[2023.04.26-18.00.52:522][854]LogWindows: Error: [Callstack] 0x00007ffdb9de341a UE4Editor-CoreUObject.dll!UnknownFunction []
[2023.04.26-18.00.52:522][854]LogWindows: Error: [Callstack] 0x00007ffdb9e1497c UE4Editor-CoreUObject.dll!UnknownFunction []
[2023.04.26-18.00.52:522][854]LogWindows: Error: [Callstack] 0x00007ffdb9e14d8d UE4Editor-CoreUObject.dll!UnknownFunction []
[2023.04.26-18.00.52:522][854]LogWindows: Error: [Callstack] 0x00007ffdb9de341a UE4Editor-CoreUObject.dll!UnknownFunction []
[2023.04.26-18.00.52:522][854]LogWindows: Error: [Callstack] 0x00007ffdb9e1497c UE4Editor-CoreUObject.dll!UnknownFunction []
[2023.04.26-18.00.52:522][854]LogWindows: Error: [Callstack] 0x00007ffdb9e14d8d UE4Editor-CoreUObject.dll!UnknownFunction []
[2023.04.26-18.00.52:522][854]LogWindows: Error: [Callstack] 0x00007ffdb9e14184 UE4Editor-CoreUObject.dll!UnknownFunction []
[2023.04.26-18.00.52:522][854]LogWindows: Error: [Callstack] 0x00007ffdb9b319c4 UE4Editor-CoreUObject.dll!UnknownFunction []
[2023.04.26-18.00.52:522][854]LogWindows: Error: [Callstack] 0x00007ffdb9e13ca3 UE4Editor-CoreUObject.dll!UnknownFunction []
[2023.04.26-18.00.52:522][854]LogWindows: Error: [Callstack] 0x00007ffd7720942a UE4Editor-Engine.dll!UnknownFunction []
[2023.04.26-18.00.52:522][854]LogWindows: Error: [Callstack] 0x00007ffd785f3a4a UE4Editor-Engine.dll!UnknownFunction []
[2023.04.26-18.00.52:522][854]LogWindows: Error: [Callstack] 0x00007ffd7722031b UE4Editor-Engine.dll!UnknownFunction []
[2023.04.26-18.00.52:522][854]LogWindows: Error: [Callstack] 0x00007ffd772204da UE4Editor-Engine.dll!UnknownFunction []
[2023.04.26-18.00.52:522][854]LogWindows: Error: [Callstack] 0x00007ffd771ec06e UE4Editor-Engine.dll!UnknownFunction []
[2023.04.26-18.00.52:522][854]LogWindows: Error: [Callstack] 0x00007ffd7840410e UE4Editor-Engine.dll!UnknownFunction []
[2023.04.26-18.00.52:522][854]LogWindows: Error: [Callstack] 0x00007ffd7840d2e4 UE4Editor-Engine.dll!UnknownFunction []
[2023.04.26-18.00.52:522][854]LogWindows: Error: [Callstack] 0x00007ffdaea52398 UE4Editor-Core.dll!UnknownFunction []
[2023.04.26-18.00.52:522][854]LogWindows: Error: [Callstack] 0x00007ffdaea527ce UE4Editor-Core.dll!UnknownFunction []
[2023.04.26-18.00.52:522][854]LogWindows: Error: [Callstack] 0x00007ffdaea640bd UE4Editor-Core.dll!UnknownFunction []
[2023.04.26-18.00.52:522][854]LogWindows: Error: [Callstack] 0x00007ffd784293be UE4Editor-Engine.dll!UnknownFunction []
[2023.04.26-18.00.52:522][854]LogWindows: Error: [Callstack] 0x00007ffd7842faba UE4Editor-Engine.dll!UnknownFunction []
[2023.04.26-18.00.52:522][854]LogWindows: Error: [Callstack] 0x00007ffd77b1349f UE4Editor-Engine.dll!UnknownFunction []
[2023.04.26-18.00.52:522][854]LogWindows: Error: [Callstack] 0x00007ffd77b1e2fc UE4Editor-Engine.dll!UnknownFunction []
[2023.04.26-18.00.52:522][854]LogWindows: Error: [Callstack] 0x00007ffd778ef56c UE4Editor-Engine.dll!UnknownFunction []
[2023.04.26-18.00.52:522][854]LogWindows: Error: [Callstack] 0x00007ff692ab87a0 UE4Editor.exe!UnknownFunction []
[2023.04.26-18.00.52:522][854]LogWindows: Error: [Callstack] 0x00007ff692ad0fcc UE4Editor.exe!UnknownFunction []
[2023.04.26-18.00.52:522][854]LogWindows: Error: [Callstack] 0x00007ff692ad10ba UE4Editor.exe!UnknownFunction []
[2023.04.26-18.00.52:522][854]LogWindows: Error: [Callstack] 0x00007ff692ad40dd UE4Editor.exe!UnknownFunction []
[2023.04.26-18.00.52:522][854]LogWindows: Error: [Callstack] 0x00007ff692ae5984 UE4Editor.exe!UnknownFunction []
[2023.04.26-18.00.52:522][854]LogWindows: Error: [Callstack] 0x00007ff692ae853a UE4Editor.exe!UnknownFunction []
[2023.04.26-18.00.52:522][854]LogWindows: Error: [Callstack] 0x00007ffdf6367604 KERNEL32.DLL!UnknownFunction []
[2023.04.26-18.00.52:522][854]LogWindows: Error: [Callstack] 0x00007ffdf80c26a1 ntdll.dll!UnknownFunction []
[2023.04.26-18.00.52:522][854]LogWindows: Error: 
[2023.04.26-18.00.52:527][854]LogExit: Executing StaticShutdownAfterError
[2023.04.26-18.00.52:531][854]LogWindows: FPlatformMisc::RequestExit(1)
[2023.04.26-18.00.52:531][854]LogWindows: FPlatformMisc::RequestExitWithStatus(1, 3)
[2023.04.26-18.00.52:531][854]LogCore: Engine exit requested (reason: Win RequestExit)
[2023.04.26-18.00.52:560][854]Log file closed, 04/26/23 14:00:52
