Log file open, 04/20/23 14:50:42
LogWindows: Failed to load 'aqProf.dll' (GetLastError=126)
LogWindows: File 'aqProf.dll' does not exist
LogWindows: Failed to load 'VtuneApi.dll' (GetLastError=126)
LogWindows: File 'VtuneApi.dll' does not exist
LogWindows: Failed to load 'VtuneApi32e.dll' (GetLastError=126)
LogWindows: File 'VtuneApi32e.dll' does not exist
LogConsoleResponse: Display: Failed to find resolution value strings in scalability ini. Falling back to default.
LogConsoleResponse: Display: Failed to find resolution value strings in scalability ini. Falling back to default.
LogInit: Display: Running engine for game: CapstoneProject_HJV
LogPlatformFile: Not using cached read wrapper
LogTaskGraph: Started task graph with 5 named threads and 47 total threads with 3 sets of task threads.
LogStats: Stats thread started at 0.266903
LogICUInternationalization: ICU TimeZone Detection - Raw Offset: -5:00, Platform Override: ''
LogInit: Display: Loading text-based GConfig....
LogPluginManager: Mounting plugin MeshPainting
LogPluginManager: Mounting plugin XGEController
LogPluginManager: Mounting plugin Paper2D
LogPluginManager: Mounting plugin LiveLink
LogPluginManager: Mounting plugin AISupport
LogPluginManager: Mounting plugin LightPropagationVolume
LogPluginManager: Mounting plugin GameplayCameras
LogPluginManager: Mounting plugin AnimationSharing
LogPluginManager: Mounting plugin EnvironmentQueryEditor
LogPluginManager: Mounting plugin CameraShakePreviewer
LogPluginManager: Mounting plugin CLionSourceCodeAccess
LogPluginManager: Mounting plugin CodeLiteSourceCodeAccess
LogPluginManager: Mounting plugin GitSourceControl
LogPluginManager: Mounting plugin NullSourceCodeAccess
LogPluginManager: Mounting plugin KDevelopSourceCodeAccess
LogPluginManager: Mounting plugin AssetManagerEditor
LogPluginManager: Mounting plugin PixWinPlugin
LogPluginManager: Mounting plugin PerforceSourceControl
LogPluginManager: Mounting plugin PlasticSourceControl
LogPluginManager: Mounting plugin PluginUtils
LogPluginManager: Mounting plugin CryptoKeys
LogPluginManager: Mounting plugin PropertyAccessNode
LogPluginManager: Mounting plugin CurveEditorTools
LogPluginManager: Mounting plugin DataValidation
LogPluginManager: Mounting plugin RiderSourceCodeAccess
LogPluginManager: Mounting plugin FacialAnimation
LogPluginManager: Mounting plugin SubversionSourceControl
LogPluginManager: Mounting plugin GameplayTagsEditor
LogPluginManager: Mounting plugin TextureFormatOodle
LogPluginManager: Mounting plugin MacGraphicsSwitching
LogPluginManager: Mounting plugin GeometryMode
LogPluginManager: Mounting plugin UObjectPlugin
LogPluginManager: Mounting plugin MobileLauncherProfileWizard
LogPluginManager: Mounting plugin PluginBrowser
LogPluginManager: Mounting plugin SpeedTreeImporter
LogPluginManager: Mounting plugin AlembicImporter
LogPluginManager: Mounting plugin MaterialAnalyzer
LogPluginManager: Mounting plugin VisualStudioCodeSourceCodeAccess
LogPluginManager: Mounting plugin XCodeSourceCodeAccess
LogPluginManager: Mounting plugin AutomationUtils
LogPluginManager: Mounting plugin VisualStudioSourceCodeAccess
LogPluginManager: Mounting plugin BackChannel
LogPluginManager: Mounting plugin ChaosCloth
LogPluginManager: Mounting plugin ChaosClothEditor
LogPluginManager: Mounting plugin ChaosEditor
LogPluginManager: Mounting plugin ChaosSolverPlugin
LogPluginManager: Mounting plugin CharacterAI
LogPluginManager: Mounting plugin ChaosNiagara
LogPluginManager: Mounting plugin OodleData
LogPluginManager: Mounting plugin LuminPlatformFeatures
LogPluginManager: Mounting plugin OodleNetwork
LogPluginManager: Mounting plugin GeometryCache
LogPluginManager: Mounting plugin MagicLeap
LogPluginManager: Mounting plugin GeometryCollectionPlugin
LogPluginManager: Mounting plugin MagicLeapLightEstimation
LogPluginManager: Mounting plugin Niagara
LogPluginManager: Mounting plugin TcpMessaging
LogPluginManager: Mounting plugin UdpMessaging
LogPluginManager: Mounting plugin ActorSequence
LogPluginManager: Mounting plugin MagicLeapMedia
LogPluginManager: Mounting plugin OnlineSubsystem
LogPluginManager: Mounting plugin AndroidMedia
LogPluginManager: Mounting plugin LevelSequenceEditor
LogPluginManager: Mounting plugin DatasmithContent
LogPluginManager: Mounting plugin MatineeToLevelSequence
LogPluginManager: Mounting plugin GeometryProcessing
LogPluginManager: Mounting plugin MagicLeapPassableWorld
LogPluginManager: Mounting plugin AvfMedia
LogPluginManager: Mounting plugin MLSDK
LogPluginManager: Mounting plugin TemplateSequence
LogPluginManager: Mounting plugin CPathfinding
LogPluginManager: Mounting plugin VariantManagerContent
LogPluginManager: Mounting plugin OpenImageDenoise
LogPluginManager: Mounting plugin MotoSynth
LogPluginManager: Mounting plugin PlanarCut
LogPluginManager: Mounting plugin ProxyLODPlugin
LogPluginManager: Mounting plugin MediaCompositing
LogPluginManager: Mounting plugin ImgMedia
LogPluginManager: Mounting plugin OnlineSubsystemNull
LogPluginManager: Mounting plugin PythonScriptPlugin
LogPluginManager: Mounting plugin PlatformCrypto
LogPluginManager: Mounting plugin MediaPlayerEditor
LogPluginManager: Mounting plugin OnlineSubsystemUtils
LogPluginManager: Mounting plugin WebMMedia
LogPluginManager: Mounting plugin WmfMedia
LogPluginManager: Mounting plugin SkeletalReduction
LogPluginManager: Mounting plugin ActorLayerUtilities
LogPluginManager: Mounting plugin AndroidMoviePlayer
LogPluginManager: Mounting plugin AndroidDeviceProfileSelector
LogPluginManager: Mounting plugin AndroidPermission
LogPluginManager: Mounting plugin ApexDestruction
LogPluginManager: Mounting plugin AssetTags
LogPluginManager: Mounting plugin ArchVisCharacter
LogPluginManager: Mounting plugin AppleImageUtils
LogPluginManager: Mounting plugin AppleMoviePlayer
LogPluginManager: Mounting plugin AudioCapture
LogPluginManager: Mounting plugin CableComponent
LogPluginManager: Mounting plugin AudioSynesthesia
LogPluginManager: Mounting plugin ChunkDownloader
LogPluginManager: Mounting plugin CustomMeshComponent
LogPluginManager: Mounting plugin EditableMesh
LogPluginManager: Mounting plugin ExampleDeviceProfileSelector
LogPluginManager: Mounting plugin GooglePAD
LogPluginManager: Mounting plugin GoogleCloudMessaging
LogPluginManager: Mounting plugin IOSDeviceProfileSelector
LogPluginManager: Mounting plugin LinuxDeviceProfileSelector
LogPluginManager: Mounting plugin LauncherChunkInstaller
LogPluginManager: Mounting plugin LocationServicesBPLibrary
LogPluginManager: Mounting plugin MobilePatchingUtils
LogPluginManager: Mounting plugin OpenXR
LogPluginManager: Mounting plugin OpenXREyeTracker
LogPluginManager: Mounting plugin OpenXRHandTracking
LogPluginManager: Mounting plugin PhysXVehicles
LogPluginManager: Mounting plugin PostSplashScreen
LogPluginManager: Mounting plugin ProceduralMeshComponent
LogPluginManager: Mounting plugin PropertyAccessEditor
LogPluginManager: Mounting plugin SignificanceManager
LogPluginManager: Mounting plugin RuntimePhysXCooking
LogPluginManager: Mounting plugin SoundFields
LogPluginManager: Mounting plugin Takes
LogPluginManager: Mounting plugin Synthesis
LogPluginManager: Mounting plugin WebMMoviePlayer
LogPluginManager: Mounting plugin WindowsMoviePlayer
LogPluginManager: Mounting plugin ScreenshotTools
LogPluginManager: Mounting plugin ContentBrowserAssetDataSource
LogPluginManager: Mounting plugin ContentBrowserClassDataSource
LogPluginManager: Mounting plugin ContentBrowserFileDataSource
LogPluginManager: Mounting plugin OnlineSubsystemGooglePlay
LogPluginManager: Mounting plugin OnlineSubsystemIOS
LogPluginManager: Mounting plugin OculusVR
LogPluginManager: Mounting plugin SteamVR
PixWinPlugin: PIX capture plugin failed to initialize! Check that the process is launched from PIX.
LogInit: Using libcurl 7.55.1-DEV
LogInit:  - built for x86_64-pc-win32
LogInit:  - supports SSL with OpenSSL/1.1.1
LogInit:  - supports HTTP deflate (compression) using libz 1.2.8
LogInit:  - other features:
LogInit:      CURL_VERSION_SSL
LogInit:      CURL_VERSION_LIBZ
LogInit:      CURL_VERSION_IPV6
LogInit:      CURL_VERSION_ASYNCHDNS
LogInit:      CURL_VERSION_LARGEFILE
LogInit:      CURL_VERSION_IDN
LogInit:  CurlRequestOptions (configurable via config and command line):
LogInit:  - bVerifyPeer = true  - Libcurl will verify peer certificate
LogInit:  - bUseHttpProxy = false  - Libcurl will NOT use HTTP proxy
LogInit:  - bDontReuseConnections = false  - Libcurl will reuse connections
LogInit:  - MaxHostConnections = 16  - Libcurl will limit the number of connections to a host
LogInit:  - LocalHostAddr = Default
LogInit:  - BufferSize = 65536
LogOnline: OSS: Creating online subsystem instance for: NULL
LogInit: WinSock: version 1.1 (2.2), MaxSocks=32767, MaxUdp=65467
LogOnline: OSS: TryLoadSubsystemAndSetDefault: Loaded subsystem for module [NULL]
LogOculusPluginWrapper: OculusPlugin initialized successfully
LogHMD: Failed initializing OVRPlugin 1.59.0
LogInit: Build: ++UE4+Release-4.27-CL-18319896
LogInit: Engine Version: 4.27.2-18319896+++UE4+Release-4.27
LogInit: Compatible Engine Version: 4.27.0-17155196+++UE4+Release-4.27
LogInit: Net CL: 17155196
LogInit: OS: Windows 10 (Release 2009) (), CPU: AMD Ryzen 7 2700 Eight-Core Processor          , GPU: NVIDIA GeForce GTX 1060 3GB
LogInit: Compiled (64-bit): Nov 30 2021 07:12:08
LogInit: Compiled with Visual C++: 19.24.28315.00
LogInit: Build Configuration: Development
LogInit: Branch Name: ++UE4+Release-4.27
LogInit: Command Line: 
LogInit: Base Directory: E:/Epic Games/UE_4.27/Engine/Binaries/Win64/
LogInit: Allocator: TBB
LogInit: Installed Engine Build: 1
LogDevObjectVersion: Number of dev versions registered: 29
LogDevObjectVersion:   Dev-Blueprints (B0D832E4-1F89-4F0D-ACCF-7EB736FD4AA2): 10
LogDevObjectVersion:   Dev-Build (E1C64328-A22C-4D53-A36C-8E866417BD8C): 0
LogDevObjectVersion:   Dev-Core (375EC13C-06E4-48FB-B500-84F0262A717E): 4
LogDevObjectVersion:   Dev-Editor (E4B068ED-F494-42E9-A231-DA0B2E46BB41): 40
LogDevObjectVersion:   Dev-Framework (CFFC743F-43B0-4480-9391-14DF171D2073): 37
LogDevObjectVersion:   Dev-Mobile (B02B49B5-BB20-44E9-A304-32B752E40360): 3
LogDevObjectVersion:   Dev-Networking (A4E4105C-59A1-49B5-A7C5-40C4547EDFEE): 0
LogDevObjectVersion:   Dev-Online (39C831C9-5AE6-47DC-9A44-9C173E1C8E7C): 0
LogDevObjectVersion:   Dev-Physics (78F01B33-EBEA-4F98-B9B4-84EACCB95AA2): 14
LogDevObjectVersion:   Dev-Platform (6631380F-2D4D-43E0-8009-CF276956A95A): 0
LogDevObjectVersion:   Dev-Rendering (12F88B9F-8875-4AFC-A67C-D90C383ABD29): 45
LogDevObjectVersion:   Dev-Sequencer (7B5AE74C-D270-4C10-A958-57980B212A5A): 13
LogDevObjectVersion:   Dev-VR (D7296918-1DD6-4BDD-9DE2-64A83CC13884): 3
LogDevObjectVersion:   Dev-LoadTimes (C2A15278-BFE7-4AFE-6C17-90FF531DF755): 1
LogDevObjectVersion:   Private-Geometry (6EACA3D4-40EC-4CC1-B786-8BED09428FC5): 3
LogDevObjectVersion:   Dev-AnimPhys (29E575DD-E0A3-4627-9D10-D276232CDCEA): 17
LogDevObjectVersion:   Dev-Anim (AF43A65D-7FD3-4947-9873-3E8ED9C1BB05): 15
LogDevObjectVersion:   Dev-ReflectionCapture (6B266CEC-1EC7-4B8F-A30B-E4D90942FC07): 1
LogDevObjectVersion:   Dev-Automation (0DF73D61-A23F-47EA-B727-89E90C41499A): 1
LogDevObjectVersion:   FortniteMain (601D1886-AC64-4F84-AA16-D3DE0DEAC7D6): 47
LogDevObjectVersion:   FortniteRelease (E7086368-6B23-4C58-8439-1B7016265E91): 1
LogDevObjectVersion:   Dev-Enterprise (9DFFBCD6-494F-0158-E221-12823C92A888): 10
LogDevObjectVersion:   Dev-Niagara (F2AED0AC-9AFE-416F-8664-AA7FFA26D6FC): 1
LogDevObjectVersion:   Dev-Destruction (174F1F0B-B4C6-45A5-B13F-2EE8D0FB917D): 10
LogDevObjectVersion:   Dev-Physics-Ext (35F94A83-E258-406C-A318-09F59610247C): 41
LogDevObjectVersion:   Dev-PhysicsMaterial-Chaos (B68FC16E-8B1B-42E2-B453-215C058844FE): 1
LogDevObjectVersion:   Dev-CineCamera (B2E18506-4273-CFC2-A54E-F4BB758BBA07): 1
LogDevObjectVersion:   Dev-VirtualProduction (64F58936-FD1B-42BA-BA96-7289D5D0FA4E): 1
LogDevObjectVersion:   Dev-MediaFramework (6F0ED827-A609-4895-9C91-998D90180EA4): 2
LogInit: Presizing for max 25165824 objects, including 0 objects not considered by GC, pre-allocating 0 bytes for permanent pool.
LogConfig: Applying CVar settings from Section [/Script/Engine.StreamingSettings] File [E:/School/DAGD 499/CapstoneProject/CapstoneProject_HJV/Saved/Config/Windows/Engine.ini]
LogConfig: Setting CVar [[s.MinBulkDataSizeForAsyncLoading:131072]]
LogConfig: Setting CVar [[s.AsyncLoadingThreadEnabled:0]]
LogConfig: Setting CVar [[s.EventDrivenLoaderEnabled:1]]
LogConfig: Setting CVar [[s.WarnIfTimeLimitExceeded:0]]
LogConfig: Setting CVar [[s.TimeLimitExceededMultiplier:1.5]]
LogConfig: Setting CVar [[s.TimeLimitExceededMinTime:0.005]]
LogConfig: Setting CVar [[s.UseBackgroundLevelStreaming:1]]
LogConfig: Setting CVar [[s.PriorityAsyncLoadingExtraTime:15.0]]
LogConfig: Setting CVar [[s.LevelStreamingActorsUpdateTimeLimit:5.0]]
LogConfig: Setting CVar [[s.PriorityLevelStreamingActorsUpdateExtraTime:5.0]]
LogConfig: Setting CVar [[s.LevelStreamingComponentsRegistrationGranularity:10]]
LogConfig: Setting CVar [[s.UnregisterComponentsTimeLimit:1.0]]
LogConfig: Setting CVar [[s.LevelStreamingComponentsUnregistrationGranularity:5]]
LogConfig: Setting CVar [[s.FlushStreamingOnExit:1]]
LogInit: Object subsystem initialized
LogConfig: Setting CVar [[con.DebugEarlyDefault:1]]
LogConfig: Setting CVar [[r.setres:1280x720]]
[2023.04.20-18.50.42:909][  0]LogConfig: Setting CVar [[r.VSync:0]]
[2023.04.20-18.50.42:909][  0]LogConfig: Setting CVar [[r.RHICmdBypass:0]]
[2023.04.20-18.50.42:909][  0]LogConfig: Applying CVar settings from Section [/Script/Engine.RendererSettings] File [E:/School/DAGD 499/CapstoneProject/CapstoneProject_HJV/Saved/Config/Windows/Engine.ini]
[2023.04.20-18.50.42:909][  0]LogConfig: Setting CVar [[r.GPUCrashDebugging:0]]
[2023.04.20-18.50.42:909][  0]LogConfig: Applying CVar settings from Section [/Script/Engine.RendererOverrideSettings] File [E:/School/DAGD 499/CapstoneProject/CapstoneProject_HJV/Saved/Config/Windows/Engine.ini]
[2023.04.20-18.50.42:909][  0]LogConfig: Applying CVar settings from Section [/Script/Engine.StreamingSettings] File [E:/School/DAGD 499/CapstoneProject/CapstoneProject_HJV/Saved/Config/Windows/Engine.ini]
[2023.04.20-18.50.42:909][  0]LogConfig: Setting CVar [[s.MinBulkDataSizeForAsyncLoading:131072]]
[2023.04.20-18.50.42:909][  0]LogConfig: Setting CVar [[s.AsyncLoadingThreadEnabled:0]]
[2023.04.20-18.50.42:909][  0]LogConfig: Setting CVar [[s.EventDrivenLoaderEnabled:1]]
[2023.04.20-18.50.42:909][  0]LogConfig: Setting CVar [[s.WarnIfTimeLimitExceeded:0]]
[2023.04.20-18.50.42:909][  0]LogConfig: Setting CVar [[s.TimeLimitExceededMultiplier:1.5]]
[2023.04.20-18.50.42:909][  0]LogConfig: Setting CVar [[s.TimeLimitExceededMinTime:0.005]]
[2023.04.20-18.50.42:909][  0]LogConfig: Setting CVar [[s.UseBackgroundLevelStreaming:1]]
[2023.04.20-18.50.42:909][  0]LogConfig: Setting CVar [[s.PriorityAsyncLoadingExtraTime:15.0]]
[2023.04.20-18.50.42:909][  0]LogConfig: Setting CVar [[s.LevelStreamingActorsUpdateTimeLimit:5.0]]
[2023.04.20-18.50.42:909][  0]LogConfig: Setting CVar [[s.PriorityLevelStreamingActorsUpdateExtraTime:5.0]]
[2023.04.20-18.50.42:909][  0]LogConfig: Setting CVar [[s.LevelStreamingComponentsRegistrationGranularity:10]]
[2023.04.20-18.50.42:909][  0]LogConfig: Setting CVar [[s.UnregisterComponentsTimeLimit:1.0]]
[2023.04.20-18.50.42:909][  0]LogConfig: Setting CVar [[s.LevelStreamingComponentsUnregistrationGranularity:5]]
[2023.04.20-18.50.42:910][  0]LogConfig: Setting CVar [[s.FlushStreamingOnExit:1]]
[2023.04.20-18.50.42:910][  0]LogConfig: Applying CVar settings from Section [/Script/Engine.GarbageCollectionSettings] File [E:/School/DAGD 499/CapstoneProject/CapstoneProject_HJV/Saved/Config/Windows/Engine.ini]
[2023.04.20-18.50.42:910][  0]LogConfig: Setting CVar [[gc.MaxObjectsNotConsideredByGC:1]]
[2023.04.20-18.50.42:910][  0]LogConfig: Setting CVar [[gc.SizeOfPermanentObjectPool:0]]
[2023.04.20-18.50.42:910][  0]LogConfig: Setting CVar [[gc.FlushStreamingOnGC:0]]
[2023.04.20-18.50.42:910][  0]LogConfig: Setting CVar [[gc.NumRetriesBeforeForcingGC:10]]
[2023.04.20-18.50.42:910][  0]LogConfig: Setting CVar [[gc.AllowParallelGC:1]]
[2023.04.20-18.50.42:910][  0]LogConfig: Setting CVar [[gc.TimeBetweenPurgingPendingKillObjects:61.1]]
[2023.04.20-18.50.42:910][  0]LogConfig: Setting CVar [[gc.MaxObjectsInEditor:25165824]]
[2023.04.20-18.50.42:910][  0]LogConfig: Setting CVar [[gc.IncrementalBeginDestroyEnabled:1]]
[2023.04.20-18.50.42:910][  0]LogConfig: Setting CVar [[gc.CreateGCClusters:1]]
[2023.04.20-18.50.42:910][  0]LogConfig: Setting CVar [[gc.MinGCClusterSize:5]]
[2023.04.20-18.50.42:910][  0]LogConfig: Setting CVar [[gc.ActorClusteringEnabled:0]]
[2023.04.20-18.50.42:910][  0]LogConfig: Setting CVar [[gc.BlueprintClusteringEnabled:0]]
[2023.04.20-18.50.42:910][  0]LogConfig: Setting CVar [[gc.UseDisregardForGCOnDedicatedServers:0]]
[2023.04.20-18.50.42:910][  0]LogConfig: Setting CVar [[gc.MultithreadedDestructionEnabled:1]]
[2023.04.20-18.50.42:910][  0]LogConfig: Applying CVar settings from Section [/Script/Engine.NetworkSettings] File [E:/School/DAGD 499/CapstoneProject/CapstoneProject_HJV/Saved/Config/Windows/Engine.ini]
[2023.04.20-18.50.42:910][  0]LogConfig: Applying CVar settings from Section [/Script/UnrealEd.CookerSettings] File [E:/School/DAGD 499/CapstoneProject/CapstoneProject_HJV/Saved/Config/Windows/Engine.ini]
[2023.04.20-18.50.42:925][  0]LogConfig: Applying CVar settings from Section [ViewDistanceQuality@3] File [E:/School/DAGD 499/CapstoneProject/CapstoneProject_HJV/Saved/Config/Windows/Scalability.ini]
[2023.04.20-18.50.42:925][  0]LogConfig: Setting CVar [[r.SkeletalMeshLODBias:0]]
[2023.04.20-18.50.42:925][  0]LogConfig: Setting CVar [[r.ViewDistanceScale:1.0]]
[2023.04.20-18.50.42:925][  0]LogConfig: Applying CVar settings from Section [AntiAliasingQuality@3] File [E:/School/DAGD 499/CapstoneProject/CapstoneProject_HJV/Saved/Config/Windows/Scalability.ini]
[2023.04.20-18.50.42:925][  0]LogConfig: Setting CVar [[r.PostProcessAAQuality:4]]
[2023.04.20-18.50.42:925][  0]LogConfig: Applying CVar settings from Section [ShadowQuality@3] File [E:/School/DAGD 499/CapstoneProject/CapstoneProject_HJV/Saved/Config/Windows/Scalability.ini]
[2023.04.20-18.50.42:925][  0]LogConfig: Setting CVar [[r.LightFunctionQuality:1]]
[2023.04.20-18.50.42:925][  0]LogConfig: Setting CVar [[r.ShadowQuality:5]]
[2023.04.20-18.50.42:925][  0]LogConfig: Setting CVar [[r.Shadow.CSM.MaxCascades:10]]
[2023.04.20-18.50.42:925][  0]LogConfig: Setting CVar [[r.Shadow.MaxResolution:2048]]
[2023.04.20-18.50.42:925][  0]LogConfig: Setting CVar [[r.Shadow.MaxCSMResolution:2048]]
[2023.04.20-18.50.42:925][  0]LogConfig: Setting CVar [[r.Shadow.RadiusThreshold:0.01]]
[2023.04.20-18.50.42:925][  0]LogConfig: Setting CVar [[r.Shadow.DistanceScale:1.0]]
[2023.04.20-18.50.42:925][  0]LogConfig: Setting CVar [[r.Shadow.CSM.TransitionScale:1.0]]
[2023.04.20-18.50.42:925][  0]LogConfig: Setting CVar [[r.Shadow.PreShadowResolutionFactor:1.0]]
[2023.04.20-18.50.42:925][  0]LogConfig: Setting CVar [[r.DistanceFieldShadowing:1]]
[2023.04.20-18.50.42:925][  0]LogConfig: Setting CVar [[r.DistanceFieldAO:1]]
[2023.04.20-18.50.42:925][  0]LogConfig: Setting CVar [[r.AOQuality:2]]
[2023.04.20-18.50.42:925][  0]LogConfig: Setting CVar [[r.VolumetricFog:1]]
[2023.04.20-18.50.42:925][  0]LogConfig: Setting CVar [[r.VolumetricFog.GridPixelSize:8]]
[2023.04.20-18.50.42:925][  0]LogConfig: Setting CVar [[r.VolumetricFog.GridSizeZ:128]]
[2023.04.20-18.50.42:925][  0]LogConfig: Setting CVar [[r.VolumetricFog.HistoryMissSupersampleCount:4]]
[2023.04.20-18.50.42:925][  0]LogConfig: Setting CVar [[r.LightMaxDrawDistanceScale:1]]
[2023.04.20-18.50.42:925][  0]LogConfig: Setting CVar [[r.CapsuleShadows:1]]
[2023.04.20-18.50.42:925][  0]LogConfig: Applying CVar settings from Section [PostProcessQuality@3] File [E:/School/DAGD 499/CapstoneProject/CapstoneProject_HJV/Saved/Config/Windows/Scalability.ini]
[2023.04.20-18.50.42:925][  0]LogConfig: Setting CVar [[r.MotionBlurQuality:4]]
[2023.04.20-18.50.42:925][  0]LogConfig: Setting CVar [[r.AmbientOcclusionMipLevelFactor:0.4]]
[2023.04.20-18.50.42:925][  0]LogConfig: Setting CVar [[r.AmbientOcclusionMaxQuality:100]]
[2023.04.20-18.50.42:925][  0]LogConfig: Setting CVar [[r.AmbientOcclusionLevels:-1]]
[2023.04.20-18.50.42:925][  0]LogConfig: Setting CVar [[r.AmbientOcclusionRadiusScale:1.0]]
[2023.04.20-18.50.42:925][  0]LogConfig: Setting CVar [[r.DepthOfFieldQuality:2]]
[2023.04.20-18.50.42:925][  0]LogConfig: Setting CVar [[r.RenderTargetPoolMin:400]]
[2023.04.20-18.50.42:925][  0]LogConfig: Setting CVar [[r.LensFlareQuality:2]]
[2023.04.20-18.50.42:925][  0]LogConfig: Setting CVar [[r.SceneColorFringeQuality:1]]
[2023.04.20-18.50.42:925][  0]LogConfig: Setting CVar [[r.EyeAdaptationQuality:2]]
[2023.04.20-18.50.42:925][  0]LogConfig: Setting CVar [[r.BloomQuality:5]]
[2023.04.20-18.50.42:925][  0]LogConfig: Setting CVar [[r.FastBlurThreshold:100]]
[2023.04.20-18.50.42:925][  0]LogConfig: Setting CVar [[r.Upscale.Quality:3]]
[2023.04.20-18.50.42:925][  0]LogConfig: Setting CVar [[r.Tonemapper.GrainQuantization:1]]
[2023.04.20-18.50.42:925][  0]LogConfig: Setting CVar [[r.LightShaftQuality:1]]
[2023.04.20-18.50.42:925][  0]LogConfig: Setting CVar [[r.Filter.SizeScale:1]]
[2023.04.20-18.50.42:925][  0]LogConfig: Setting CVar [[r.Tonemapper.Quality:5]]
[2023.04.20-18.50.42:925][  0]LogConfig: Setting CVar [[r.DOF.Gather.AccumulatorQuality:1        ; higher gathering accumulator quality]]
[2023.04.20-18.50.42:925][  0]LogConfig: Setting CVar [[r.DOF.Gather.PostfilterMethod:1          ; Median3x3 postfilering method]]
[2023.04.20-18.50.42:925][  0]LogConfig: Setting CVar [[r.DOF.Gather.EnableBokehSettings:0       ; no bokeh simulation when gathering]]
[2023.04.20-18.50.42:925][  0]LogConfig: Setting CVar [[r.DOF.Gather.RingCount:4                 ; medium number of samples when gathering]]
[2023.04.20-18.50.42:925][  0]LogConfig: Setting CVar [[r.DOF.Scatter.ForegroundCompositing:1    ; additive foreground scattering]]
[2023.04.20-18.50.42:925][  0]LogConfig: Setting CVar [[r.DOF.Scatter.BackgroundCompositing:2    ; additive background scattering]]
[2023.04.20-18.50.42:925][  0]LogConfig: Setting CVar [[r.DOF.Scatter.EnableBokehSettings:1      ; bokeh simulation when scattering]]
[2023.04.20-18.50.42:925][  0]LogConfig: Setting CVar [[r.DOF.Scatter.MaxSpriteRatio:0.1         ; only a maximum of 10% of scattered bokeh]]
[2023.04.20-18.50.42:925][  0]LogConfig: Setting CVar [[r.DOF.Recombine.Quality:1                ; cheap slight out of focus]]
[2023.04.20-18.50.42:925][  0]LogConfig: Setting CVar [[r.DOF.Recombine.EnableBokehSettings:0    ; no bokeh simulation on slight out of focus]]
[2023.04.20-18.50.42:925][  0]LogConfig: Setting CVar [[r.DOF.TemporalAAQuality:1                ; more stable temporal accumulation]]
[2023.04.20-18.50.42:925][  0]LogConfig: Setting CVar [[r.DOF.Kernel.MaxForegroundRadius:0.025]]
[2023.04.20-18.50.42:925][  0]LogConfig: Setting CVar [[r.DOF.Kernel.MaxBackgroundRadius:0.025]]
[2023.04.20-18.50.42:925][  0]LogConfig: Applying CVar settings from Section [TextureQuality@3] File [E:/School/DAGD 499/CapstoneProject/CapstoneProject_HJV/Saved/Config/Windows/Scalability.ini]
[2023.04.20-18.50.42:925][  0]LogConfig: Setting CVar [[r.Streaming.MipBias:0]]
[2023.04.20-18.50.42:925][  0]LogConfig: Setting CVar [[r.Streaming.AmortizeCPUToGPUCopy:0]]
[2023.04.20-18.50.42:925][  0]LogConfig: Setting CVar [[r.Streaming.MaxNumTexturesToStreamPerFrame:0]]
[2023.04.20-18.50.42:925][  0]LogConfig: Setting CVar [[r.Streaming.Boost:1]]
[2023.04.20-18.50.42:925][  0]LogConfig: Setting CVar [[r.MaxAnisotropy:8]]
[2023.04.20-18.50.42:925][  0]LogConfig: Setting CVar [[r.VT.MaxAnisotropy:8]]
[2023.04.20-18.50.42:926][  0]LogConfig: Setting CVar [[r.Streaming.LimitPoolSizeToVRAM:0]]
[2023.04.20-18.50.42:926][  0]LogConfig: Setting CVar [[r.Streaming.PoolSize:1000]]
[2023.04.20-18.50.42:926][  0]LogConfig: Setting CVar [[r.Streaming.MaxEffectiveScreenSize:0]]
[2023.04.20-18.50.42:926][  0]LogConfig: Applying CVar settings from Section [EffectsQuality@3] File [E:/School/DAGD 499/CapstoneProject/CapstoneProject_HJV/Saved/Config/Windows/Scalability.ini]
[2023.04.20-18.50.42:926][  0]LogConfig: Setting CVar [[r.TranslucencyLightingVolumeDim:64]]
[2023.04.20-18.50.42:926][  0]LogConfig: Setting CVar [[r.RefractionQuality:2]]
[2023.04.20-18.50.42:926][  0]LogConfig: Setting CVar [[r.SSR.Quality:3]]
[2023.04.20-18.50.42:926][  0]LogConfig: Setting CVar [[r.SSR.HalfResSceneColor:0]]
[2023.04.20-18.50.42:926][  0]LogConfig: Setting CVar [[r.SceneColorFormat:4]]
[2023.04.20-18.50.42:926][  0]LogConfig: Setting CVar [[r.DetailMode:2]]
[2023.04.20-18.50.42:926][  0]LogConfig: Setting CVar [[r.TranslucencyVolumeBlur:1]]
[2023.04.20-18.50.42:926][  0]LogConfig: Setting CVar [[r.MaterialQualityLevel:1 ; High quality]]
[2023.04.20-18.50.42:926][  0]LogConfig: Setting CVar [[r.AnisotropicMaterials:1]]
[2023.04.20-18.50.42:926][  0]LogConfig: Setting CVar [[r.SSS.Scale:1]]
[2023.04.20-18.50.42:926][  0]LogConfig: Setting CVar [[r.SSS.SampleSet:2]]
[2023.04.20-18.50.42:926][  0]LogConfig: Setting CVar [[r.SSS.Quality:1]]
[2023.04.20-18.50.42:926][  0]LogConfig: Setting CVar [[r.SSS.HalfRes:0]]
[2023.04.20-18.50.42:926][  0]LogConfig: Setting CVar [[r.SSGI.Quality:3]]
[2023.04.20-18.50.42:926][  0]LogConfig: Setting CVar [[r.EmitterSpawnRateScale:1.0]]
[2023.04.20-18.50.42:926][  0]LogConfig: Setting CVar [[r.ParticleLightQuality:2]]
[2023.04.20-18.50.42:926][  0]LogConfig: Setting CVar [[r.SkyAtmosphere.AerialPerspectiveLUT.FastApplyOnOpaque:1 ; Always have FastSkyLUT 1 in this case to avoid wrong sky]]
[2023.04.20-18.50.42:926][  0]LogConfig: Setting CVar [[r.SkyAtmosphere.AerialPerspectiveLUT.SampleCountMaxPerSlice:4]]
[2023.04.20-18.50.42:926][  0]LogConfig: Setting CVar [[r.SkyAtmosphere.AerialPerspectiveLUT.DepthResolution:16.0]]
[2023.04.20-18.50.42:926][  0]LogConfig: Setting CVar [[r.SkyAtmosphere.FastSkyLUT:1]]
[2023.04.20-18.50.42:926][  0]LogConfig: Setting CVar [[r.SkyAtmosphere.FastSkyLUT.SampleCountMin:4.0]]
[2023.04.20-18.50.42:926][  0]LogConfig: Setting CVar [[r.SkyAtmosphere.FastSkyLUT.SampleCountMax:128.0]]
[2023.04.20-18.50.42:926][  0]LogConfig: Setting CVar [[r.SkyAtmosphere.SampleCountMin:4.0]]
[2023.04.20-18.50.42:926][  0]LogConfig: Setting CVar [[r.SkyAtmosphere.SampleCountMax:128.0]]
[2023.04.20-18.50.42:926][  0]LogConfig: Setting CVar [[r.SkyAtmosphere.TransmittanceLUT.UseSmallFormat:0]]
[2023.04.20-18.50.42:926][  0]LogConfig: Setting CVar [[r.SkyAtmosphere.TransmittanceLUT.SampleCount:10.0]]
[2023.04.20-18.50.42:926][  0]LogConfig: Setting CVar [[r.SkyAtmosphere.MultiScatteringLUT.SampleCount:15.0]]
[2023.04.20-18.50.42:926][  0]LogConfig: Setting CVar [[r.SkyLight.RealTimeReflectionCapture:1]]
[2023.04.20-18.50.42:926][  0]LogConfig: Applying CVar settings from Section [FoliageQuality@3] File [E:/School/DAGD 499/CapstoneProject/CapstoneProject_HJV/Saved/Config/Windows/Scalability.ini]
[2023.04.20-18.50.42:926][  0]LogConfig: Setting CVar [[foliage.DensityScale:1.0]]
[2023.04.20-18.50.42:926][  0]LogConfig: Setting CVar [[grass.DensityScale:1.0]]
[2023.04.20-18.50.42:926][  0]LogConfig: Applying CVar settings from Section [ShadingQuality@3] File [E:/School/DAGD 499/CapstoneProject/CapstoneProject_HJV/Saved/Config/Windows/Scalability.ini]
[2023.04.20-18.50.42:926][  0]LogConfig: Setting CVar [[r.HairStrands.SkyLighting.IntegrationType:2]]
[2023.04.20-18.50.42:926][  0]LogConfig: Setting CVar [[r.HairStrands.SkyAO.SampleCount:4]]
[2023.04.20-18.50.42:926][  0]LogConfig: Setting CVar [[r.HairStrands.Visibility.MSAA.SamplePerPixel:4]]
[2023.04.20-18.50.42:926][  0]LogInit: Selected Device Profile: [Windows]
[2023.04.20-18.50.42:926][  0]LogInit: Applying CVar settings loaded from the selected device profile: [Windows]
[2023.04.20-18.50.42:926][  0]LogHAL: Display: Platform has ~ 24 GB [25697697792 / 34359738368 / 24], which maps to Larger [LargestMinGB=32, LargerMinGB=12, DefaultMinGB=8, SmallerMinGB=6, SmallestMinGB=0)
[2023.04.20-18.50.42:926][  0]LogInit: Going up to parent DeviceProfile []
[2023.04.20-18.50.42:926][  0]LogConfig: Applying CVar settings from Section [ViewDistanceQuality@3] File [E:/School/DAGD 499/CapstoneProject/CapstoneProject_HJV/Saved/Config/Windows/Scalability.ini]
[2023.04.20-18.50.42:926][  0]LogConfig: Setting CVar [[r.SkeletalMeshLODBias:0]]
[2023.04.20-18.50.42:926][  0]LogConfig: Setting CVar [[r.ViewDistanceScale:1.0]]
[2023.04.20-18.50.42:926][  0]LogConfig: Applying CVar settings from Section [AntiAliasingQuality@3] File [E:/School/DAGD 499/CapstoneProject/CapstoneProject_HJV/Saved/Config/Windows/Scalability.ini]
[2023.04.20-18.50.42:926][  0]LogConfig: Setting CVar [[r.PostProcessAAQuality:4]]
[2023.04.20-18.50.42:926][  0]LogConfig: Applying CVar settings from Section [ShadowQuality@3] File [E:/School/DAGD 499/CapstoneProject/CapstoneProject_HJV/Saved/Config/Windows/Scalability.ini]
[2023.04.20-18.50.42:926][  0]LogConfig: Setting CVar [[r.LightFunctionQuality:1]]
[2023.04.20-18.50.42:926][  0]LogConfig: Setting CVar [[r.ShadowQuality:5]]
[2023.04.20-18.50.42:926][  0]LogConfig: Setting CVar [[r.Shadow.CSM.MaxCascades:10]]
[2023.04.20-18.50.42:926][  0]LogConfig: Setting CVar [[r.Shadow.MaxResolution:2048]]
[2023.04.20-18.50.42:926][  0]LogConfig: Setting CVar [[r.Shadow.MaxCSMResolution:2048]]
[2023.04.20-18.50.42:926][  0]LogConfig: Setting CVar [[r.Shadow.RadiusThreshold:0.01]]
[2023.04.20-18.50.42:926][  0]LogConfig: Setting CVar [[r.Shadow.DistanceScale:1.0]]
[2023.04.20-18.50.42:926][  0]LogConfig: Setting CVar [[r.Shadow.CSM.TransitionScale:1.0]]
[2023.04.20-18.50.42:926][  0]LogConfig: Setting CVar [[r.Shadow.PreShadowResolutionFactor:1.0]]
[2023.04.20-18.50.42:926][  0]LogConfig: Setting CVar [[r.DistanceFieldShadowing:1]]
[2023.04.20-18.50.42:926][  0]LogConfig: Setting CVar [[r.DistanceFieldAO:1]]
[2023.04.20-18.50.42:926][  0]LogConfig: Setting CVar [[r.AOQuality:2]]
[2023.04.20-18.50.42:926][  0]LogConfig: Setting CVar [[r.VolumetricFog:1]]
[2023.04.20-18.50.42:927][  0]LogConfig: Setting CVar [[r.VolumetricFog.GridPixelSize:8]]
[2023.04.20-18.50.42:927][  0]LogConfig: Setting CVar [[r.VolumetricFog.GridSizeZ:128]]
[2023.04.20-18.50.42:927][  0]LogConfig: Setting CVar [[r.VolumetricFog.HistoryMissSupersampleCount:4]]
[2023.04.20-18.50.42:927][  0]LogConfig: Setting CVar [[r.LightMaxDrawDistanceScale:1]]
[2023.04.20-18.50.42:927][  0]LogConfig: Setting CVar [[r.CapsuleShadows:1]]
[2023.04.20-18.50.42:927][  0]LogConfig: Applying CVar settings from Section [PostProcessQuality@3] File [E:/School/DAGD 499/CapstoneProject/CapstoneProject_HJV/Saved/Config/Windows/Scalability.ini]
[2023.04.20-18.50.42:927][  0]LogConfig: Setting CVar [[r.MotionBlurQuality:4]]
[2023.04.20-18.50.42:927][  0]LogConfig: Setting CVar [[r.AmbientOcclusionMipLevelFactor:0.4]]
[2023.04.20-18.50.42:927][  0]LogConfig: Setting CVar [[r.AmbientOcclusionMaxQuality:100]]
[2023.04.20-18.50.42:927][  0]LogConfig: Setting CVar [[r.AmbientOcclusionLevels:-1]]
[2023.04.20-18.50.42:927][  0]LogConfig: Setting CVar [[r.AmbientOcclusionRadiusScale:1.0]]
[2023.04.20-18.50.42:927][  0]LogConfig: Setting CVar [[r.DepthOfFieldQuality:2]]
[2023.04.20-18.50.42:927][  0]LogConfig: Setting CVar [[r.RenderTargetPoolMin:400]]
[2023.04.20-18.50.42:927][  0]LogConfig: Setting CVar [[r.LensFlareQuality:2]]
[2023.04.20-18.50.42:927][  0]LogConfig: Setting CVar [[r.SceneColorFringeQuality:1]]
[2023.04.20-18.50.42:927][  0]LogConfig: Setting CVar [[r.EyeAdaptationQuality:2]]
[2023.04.20-18.50.42:927][  0]LogConfig: Setting CVar [[r.BloomQuality:5]]
[2023.04.20-18.50.42:927][  0]LogConfig: Setting CVar [[r.FastBlurThreshold:100]]
[2023.04.20-18.50.42:927][  0]LogConfig: Setting CVar [[r.Upscale.Quality:3]]
[2023.04.20-18.50.42:927][  0]LogConfig: Setting CVar [[r.Tonemapper.GrainQuantization:1]]
[2023.04.20-18.50.42:927][  0]LogConfig: Setting CVar [[r.LightShaftQuality:1]]
[2023.04.20-18.50.42:927][  0]LogConfig: Setting CVar [[r.Filter.SizeScale:1]]
[2023.04.20-18.50.42:927][  0]LogConfig: Setting CVar [[r.Tonemapper.Quality:5]]
[2023.04.20-18.50.42:927][  0]LogConfig: Setting CVar [[r.DOF.Gather.AccumulatorQuality:1        ; higher gathering accumulator quality]]
[2023.04.20-18.50.42:927][  0]LogConfig: Setting CVar [[r.DOF.Gather.PostfilterMethod:1          ; Median3x3 postfilering method]]
[2023.04.20-18.50.42:927][  0]LogConfig: Setting CVar [[r.DOF.Gather.EnableBokehSettings:0       ; no bokeh simulation when gathering]]
[2023.04.20-18.50.42:927][  0]LogConfig: Setting CVar [[r.DOF.Gather.RingCount:4                 ; medium number of samples when gathering]]
[2023.04.20-18.50.42:927][  0]LogConfig: Setting CVar [[r.DOF.Scatter.ForegroundCompositing:1    ; additive foreground scattering]]
[2023.04.20-18.50.42:927][  0]LogConfig: Setting CVar [[r.DOF.Scatter.BackgroundCompositing:2    ; additive background scattering]]
[2023.04.20-18.50.42:927][  0]LogConfig: Setting CVar [[r.DOF.Scatter.EnableBokehSettings:1      ; bokeh simulation when scattering]]
[2023.04.20-18.50.42:927][  0]LogConfig: Setting CVar [[r.DOF.Scatter.MaxSpriteRatio:0.1         ; only a maximum of 10% of scattered bokeh]]
[2023.04.20-18.50.42:927][  0]LogConfig: Setting CVar [[r.DOF.Recombine.Quality:1                ; cheap slight out of focus]]
[2023.04.20-18.50.42:927][  0]LogConfig: Setting CVar [[r.DOF.Recombine.EnableBokehSettings:0    ; no bokeh simulation on slight out of focus]]
[2023.04.20-18.50.42:927][  0]LogConfig: Setting CVar [[r.DOF.TemporalAAQuality:1                ; more stable temporal accumulation]]
[2023.04.20-18.50.42:927][  0]LogConfig: Setting CVar [[r.DOF.Kernel.MaxForegroundRadius:0.025]]
[2023.04.20-18.50.42:927][  0]LogConfig: Setting CVar [[r.DOF.Kernel.MaxBackgroundRadius:0.025]]
[2023.04.20-18.50.42:927][  0]LogConfig: Applying CVar settings from Section [TextureQuality@3] File [E:/School/DAGD 499/CapstoneProject/CapstoneProject_HJV/Saved/Config/Windows/Scalability.ini]
[2023.04.20-18.50.42:927][  0]LogConfig: Setting CVar [[r.Streaming.MipBias:0]]
[2023.04.20-18.50.42:927][  0]LogConfig: Setting CVar [[r.Streaming.AmortizeCPUToGPUCopy:0]]
[2023.04.20-18.50.42:927][  0]LogConfig: Setting CVar [[r.Streaming.MaxNumTexturesToStreamPerFrame:0]]
[2023.04.20-18.50.42:927][  0]LogConfig: Setting CVar [[r.Streaming.Boost:1]]
[2023.04.20-18.50.42:927][  0]LogConfig: Setting CVar [[r.MaxAnisotropy:8]]
[2023.04.20-18.50.42:927][  0]LogConfig: Setting CVar [[r.VT.MaxAnisotropy:8]]
[2023.04.20-18.50.42:927][  0]LogConfig: Setting CVar [[r.Streaming.LimitPoolSizeToVRAM:0]]
[2023.04.20-18.50.42:927][  0]LogConfig: Setting CVar [[r.Streaming.PoolSize:1000]]
[2023.04.20-18.50.42:927][  0]LogConfig: Setting CVar [[r.Streaming.MaxEffectiveScreenSize:0]]
[2023.04.20-18.50.42:927][  0]LogConfig: Applying CVar settings from Section [EffectsQuality@3] File [E:/School/DAGD 499/CapstoneProject/CapstoneProject_HJV/Saved/Config/Windows/Scalability.ini]
[2023.04.20-18.50.42:927][  0]LogConfig: Setting CVar [[r.TranslucencyLightingVolumeDim:64]]
[2023.04.20-18.50.42:927][  0]LogConfig: Setting CVar [[r.RefractionQuality:2]]
[2023.04.20-18.50.42:927][  0]LogConfig: Setting CVar [[r.SSR.Quality:3]]
[2023.04.20-18.50.42:927][  0]LogConfig: Setting CVar [[r.SSR.HalfResSceneColor:0]]
[2023.04.20-18.50.42:927][  0]LogConfig: Setting CVar [[r.SceneColorFormat:4]]
[2023.04.20-18.50.42:927][  0]LogConfig: Setting CVar [[r.DetailMode:2]]
[2023.04.20-18.50.42:927][  0]LogConfig: Setting CVar [[r.TranslucencyVolumeBlur:1]]
[2023.04.20-18.50.42:927][  0]LogConfig: Setting CVar [[r.MaterialQualityLevel:1 ; High quality]]
[2023.04.20-18.50.42:927][  0]LogConfig: Setting CVar [[r.AnisotropicMaterials:1]]
[2023.04.20-18.50.42:927][  0]LogConfig: Setting CVar [[r.SSS.Scale:1]]
[2023.04.20-18.50.42:927][  0]LogConfig: Setting CVar [[r.SSS.SampleSet:2]]
[2023.04.20-18.50.42:927][  0]LogConfig: Setting CVar [[r.SSS.Quality:1]]
[2023.04.20-18.50.42:927][  0]LogConfig: Setting CVar [[r.SSS.HalfRes:0]]
[2023.04.20-18.50.42:927][  0]LogConfig: Setting CVar [[r.SSGI.Quality:3]]
[2023.04.20-18.50.42:927][  0]LogConfig: Setting CVar [[r.EmitterSpawnRateScale:1.0]]
[2023.04.20-18.50.42:927][  0]LogConfig: Setting CVar [[r.ParticleLightQuality:2]]
[2023.04.20-18.50.42:927][  0]LogConfig: Setting CVar [[r.SkyAtmosphere.AerialPerspectiveLUT.FastApplyOnOpaque:1 ; Always have FastSkyLUT 1 in this case to avoid wrong sky]]
[2023.04.20-18.50.42:927][  0]LogConfig: Setting CVar [[r.SkyAtmosphere.AerialPerspectiveLUT.SampleCountMaxPerSlice:4]]
[2023.04.20-18.50.42:927][  0]LogConfig: Setting CVar [[r.SkyAtmosphere.AerialPerspectiveLUT.DepthResolution:16.0]]
[2023.04.20-18.50.42:927][  0]LogConfig: Setting CVar [[r.SkyAtmosphere.FastSkyLUT:1]]
[2023.04.20-18.50.42:927][  0]LogConfig: Setting CVar [[r.SkyAtmosphere.FastSkyLUT.SampleCountMin:4.0]]
[2023.04.20-18.50.42:927][  0]LogConfig: Setting CVar [[r.SkyAtmosphere.FastSkyLUT.SampleCountMax:128.0]]
[2023.04.20-18.50.42:927][  0]LogConfig: Setting CVar [[r.SkyAtmosphere.SampleCountMin:4.0]]
[2023.04.20-18.50.42:927][  0]LogConfig: Setting CVar [[r.SkyAtmosphere.SampleCountMax:128.0]]
[2023.04.20-18.50.42:928][  0]LogConfig: Setting CVar [[r.SkyAtmosphere.TransmittanceLUT.UseSmallFormat:0]]
[2023.04.20-18.50.42:928][  0]LogConfig: Setting CVar [[r.SkyAtmosphere.TransmittanceLUT.SampleCount:10.0]]
[2023.04.20-18.50.42:928][  0]LogConfig: Setting CVar [[r.SkyAtmosphere.MultiScatteringLUT.SampleCount:15.0]]
[2023.04.20-18.50.42:928][  0]LogConfig: Setting CVar [[r.SkyLight.RealTimeReflectionCapture:1]]
[2023.04.20-18.50.42:928][  0]LogConfig: Applying CVar settings from Section [FoliageQuality@3] File [E:/School/DAGD 499/CapstoneProject/CapstoneProject_HJV/Saved/Config/Windows/Scalability.ini]
[2023.04.20-18.50.42:928][  0]LogConfig: Setting CVar [[foliage.DensityScale:1.0]]
[2023.04.20-18.50.42:928][  0]LogConfig: Setting CVar [[grass.DensityScale:1.0]]
[2023.04.20-18.50.42:928][  0]LogConfig: Applying CVar settings from Section [ShadingQuality@3] File [E:/School/DAGD 499/CapstoneProject/CapstoneProject_HJV/Saved/Config/Windows/Scalability.ini]
[2023.04.20-18.50.42:928][  0]LogConfig: Setting CVar [[r.HairStrands.SkyLighting.IntegrationType:2]]
[2023.04.20-18.50.42:928][  0]LogConfig: Setting CVar [[r.HairStrands.SkyAO.SampleCount:4]]
[2023.04.20-18.50.42:928][  0]LogConfig: Setting CVar [[r.HairStrands.Visibility.MSAA.SamplePerPixel:4]]
[2023.04.20-18.50.42:928][  0]LogConfig: Applying CVar settings from Section [Startup] File [../../../Engine/Config/ConsoleVariables.ini]
[2023.04.20-18.50.42:928][  0]LogConfig: Setting CVar [[net.UseAdaptiveNetUpdateFrequency:0]]
[2023.04.20-18.50.42:928][  0]LogConfig: Setting CVar [[p.chaos.AllowCreatePhysxBodies:1]]
[2023.04.20-18.50.42:928][  0]LogConfig: Setting CVar [[fx.SkipVectorVMBackendOptimizations:1]]
[2023.04.20-18.50.42:928][  0]LogConfig: Applying CVar settings from Section [ConsoleVariables] File [E:/School/DAGD 499/CapstoneProject/CapstoneProject_HJV/Saved/Config/Windows/Engine.ini]
[2023.04.20-18.50.42:928][  0]LogConfig: Applying CVar settings from Section [ConsoleVariables] File [E:/School/DAGD 499/CapstoneProject/CapstoneProject_HJV/Saved/Config/Windows/Editor.ini]
[2023.04.20-18.50.42:928][  0]LogInit: Computer: DESKTOP-FIRQR9R
[2023.04.20-18.50.42:928][  0]LogInit: User: ehowl
[2023.04.20-18.50.42:928][  0]LogInit: CPU Page size=4096, Cores=8
[2023.04.20-18.50.42:928][  0]LogInit: High frequency timer resolution =10.000000 MHz
[2023.04.20-18.50.42:928][  0]LogMemory: Memory total: Physical=23.9GB (24GB approx)
[2023.04.20-18.50.42:928][  0]LogMemory: Platform Memory Stats for Windows
[2023.04.20-18.50.42:928][  0]LogMemory: Process Physical Memory: 147.64 MB used, 147.65 MB peak
[2023.04.20-18.50.42:928][  0]LogMemory: Process Virtual Memory: 131.18 MB used, 131.18 MB peak
[2023.04.20-18.50.42:928][  0]LogMemory: Physical Memory: 7928.60 MB used,  16578.64 MB free, 24507.23 MB total
[2023.04.20-18.50.42:928][  0]LogMemory: Virtual Memory: 134201368.00 MB used,  16358.02 MB free, 134217728.00 MB total
[2023.04.20-18.50.42:934][  0]LogWindows: WindowsPlatformFeatures enabled
[2023.04.20-18.50.42:958][  0]LogInit: Physics initialised using underlying interface: PhysX
[2023.04.20-18.50.42:959][  0]LogInit: Using OS detected language (en-US).
[2023.04.20-18.50.42:959][  0]LogInit: Using OS detected locale (en-US).
[2023.04.20-18.50.42:962][  0]LogTextLocalizationManager: No specific localization for 'en-US' exists, so the 'en' localization will be used.
[2023.04.20-18.50.43:183][  0]LogInit: Setting process to per monitor DPI aware
[2023.04.20-18.50.43:200][  0]LogWindowsTextInputMethodSystem: Display: IME system deactivated.
[2023.04.20-18.50.43:218][  0]LogSlate: New Slate User Created.  User Index 0, Is Virtual User: 0
[2023.04.20-18.50.43:218][  0]LogSlate: Slate User Registered.  User Index 0, Is Virtual User: 0
[2023.04.20-18.50.43:398][  0]LogD3D11RHI: Loaded GFSDK_Aftermath_Lib.x64.dll
[2023.04.20-18.50.43:401][  0]LogHMD: Failed to initialize OpenVR with code 110
[2023.04.20-18.50.43:401][  0]LogD3D11RHI: D3D11 min allowed feature level: 11_0
[2023.04.20-18.50.43:401][  0]LogD3D11RHI: D3D11 max allowed feature level: 11_0
[2023.04.20-18.50.43:401][  0]LogD3D11RHI: D3D11 adapters:
[2023.04.20-18.50.43:521][  0]LogD3D11RHI:    0. 'NVIDIA GeForce GTX 1060 3GB' (Feature Level 11_0)
[2023.04.20-18.50.43:521][  0]LogD3D11RHI:       2988/0/12253 MB DedicatedVideo/DedicatedSystem/SharedSystem, Outputs:2, VendorId:0x10de
[2023.04.20-18.50.43:523][  0]LogD3D11RHI:    1. 'Microsoft Basic Render Driver' (Feature Level 11_0)
[2023.04.20-18.50.43:523][  0]LogD3D11RHI:       0/0/12253 MB DedicatedVideo/DedicatedSystem/SharedSystem, Outputs:0, VendorId:0x1414
[2023.04.20-18.50.43:523][  0]LogD3D11RHI: Chosen D3D11 Adapter:
[2023.04.20-18.50.43:523][  0]LogD3D11RHI:     Description : NVIDIA GeForce GTX 1060 3GB
[2023.04.20-18.50.43:523][  0]LogD3D11RHI:     VendorId    : 10de
[2023.04.20-18.50.43:523][  0]LogD3D11RHI:     DeviceId    : 1c02
[2023.04.20-18.50.43:523][  0]LogD3D11RHI:     SubSysId    : 61603842
[2023.04.20-18.50.43:523][  0]LogD3D11RHI:     Revision    : 00a1
[2023.04.20-18.50.43:523][  0]LogD3D11RHI:     DedicatedVideoMemory : 3133145088 bytes
[2023.04.20-18.50.43:523][  0]LogD3D11RHI:     DedicatedSystemMemory : 0 bytes
[2023.04.20-18.50.43:523][  0]LogD3D11RHI:     SharedSystemMemory : 12848848896 bytes
[2023.04.20-18.50.43:523][  0]LogD3D11RHI:     AdapterLuid : 0 44575
[2023.04.20-18.50.43:532][  0]LogD3D11RHI: Creating new Direct3DDevice
[2023.04.20-18.50.43:532][  0]LogD3D11RHI:     GPU DeviceId: 0x1c02 (for the marketing name, search the web for "GPU Device Id")
[2023.04.20-18.50.43:532][  0]LogWindows: EnumDisplayDevices:
[2023.04.20-18.50.43:532][  0]LogWindows:    0. 'NVIDIA GeForce GTX 1060 3GB' (P:1 D:1)
[2023.04.20-18.50.43:532][  0]LogWindows:    1. 'NVIDIA GeForce GTX 1060 3GB' (P:0 D:1)
[2023.04.20-18.50.43:532][  0]LogWindows:    2. 'NVIDIA GeForce GTX 1060 3GB' (P:0 D:0)
[2023.04.20-18.50.43:533][  0]LogWindows:    3. 'NVIDIA GeForce GTX 1060 3GB' (P:0 D:0)
[2023.04.20-18.50.43:533][  0]LogWindows: DebugString: FoundDriverCount:4 
[2023.04.20-18.50.43:533][  0]LogD3D11RHI:     Adapter Name: NVIDIA GeForce GTX 1060 3GB
[2023.04.20-18.50.43:533][  0]LogD3D11RHI:   Driver Version: 516.94 (internal:31.0.15.1694, unified:516.94)
[2023.04.20-18.50.43:533][  0]LogD3D11RHI:      Driver Date: 7-21-2022
[2023.04.20-18.50.43:533][  0]LogRHI: Texture pool is 2091 MB (70% of 2988 MB)
[2023.04.20-18.50.43:533][  0]LogD3D11RHI: Creating D3DDevice using adapter:
[2023.04.20-18.50.43:533][  0]LogD3D11RHI:     Description : NVIDIA GeForce GTX 1060 3GB
[2023.04.20-18.50.43:533][  0]LogD3D11RHI:     VendorId    : 10de
[2023.04.20-18.50.43:533][  0]LogD3D11RHI:     DeviceId    : 1c02
[2023.04.20-18.50.43:533][  0]LogD3D11RHI:     SubSysId    : 61603842
[2023.04.20-18.50.43:533][  0]LogD3D11RHI:     Revision    : 00a1
[2023.04.20-18.50.43:533][  0]LogD3D11RHI:     DedicatedVideoMemory : 3133145088 bytes
[2023.04.20-18.50.43:533][  0]LogD3D11RHI:     DedicatedSystemMemory : 0 bytes
[2023.04.20-18.50.43:533][  0]LogD3D11RHI:     SharedSystemMemory : 12848848896 bytes
[2023.04.20-18.50.43:533][  0]LogD3D11RHI:     AdapterLuid : 0 44575
[2023.04.20-18.50.43:611][  0]LogD3D11RHI: RHI has support for 64 bit atomics
[2023.04.20-18.50.43:612][  0]LogD3D11RHI: Async texture creation enabled
[2023.04.20-18.50.43:612][  0]LogD3D11RHI: Array index from any shader is supported
[2023.04.20-18.50.43:634][  0]LogD3D11RHI: GPU Timing Frequency: 1000.000000 (Debug: 2 1)
[2023.04.20-18.50.43:666][  0]LogRHI: GeForceNow SDK initialized: 1
[2023.04.20-18.50.43:998][  0]LogTargetPlatformManager: Display: Loaded TargetPlatform 'AllDesktop'
[2023.04.20-18.50.44:023][  0]LogTargetPlatformManager: Display: Loaded TargetPlatform 'Android'
[2023.04.20-18.50.44:023][  0]LogTargetPlatformManager: Display: Loaded TargetPlatform 'Android_ASTC'
[2023.04.20-18.50.44:023][  0]LogTargetPlatformManager: Display: Loaded TargetPlatform 'Android_DXT'
[2023.04.20-18.50.44:023][  0]LogTargetPlatformManager: Display: Loaded TargetPlatform 'Android_ETC2'
[2023.04.20-18.50.44:023][  0]LogTargetPlatformManager: Display: Loaded TargetPlatform 'AndroidClient'
[2023.04.20-18.50.44:023][  0]LogTargetPlatformManager: Display: Loaded TargetPlatform 'Android_ASTCClient'
[2023.04.20-18.50.44:023][  0]LogTargetPlatformManager: Display: Loaded TargetPlatform 'Android_DXTClient'
[2023.04.20-18.50.44:023][  0]LogTargetPlatformManager: Display: Loaded TargetPlatform 'Android_ETC2Client'
[2023.04.20-18.50.44:023][  0]LogTargetPlatformManager: Display: Loaded TargetPlatform 'Android_Multi'
[2023.04.20-18.50.44:023][  0]LogTargetPlatformManager: Display: Loaded TargetPlatform 'Android_MultiClient'
[2023.04.20-18.50.44:048][  0]LogTargetPlatformManager: Display: Loaded TargetPlatform 'IOSClient'
[2023.04.20-18.50.44:048][  0]LogTargetPlatformManager: Display: Loaded TargetPlatform 'IOS'
[2023.04.20-18.50.44:058][  0]LogTargetPlatformManager: Display: Loaded TargetPlatform 'Linux'
[2023.04.20-18.50.44:063][  0]LogTargetPlatformManager: Display: Loaded TargetPlatform 'LinuxNoEditor'
[2023.04.20-18.50.44:068][  0]LogTargetPlatformManager: Display: Loaded TargetPlatform 'LinuxClient'
[2023.04.20-18.50.44:073][  0]LogTargetPlatformManager: Display: Loaded TargetPlatform 'LinuxServer'
[2023.04.20-18.50.44:084][  0]LogTargetPlatformManager: Display: Loaded TargetPlatform 'LinuxAArch64NoEditor'
[2023.04.20-18.50.44:089][  0]LogTargetPlatformManager: Display: Loaded TargetPlatform 'LinuxAArch64Client'
[2023.04.20-18.50.44:093][  0]LogTargetPlatformManager: Display: Loaded TargetPlatform 'LinuxAArch64Server'
[2023.04.20-18.50.44:120][  0]LogTargetPlatformManager: Display: Loaded TargetPlatform 'Lumin'
[2023.04.20-18.50.44:120][  0]LogTargetPlatformManager: Display: Loaded TargetPlatform 'LuminClient'
[2023.04.20-18.50.44:129][  0]LogTargetPlatformManager: Display: Loaded TargetPlatform 'MacNoEditor'
[2023.04.20-18.50.44:134][  0]LogTargetPlatformManager: Display: Loaded TargetPlatform 'Mac'
[2023.04.20-18.50.44:138][  0]LogTargetPlatformManager: Display: Loaded TargetPlatform 'MacClient'
[2023.04.20-18.50.44:143][  0]LogTargetPlatformManager: Display: Loaded TargetPlatform 'MacServer'
[2023.04.20-18.50.44:155][  0]LogTargetPlatformManager: Display: Loaded TargetPlatform 'TVOSClient'
[2023.04.20-18.50.44:155][  0]LogTargetPlatformManager: Display: Loaded TargetPlatform 'TVOS'
[2023.04.20-18.50.44:165][  0]LogTargetPlatformManager: Display: Loaded TargetPlatform 'WindowsNoEditor'
[2023.04.20-18.50.44:170][  0]LogTargetPlatformManager: Display: Loaded TargetPlatform 'Windows'
[2023.04.20-18.50.44:175][  0]LogTargetPlatformManager: Display: Loaded TargetPlatform 'WindowsClient'
[2023.04.20-18.50.44:180][  0]LogTargetPlatformManager: Display: Loaded TargetPlatform 'WindowsServer'
[2023.04.20-18.50.44:180][  0]LogTargetPlatformManager: Display: Building Assets For Windows
[2023.04.20-18.50.44:187][  0]LogAudioDebug: Display: Lib vorbis DLL was dynamically loaded.
[2023.04.20-18.50.44:216][  0]LogTextureFormatOodle: Display: Oodle Texture 2.9.0 init RDO Off
[2023.04.20-18.50.44:250][  0]LogRendererCore: Ray tracing is disabled. Reason: r.RayTracing=0.
[2023.04.20-18.50.44:250][  0]LogShaderCompilers: Guid format shader working directory is -20 characters bigger than the processId version (../../../../../School/DAGD 499/CapstoneProject/CapstoneProject_HJV/Intermediate/Shaders/WorkingDirectory/8732/).
[2023.04.20-18.50.44:250][  0]LogShaderCompilers: Cleaned the shader compiler working directory 'C:/Users/ehowl/AppData/Local/Temp/UnrealShaderWorkingDir/160ECFD247594B27096BFA9B2F4DA932/'.
[2023.04.20-18.50.44:251][  0]LogXGEController: Cannot use XGE Controller as Incredibuild is not installed on this machine.
[2023.04.20-18.50.44:251][  0]LogShaderCompilers: Cannot use XGE Shader Compiler as Incredibuild is not installed on this machine.
[2023.04.20-18.50.44:251][  0]LogShaderCompilers: Display: Using Local Shader Compiler.
[2023.04.20-18.50.45:073][  0]LogDerivedDataCache: Display: Max Cache Size: 512 MB
[2023.04.20-18.50.45:131][  0]LogDerivedDataCache: Loaded boot cache 0.06s 94MB C:/Users/ehowl/AppData/Local/UnrealEngine/4.27/DerivedDataCache/Boot.ddc.
[2023.04.20-18.50.45:132][  0]LogDerivedDataCache: Display: Loaded Boot cache: C:/Users/ehowl/AppData/Local/UnrealEngine/4.27/DerivedDataCache/Boot.ddc
[2023.04.20-18.50.45:132][  0]LogDerivedDataCache: FDerivedDataBackendGraph:  Pak pak cache file ../../../../../School/DAGD 499/CapstoneProject/CapstoneProject_HJV/DerivedDataCache/DDC.ddp not found, will not use a pak cache.
[2023.04.20-18.50.45:132][  0]LogDerivedDataCache: Unable to find inner node Pak for hierarchical cache Hierarchy.
[2023.04.20-18.50.45:132][  0]LogDerivedDataCache: FDerivedDataBackendGraph:  CompressedPak pak cache file ../../../../../School/DAGD 499/CapstoneProject/CapstoneProject_HJV/DerivedDataCache/Compressed.ddp not found, will not use a pak cache.
[2023.04.20-18.50.45:132][  0]LogDerivedDataCache: Unable to find inner node CompressedPak for hierarchical cache Hierarchy.
[2023.04.20-18.50.45:151][  0]LogDerivedDataCache: Display: Pak cache opened for reading ../../../Engine/DerivedDataCache/Compressed.ddp.
[2023.04.20-18.50.45:151][  0]LogDerivedDataCache: FDerivedDataBackendGraph:  EnterprisePak pak cache file ../../../Enterprise/DerivedDataCache/Compressed.ddp not found, will not use a pak cache.
[2023.04.20-18.50.45:151][  0]LogDerivedDataCache: Unable to find inner node EnterprisePak for hierarchical cache Hierarchy.
[2023.04.20-18.50.45:164][  0]LogDerivedDataCache: Speed tests for C:/Users/ehowl/AppData/Local/UnrealEngine/Common/DerivedDataCache took 0.01 seconds
[2023.04.20-18.50.45:164][  0]LogDerivedDataCache: Display: Performance to C:/Users/ehowl/AppData/Local/UnrealEngine/Common/DerivedDataCache: Latency=0.05ms. RandomReadSpeed=794.88MBs, RandomWriteSpeed=91.26MBs. Assigned SpeedClass 'Local'
[2023.04.20-18.50.45:165][  0]LogDerivedDataCache: Using Local data cache path C:/Users/ehowl/AppData/Local/UnrealEngine/Common/DerivedDataCache: Writable
[2023.04.20-18.50.45:165][  0]LogDerivedDataCache: Shared data cache path not found in *engine.ini, will not use an Shared cache.
[2023.04.20-18.50.45:165][  0]LogDerivedDataCache: Unable to find inner node Shared for hierarchical cache Hierarchy.
[2023.04.20-18.50.45:222][  0]LogSlate: Using FreeType 2.10.0
[2023.04.20-18.50.45:222][  0]LogSlate: SlateFontServices - WITH_FREETYPE: 1, WITH_HARFBUZZ: 1
[2023.04.20-18.50.45:249][  0]LogAssetRegistry: FAssetRegistry took 0.0031 seconds to start up
[2023.04.20-18.50.45:541][  0]LogInit: Selected Device Profile: [Windows]
[2023.04.20-18.50.45:541][  0]LogInit: Active device profile: [0000024144354900][0000024141B6E100 49] Windows
[2023.04.20-18.50.45:541][  0]LogInit: Profiles: [0000024144354900][0000024141B6E100 49] Windows, [000002414431B800][0000024141B7C280 49] WindowsNoEditor, [0000024144357500][0000024141B80400 49] WindowsServer, [0000024144318E00][0000024141B84580 49] WindowsClient, [0000024144357800][00000241442A2700 49] IOS, [000002414431A800][0000024141B60880 49] iPadAir, [0000024144356000][0000024141B729C0 49] iPadAir2, [00000241452A4A00][00000241442A6C00 49] IPadPro, [00000241452A4B00][0000024141B64C40 49] iPadAir3, [0000024144319900][00000241442B0D80 49] iPadAir4, [00000241452A7400][00000241442B8F00 49] iPadMini2, [000002414431AA00][00000241442BD080 49] iPadMini3, [00000241452A5700][00000241442C1200 49] iPadMini4, [0000024144355100][00000241442C5380 49] iPadMini5, [00000241452D4300][000002414339F640 49] iPhone6, [00000241452D4400][00000241432F7680 49] iPodTouch6, [00000241452A7600][000002414337B940 49] iPhone7, [00000241452A5800][000002414337F980 49] iPodTouch7, [00000241452D7F00][0000024141A01B00 49] iPhone5S, [000002414431A200][00000241419CE100 49] iPhone6Plus, [00000241452A4200][00000241419BA280 49] iPhone6S, [000002414431A400][00000241419B6400 49] iPhone6SPlus, [00000241452A7C00][00000241419B2580 49] iPhone7Plus, [0000024144318300][00000241419A8700 49] iPhoneSE, [00000241452A7500][000002414199E880 49] iPhone8, [0000024144319E00][000002414199AA00 49] iPhone8Plus, [00000241452A5100][00000241442B4B40 49] iPhoneX, [0000024144318400][000002414198EC80 49] iPhoneXS, [00000241452A5300][0000024141982DC0 49] iPhoneXSMax, [0000024144319400][000002414197EF00 49] iPhoneXR, [00000241452A7800][000002414196F080 49] iPhone11, [000002414431AE00][000002414196B200 49] iPhone11Pro, [00000241452A7700][0000024134D63380 49] iPhone11ProMax, [0000024144318F00][0000024134D57500 49] iPhoneSE2, [00000241452A6E00][0000024134D53680 49] iPhone12Mini, [000002414431BC00][0000024134D4F800 49] iPhone12, [00000241452A6400][0000024134D4B980 49] iPhone12Pro, [0000024144318700][0000024134D47B00 49] iPhone12ProMax, [00000241452A6300][0000024134CEE100 49] iPadPro105, [000002414431B100][0000024134CEA280 49] iPadPro129, [00000241452A6200][0000024134CE6400 49] iPadPro97, [0000024144318B00][0000024134CE2580 49] iPadPro2_129, [00000241452A7200][0000024134CDE700 49] iPad5, [000002414431B400][0000024134CDA880 49] iPad6, [00000241452A7300][0000024134F02A00 49] iPad7, [0000024144318200][0000024134EFEB80 49] iPad8, [00000241452A5A00][0000024134F86D00 49] iPadPro11, [0000024144319600][000002414197AE40 49] iPadPro2_11, [00000241452A5D00][0000024134F82F80 49] iPadPro3_129, [000002414431B900][00000241419490C0 49] iPadPro4_129, [00000241452A7000][00000241442C9240 49] AppleTV, [000002414431BF00][00000241442CD3C0 49] AppleTV4K, [00000241452A4100][00000241442D1540 49] TVOS, [000002414431A500][00000241442D56C0 49] Mac, [00000241452A7B00][00000241442D9840 49] MacClient, [0000024144319B00][00000241442DD9C0 49] MacNoEditor, [00000241452A6C00][0000024134F63B40 49] MacServer, [0000024144318A00][0000024134F66140 49] Linux, [00000241452A6000][0000024134F6A2C0 49] LinuxAArch64, [000002414431A700][0000024134F6E440 49] LinuxNoEditor, [00000241452A6500][0000024134F725C0 49] LinuxAArch64NoEditor, [0000024144319500][0000024134F76740 49] LinuxClient, [00000241452A7900][0000024134F7A8C0 49] LinuxAArch64Client, [0000024144319700][0000024134F7EA40 49] LinuxServer, [00000241452A5900][0000024134F32BC0 49] LinuxAArch64Server, [000002414431B700][0000024134F36D40 49] Android, [00000241452A4600][0000024134F3AEC0 49] Android_Low, [000002414431AD00][000002413B767000 49] Android_Mid, [0000024144357A00][0000024134F3F140 49] Android_High, [00000241452D5C00][0000024134F43280 49] Android_Default, [0000024144356100][0000024134F473C0 49] Android_Adreno4xx, [00000241452D6700][0000024134F4F540 49] Android_Adreno5xx_Low, [0000024144354A00][0000024134F536C0 49] Android_Adreno5xx, [00000241452D6D00][0000024134F57840 49] Android_Adreno6xx, [0000024144355200][0000024141B899C0 49] Android_Adreno6xx_Vulkan, [00000241452D6800][0000024141B8DB40 49] Android_Mali_T6xx, [0000024144356600][0000024141B90140 49] Android_Mali_T7xx, [00000241452D6E00][0000024141B942C0 49] Android_Mali_T8xx, [0000024144357200][0000024141B98440 49] Android_Mali_G71, [00000241452D7C00][0000024141B9C5C0 49] Android_Mali_G72, [0000024144356A00][0000024141BA0740 49] Android_Mali_G72_Vulkan, [00000241452D5B00][0000024141BA48C0 49] Android_Mali_G76, [0000024144355A00][0000024141BA8A40 49] Android_Mali_G76_Vulkan, [00000241452D6000][0000024141BACBC0 49] Android_Mali_G77, [0000024144356D00][0000024141BB0D40 49] Android_Mali_G77_Vulkan, [00000241452D7800][0000024141BB4EC0 49] Android_Mali_G78, [0000024144356800][0000024141BB9040 49] Android_Mali_G78_Vulkan, [00000241452D5200][0000024134F4B180 49] Android_Mali_G710, [0000024144354E00][0000024141BBD2C0 49] Android_Mali_G710_Vulkan, [00000241452D7500][0000024141BC1400 49] Android_Vulkan_SM5, [0000024144357400][0000024142C4B540 49] Android_PowerVR_G6xxx, [00000241452D6C00][0000024142C536C0 49] Android_PowerVR_GT7xxx, [0000024144357C00][0000024142C57840 49] Android_PowerVR_GE8xxx, [00000241452D4E00][0000024142C5B9C0 49] Android_PowerVR_GM9xxx, [0000024144355800][0000024142C5FB40 49] Android_PowerVR_GM9xxx_Vulkan, [00000241452D6400][0000024142C62140 49] Android_TegraK1, [0000024144355000][0000024142C662C0 49] Android_Unknown_Vulkan, [000002414431BA00][0000024142C6A440 49] Lumin, [0000024144355E00][0000024142C6E5C0 49] Lumin_Desktop, [0000024144319C00][0000024142C72740 49] HoloLens, 
[2023.04.20-18.50.45:669][  0]LogMeshReduction: Using QuadricMeshReduction for automatic static mesh reduction
[2023.04.20-18.50.45:669][  0]LogMeshReduction: Using SimplygonMeshReduction for automatic skeletal mesh reduction
[2023.04.20-18.50.45:669][  0]LogMeshReduction: Using ProxyLODMeshReduction for automatic mesh merging
[2023.04.20-18.50.45:669][  0]LogMeshReduction: No distributed automatic mesh merging module available
[2023.04.20-18.50.45:669][  0]LogMeshMerging: No distributed automatic mesh merging module available
[2023.04.20-18.50.45:688][  0]LogNetVersion: CapstoneProject_HJV 1.0.0, NetCL: 17155196, EngineNetVer: 17, GameNetVer: 0 (Checksum: 2464823574)
[2023.04.20-18.50.46:095][  0]LogTexture: Default maximum texture size for cubemaps generated from long-lat sources has been changed from 512 to unlimited. In order to preserve old behaiour for '/Engine/MapTemplates/Sky/DaylightAmbientCubemap.DaylightAmbientCubemap', its maximum texture size has been explicitly set to 512.
[2023.04.20-18.50.46:154][  0]LogHMD: PokeAHoleMaterial loaded successfully
[2023.04.20-18.50.46:161][  0]LogUObjectArray: 17178 objects as part of root set at end of initial load.
[2023.04.20-18.50.46:161][  0]LogUObjectAllocator: 4302048 out of 0 bytes used by permanent object pool.
[2023.04.20-18.50.46:161][  0]LogUObjectArray: CloseDisregardForGC: 0/0 objects in disregard for GC pool
[2023.04.20-18.50.46:546][  0]LogNiagaraDebuggerClient: Niagara Debugger Client Initialized | Session: 0C281B784DC7FD5AD9A4169B13D87E8C | Instance: BE2057484D7666979D3E249B52E49DE4 (DESKTOP-FIRQR9R-8732).
[2023.04.20-18.50.46:582][  0]LogTcpMessaging: Initializing TcpMessaging bridge
[2023.04.20-18.50.46:587][  0]LogUdpMessaging: Initializing bridge on interface 0.0.0.0:0 to multicast group 230.0.0.1:6666.
[2023.04.20-18.50.46:606][  0]LogPython: Using Python 3.7.7
[2023.04.20-18.50.47:338][  0]SourceControl: Source control is disabled
[2023.04.20-18.50.47:338][  0]SourceControl: Source control is disabled
[2023.04.20-18.50.47:341][  0]SourceControl: Source control is disabled
[2023.04.20-18.50.47:344][  0]SourceControl: Source control is disabled
[2023.04.20-18.50.47:366][  0]SourceControl: Source control is disabled
[2023.04.20-18.50.47:440][  0]LogUProjectInfo: Found projects:
[2023.04.20-18.50.47:455][  0]LogVSAccessor: Display: Unable to create Visual Studio setup instance: 80040154
[2023.04.20-18.50.47:455][  0]LogVSAccessor: Display: Unable to create Visual Studio setup instance: 80040154
[2023.04.20-18.50.47:456][  0]LogVSAccessor: Display: Unable to create Visual Studio setup instance: 80040154
[2023.04.20-18.50.47:591][  0]LogOpenImageDenoise: OIDN starting up
[2023.04.20-18.50.47:631][  0]LogAndroidPermission: UAndroidPermissionCallbackProxy::GetInstance
[2023.04.20-18.50.47:655][  0]LogAudioCaptureCore: Display: No Audio Capture implementations found. Audio input will be silent.
[2023.04.20-18.50.47:655][  0]LogAudioCaptureCore: Display: No Audio Capture implementations found. Audio input will be silent.
[2023.04.20-18.50.47:791][  0]LogCollectionManager: Loaded 0 collections in 0.001143 seconds
[2023.04.20-18.50.47:815][  0]LogFileCache: Scanning file cache for directory 'E:/School/DAGD 499/CapstoneProject/CapstoneProject_HJV/Saved/Collections/' took 0.00s
[2023.04.20-18.50.47:815][  0]LogFileCache: Scanning file cache for directory 'E:/School/DAGD 499/CapstoneProject/CapstoneProject_HJV/Content/Developers/ehowl/Collections/' took 0.00s
[2023.04.20-18.50.47:815][  0]LogFileCache: Scanning file cache for directory 'E:/School/DAGD 499/CapstoneProject/CapstoneProject_HJV/Content/Collections/' took 0.00s
[2023.04.20-18.50.47:815][  0]LogOcInput: OculusInput pre-init called
[2023.04.20-18.50.48:061][  0]LogClass: Warning: StructProperty FCPathNode::WorldLocation is not initialized properly even though its struct probably has a custom default constructor. Module:CPathfinding File:Public/CPathNode.h
[2023.04.20-18.50.48:061][  0]LogClass: Display: 1 Uninitialized script struct members found including 0 object properties
[2023.04.20-18.50.48:061][  0]LogAutomationTest: Warning: StructProperty FCPathNode::WorldLocation is not initialized properly even though its struct probably has a custom default constructor. Module:CPathfinding File:Public/CPathNode.h
[2023.04.20-18.50.48:062][  0]LogEngine: Initializing Engine...
[2023.04.20-18.50.48:065][  0]LogHMD: Failed to enumerate extensions. Please check that you have a valid OpenXR runtime installed.
[2023.04.20-18.50.48:065][  0]LogHMD: Failed to initialize OpenVR with code 110
[2023.04.20-18.50.48:065][  0]LogMagicLeap: Warning: VR disabled because ZI is not enabled.  To enable, in the editor, Edit -> Project Settings -> Plugins -> Magic Leap Plugin -> Enable Zero Iteration
[2023.04.20-18.50.48:067][  0]LogStats: UGameplayTagsManager::InitializeManager -  0.000 s
[2023.04.20-18.50.48:188][  0]LogInit: Initializing FReadOnlyCVARCache
[2023.04.20-18.50.48:199][  0]LogAIModule: Creating AISystem for world Untitled
[2023.04.20-18.50.48:210][  0]LogAudio: Display: Initializing Audio Device Manager...
[2023.04.20-18.50.48:213][  0]LogAudio: Display: Loading Default Audio Settings Objects...
[2023.04.20-18.50.48:214][  0]LogAudio: Display: No default SoundConcurrencyObject specified (or failed to load).
[2023.04.20-18.50.48:214][  0]LogAudio: Display: Audio Device Manager Initialized
[2023.04.20-18.50.48:214][  0]LogAudio: Display: Creating Audio Device:                 Id: 1, Scope: Shared, Realtime: True
[2023.04.20-18.50.48:215][  0]LogAudioMixer: Display: Audio Mixer Platform Settings:
[2023.04.20-18.50.48:215][  0]LogAudioMixer: Display: 	Sample Rate:						  48000
[2023.04.20-18.50.48:215][  0]LogAudioMixer: Display: 	Callback Buffer Frame Size Requested: 1024
[2023.04.20-18.50.48:215][  0]LogAudioMixer: Display: 	Callback Buffer Frame Size To Use:	  1024
[2023.04.20-18.50.48:215][  0]LogAudioMixer: Display: 	Number of buffers to queue:			  2
[2023.04.20-18.50.48:215][  0]LogAudioMixer: Display: 	Max Channels (voices):				  32
[2023.04.20-18.50.48:215][  0]LogAudioMixer: Display: 	Number of Async Source Workers:		  0
[2023.04.20-18.50.48:215][  0]LogAudio: Display: AudioDevice MaxSources: 32
[2023.04.20-18.50.48:215][  0]LogAudio: Display: Audio Spatialization Plugin: None (built-in).
[2023.04.20-18.50.48:215][  0]LogAudio: Display: Audio Reverb Plugin: None (built-in).
[2023.04.20-18.50.48:215][  0]LogAudio: Display: Audio Occlusion Plugin: None (built-in).
[2023.04.20-18.50.48:215][  0]LogAudioMixer: Display: Initializing audio mixer.
[2023.04.20-18.50.48:226][  0]LogAudioMixer: Display: 0: FrontLeft
[2023.04.20-18.50.48:226][  0]LogAudioMixer: Display: 1: FrontRight
[2023.04.20-18.50.48:244][  0]LogAudioMixer: Display: Using Audio Device Speakers (HyperX Cloud II Wireless)
[2023.04.20-18.50.48:244][  0]LogAudioMixer: Display: Initializing Sound Submixes...
[2023.04.20-18.50.48:247][  0]LogAudioMixer: Display: Submix unset or invalid in 'AudioSettings': Using engine asset 'MasterSubmixDefault'
[2023.04.20-18.50.48:247][  0]LogAudioMixer: Display: Creating Master Submix 'MasterSubmixDefault'
[2023.04.20-18.50.48:247][  0]LogAudioMixer: Display: Submix unset or invalid in 'AudioSettings': Using engine asset 'MasterReverbSubmixDefault'
[2023.04.20-18.50.48:247][  0]LogAudioMixer: Display: Creating Master Submix 'MasterReverbSubmixDefault'
[2023.04.20-18.50.48:248][  0]LogAudioMixer: Display: Creating Master Submix 'MasterEQSubmixDefault'
[2023.04.20-18.50.48:248][  0]LogAudioMixer: FMixerPlatformXAudio2::StartAudioStream() called
[2023.04.20-18.50.48:248][  0]LogAudioMixer: Display: Output buffers initialized: Frames=1024, Channels=2, Samples=2048
[2023.04.20-18.50.48:249][  0]LogAudioMixer: Display: Starting AudioMixerPlatformInterface::RunInternal()
[2023.04.20-18.50.48:249][  0]LogAudioMixer: Display: FMixerPlatformXAudio2::SubmitBuffer() called for the first time
[2023.04.20-18.50.48:249][  0]LogInit: FAudioDevice initialized.
[2023.04.20-18.50.48:249][  0]LogAudio: Display: Audio Device (ID: 1) registered with world 'Untitled'.
[2023.04.20-18.50.48:250][  0]LogNetVersion: Set ProjectVersion to 1.0.0.0. Version Checksum will be recalculated on next use.
[2023.04.20-18.50.48:486][  0]LogDerivedDataCache: Saved boot cache 0.24s 94MB C:/Users/ehowl/AppData/Local/UnrealEngine/4.27/DerivedDataCache/Boot.ddc.
[2023.04.20-18.50.48:487][  0]LogInit: Texture streaming: Enabled
[2023.04.20-18.50.48:500][  0]LogAnalytics: Display: [UEEditor.Rocket.Release] APIServer = https://datarouter.ol.epicgames.com/. AppVersion = 4.27.2-18319896+++UE4+Release-4.27
[2023.04.20-18.50.48:505][  0]LogEngineSessionManager: EngineSessionManager initialized
[2023.04.20-18.50.48:505][  0]LogEngineSessionManager: EngineSessionManager sent abnormal shutdown report. Type=Crashed, SessionId={851D1A81-4137-BEF7-2170-B8A1F142F0A4}
[2023.04.20-18.50.48:505][  0]LogEditorSessionSummary: Verbose: Initializing EditorSessionSummaryWriter for editor session tracking
[2023.04.20-18.50.48:515][  0]LogEditorSessionSummary: EditorSessionSummaryWriter initialized
[2023.04.20-18.50.48:551][  0]LogInit: Transaction tracking system initialized
[2023.04.20-18.50.48:573][  0]BlueprintLog: New page: Editor Load
[2023.04.20-18.50.48:634][  0]LocalizationService: Localization service is disabled
[2023.04.20-18.50.48:658][  0]TimingProfiler: Initialize
[2023.04.20-18.50.48:658][  0]TimingProfiler: OnSessionChanged
[2023.04.20-18.50.48:658][  0]LoadingProfiler: Initialize
[2023.04.20-18.50.48:658][  0]LoadingProfiler: OnSessionChanged
[2023.04.20-18.50.48:658][  0]NetworkingProfiler: Initialize
[2023.04.20-18.50.48:658][  0]NetworkingProfiler: OnSessionChanged
[2023.04.20-18.50.48:658][  0]MemoryProfiler: Initialize
[2023.04.20-18.50.48:658][  0]MemoryProfiler: OnSessionChanged
[2023.04.20-18.50.48:716][  0]LogVSAccessor: Display: Unable to create Visual Studio setup instance: 80040154
[2023.04.20-18.50.48:716][  0]LogVSAccessor: Display: Unable to create Visual Studio setup instance: 80040154
[2023.04.20-18.50.48:717][  0]LogVSAccessor: Display: Unable to create Visual Studio setup instance: 80040154
[2023.04.20-18.50.48:819][  0]LogCook: Display: CookSettings for Memory: MemoryMaxUsedVirtual 0MiB, MemoryMaxUsedPhysical 16384MiB, MemoryMinFreeVirtual 0MiB, MemoryMinFreePhysical 1024MiB
[2023.04.20-18.50.48:819][  0]LogCook: Display: Mobile HDR setting 1
[2023.04.20-18.50.49:027][  0]LogFileCache: Scanning file cache for directory 'E:/School/DAGD 499/CapstoneProject/CapstoneProject_HJV/Content/' took 0.01s
[2023.04.20-18.50.49:232][  0]LogInit: Display: Engine is initialized. Leaving FEngineLoop::Init()
[2023.04.20-18.50.49:235][  0]SourceControl: Source control is disabled
[2023.04.20-18.50.49:235][  0]LogUnrealEdMisc: Loading editor; pre map load, took 7.470
[2023.04.20-18.50.49:235][  0]Cmd: MAP LOAD FILE="../../../../../School/DAGD 499/CapstoneProject/CapstoneProject_HJV/Content/Levels/Lab_Level.umap" TEMPLATE=0 SHOWPROGRESS=1 FEATURELEVEL=3
[2023.04.20-18.50.49:236][  0]LightingResults: New page: Lighting Build
[2023.04.20-18.50.49:237][  0]LogWorld: UWorld::CleanupWorld for Untitled, bSessionEnded=true, bCleanupResources=true
[2023.04.20-18.50.49:237][  0]LogSlate: InvalidateAllWidgets triggered.  All widgets were invalidated
[2023.04.20-18.50.49:237][  0]MapCheck: New page: Map Check
[2023.04.20-18.50.49:237][  0]LightingResults: New page: Lighting Build
[2023.04.20-18.50.49:254][  0]LogAudio: Display: Audio Device unregistered from world 'None'.
[2023.04.20-18.50.49:257][  0]LogUObjectHash: Compacting FUObjectHashTables data took   0.93ms
[2023.04.20-18.50.50:954][  0]LogTemp: Warning: CPath - Dynamic obstacle 'Lab_Door6_159' is not Movable.
[2023.04.20-18.50.50:954][  0]LogTemp: Warning: CPath - Dynamic obstacle 'Lab_Door7' is not Movable.
[2023.04.20-18.50.51:367][  0]LogTexture: Default maximum texture size for cubemaps generated from long-lat sources has been changed from 512 to unlimited. In order to preserve old behaiour for '/Game/StarterContent/HDRI/HDRI_Epic_Courtyard_Daylight.HDRI_Epic_Courtyard_Daylight', its maximum texture size has been explicitly set to 512.
[2023.04.20-18.50.52:109][  0]LogAudio: Display: Audio Device (ID: 1) registered with world 'Lab_Level'.
[2023.04.20-18.50.52:110][  0]LogAIModule: Creating AISystem for world Lab_Level
[2023.04.20-18.50.52:146][  0]LogSkeletalMesh: USkeletalMeshComponent::InitArticulated : Could not find root physics body: '/Game/Levels/Lab_Level.Lab_Level:PersistentLevel.Drone2.CharacterMesh0'
[2023.04.20-18.50.52:147][  0]LogSkeletalMesh: USkeletalMeshComponent::InitArticulated : Could not find root physics body: '/Game/Levels/Lab_Level.Lab_Level:PersistentLevel.Drone_2.CharacterMesh0'
[2023.04.20-18.50.52:147][  0]LogSkeletalMesh: USkeletalMeshComponent::InitArticulated : Could not find root physics body: '/Game/Levels/Lab_Level.Lab_Level:PersistentLevel.Drone3.CharacterMesh0'
[2023.04.20-18.50.52:226][  0]LogEditorServer: Finished looking for orphan Actors (0.000 secs)
[2023.04.20-18.50.52:257][  0]LogUObjectHash: Compacting FUObjectHashTables data took   2.26ms
[2023.04.20-18.50.52:259][  0]Cmd: MAP CHECKDEP NOCLEARLOG
[2023.04.20-18.50.52:259][  0]MapCheck: Map check complete: 0 Error(s), 0 Warning(s), took 0.226ms to complete.
[2023.04.20-18.50.52:259][  0]LogFileHelpers: Loading map 'Lab_Level' took 3.024
[2023.04.20-18.50.52:262][  0]LogUnrealEdMisc: Total Editor Startup Time, took 10.496
[2023.04.20-18.50.52:409][  0]LogSlate: Updating window title bar state: overlay mode, drag disabled, window buttons hidden, title bar hidden
[2023.04.20-18.50.52:416][  0]LogSlate: Updating window title bar state: overlay mode, drag disabled, window buttons hidden, title bar hidden
[2023.04.20-18.50.52:427][  0]LogSlate: Updating window title bar state: overlay mode, drag disabled, window buttons hidden, title bar hidden
[2023.04.20-18.50.52:437][  0]LogSlate: Updating window title bar state: overlay mode, drag disabled, window buttons hidden, title bar hidden
[2023.04.20-18.50.52:458][  0]LogNativeClassHierarchy: Verbose: Native class hierarchy populated in 0.0148 seconds. Added 3836 classes and 936 folders.
[2023.04.20-18.50.52:482][  0]LogNativeClassHierarchy: Verbose: Native class hierarchy updated for 'WidgetCarousel' in 0.0004 seconds. Added 0 classes and 0 folders.
[2023.04.20-18.50.52:484][  0]LogPakFile: PakFile PrimaryIndexSize=187
[2023.04.20-18.50.52:484][  0]LogPakFile: PakFile PathHashIndexSize=101
[2023.04.20-18.50.52:484][  0]LogPakFile: PakFile FullDirectoryIndexSize=148
[2023.04.20-18.50.52:484][  0]LogShaderLibrary: Display: ShaderCodeLibraryPakFileMountedCallback: PakFile 'E:/Epic Games/UE_4.27/FeaturePacks/FP_FirstPerson.upack' (chunk index -1, root 'root:/') mounted
[2023.04.20-18.50.52:484][  0]LogShaderLibrary: Display: ShaderCodeLibraryPakFileMountedCallback: pending pak file info (ChunkID:-1 Root:root:/ File:E:/Epic Games/UE_4.27/FeaturePacks/FP_FirstPerson.upack)
[2023.04.20-18.50.52:484][  0]LogPakFile: OnPakFileMounted2Time == 0.000067
[2023.04.20-18.50.52:485][  0]LogPakFile: PakFile PrimaryIndexSize=189
[2023.04.20-18.50.52:485][  0]LogPakFile: PakFile PathHashIndexSize=101
[2023.04.20-18.50.52:485][  0]LogPakFile: PakFile FullDirectoryIndexSize=152
[2023.04.20-18.50.52:485][  0]LogShaderLibrary: Display: ShaderCodeLibraryPakFileMountedCallback: PakFile 'E:/Epic Games/UE_4.27/FeaturePacks/FP_FirstPersonBP.upack' (chunk index -1, root 'root:/') mounted
[2023.04.20-18.50.52:485][  0]LogShaderLibrary: Display: ShaderCodeLibraryPakFileMountedCallback: pending pak file info (ChunkID:-1 Root:root:/ File:E:/Epic Games/UE_4.27/FeaturePacks/FP_FirstPersonBP.upack)
[2023.04.20-18.50.52:485][  0]LogPakFile: OnPakFileMounted2Time == 0.000045
[2023.04.20-18.50.52:485][  0]LogPakFile: PakFile PrimaryIndexSize=191
[2023.04.20-18.50.52:485][  0]LogPakFile: PakFile PathHashIndexSize=101
[2023.04.20-18.50.52:485][  0]LogPakFile: PakFile FullDirectoryIndexSize=160
[2023.04.20-18.50.52:485][  0]LogShaderLibrary: Display: ShaderCodeLibraryPakFileMountedCallback: PakFile 'E:/Epic Games/UE_4.27/FeaturePacks/MobileStarterContent.upack' (chunk index -1, root 'root:/') mounted
[2023.04.20-18.50.52:485][  0]LogShaderLibrary: Display: ShaderCodeLibraryPakFileMountedCallback: pending pak file info (ChunkID:-1 Root:root:/ File:E:/Epic Games/UE_4.27/FeaturePacks/MobileStarterContent.upack)
[2023.04.20-18.50.52:486][  0]LogPakFile: OnPakFileMounted2Time == 0.000042
[2023.04.20-18.50.52:486][  0]LogPakFile: PakFile PrimaryIndexSize=185
[2023.04.20-18.50.52:486][  0]LogPakFile: PakFile PathHashIndexSize=101
[2023.04.20-18.50.52:486][  0]LogPakFile: PakFile FullDirectoryIndexSize=148
[2023.04.20-18.50.52:486][  0]LogShaderLibrary: Display: ShaderCodeLibraryPakFileMountedCallback: PakFile 'E:/Epic Games/UE_4.27/FeaturePacks/StarterContent.upack' (chunk index -1, root 'root:/') mounted
[2023.04.20-18.50.52:486][  0]LogShaderLibrary: Display: ShaderCodeLibraryPakFileMountedCallback: pending pak file info (ChunkID:-1 Root:root:/ File:E:/Epic Games/UE_4.27/FeaturePacks/StarterContent.upack)
[2023.04.20-18.50.52:486][  0]LogPakFile: OnPakFileMounted2Time == 0.000041
[2023.04.20-18.50.52:487][  0]LogPakFile: PakFile PrimaryIndexSize=190
[2023.04.20-18.50.52:487][  0]LogPakFile: PakFile PathHashIndexSize=101
[2023.04.20-18.50.52:487][  0]LogPakFile: PakFile FullDirectoryIndexSize=154
[2023.04.20-18.50.52:487][  0]LogShaderLibrary: Display: ShaderCodeLibraryPakFileMountedCallback: PakFile 'E:/Epic Games/UE_4.27/FeaturePacks/TP_2DSideScroller.upack' (chunk index -1, root 'root:/') mounted
[2023.04.20-18.50.52:487][  0]LogShaderLibrary: Display: ShaderCodeLibraryPakFileMountedCallback: pending pak file info (ChunkID:-1 Root:root:/ File:E:/Epic Games/UE_4.27/FeaturePacks/TP_2DSideScroller.upack)
[2023.04.20-18.50.52:487][  0]LogPakFile: OnPakFileMounted2Time == 0.000039
[2023.04.20-18.50.52:487][  0]LogPakFile: PakFile PrimaryIndexSize=192
[2023.04.20-18.50.52:487][  0]LogPakFile: PakFile PathHashIndexSize=101
[2023.04.20-18.50.52:487][  0]LogPakFile: PakFile FullDirectoryIndexSize=158
[2023.04.20-18.50.52:487][  0]LogShaderLibrary: Display: ShaderCodeLibraryPakFileMountedCallback: PakFile 'E:/Epic Games/UE_4.27/FeaturePacks/TP_2DSideScrollerBP.upack' (chunk index -1, root 'root:/') mounted
[2023.04.20-18.50.52:487][  0]LogShaderLibrary: Display: ShaderCodeLibraryPakFileMountedCallback: pending pak file info (ChunkID:-1 Root:root:/ File:E:/Epic Games/UE_4.27/FeaturePacks/TP_2DSideScrollerBP.upack)
[2023.04.20-18.50.52:487][  0]LogPakFile: OnPakFileMounted2Time == 0.000039
[2023.04.20-18.50.52:488][  0]LogPakFile: PakFile PrimaryIndexSize=182
[2023.04.20-18.50.52:488][  0]LogPakFile: PakFile PathHashIndexSize=101
[2023.04.20-18.50.52:488][  0]LogPakFile: PakFile FullDirectoryIndexSize=138
[2023.04.20-18.50.52:488][  0]LogShaderLibrary: Display: ShaderCodeLibraryPakFileMountedCallback: PakFile 'E:/Epic Games/UE_4.27/FeaturePacks/TP_Flying.upack' (chunk index -1, root 'root:/') mounted
[2023.04.20-18.50.52:488][  0]LogShaderLibrary: Display: ShaderCodeLibraryPakFileMountedCallback: pending pak file info (ChunkID:-1 Root:root:/ File:E:/Epic Games/UE_4.27/FeaturePacks/TP_Flying.upack)
[2023.04.20-18.50.52:488][  0]LogPakFile: OnPakFileMounted2Time == 0.000039
[2023.04.20-18.50.52:489][  0]LogPakFile: PakFile PrimaryIndexSize=184
[2023.04.20-18.50.52:489][  0]LogPakFile: PakFile PathHashIndexSize=101
[2023.04.20-18.50.52:489][  0]LogPakFile: PakFile FullDirectoryIndexSize=142
[2023.04.20-18.50.52:489][  0]LogShaderLibrary: Display: ShaderCodeLibraryPakFileMountedCallback: PakFile 'E:/Epic Games/UE_4.27/FeaturePacks/TP_FlyingBP.upack' (chunk index -1, root 'root:/') mounted
[2023.04.20-18.50.52:489][  0]LogShaderLibrary: Display: ShaderCodeLibraryPakFileMountedCallback: pending pak file info (ChunkID:-1 Root:root:/ File:E:/Epic Games/UE_4.27/FeaturePacks/TP_FlyingBP.upack)
[2023.04.20-18.50.52:489][  0]LogPakFile: OnPakFileMounted2Time == 0.000039
[2023.04.20-18.50.52:489][  0]LogPakFile: PakFile PrimaryIndexSize=188
[2023.04.20-18.50.52:489][  0]LogPakFile: PakFile PathHashIndexSize=101
[2023.04.20-18.50.52:489][  0]LogPakFile: PakFile FullDirectoryIndexSize=150
[2023.04.20-18.50.52:489][  0]LogShaderLibrary: Display: ShaderCodeLibraryPakFileMountedCallback: PakFile 'E:/Epic Games/UE_4.27/FeaturePacks/TP_HandheldARBP.upack' (chunk index -1, root 'root:/') mounted
[2023.04.20-18.50.52:489][  0]LogShaderLibrary: Display: ShaderCodeLibraryPakFileMountedCallback: pending pak file info (ChunkID:-1 Root:root:/ File:E:/Epic Games/UE_4.27/FeaturePacks/TP_HandheldARBP.upack)
[2023.04.20-18.50.52:489][  0]LogPakFile: OnPakFileMounted2Time == 0.000040
[2023.04.20-18.50.52:490][  0]LogPakFile: PakFile PrimaryIndexSize=182
[2023.04.20-18.50.52:490][  0]LogPakFile: PakFile PathHashIndexSize=101
[2023.04.20-18.50.52:490][  0]LogPakFile: PakFile FullDirectoryIndexSize=138
[2023.04.20-18.50.52:490][  0]LogShaderLibrary: Display: ShaderCodeLibraryPakFileMountedCallback: PakFile 'E:/Epic Games/UE_4.27/FeaturePacks/TP_Puzzle.upack' (chunk index -1, root 'root:/') mounted
[2023.04.20-18.50.52:490][  0]LogShaderLibrary: Display: ShaderCodeLibraryPakFileMountedCallback: pending pak file info (ChunkID:-1 Root:root:/ File:E:/Epic Games/UE_4.27/FeaturePacks/TP_Puzzle.upack)
[2023.04.20-18.50.52:490][  0]LogPakFile: OnPakFileMounted2Time == 0.000039
[2023.04.20-18.50.52:491][  0]LogPakFile: PakFile PrimaryIndexSize=184
[2023.04.20-18.50.52:491][  0]LogPakFile: PakFile PathHashIndexSize=101
[2023.04.20-18.50.52:491][  0]LogPakFile: PakFile FullDirectoryIndexSize=142
[2023.04.20-18.50.52:491][  0]LogShaderLibrary: Display: ShaderCodeLibraryPakFileMountedCallback: PakFile 'E:/Epic Games/UE_4.27/FeaturePacks/TP_PuzzleBP.upack' (chunk index -1, root 'root:/') mounted
[2023.04.20-18.50.52:491][  0]LogShaderLibrary: Display: ShaderCodeLibraryPakFileMountedCallback: pending pak file info (ChunkID:-1 Root:root:/ File:E:/Epic Games/UE_4.27/FeaturePacks/TP_PuzzleBP.upack)
[2023.04.20-18.50.52:491][  0]LogPakFile: OnPakFileMounted2Time == 0.000040
[2023.04.20-18.50.52:491][  0]LogPakFile: PakFile PrimaryIndexSize=183
[2023.04.20-18.50.52:491][  0]LogPakFile: PakFile PathHashIndexSize=101
[2023.04.20-18.50.52:491][  0]LogPakFile: PakFile FullDirectoryIndexSize=140
[2023.04.20-18.50.52:491][  0]LogShaderLibrary: Display: ShaderCodeLibraryPakFileMountedCallback: PakFile 'E:/Epic Games/UE_4.27/FeaturePacks/TP_Rolling.upack' (chunk index -1, root 'root:/') mounted
[2023.04.20-18.50.52:491][  0]LogShaderLibrary: Display: ShaderCodeLibraryPakFileMountedCallback: pending pak file info (ChunkID:-1 Root:root:/ File:E:/Epic Games/UE_4.27/FeaturePacks/TP_Rolling.upack)
[2023.04.20-18.50.52:491][  0]LogPakFile: OnPakFileMounted2Time == 0.000039
[2023.04.20-18.50.52:492][  0]LogPakFile: PakFile PrimaryIndexSize=185
[2023.04.20-18.50.52:492][  0]LogPakFile: PakFile PathHashIndexSize=101
[2023.04.20-18.50.52:492][  0]LogPakFile: PakFile FullDirectoryIndexSize=144
[2023.04.20-18.50.52:492][  0]LogShaderLibrary: Display: ShaderCodeLibraryPakFileMountedCallback: PakFile 'E:/Epic Games/UE_4.27/FeaturePacks/TP_RollingBP.upack' (chunk index -1, root 'root:/') mounted
[2023.04.20-18.50.52:492][  0]LogShaderLibrary: Display: ShaderCodeLibraryPakFileMountedCallback: pending pak file info (ChunkID:-1 Root:root:/ File:E:/Epic Games/UE_4.27/FeaturePacks/TP_RollingBP.upack)
[2023.04.20-18.50.52:492][  0]LogPakFile: OnPakFileMounted2Time == 0.000039
[2023.04.20-18.50.52:493][  0]LogPakFile: PakFile PrimaryIndexSize=188
[2023.04.20-18.50.52:493][  0]LogPakFile: PakFile PathHashIndexSize=101
[2023.04.20-18.50.52:493][  0]LogPakFile: PakFile FullDirectoryIndexSize=150
[2023.04.20-18.50.52:493][  0]LogShaderLibrary: Display: ShaderCodeLibraryPakFileMountedCallback: PakFile 'E:/Epic Games/UE_4.27/FeaturePacks/TP_SideScroller.upack' (chunk index -1, root 'root:/') mounted
[2023.04.20-18.50.52:493][  0]LogShaderLibrary: Display: ShaderCodeLibraryPakFileMountedCallback: pending pak file info (ChunkID:-1 Root:root:/ File:E:/Epic Games/UE_4.27/FeaturePacks/TP_SideScroller.upack)
[2023.04.20-18.50.52:493][  0]LogPakFile: OnPakFileMounted2Time == 0.000039
[2023.04.20-18.50.52:493][  0]LogPakFile: PakFile PrimaryIndexSize=190
[2023.04.20-18.50.52:493][  0]LogPakFile: PakFile PathHashIndexSize=101
[2023.04.20-18.50.52:493][  0]LogPakFile: PakFile FullDirectoryIndexSize=154
[2023.04.20-18.50.52:493][  0]LogShaderLibrary: Display: ShaderCodeLibraryPakFileMountedCallback: PakFile 'E:/Epic Games/UE_4.27/FeaturePacks/TP_SideScrollerBP.upack' (chunk index -1, root 'root:/') mounted
[2023.04.20-18.50.52:493][  0]LogShaderLibrary: Display: ShaderCodeLibraryPakFileMountedCallback: pending pak file info (ChunkID:-1 Root:root:/ File:E:/Epic Games/UE_4.27/FeaturePacks/TP_SideScrollerBP.upack)
[2023.04.20-18.50.52:493][  0]LogPakFile: OnPakFileMounted2Time == 0.000039
[2023.04.20-18.50.52:494][  0]LogPakFile: PakFile PrimaryIndexSize=187
[2023.04.20-18.50.52:494][  0]LogPakFile: PakFile PathHashIndexSize=101
[2023.04.20-18.50.52:494][  0]LogPakFile: PakFile FullDirectoryIndexSize=148
[2023.04.20-18.50.52:494][  0]LogShaderLibrary: Display: ShaderCodeLibraryPakFileMountedCallback: PakFile 'E:/Epic Games/UE_4.27/FeaturePacks/TP_ThirdPerson.upack' (chunk index -1, root 'root:/') mounted
[2023.04.20-18.50.52:494][  0]LogShaderLibrary: Display: ShaderCodeLibraryPakFileMountedCallback: pending pak file info (ChunkID:-1 Root:root:/ File:E:/Epic Games/UE_4.27/FeaturePacks/TP_ThirdPerson.upack)
[2023.04.20-18.50.52:494][  0]LogPakFile: OnPakFileMounted2Time == 0.000038
[2023.04.20-18.50.52:495][  0]LogPakFile: PakFile PrimaryIndexSize=189
[2023.04.20-18.50.52:495][  0]LogPakFile: PakFile PathHashIndexSize=101
[2023.04.20-18.50.52:495][  0]LogPakFile: PakFile FullDirectoryIndexSize=152
[2023.04.20-18.50.52:495][  0]LogShaderLibrary: Display: ShaderCodeLibraryPakFileMountedCallback: PakFile 'E:/Epic Games/UE_4.27/FeaturePacks/TP_ThirdPersonBP.upack' (chunk index -1, root 'root:/') mounted
[2023.04.20-18.50.52:495][  0]LogShaderLibrary: Display: ShaderCodeLibraryPakFileMountedCallback: pending pak file info (ChunkID:-1 Root:root:/ File:E:/Epic Games/UE_4.27/FeaturePacks/TP_ThirdPersonBP.upack)
[2023.04.20-18.50.52:495][  0]LogPakFile: OnPakFileMounted2Time == 0.000038
[2023.04.20-18.50.52:495][  0]LogPakFile: PakFile PrimaryIndexSize=183
[2023.04.20-18.50.52:495][  0]LogPakFile: PakFile PathHashIndexSize=101
[2023.04.20-18.50.52:495][  0]LogPakFile: PakFile FullDirectoryIndexSize=140
[2023.04.20-18.50.52:495][  0]LogShaderLibrary: Display: ShaderCodeLibraryPakFileMountedCallback: PakFile 'E:/Epic Games/UE_4.27/FeaturePacks/TP_TopDown.upack' (chunk index -1, root 'root:/') mounted
[2023.04.20-18.50.52:495][  0]LogShaderLibrary: Display: ShaderCodeLibraryPakFileMountedCallback: pending pak file info (ChunkID:-1 Root:root:/ File:E:/Epic Games/UE_4.27/FeaturePacks/TP_TopDown.upack)
[2023.04.20-18.50.52:495][  0]LogPakFile: OnPakFileMounted2Time == 0.000047
[2023.04.20-18.50.52:496][  0]LogPakFile: PakFile PrimaryIndexSize=185
[2023.04.20-18.50.52:496][  0]LogPakFile: PakFile PathHashIndexSize=101
[2023.04.20-18.50.52:496][  0]LogPakFile: PakFile FullDirectoryIndexSize=144
[2023.04.20-18.50.52:496][  0]LogShaderLibrary: Display: ShaderCodeLibraryPakFileMountedCallback: PakFile 'E:/Epic Games/UE_4.27/FeaturePacks/TP_TopDownBP.upack' (chunk index -1, root 'root:/') mounted
[2023.04.20-18.50.52:496][  0]LogShaderLibrary: Display: ShaderCodeLibraryPakFileMountedCallback: pending pak file info (ChunkID:-1 Root:root:/ File:E:/Epic Games/UE_4.27/FeaturePacks/TP_TopDownBP.upack)
[2023.04.20-18.50.52:496][  0]LogPakFile: OnPakFileMounted2Time == 0.000039
[2023.04.20-18.50.52:497][  0]LogPakFile: PakFile PrimaryIndexSize=185
[2023.04.20-18.50.52:497][  0]LogPakFile: PakFile PathHashIndexSize=101
[2023.04.20-18.50.52:497][  0]LogPakFile: PakFile FullDirectoryIndexSize=144
[2023.04.20-18.50.52:497][  0]LogShaderLibrary: Display: ShaderCodeLibraryPakFileMountedCallback: PakFile 'E:/Epic Games/UE_4.27/FeaturePacks/TP_TwinStick.upack' (chunk index -1, root 'root:/') mounted
[2023.04.20-18.50.52:497][  0]LogShaderLibrary: Display: ShaderCodeLibraryPakFileMountedCallback: pending pak file info (ChunkID:-1 Root:root:/ File:E:/Epic Games/UE_4.27/FeaturePacks/TP_TwinStick.upack)
[2023.04.20-18.50.52:497][  0]LogPakFile: OnPakFileMounted2Time == 0.000039
[2023.04.20-18.50.52:497][  0]LogPakFile: PakFile PrimaryIndexSize=187
[2023.04.20-18.50.52:497][  0]LogPakFile: PakFile PathHashIndexSize=101
[2023.04.20-18.50.52:497][  0]LogPakFile: PakFile FullDirectoryIndexSize=148
[2023.04.20-18.50.52:497][  0]LogShaderLibrary: Display: ShaderCodeLibraryPakFileMountedCallback: PakFile 'E:/Epic Games/UE_4.27/FeaturePacks/TP_TwinStickBP.upack' (chunk index -1, root 'root:/') mounted
[2023.04.20-18.50.52:497][  0]LogShaderLibrary: Display: ShaderCodeLibraryPakFileMountedCallback: pending pak file info (ChunkID:-1 Root:root:/ File:E:/Epic Games/UE_4.27/FeaturePacks/TP_TwinStickBP.upack)
[2023.04.20-18.50.52:497][  0]LogPakFile: OnPakFileMounted2Time == 0.000039
[2023.04.20-18.50.52:498][  0]LogPakFile: PakFile PrimaryIndexSize=183
[2023.04.20-18.50.52:498][  0]LogPakFile: PakFile PathHashIndexSize=101
[2023.04.20-18.50.52:498][  0]LogPakFile: PakFile FullDirectoryIndexSize=140
[2023.04.20-18.50.52:498][  0]LogShaderLibrary: Display: ShaderCodeLibraryPakFileMountedCallback: PakFile 'E:/Epic Games/UE_4.27/FeaturePacks/TP_Vehicle.upack' (chunk index -1, root 'root:/') mounted
[2023.04.20-18.50.52:498][  0]LogShaderLibrary: Display: ShaderCodeLibraryPakFileMountedCallback: pending pak file info (ChunkID:-1 Root:root:/ File:E:/Epic Games/UE_4.27/FeaturePacks/TP_Vehicle.upack)
[2023.04.20-18.50.52:498][  0]LogPakFile: OnPakFileMounted2Time == 0.000039
[2023.04.20-18.50.52:498][  0]LogPakFile: PakFile PrimaryIndexSize=186
[2023.04.20-18.50.52:498][  0]LogPakFile: PakFile PathHashIndexSize=101
[2023.04.20-18.50.52:499][  0]LogPakFile: PakFile FullDirectoryIndexSize=146
[2023.04.20-18.50.52:499][  0]LogShaderLibrary: Display: ShaderCodeLibraryPakFileMountedCallback: PakFile 'E:/Epic Games/UE_4.27/FeaturePacks/TP_VehicleAdv.upack' (chunk index -1, root 'root:/') mounted
[2023.04.20-18.50.52:499][  0]LogShaderLibrary: Display: ShaderCodeLibraryPakFileMountedCallback: pending pak file info (ChunkID:-1 Root:root:/ File:E:/Epic Games/UE_4.27/FeaturePacks/TP_VehicleAdv.upack)
[2023.04.20-18.50.52:499][  0]LogPakFile: OnPakFileMounted2Time == 0.000039
[2023.04.20-18.50.52:499][  0]LogPakFile: PakFile PrimaryIndexSize=188
[2023.04.20-18.50.52:499][  0]LogPakFile: PakFile PathHashIndexSize=101
[2023.04.20-18.50.52:499][  0]LogPakFile: PakFile FullDirectoryIndexSize=150
[2023.04.20-18.50.52:499][  0]LogShaderLibrary: Display: ShaderCodeLibraryPakFileMountedCallback: PakFile 'E:/Epic Games/UE_4.27/FeaturePacks/TP_VehicleAdvBP.upack' (chunk index -1, root 'root:/') mounted
[2023.04.20-18.50.52:499][  0]LogShaderLibrary: Display: ShaderCodeLibraryPakFileMountedCallback: pending pak file info (ChunkID:-1 Root:root:/ File:E:/Epic Games/UE_4.27/FeaturePacks/TP_VehicleAdvBP.upack)
[2023.04.20-18.50.52:499][  0]LogPakFile: OnPakFileMounted2Time == 0.000039
[2023.04.20-18.50.52:500][  0]LogPakFile: PakFile PrimaryIndexSize=185
[2023.04.20-18.50.52:500][  0]LogPakFile: PakFile PathHashIndexSize=101
[2023.04.20-18.50.52:500][  0]LogPakFile: PakFile FullDirectoryIndexSize=144
[2023.04.20-18.50.52:500][  0]LogShaderLibrary: Display: ShaderCodeLibraryPakFileMountedCallback: PakFile 'E:/Epic Games/UE_4.27/FeaturePacks/TP_VehicleBP.upack' (chunk index -1, root 'root:/') mounted
[2023.04.20-18.50.52:500][  0]LogShaderLibrary: Display: ShaderCodeLibraryPakFileMountedCallback: pending pak file info (ChunkID:-1 Root:root:/ File:E:/Epic Games/UE_4.27/FeaturePacks/TP_VehicleBP.upack)
[2023.04.20-18.50.52:500][  0]LogPakFile: OnPakFileMounted2Time == 0.000039
[2023.04.20-18.50.52:501][  0]LogPakFile: PakFile PrimaryIndexSize=192
[2023.04.20-18.50.52:501][  0]LogPakFile: PakFile PathHashIndexSize=101
[2023.04.20-18.50.52:501][  0]LogPakFile: PakFile FullDirectoryIndexSize=158
[2023.04.20-18.50.52:501][  0]LogShaderLibrary: Display: ShaderCodeLibraryPakFileMountedCallback: PakFile 'E:/Epic Games/UE_4.27/FeaturePacks/TP_VirtualRealityBP.upack' (chunk index -1, root 'root:/') mounted
[2023.04.20-18.50.52:501][  0]LogShaderLibrary: Display: ShaderCodeLibraryPakFileMountedCallback: pending pak file info (ChunkID:-1 Root:root:/ File:E:/Epic Games/UE_4.27/FeaturePacks/TP_VirtualRealityBP.upack)
[2023.04.20-18.50.52:501][  0]LogPakFile: OnPakFileMounted2Time == 0.000039
[2023.04.20-18.50.52:560][  0]LogNativeClassHierarchy: Verbose: Native class hierarchy updated for 'AddContentDialog' in 0.0004 seconds. Added 0 classes and 0 folders.
[2023.04.20-18.50.52:561][  0]LogNativeClassHierarchy: Verbose: Native class hierarchy updated for 'SceneOutliner' in 0.0003 seconds. Added 2 classes and 0 folders.
[2023.04.20-18.50.52:657][  0]LogSlate: Took 0.000231 seconds to synchronously load lazily loaded font '../../../Engine/Content/Slate/Fonts/Roboto-Regular.ttf' (155K)
[2023.04.20-18.50.52:659][  0]LogSlate: Took 0.000140 seconds to synchronously load lazily loaded font '../../../Engine/Content/Editor/Slate/Fonts/FontAwesome.ttf' (139K)
[2023.04.20-18.50.52:660][  0]LogSlate: Took 0.000122 seconds to synchronously load lazily loaded font '../../../Engine/Content/Slate/Fonts/Roboto-Bold.ttf' (160K)
[2023.04.20-18.50.52:768][  0]LogRenderer: Reallocating scene render targets to support 1104x612 Format 10 NumSamples 1 (Frame:1).
[2023.04.20-18.50.53:557][  0]LogSlate: Took 0.000219 seconds to synchronously load lazily loaded font '../../../Engine/Content/Slate/Fonts/Roboto-Light.ttf' (167K)
[2023.04.20-18.50.53:645][  0]LogNativeClassHierarchy: Verbose: Native class hierarchy updated for 'HierarchicalLODOutliner' in 0.0003 seconds. Added 0 classes and 0 folders.
[2023.04.20-18.50.53:646][  0]LogLoad: (Engine Initialization) Total time: 11.88 seconds
[2023.04.20-18.50.53:646][  0]LogLoad: (Engine Initialization) Total Blueprint compile time: 0.00 seconds
[2023.04.20-18.50.53:714][  0]LogAssetRegistry: Asset discovery search completed in 8.4650 seconds
[2023.04.20-18.50.53:720][  0]LogCollectionManager: Fixed up redirectors for 0 collections in 0.000003 seconds (updated 0 objects)
[2023.04.20-18.50.53:723][  0]LogContentStreaming: Texture pool size now 1000 MB
[2023.04.20-18.50.54:691][ 81]LogSlate: Took 0.000272 seconds to synchronously load lazily loaded font '../../../Engine/Content/Slate/Fonts/Roboto-Light.ttf' (167K)
[2023.04.20-18.51.01:451][627]LogAssetEditorSubsystem: Opening Asset editor for Blueprint /Game/Assets/AI/DroneBoss/DroneBossChar.DroneBossChar
[2023.04.20-18.51.01:637][627]LogNativeClassHierarchy: Verbose: Native class hierarchy updated for 'BlueprintGraph' in 0.0009 seconds. Added 126 classes and 0 folders.
[2023.04.20-18.51.02:804][627]LogSlate: Took 0.000275 seconds to synchronously load lazily loaded font '../../../Engine/Content/Slate/Fonts/Roboto-BoldCondensed.ttf' (158K)
[2023.04.20-18.51.03:245][628]LogSlate: Took 0.000266 seconds to synchronously load lazily loaded font '../../../Engine/Content/Slate/Fonts/Roboto-Italic.ttf' (157K)
[2023.04.20-18.51.18:136][214]BlueprintLog: New page: Compile DroneBossChar
[2023.04.20-18.51.18:321][214]LogUObjectHash: Compacting FUObjectHashTables data took   3.45ms
[2023.04.20-18.51.19:045][248]LogSavePackage: Moving '../../../../../School/DAGD 499/CapstoneProject/CapstoneProject_HJV/Saved/DroneBossChar307512574435C5D9D5726596073669D2.tmp' to '../../../../../School/DAGD 499/CapstoneProject/CapstoneProject_HJV/Content/Assets/AI/DroneBoss/DroneBossChar.uasset'
[2023.04.20-18.51.19:059][248]AssetCheck: New page: Asset Save: DroneBossChar
[2023.04.20-18.51.19:059][248]LogContentValidation: Display: Validating Blueprint /Game/Assets/AI/DroneBoss/DroneBossChar.DroneBossChar
[2023.04.20-18.51.21:717][546]LogOutputDevice: Warning: 

Script Stack (0 frames):

[2023.04.20-18.51.21:717][546]LogWindows: Windows GetLastError: The operation completed successfully. (0)
[2023.04.20-18.51.23:345][546]LogWindows: Error: === Critical error: ===
[2023.04.20-18.51.23:345][546]LogWindows: Error: 
[2023.04.20-18.51.23:345][546]LogWindows: Error: Assertion failed: NumNewPins == InNewPins.Num() [File:D:/Build/++UE4/Sync/Engine/Source/Editor/BlueprintGraph/Private/K2Node.cpp] [Line: 1109] 
[2023.04.20-18.51.23:345][546]LogWindows: Error: 
[2023.04.20-18.51.23:345][546]LogWindows: Error: 
[2023.04.20-18.51.23:345][546]LogWindows: Error: 
[2023.04.20-18.51.23:345][546]LogWindows: Error: [Callstack] 0x00007ffdf58ccb69 KERNELBASE.dll!UnknownFunction []
[2023.04.20-18.51.23:345][546]LogWindows: Error: [Callstack] 0x00007ffd83c50216 UE4Editor-Core.dll!UnknownFunction []
[2023.04.20-18.51.23:345][546]LogWindows: Error: [Callstack] 0x00007ffd83c54218 UE4Editor-Core.dll!UnknownFunction []
[2023.04.20-18.51.23:345][546]LogWindows: Error: [Callstack] 0x00007ffd8397242d UE4Editor-Core.dll!UnknownFunction []
[2023.04.20-18.51.23:345][546]LogWindows: Error: [Callstack] 0x00007ffd838c6a45 UE4Editor-Core.dll!UnknownFunction []
[2023.04.20-18.51.23:345][546]LogWindows: Error: [Callstack] 0x00007ffd838c80a0 UE4Editor-Core.dll!UnknownFunction []
[2023.04.20-18.51.23:345][546]LogWindows: Error: [Callstack] 0x00007ffd638d2870 UE4Editor-BlueprintGraph.dll!UnknownFunction []
[2023.04.20-18.51.23:345][546]LogWindows: Error: [Callstack] 0x00007ffd638cbb84 UE4Editor-BlueprintGraph.dll!UnknownFunction []
[2023.04.20-18.51.23:345][546]LogWindows: Error: [Callstack] 0x00007ffd72f8c014 UE4Editor-UnrealEd.dll!UnknownFunction []
[2023.04.20-18.51.23:345][546]LogWindows: Error: [Callstack] 0x00007ffd72f7cfa9 UE4Editor-UnrealEd.dll!UnknownFunction []
[2023.04.20-18.51.23:345][546]LogWindows: Error: [Callstack] 0x00007ffd6386549d UE4Editor-BlueprintGraph.dll!UnknownFunction []
[2023.04.20-18.51.23:345][546]LogWindows: Error: [Callstack] 0x00007ffd71ecc59a UE4Editor-Kismet.dll!UnknownFunction []
[2023.04.20-18.51.23:345][546]LogWindows: Error: [Callstack] 0x00007ffd71e7c667 UE4Editor-Kismet.dll!UnknownFunction []
[2023.04.20-18.51.23:345][546]LogWindows: Error: [Callstack] 0x00007ffd80e00c2e UE4Editor-KismetWidgets.dll!UnknownFunction []
[2023.04.20-18.51.23:345][546]LogWindows: Error: [Callstack] 0x00007ffd80de5e70 UE4Editor-KismetWidgets.dll!UnknownFunction []
[2023.04.20-18.51.23:345][546]LogWindows: Error: [Callstack] 0x00007ffd80e15ac6 UE4Editor-KismetWidgets.dll!UnknownFunction []
[2023.04.20-18.51.23:345][546]LogWindows: Error: [Callstack] 0x00007ffd80e0a0cd UE4Editor-KismetWidgets.dll!UnknownFunction []
[2023.04.20-18.51.23:345][546]LogWindows: Error: [Callstack] 0x00007ffd86ca421e UE4Editor-Slate.dll!UnknownFunction []
[2023.04.20-18.51.23:345][546]LogWindows: Error: [Callstack] 0x00007ffd86d1e104 UE4Editor-Slate.dll!UnknownFunction []
[2023.04.20-18.51.23:345][546]LogWindows: Error: [Callstack] 0x00007ffd86d07097 UE4Editor-Slate.dll!UnknownFunction []
[2023.04.20-18.51.23:345][546]LogWindows: Error: [Callstack] 0x00007ffd86cf9b62 UE4Editor-Slate.dll!UnknownFunction []
[2023.04.20-18.51.23:345][546]LogWindows: Error: [Callstack] 0x00007ffdbddcc025 UE4Editor-ApplicationCore.dll!UnknownFunction []
[2023.04.20-18.51.23:345][546]LogWindows: Error: [Callstack] 0x00007ffdbddb92b7 UE4Editor-ApplicationCore.dll!UnknownFunction []
[2023.04.20-18.51.23:345][546]LogWindows: Error: [Callstack] 0x00007ffdbddce465 UE4Editor-ApplicationCore.dll!UnknownFunction []
[2023.04.20-18.51.23:345][546]LogWindows: Error: [Callstack] 0x00007ffdbddb4410 UE4Editor-ApplicationCore.dll!UnknownFunction []
[2023.04.20-18.51.23:345][546]LogWindows: Error: [Callstack] 0x00007ffdf6fbe858 USER32.dll!UnknownFunction []
[2023.04.20-18.51.23:345][546]LogWindows: Error: [Callstack] 0x00007ffdf6fbe299 USER32.dll!UnknownFunction []
[2023.04.20-18.51.23:345][546]LogWindows: Error: [Callstack] 0x00007ffdbddcfcd4 UE4Editor-ApplicationCore.dll!UnknownFunction []
[2023.04.20-18.51.23:345][546]LogWindows: Error: [Callstack] 0x00007ff6b7437621 UE4Editor.exe!UnknownFunction []
[2023.04.20-18.51.23:345][546]LogWindows: Error: [Callstack] 0x00007ff6b7450fcc UE4Editor.exe!UnknownFunction []
[2023.04.20-18.51.23:345][546]LogWindows: Error: [Callstack] 0x00007ff6b74510ba UE4Editor.exe!UnknownFunction []
[2023.04.20-18.51.23:345][546]LogWindows: Error: [Callstack] 0x00007ff6b74540dd UE4Editor.exe!UnknownFunction []
[2023.04.20-18.51.23:345][546]LogWindows: Error: [Callstack] 0x00007ff6b7465984 UE4Editor.exe!UnknownFunction []
[2023.04.20-18.51.23:345][546]LogWindows: Error: [Callstack] 0x00007ff6b746853a UE4Editor.exe!UnknownFunction []
[2023.04.20-18.51.23:345][546]LogWindows: Error: [Callstack] 0x00007ffdf6367604 KERNEL32.DLL!UnknownFunction []
[2023.04.20-18.51.23:345][546]LogWindows: Error: [Callstack] 0x00007ffdf80c26a1 ntdll.dll!UnknownFunction []
[2023.04.20-18.51.23:345][546]LogWindows: Error: 
[2023.04.20-18.51.23:349][546]LogExit: Executing StaticShutdownAfterError
[2023.04.20-18.51.23:354][546]LogWindows: FPlatformMisc::RequestExit(1)
[2023.04.20-18.51.23:354][546]LogWindows: FPlatformMisc::RequestExitWithStatus(1, 3)
[2023.04.20-18.51.23:354][546]LogCore: Engine exit requested (reason: Win RequestExit)
[2023.04.20-18.51.23:379][546]Log file closed, 04/20/23 14:51:23
