Log file open, 11/16/22 13:32:15
LogWindows: Failed to load 'aqProf.dll' (GetLastError=126)
LogWindows: File 'aqProf.dll' does not exist
LogWindows: Failed to load 'VtuneApi.dll' (GetLastError=126)
LogWindows: File 'VtuneApi.dll' does not exist
LogWindows: Failed to load 'VtuneApi32e.dll' (GetLastError=126)
LogWindows: File 'VtuneApi32e.dll' does not exist
LogConsoleResponse: Display: Failed to find resolution value strings in scalability ini. Falling back to default.
LogConsoleResponse: Display: Failed to find resolution value strings in scalability ini. Falling back to default.
LogInit: Display: Running engine for game: CapstoneProject_HJV
LogPlatformFile: Not using cached read wrapper
LogTaskGraph: Started task graph with 5 named threads and 47 total threads with 3 sets of task threads.
LogStats: Stats thread started at 0.321332
LogICUInternationalization: ICU TimeZone Detection - Raw Offset: -5:00, Platform Override: ''
LogInit: Display: Loading text-based GConfig....
LogPluginManager: Mounting plugin MeshPainting
LogPluginManager: Mounting plugin XGEController
LogPluginManager: Mounting plugin AISupport
LogPluginManager: Mounting plugin Paper2D
LogPluginManager: Mounting plugin LightPropagationVolume
LogPluginManager: Mounting plugin EnvironmentQueryEditor
LogPluginManager: Mounting plugin OodleData
LogPluginManager: Mounting plugin CodeLiteSourceCodeAccess
LogPluginManager: Mounting plugin CLionSourceCodeAccess
LogPluginManager: Mounting plugin AnimationSharing
LogPluginManager: Mounting plugin OodleNetwork
LogPluginManager: Mounting plugin GitSourceControl
LogPluginManager: Mounting plugin KDevelopSourceCodeAccess
LogPluginManager: Mounting plugin NullSourceCodeAccess
LogPluginManager: Mounting plugin PerforceSourceControl
LogPluginManager: Mounting plugin PixWinPlugin
LogPluginManager: Mounting plugin PluginUtils
LogPluginManager: Mounting plugin PropertyAccessNode
LogPluginManager: Mounting plugin PlasticSourceControl
LogPluginManager: Mounting plugin SubversionSourceControl
LogPluginManager: Mounting plugin RiderSourceCodeAccess
LogPluginManager: Mounting plugin XCodeSourceCodeAccess
LogPluginManager: Mounting plugin TextureFormatOodle
LogPluginManager: Mounting plugin VisualStudioCodeSourceCodeAccess
LogPluginManager: Mounting plugin VisualStudioSourceCodeAccess
LogPluginManager: Mounting plugin UObjectPlugin
LogPluginManager: Mounting plugin Niagara
LogPluginManager: Mounting plugin DatasmithContent
LogPluginManager: Mounting plugin VariantManagerContent
LogPluginManager: Mounting plugin AlembicImporter
LogPluginManager: Mounting plugin AutomationUtils
LogPluginManager: Mounting plugin ChaosCloth
LogPluginManager: Mounting plugin ChaosClothEditor
LogPluginManager: Mounting plugin ChaosEditor
LogPluginManager: Mounting plugin ChaosSolverPlugin
LogPluginManager: Mounting plugin ChaosNiagara
LogPluginManager: Mounting plugin BackChannel
LogPluginManager: Mounting plugin CharacterAI
LogPluginManager: Mounting plugin LuminPlatformFeatures
LogPluginManager: Mounting plugin MagicLeap
LogPluginManager: Mounting plugin MagicLeapLightEstimation
LogPluginManager: Mounting plugin MagicLeapMedia
LogPluginManager: Mounting plugin MagicLeapPassableWorld
LogPluginManager: Mounting plugin MLSDK
LogPluginManager: Mounting plugin AndroidMedia
LogPluginManager: Mounting plugin AvfMedia
LogPluginManager: Mounting plugin ImgMedia
LogPluginManager: Mounting plugin MediaCompositing
LogPluginManager: Mounting plugin MediaPlayerEditor
LogPluginManager: Mounting plugin WebMMedia
LogPluginManager: Mounting plugin WmfMedia
LogPluginManager: Mounting plugin TcpMessaging
LogPluginManager: Mounting plugin UdpMessaging
LogPluginManager: Mounting plugin LevelSequenceEditor
LogPluginManager: Mounting plugin MatineeToLevelSequence
LogPluginManager: Mounting plugin TemplateSequence
LogPluginManager: Mounting plugin GeometryCache
LogPluginManager: Mounting plugin GeometryCollectionPlugin
LogPluginManager: Mounting plugin GeometryProcessing
LogPluginManager: Mounting plugin ActorSequence
LogPluginManager: Mounting plugin MotoSynth
LogPluginManager: Mounting plugin OpenImageDenoise
LogPluginManager: Mounting plugin PlanarCut
LogPluginManager: Mounting plugin PlatformCrypto
LogPluginManager: Mounting plugin ProxyLODPlugin
LogPluginManager: Mounting plugin PythonScriptPlugin
LogPluginManager: Mounting plugin SkeletalReduction
LogPluginManager: Mounting plugin ActorLayerUtilities
LogPluginManager: Mounting plugin LauncherChunkInstaller
LogPluginManager: Mounting plugin AndroidDeviceProfileSelector
LogPluginManager: Mounting plugin AndroidMoviePlayer
LogPluginManager: Mounting plugin AndroidPermission
LogPluginManager: Mounting plugin AppleImageUtils
LogPluginManager: Mounting plugin AppleMoviePlayer
LogPluginManager: Mounting plugin AssetTags
LogPluginManager: Mounting plugin ScreenshotTools
LogPluginManager: Mounting plugin ArchVisCharacter
LogPluginManager: Mounting plugin AudioCapture
LogPluginManager: Mounting plugin AudioSynesthesia
LogPluginManager: Mounting plugin CableComponent
LogPluginManager: Mounting plugin ChunkDownloader
LogPluginManager: Mounting plugin CustomMeshComponent
LogPluginManager: Mounting plugin OnlineSubsystem
LogPluginManager: Mounting plugin EditableMesh
LogPluginManager: Mounting plugin ExampleDeviceProfileSelector
LogPluginManager: Mounting plugin OnlineSubsystemNull
LogPluginManager: Mounting plugin OnlineSubsystemUtils
LogPluginManager: Mounting plugin GooglePAD
LogPluginManager: Mounting plugin IOSDeviceProfileSelector
LogPluginManager: Mounting plugin GoogleCloudMessaging
LogPluginManager: Mounting plugin LinuxDeviceProfileSelector
LogPluginManager: Mounting plugin OpenXR
LogPluginManager: Mounting plugin LocationServicesBPLibrary
LogPluginManager: Mounting plugin MobilePatchingUtils
LogPluginManager: Mounting plugin OpenXREyeTracker
LogPluginManager: Mounting plugin OpenXRHandTracking
LogPluginManager: Mounting plugin Takes
LogPluginManager: Mounting plugin ProceduralMeshComponent
LogPluginManager: Mounting plugin PostSplashScreen
LogPluginManager: Mounting plugin PhysXVehicles
LogPluginManager: Mounting plugin PropertyAccessEditor
LogPluginManager: Mounting plugin SignificanceManager
LogPluginManager: Mounting plugin SoundFields
LogPluginManager: Mounting plugin RuntimePhysXCooking
LogPluginManager: Mounting plugin Synthesis
LogPluginManager: Mounting plugin WebMMoviePlayer
LogPluginManager: Mounting plugin WindowsMoviePlayer
LogPluginManager: Mounting plugin AssetManagerEditor
LogPluginManager: Mounting plugin CryptoKeys
LogPluginManager: Mounting plugin DataValidation
LogPluginManager: Mounting plugin GameplayTagsEditor
LogPluginManager: Mounting plugin FacialAnimation
LogPluginManager: Mounting plugin CurveEditorTools
LogPluginManager: Mounting plugin MacGraphicsSwitching
LogPluginManager: Mounting plugin GeometryMode
LogPluginManager: Mounting plugin MobileLauncherProfileWizard
LogPluginManager: Mounting plugin PluginBrowser
LogPluginManager: Mounting plugin SpeedTreeImporter
LogPluginManager: Mounting plugin MaterialAnalyzer
LogPluginManager: Mounting plugin LiveLink
LogPluginManager: Mounting plugin CameraShakePreviewer
LogPluginManager: Mounting plugin GameplayCameras
LogPluginManager: Mounting plugin OnlineSubsystemGooglePlay
LogPluginManager: Mounting plugin OnlineSubsystemIOS
LogPluginManager: Mounting plugin OculusVR
LogPluginManager: Mounting plugin SteamVR
LogPluginManager: Mounting plugin ContentBrowserClassDataSource
LogPluginManager: Mounting plugin ContentBrowserFileDataSource
LogPluginManager: Mounting plugin ContentBrowserAssetDataSource
PixWinPlugin: PIX capture plugin failed to initialize! Check that the process is launched from PIX.
LogInit: Using libcurl 7.55.1-DEV
LogInit:  - built for x86_64-pc-win32
LogInit:  - supports SSL with OpenSSL/1.1.1
LogInit:  - supports HTTP deflate (compression) using libz 1.2.8
LogInit:  - other features:
LogInit:      CURL_VERSION_SSL
LogInit:      CURL_VERSION_LIBZ
LogInit:      CURL_VERSION_IPV6
LogInit:      CURL_VERSION_ASYNCHDNS
LogInit:      CURL_VERSION_LARGEFILE
LogInit:      CURL_VERSION_IDN
LogInit:  CurlRequestOptions (configurable via config and command line):
LogInit:  - bVerifyPeer = true  - Libcurl will verify peer certificate
LogInit:  - bUseHttpProxy = false  - Libcurl will NOT use HTTP proxy
LogInit:  - bDontReuseConnections = false  - Libcurl will reuse connections
LogInit:  - MaxHostConnections = 16  - Libcurl will limit the number of connections to a host
LogInit:  - LocalHostAddr = Default
LogInit:  - BufferSize = 65536
LogOnline: OSS: Creating online subsystem instance for: NULL
LogInit: WinSock: version 1.1 (2.2), MaxSocks=32767, MaxUdp=65467
LogOnline: OSS: TryLoadSubsystemAndSetDefault: Loaded subsystem for module [NULL]
LogOculusPluginWrapper: OculusPlugin initialized successfully
LogHMD: Failed initializing OVRPlugin 1.59.0
LogInit: Build: ++UE4+Release-4.27-CL-18319896
LogInit: Engine Version: 4.27.2-18319896+++UE4+Release-4.27
LogInit: Compatible Engine Version: 4.27.0-17155196+++UE4+Release-4.27
LogInit: Net CL: 17155196
LogInit: OS: Windows 10 (Release 2009) (), CPU: AMD Ryzen 7 2700 Eight-Core Processor          , GPU: NVIDIA GeForce GTX 1060 3GB
LogInit: Compiled (64-bit): Nov 30 2021 07:12:08
LogInit: Compiled with Visual C++: 19.24.28315.00
LogInit: Build Configuration: Development
LogInit: Branch Name: ++UE4+Release-4.27
LogInit: Command Line:  /Game/Levels/AI_Test -game -PIEVIACONSOLE -Multiprocess "GameUserSettingsINI=C:/Users/ehowl/Desktop/DAGD 498/CapstoneProject/CapstoneProject_HJV/Saved/Config/Windows/PIEGameUserSettings0.ini" -MultiprocessSaveConfig -forcepassthrough -messaging -SessionName="Play in Standalone Game" -windowed -WinX=28 -WinY=573 SAVEWINPOS=1 -ResX=1340 -ResY=924
LogInit: Base Directory: C:/Program Files/Epic Games/UE_4.27/Engine/Binaries/Win64/
LogInit: Allocator: TBB
LogInit: Installed Engine Build: 1
LogDevObjectVersion: Number of dev versions registered: 29
LogDevObjectVersion:   Dev-Blueprints (B0D832E4-1F89-4F0D-ACCF-7EB736FD4AA2): 10
LogDevObjectVersion:   Dev-Build (E1C64328-A22C-4D53-A36C-8E866417BD8C): 0
LogDevObjectVersion:   Dev-Core (375EC13C-06E4-48FB-B500-84F0262A717E): 4
LogDevObjectVersion:   Dev-Editor (E4B068ED-F494-42E9-A231-DA0B2E46BB41): 40
LogDevObjectVersion:   Dev-Framework (CFFC743F-43B0-4480-9391-14DF171D2073): 37
LogDevObjectVersion:   Dev-Mobile (B02B49B5-BB20-44E9-A304-32B752E40360): 3
LogDevObjectVersion:   Dev-Networking (A4E4105C-59A1-49B5-A7C5-40C4547EDFEE): 0
LogDevObjectVersion:   Dev-Online (39C831C9-5AE6-47DC-9A44-9C173E1C8E7C): 0
LogDevObjectVersion:   Dev-Physics (78F01B33-EBEA-4F98-B9B4-84EACCB95AA2): 14
LogDevObjectVersion:   Dev-Platform (6631380F-2D4D-43E0-8009-CF276956A95A): 0
LogDevObjectVersion:   Dev-Rendering (12F88B9F-8875-4AFC-A67C-D90C383ABD29): 45
LogDevObjectVersion:   Dev-Sequencer (7B5AE74C-D270-4C10-A958-57980B212A5A): 13
LogDevObjectVersion:   Dev-VR (D7296918-1DD6-4BDD-9DE2-64A83CC13884): 3
LogDevObjectVersion:   Dev-LoadTimes (C2A15278-BFE7-4AFE-6C17-90FF531DF755): 1
LogDevObjectVersion:   Private-Geometry (6EACA3D4-40EC-4CC1-B786-8BED09428FC5): 3
LogDevObjectVersion:   Dev-AnimPhys (29E575DD-E0A3-4627-9D10-D276232CDCEA): 17
LogDevObjectVersion:   Dev-Anim (AF43A65D-7FD3-4947-9873-3E8ED9C1BB05): 15
LogDevObjectVersion:   Dev-ReflectionCapture (6B266CEC-1EC7-4B8F-A30B-E4D90942FC07): 1
LogDevObjectVersion:   Dev-Automation (0DF73D61-A23F-47EA-B727-89E90C41499A): 1
LogDevObjectVersion:   FortniteMain (601D1886-AC64-4F84-AA16-D3DE0DEAC7D6): 47
LogDevObjectVersion:   FortniteRelease (E7086368-6B23-4C58-8439-1B7016265E91): 1
LogDevObjectVersion:   Dev-Enterprise (9DFFBCD6-494F-0158-E221-12823C92A888): 10
LogDevObjectVersion:   Dev-Niagara (F2AED0AC-9AFE-416F-8664-AA7FFA26D6FC): 1
LogDevObjectVersion:   Dev-Destruction (174F1F0B-B4C6-45A5-B13F-2EE8D0FB917D): 10
LogDevObjectVersion:   Dev-Physics-Ext (35F94A83-E258-406C-A318-09F59610247C): 41
LogDevObjectVersion:   Dev-PhysicsMaterial-Chaos (B68FC16E-8B1B-42E2-B453-215C058844FE): 1
LogDevObjectVersion:   Dev-CineCamera (B2E18506-4273-CFC2-A54E-F4BB758BBA07): 1
LogDevObjectVersion:   Dev-VirtualProduction (64F58936-FD1B-42BA-BA96-7289D5D0FA4E): 1
LogDevObjectVersion:   Dev-MediaFramework (6F0ED827-A609-4895-9C91-998D90180EA4): 2
LogInit: Presizing for max 25165824 objects, including 0 objects not considered by GC, pre-allocating 0 bytes for permanent pool.
LogConfig: Applying CVar settings from Section [/Script/Engine.StreamingSettings] File [C:/Users/ehowl/Desktop/DAGD 498/CapstoneProject/CapstoneProject_HJV/Saved/Config/Windows/Engine.ini]
LogConfig: Setting CVar [[s.MinBulkDataSizeForAsyncLoading:131072]]
LogConfig: Setting CVar [[s.AsyncLoadingThreadEnabled:0]]
LogConfig: Setting CVar [[s.EventDrivenLoaderEnabled:1]]
LogConfig: Setting CVar [[s.WarnIfTimeLimitExceeded:0]]
LogConfig: Setting CVar [[s.TimeLimitExceededMultiplier:1.5]]
LogConfig: Setting CVar [[s.TimeLimitExceededMinTime:0.005]]
LogConfig: Setting CVar [[s.UseBackgroundLevelStreaming:1]]
LogConfig: Setting CVar [[s.PriorityAsyncLoadingExtraTime:15.0]]
LogConfig: Setting CVar [[s.LevelStreamingActorsUpdateTimeLimit:5.0]]
LogConfig: Setting CVar [[s.PriorityLevelStreamingActorsUpdateExtraTime:5.0]]
LogConfig: Setting CVar [[s.LevelStreamingComponentsRegistrationGranularity:10]]
LogConfig: Setting CVar [[s.UnregisterComponentsTimeLimit:1.0]]
LogConfig: Setting CVar [[s.LevelStreamingComponentsUnregistrationGranularity:5]]
LogConfig: Setting CVar [[s.FlushStreamingOnExit:1]]
LogInit: Object subsystem initialized
LogConfig: Setting CVar [[con.DebugEarlyDefault:1]]
LogConfig: Setting CVar [[r.setres:1280x720]]
[2022.11.16-18.32.16:089][  0]LogConfig: Setting CVar [[con.DebugEarlyDefault:1]]
[2022.11.16-18.32.16:089][  0]LogConfig: Setting CVar [[r.setres:1280x720]]
[2022.11.16-18.32.16:089][  0]LogConfig: Applying CVar settings from Section [/Script/Engine.RendererSettings] File [C:/Users/ehowl/Desktop/DAGD 498/CapstoneProject/CapstoneProject_HJV/Saved/Config/Windows/Engine.ini]
[2022.11.16-18.32.16:089][  0]LogConfig: Setting CVar [[r.GPUCrashDebugging:0]]
[2022.11.16-18.32.16:089][  0]LogConfig: Applying CVar settings from Section [/Script/Engine.RendererOverrideSettings] File [C:/Users/ehowl/Desktop/DAGD 498/CapstoneProject/CapstoneProject_HJV/Saved/Config/Windows/Engine.ini]
[2022.11.16-18.32.16:089][  0]LogConfig: Applying CVar settings from Section [/Script/Engine.StreamingSettings] File [C:/Users/ehowl/Desktop/DAGD 498/CapstoneProject/CapstoneProject_HJV/Saved/Config/Windows/Engine.ini]
[2022.11.16-18.32.16:089][  0]LogConfig: Setting CVar [[s.MinBulkDataSizeForAsyncLoading:131072]]
[2022.11.16-18.32.16:089][  0]LogConfig: Setting CVar [[s.AsyncLoadingThreadEnabled:0]]
[2022.11.16-18.32.16:089][  0]LogConfig: Setting CVar [[s.EventDrivenLoaderEnabled:1]]
[2022.11.16-18.32.16:089][  0]LogConfig: Setting CVar [[s.WarnIfTimeLimitExceeded:0]]
[2022.11.16-18.32.16:089][  0]LogConfig: Setting CVar [[s.TimeLimitExceededMultiplier:1.5]]
[2022.11.16-18.32.16:089][  0]LogConfig: Setting CVar [[s.TimeLimitExceededMinTime:0.005]]
[2022.11.16-18.32.16:089][  0]LogConfig: Setting CVar [[s.UseBackgroundLevelStreaming:1]]
[2022.11.16-18.32.16:089][  0]LogConfig: Setting CVar [[s.PriorityAsyncLoadingExtraTime:15.0]]
[2022.11.16-18.32.16:089][  0]LogConfig: Setting CVar [[s.LevelStreamingActorsUpdateTimeLimit:5.0]]
[2022.11.16-18.32.16:089][  0]LogConfig: Setting CVar [[s.PriorityLevelStreamingActorsUpdateExtraTime:5.0]]
[2022.11.16-18.32.16:089][  0]LogConfig: Setting CVar [[s.LevelStreamingComponentsRegistrationGranularity:10]]
[2022.11.16-18.32.16:089][  0]LogConfig: Setting CVar [[s.UnregisterComponentsTimeLimit:1.0]]
[2022.11.16-18.32.16:089][  0]LogConfig: Setting CVar [[s.LevelStreamingComponentsUnregistrationGranularity:5]]
[2022.11.16-18.32.16:089][  0]LogConfig: Setting CVar [[s.FlushStreamingOnExit:1]]
[2022.11.16-18.32.16:089][  0]LogConfig: Applying CVar settings from Section [/Script/Engine.GarbageCollectionSettings] File [C:/Users/ehowl/Desktop/DAGD 498/CapstoneProject/CapstoneProject_HJV/Saved/Config/Windows/Engine.ini]
[2022.11.16-18.32.16:089][  0]LogConfig: Setting CVar [[gc.MaxObjectsNotConsideredByGC:1]]
[2022.11.16-18.32.16:089][  0]LogConfig: Setting CVar [[gc.SizeOfPermanentObjectPool:0]]
[2022.11.16-18.32.16:089][  0]LogConfig: Setting CVar [[gc.FlushStreamingOnGC:0]]
[2022.11.16-18.32.16:089][  0]LogConfig: Setting CVar [[gc.NumRetriesBeforeForcingGC:10]]
[2022.11.16-18.32.16:089][  0]LogConfig: Setting CVar [[gc.AllowParallelGC:1]]
[2022.11.16-18.32.16:089][  0]LogConfig: Setting CVar [[gc.TimeBetweenPurgingPendingKillObjects:61.1]]
[2022.11.16-18.32.16:089][  0]LogConfig: Setting CVar [[gc.MaxObjectsInEditor:25165824]]
[2022.11.16-18.32.16:089][  0]LogConfig: Setting CVar [[gc.IncrementalBeginDestroyEnabled:1]]
[2022.11.16-18.32.16:089][  0]LogConfig: Setting CVar [[gc.CreateGCClusters:1]]
[2022.11.16-18.32.16:089][  0]LogConfig: Setting CVar [[gc.MinGCClusterSize:5]]
[2022.11.16-18.32.16:089][  0]LogConfig: Setting CVar [[gc.ActorClusteringEnabled:0]]
[2022.11.16-18.32.16:089][  0]LogConfig: Setting CVar [[gc.BlueprintClusteringEnabled:0]]
[2022.11.16-18.32.16:089][  0]LogConfig: Setting CVar [[gc.UseDisregardForGCOnDedicatedServers:0]]
[2022.11.16-18.32.16:089][  0]LogConfig: Setting CVar [[gc.MultithreadedDestructionEnabled:1]]
[2022.11.16-18.32.16:089][  0]LogConfig: Applying CVar settings from Section [/Script/Engine.NetworkSettings] File [C:/Users/ehowl/Desktop/DAGD 498/CapstoneProject/CapstoneProject_HJV/Saved/Config/Windows/Engine.ini]
[2022.11.16-18.32.16:089][  0]LogConfig: Applying CVar settings from Section [/Script/UnrealEd.CookerSettings] File [C:/Users/ehowl/Desktop/DAGD 498/CapstoneProject/CapstoneProject_HJV/Saved/Config/Windows/Engine.ini]
[2022.11.16-18.32.16:106][  0]LogConfig: Applying CVar settings from Section [ViewDistanceQuality@3] File [C:/Users/ehowl/Desktop/DAGD 498/CapstoneProject/CapstoneProject_HJV/Saved/Config/Windows/Scalability.ini]
[2022.11.16-18.32.16:106][  0]LogConfig: Setting CVar [[r.SkeletalMeshLODBias:0]]
[2022.11.16-18.32.16:106][  0]LogConfig: Setting CVar [[r.ViewDistanceScale:1.0]]
[2022.11.16-18.32.16:106][  0]LogConfig: Applying CVar settings from Section [AntiAliasingQuality@3] File [C:/Users/ehowl/Desktop/DAGD 498/CapstoneProject/CapstoneProject_HJV/Saved/Config/Windows/Scalability.ini]
[2022.11.16-18.32.16:106][  0]LogConfig: Setting CVar [[r.PostProcessAAQuality:4]]
[2022.11.16-18.32.16:106][  0]LogConfig: Applying CVar settings from Section [ShadowQuality@3] File [C:/Users/ehowl/Desktop/DAGD 498/CapstoneProject/CapstoneProject_HJV/Saved/Config/Windows/Scalability.ini]
[2022.11.16-18.32.16:106][  0]LogConfig: Setting CVar [[r.LightFunctionQuality:1]]
[2022.11.16-18.32.16:106][  0]LogConfig: Setting CVar [[r.ShadowQuality:5]]
[2022.11.16-18.32.16:106][  0]LogConfig: Setting CVar [[r.Shadow.CSM.MaxCascades:10]]
[2022.11.16-18.32.16:106][  0]LogConfig: Setting CVar [[r.Shadow.MaxResolution:2048]]
[2022.11.16-18.32.16:106][  0]LogConfig: Setting CVar [[r.Shadow.MaxCSMResolution:2048]]
[2022.11.16-18.32.16:106][  0]LogConfig: Setting CVar [[r.Shadow.RadiusThreshold:0.01]]
[2022.11.16-18.32.16:106][  0]LogConfig: Setting CVar [[r.Shadow.DistanceScale:1.0]]
[2022.11.16-18.32.16:106][  0]LogConfig: Setting CVar [[r.Shadow.CSM.TransitionScale:1.0]]
[2022.11.16-18.32.16:106][  0]LogConfig: Setting CVar [[r.Shadow.PreShadowResolutionFactor:1.0]]
[2022.11.16-18.32.16:106][  0]LogConfig: Setting CVar [[r.DistanceFieldShadowing:1]]
[2022.11.16-18.32.16:106][  0]LogConfig: Setting CVar [[r.DistanceFieldAO:1]]
[2022.11.16-18.32.16:106][  0]LogConfig: Setting CVar [[r.AOQuality:2]]
[2022.11.16-18.32.16:106][  0]LogConfig: Setting CVar [[r.VolumetricFog:1]]
[2022.11.16-18.32.16:106][  0]LogConfig: Setting CVar [[r.VolumetricFog.GridPixelSize:8]]
[2022.11.16-18.32.16:106][  0]LogConfig: Setting CVar [[r.VolumetricFog.GridSizeZ:128]]
[2022.11.16-18.32.16:106][  0]LogConfig: Setting CVar [[r.VolumetricFog.HistoryMissSupersampleCount:4]]
[2022.11.16-18.32.16:106][  0]LogConfig: Setting CVar [[r.LightMaxDrawDistanceScale:1]]
[2022.11.16-18.32.16:106][  0]LogConfig: Setting CVar [[r.CapsuleShadows:1]]
[2022.11.16-18.32.16:107][  0]LogConfig: Applying CVar settings from Section [PostProcessQuality@3] File [C:/Users/ehowl/Desktop/DAGD 498/CapstoneProject/CapstoneProject_HJV/Saved/Config/Windows/Scalability.ini]
[2022.11.16-18.32.16:107][  0]LogConfig: Setting CVar [[r.MotionBlurQuality:4]]
[2022.11.16-18.32.16:107][  0]LogConfig: Setting CVar [[r.AmbientOcclusionMipLevelFactor:0.4]]
[2022.11.16-18.32.16:107][  0]LogConfig: Setting CVar [[r.AmbientOcclusionMaxQuality:100]]
[2022.11.16-18.32.16:107][  0]LogConfig: Setting CVar [[r.AmbientOcclusionLevels:-1]]
[2022.11.16-18.32.16:107][  0]LogConfig: Setting CVar [[r.AmbientOcclusionRadiusScale:1.0]]
[2022.11.16-18.32.16:107][  0]LogConfig: Setting CVar [[r.DepthOfFieldQuality:2]]
[2022.11.16-18.32.16:107][  0]LogConfig: Setting CVar [[r.RenderTargetPoolMin:400]]
[2022.11.16-18.32.16:107][  0]LogConfig: Setting CVar [[r.LensFlareQuality:2]]
[2022.11.16-18.32.16:107][  0]LogConfig: Setting CVar [[r.SceneColorFringeQuality:1]]
[2022.11.16-18.32.16:107][  0]LogConfig: Setting CVar [[r.EyeAdaptationQuality:2]]
[2022.11.16-18.32.16:107][  0]LogConfig: Setting CVar [[r.BloomQuality:5]]
[2022.11.16-18.32.16:107][  0]LogConfig: Setting CVar [[r.FastBlurThreshold:100]]
[2022.11.16-18.32.16:107][  0]LogConfig: Setting CVar [[r.Upscale.Quality:3]]
[2022.11.16-18.32.16:107][  0]LogConfig: Setting CVar [[r.Tonemapper.GrainQuantization:1]]
[2022.11.16-18.32.16:107][  0]LogConfig: Setting CVar [[r.LightShaftQuality:1]]
[2022.11.16-18.32.16:107][  0]LogConfig: Setting CVar [[r.Filter.SizeScale:1]]
[2022.11.16-18.32.16:107][  0]LogConfig: Setting CVar [[r.Tonemapper.Quality:5]]
[2022.11.16-18.32.16:107][  0]LogConfig: Setting CVar [[r.DOF.Gather.AccumulatorQuality:1        ; higher gathering accumulator quality]]
[2022.11.16-18.32.16:107][  0]LogConfig: Setting CVar [[r.DOF.Gather.PostfilterMethod:1          ; Median3x3 postfilering method]]
[2022.11.16-18.32.16:107][  0]LogConfig: Setting CVar [[r.DOF.Gather.EnableBokehSettings:0       ; no bokeh simulation when gathering]]
[2022.11.16-18.32.16:107][  0]LogConfig: Setting CVar [[r.DOF.Gather.RingCount:4                 ; medium number of samples when gathering]]
[2022.11.16-18.32.16:107][  0]LogConfig: Setting CVar [[r.DOF.Scatter.ForegroundCompositing:1    ; additive foreground scattering]]
[2022.11.16-18.32.16:107][  0]LogConfig: Setting CVar [[r.DOF.Scatter.BackgroundCompositing:2    ; additive background scattering]]
[2022.11.16-18.32.16:107][  0]LogConfig: Setting CVar [[r.DOF.Scatter.EnableBokehSettings:1      ; bokeh simulation when scattering]]
[2022.11.16-18.32.16:107][  0]LogConfig: Setting CVar [[r.DOF.Scatter.MaxSpriteRatio:0.1         ; only a maximum of 10% of scattered bokeh]]
[2022.11.16-18.32.16:107][  0]LogConfig: Setting CVar [[r.DOF.Recombine.Quality:1                ; cheap slight out of focus]]
[2022.11.16-18.32.16:107][  0]LogConfig: Setting CVar [[r.DOF.Recombine.EnableBokehSettings:0    ; no bokeh simulation on slight out of focus]]
[2022.11.16-18.32.16:107][  0]LogConfig: Setting CVar [[r.DOF.TemporalAAQuality:1                ; more stable temporal accumulation]]
[2022.11.16-18.32.16:107][  0]LogConfig: Setting CVar [[r.DOF.Kernel.MaxForegroundRadius:0.025]]
[2022.11.16-18.32.16:107][  0]LogConfig: Setting CVar [[r.DOF.Kernel.MaxBackgroundRadius:0.025]]
[2022.11.16-18.32.16:107][  0]LogConfig: Applying CVar settings from Section [TextureQuality@3] File [C:/Users/ehowl/Desktop/DAGD 498/CapstoneProject/CapstoneProject_HJV/Saved/Config/Windows/Scalability.ini]
[2022.11.16-18.32.16:107][  0]LogConfig: Setting CVar [[r.Streaming.MipBias:0]]
[2022.11.16-18.32.16:107][  0]LogConfig: Setting CVar [[r.Streaming.AmortizeCPUToGPUCopy:0]]
[2022.11.16-18.32.16:107][  0]LogConfig: Setting CVar [[r.Streaming.MaxNumTexturesToStreamPerFrame:0]]
[2022.11.16-18.32.16:107][  0]LogConfig: Setting CVar [[r.Streaming.Boost:1]]
[2022.11.16-18.32.16:107][  0]LogConfig: Setting CVar [[r.MaxAnisotropy:8]]
[2022.11.16-18.32.16:107][  0]LogConfig: Setting CVar [[r.VT.MaxAnisotropy:8]]
[2022.11.16-18.32.16:107][  0]LogConfig: Setting CVar [[r.Streaming.LimitPoolSizeToVRAM:0]]
[2022.11.16-18.32.16:107][  0]LogConfig: Setting CVar [[r.Streaming.PoolSize:1000]]
[2022.11.16-18.32.16:107][  0]LogConfig: Setting CVar [[r.Streaming.MaxEffectiveScreenSize:0]]
[2022.11.16-18.32.16:107][  0]LogConfig: Applying CVar settings from Section [EffectsQuality@3] File [C:/Users/ehowl/Desktop/DAGD 498/CapstoneProject/CapstoneProject_HJV/Saved/Config/Windows/Scalability.ini]
[2022.11.16-18.32.16:107][  0]LogConfig: Setting CVar [[r.TranslucencyLightingVolumeDim:64]]
[2022.11.16-18.32.16:107][  0]LogConfig: Setting CVar [[r.RefractionQuality:2]]
[2022.11.16-18.32.16:107][  0]LogConfig: Setting CVar [[r.SSR.Quality:3]]
[2022.11.16-18.32.16:107][  0]LogConfig: Setting CVar [[r.SSR.HalfResSceneColor:0]]
[2022.11.16-18.32.16:107][  0]LogConfig: Setting CVar [[r.SceneColorFormat:4]]
[2022.11.16-18.32.16:107][  0]LogConfig: Setting CVar [[r.DetailMode:2]]
[2022.11.16-18.32.16:107][  0]LogConfig: Setting CVar [[r.TranslucencyVolumeBlur:1]]
[2022.11.16-18.32.16:107][  0]LogConfig: Setting CVar [[r.MaterialQualityLevel:1 ; High quality]]
[2022.11.16-18.32.16:107][  0]LogConfig: Setting CVar [[r.AnisotropicMaterials:1]]
[2022.11.16-18.32.16:107][  0]LogConfig: Setting CVar [[r.SSS.Scale:1]]
[2022.11.16-18.32.16:107][  0]LogConfig: Setting CVar [[r.SSS.SampleSet:2]]
[2022.11.16-18.32.16:107][  0]LogConfig: Setting CVar [[r.SSS.Quality:1]]
[2022.11.16-18.32.16:107][  0]LogConfig: Setting CVar [[r.SSS.HalfRes:0]]
[2022.11.16-18.32.16:107][  0]LogConfig: Setting CVar [[r.SSGI.Quality:3]]
[2022.11.16-18.32.16:107][  0]LogConfig: Setting CVar [[r.EmitterSpawnRateScale:1.0]]
[2022.11.16-18.32.16:107][  0]LogConfig: Setting CVar [[r.ParticleLightQuality:2]]
[2022.11.16-18.32.16:107][  0]LogConfig: Setting CVar [[r.SkyAtmosphere.AerialPerspectiveLUT.FastApplyOnOpaque:1 ; Always have FastSkyLUT 1 in this case to avoid wrong sky]]
[2022.11.16-18.32.16:107][  0]LogConfig: Setting CVar [[r.SkyAtmosphere.AerialPerspectiveLUT.SampleCountMaxPerSlice:4]]
[2022.11.16-18.32.16:107][  0]LogConfig: Setting CVar [[r.SkyAtmosphere.AerialPerspectiveLUT.DepthResolution:16.0]]
[2022.11.16-18.32.16:107][  0]LogConfig: Setting CVar [[r.SkyAtmosphere.FastSkyLUT:1]]
[2022.11.16-18.32.16:107][  0]LogConfig: Setting CVar [[r.SkyAtmosphere.FastSkyLUT.SampleCountMin:4.0]]
[2022.11.16-18.32.16:107][  0]LogConfig: Setting CVar [[r.SkyAtmosphere.FastSkyLUT.SampleCountMax:128.0]]
[2022.11.16-18.32.16:107][  0]LogConfig: Setting CVar [[r.SkyAtmosphere.SampleCountMin:4.0]]
[2022.11.16-18.32.16:107][  0]LogConfig: Setting CVar [[r.SkyAtmosphere.SampleCountMax:128.0]]
[2022.11.16-18.32.16:108][  0]LogConfig: Setting CVar [[r.SkyAtmosphere.TransmittanceLUT.UseSmallFormat:0]]
[2022.11.16-18.32.16:108][  0]LogConfig: Setting CVar [[r.SkyAtmosphere.TransmittanceLUT.SampleCount:10.0]]
[2022.11.16-18.32.16:108][  0]LogConfig: Setting CVar [[r.SkyAtmosphere.MultiScatteringLUT.SampleCount:15.0]]
[2022.11.16-18.32.16:108][  0]LogConfig: Setting CVar [[r.SkyLight.RealTimeReflectionCapture:1]]
[2022.11.16-18.32.16:108][  0]LogConfig: Applying CVar settings from Section [FoliageQuality@3] File [C:/Users/ehowl/Desktop/DAGD 498/CapstoneProject/CapstoneProject_HJV/Saved/Config/Windows/Scalability.ini]
[2022.11.16-18.32.16:108][  0]LogConfig: Setting CVar [[foliage.DensityScale:1.0]]
[2022.11.16-18.32.16:108][  0]LogConfig: Setting CVar [[grass.DensityScale:1.0]]
[2022.11.16-18.32.16:108][  0]LogConfig: Applying CVar settings from Section [ShadingQuality@3] File [C:/Users/ehowl/Desktop/DAGD 498/CapstoneProject/CapstoneProject_HJV/Saved/Config/Windows/Scalability.ini]
[2022.11.16-18.32.16:108][  0]LogConfig: Setting CVar [[r.HairStrands.SkyLighting.IntegrationType:2]]
[2022.11.16-18.32.16:108][  0]LogConfig: Setting CVar [[r.HairStrands.SkyAO.SampleCount:4]]
[2022.11.16-18.32.16:108][  0]LogConfig: Setting CVar [[r.HairStrands.Visibility.MSAA.SamplePerPixel:4]]
[2022.11.16-18.32.16:108][  0]LogInit: Selected Device Profile: [Windows]
[2022.11.16-18.32.16:108][  0]LogInit: Applying CVar settings loaded from the selected device profile: [Windows]
[2022.11.16-18.32.16:108][  0]LogHAL: Display: Platform has ~ 24 GB [25697681408 / 34359738368 / 24], which maps to Larger [LargestMinGB=32, LargerMinGB=12, DefaultMinGB=8, SmallerMinGB=6, SmallestMinGB=0)
[2022.11.16-18.32.16:108][  0]LogInit: Going up to parent DeviceProfile []
[2022.11.16-18.32.16:108][  0]LogConfig: Applying CVar settings from Section [ViewDistanceQuality@3] File [C:/Users/ehowl/Desktop/DAGD 498/CapstoneProject/CapstoneProject_HJV/Saved/Config/Windows/Scalability.ini]
[2022.11.16-18.32.16:108][  0]LogConfig: Setting CVar [[r.SkeletalMeshLODBias:0]]
[2022.11.16-18.32.16:108][  0]LogConfig: Setting CVar [[r.ViewDistanceScale:1.0]]
[2022.11.16-18.32.16:108][  0]LogConfig: Applying CVar settings from Section [AntiAliasingQuality@3] File [C:/Users/ehowl/Desktop/DAGD 498/CapstoneProject/CapstoneProject_HJV/Saved/Config/Windows/Scalability.ini]
[2022.11.16-18.32.16:108][  0]LogConfig: Setting CVar [[r.PostProcessAAQuality:4]]
[2022.11.16-18.32.16:108][  0]LogConfig: Applying CVar settings from Section [ShadowQuality@3] File [C:/Users/ehowl/Desktop/DAGD 498/CapstoneProject/CapstoneProject_HJV/Saved/Config/Windows/Scalability.ini]
[2022.11.16-18.32.16:108][  0]LogConfig: Setting CVar [[r.LightFunctionQuality:1]]
[2022.11.16-18.32.16:108][  0]LogConfig: Setting CVar [[r.ShadowQuality:5]]
[2022.11.16-18.32.16:108][  0]LogConfig: Setting CVar [[r.Shadow.CSM.MaxCascades:10]]
[2022.11.16-18.32.16:108][  0]LogConfig: Setting CVar [[r.Shadow.MaxResolution:2048]]
[2022.11.16-18.32.16:108][  0]LogConfig: Setting CVar [[r.Shadow.MaxCSMResolution:2048]]
[2022.11.16-18.32.16:108][  0]LogConfig: Setting CVar [[r.Shadow.RadiusThreshold:0.01]]
[2022.11.16-18.32.16:108][  0]LogConfig: Setting CVar [[r.Shadow.DistanceScale:1.0]]
[2022.11.16-18.32.16:108][  0]LogConfig: Setting CVar [[r.Shadow.CSM.TransitionScale:1.0]]
[2022.11.16-18.32.16:108][  0]LogConfig: Setting CVar [[r.Shadow.PreShadowResolutionFactor:1.0]]
[2022.11.16-18.32.16:108][  0]LogConfig: Setting CVar [[r.DistanceFieldShadowing:1]]
[2022.11.16-18.32.16:108][  0]LogConfig: Setting CVar [[r.DistanceFieldAO:1]]
[2022.11.16-18.32.16:108][  0]LogConfig: Setting CVar [[r.AOQuality:2]]
[2022.11.16-18.32.16:108][  0]LogConfig: Setting CVar [[r.VolumetricFog:1]]
[2022.11.16-18.32.16:108][  0]LogConfig: Setting CVar [[r.VolumetricFog.GridPixelSize:8]]
[2022.11.16-18.32.16:108][  0]LogConfig: Setting CVar [[r.VolumetricFog.GridSizeZ:128]]
[2022.11.16-18.32.16:108][  0]LogConfig: Setting CVar [[r.VolumetricFog.HistoryMissSupersampleCount:4]]
[2022.11.16-18.32.16:108][  0]LogConfig: Setting CVar [[r.LightMaxDrawDistanceScale:1]]
[2022.11.16-18.32.16:108][  0]LogConfig: Setting CVar [[r.CapsuleShadows:1]]
[2022.11.16-18.32.16:108][  0]LogConfig: Applying CVar settings from Section [PostProcessQuality@3] File [C:/Users/ehowl/Desktop/DAGD 498/CapstoneProject/CapstoneProject_HJV/Saved/Config/Windows/Scalability.ini]
[2022.11.16-18.32.16:108][  0]LogConfig: Setting CVar [[r.MotionBlurQuality:4]]
[2022.11.16-18.32.16:108][  0]LogConfig: Setting CVar [[r.AmbientOcclusionMipLevelFactor:0.4]]
[2022.11.16-18.32.16:108][  0]LogConfig: Setting CVar [[r.AmbientOcclusionMaxQuality:100]]
[2022.11.16-18.32.16:108][  0]LogConfig: Setting CVar [[r.AmbientOcclusionLevels:-1]]
[2022.11.16-18.32.16:108][  0]LogConfig: Setting CVar [[r.AmbientOcclusionRadiusScale:1.0]]
[2022.11.16-18.32.16:108][  0]LogConfig: Setting CVar [[r.DepthOfFieldQuality:2]]
[2022.11.16-18.32.16:108][  0]LogConfig: Setting CVar [[r.RenderTargetPoolMin:400]]
[2022.11.16-18.32.16:108][  0]LogConfig: Setting CVar [[r.LensFlareQuality:2]]
[2022.11.16-18.32.16:108][  0]LogConfig: Setting CVar [[r.SceneColorFringeQuality:1]]
[2022.11.16-18.32.16:108][  0]LogConfig: Setting CVar [[r.EyeAdaptationQuality:2]]
[2022.11.16-18.32.16:108][  0]LogConfig: Setting CVar [[r.BloomQuality:5]]
[2022.11.16-18.32.16:108][  0]LogConfig: Setting CVar [[r.FastBlurThreshold:100]]
[2022.11.16-18.32.16:108][  0]LogConfig: Setting CVar [[r.Upscale.Quality:3]]
[2022.11.16-18.32.16:108][  0]LogConfig: Setting CVar [[r.Tonemapper.GrainQuantization:1]]
[2022.11.16-18.32.16:108][  0]LogConfig: Setting CVar [[r.LightShaftQuality:1]]
[2022.11.16-18.32.16:108][  0]LogConfig: Setting CVar [[r.Filter.SizeScale:1]]
[2022.11.16-18.32.16:108][  0]LogConfig: Setting CVar [[r.Tonemapper.Quality:5]]
[2022.11.16-18.32.16:108][  0]LogConfig: Setting CVar [[r.DOF.Gather.AccumulatorQuality:1        ; higher gathering accumulator quality]]
[2022.11.16-18.32.16:109][  0]LogConfig: Setting CVar [[r.DOF.Gather.PostfilterMethod:1          ; Median3x3 postfilering method]]
[2022.11.16-18.32.16:109][  0]LogConfig: Setting CVar [[r.DOF.Gather.EnableBokehSettings:0       ; no bokeh simulation when gathering]]
[2022.11.16-18.32.16:109][  0]LogConfig: Setting CVar [[r.DOF.Gather.RingCount:4                 ; medium number of samples when gathering]]
[2022.11.16-18.32.16:109][  0]LogConfig: Setting CVar [[r.DOF.Scatter.ForegroundCompositing:1    ; additive foreground scattering]]
[2022.11.16-18.32.16:109][  0]LogConfig: Setting CVar [[r.DOF.Scatter.BackgroundCompositing:2    ; additive background scattering]]
[2022.11.16-18.32.16:109][  0]LogConfig: Setting CVar [[r.DOF.Scatter.EnableBokehSettings:1      ; bokeh simulation when scattering]]
[2022.11.16-18.32.16:109][  0]LogConfig: Setting CVar [[r.DOF.Scatter.MaxSpriteRatio:0.1         ; only a maximum of 10% of scattered bokeh]]
[2022.11.16-18.32.16:109][  0]LogConfig: Setting CVar [[r.DOF.Recombine.Quality:1                ; cheap slight out of focus]]
[2022.11.16-18.32.16:109][  0]LogConfig: Setting CVar [[r.DOF.Recombine.EnableBokehSettings:0    ; no bokeh simulation on slight out of focus]]
[2022.11.16-18.32.16:109][  0]LogConfig: Setting CVar [[r.DOF.TemporalAAQuality:1                ; more stable temporal accumulation]]
[2022.11.16-18.32.16:109][  0]LogConfig: Setting CVar [[r.DOF.Kernel.MaxForegroundRadius:0.025]]
[2022.11.16-18.32.16:109][  0]LogConfig: Setting CVar [[r.DOF.Kernel.MaxBackgroundRadius:0.025]]
[2022.11.16-18.32.16:109][  0]LogConfig: Applying CVar settings from Section [TextureQuality@3] File [C:/Users/ehowl/Desktop/DAGD 498/CapstoneProject/CapstoneProject_HJV/Saved/Config/Windows/Scalability.ini]
[2022.11.16-18.32.16:109][  0]LogConfig: Setting CVar [[r.Streaming.MipBias:0]]
[2022.11.16-18.32.16:109][  0]LogConfig: Setting CVar [[r.Streaming.AmortizeCPUToGPUCopy:0]]
[2022.11.16-18.32.16:109][  0]LogConfig: Setting CVar [[r.Streaming.MaxNumTexturesToStreamPerFrame:0]]
[2022.11.16-18.32.16:109][  0]LogConfig: Setting CVar [[r.Streaming.Boost:1]]
[2022.11.16-18.32.16:109][  0]LogConfig: Setting CVar [[r.MaxAnisotropy:8]]
[2022.11.16-18.32.16:109][  0]LogConfig: Setting CVar [[r.VT.MaxAnisotropy:8]]
[2022.11.16-18.32.16:109][  0]LogConfig: Setting CVar [[r.Streaming.LimitPoolSizeToVRAM:0]]
[2022.11.16-18.32.16:109][  0]LogConfig: Setting CVar [[r.Streaming.PoolSize:1000]]
[2022.11.16-18.32.16:109][  0]LogConfig: Setting CVar [[r.Streaming.MaxEffectiveScreenSize:0]]
[2022.11.16-18.32.16:109][  0]LogConfig: Applying CVar settings from Section [EffectsQuality@3] File [C:/Users/ehowl/Desktop/DAGD 498/CapstoneProject/CapstoneProject_HJV/Saved/Config/Windows/Scalability.ini]
[2022.11.16-18.32.16:109][  0]LogConfig: Setting CVar [[r.TranslucencyLightingVolumeDim:64]]
[2022.11.16-18.32.16:109][  0]LogConfig: Setting CVar [[r.RefractionQuality:2]]
[2022.11.16-18.32.16:109][  0]LogConfig: Setting CVar [[r.SSR.Quality:3]]
[2022.11.16-18.32.16:109][  0]LogConfig: Setting CVar [[r.SSR.HalfResSceneColor:0]]
[2022.11.16-18.32.16:109][  0]LogConfig: Setting CVar [[r.SceneColorFormat:4]]
[2022.11.16-18.32.16:109][  0]LogConfig: Setting CVar [[r.DetailMode:2]]
[2022.11.16-18.32.16:109][  0]LogConfig: Setting CVar [[r.TranslucencyVolumeBlur:1]]
[2022.11.16-18.32.16:109][  0]LogConfig: Setting CVar [[r.MaterialQualityLevel:1 ; High quality]]
[2022.11.16-18.32.16:109][  0]LogConfig: Setting CVar [[r.AnisotropicMaterials:1]]
[2022.11.16-18.32.16:109][  0]LogConfig: Setting CVar [[r.SSS.Scale:1]]
[2022.11.16-18.32.16:109][  0]LogConfig: Setting CVar [[r.SSS.SampleSet:2]]
[2022.11.16-18.32.16:109][  0]LogConfig: Setting CVar [[r.SSS.Quality:1]]
[2022.11.16-18.32.16:109][  0]LogConfig: Setting CVar [[r.SSS.HalfRes:0]]
[2022.11.16-18.32.16:109][  0]LogConfig: Setting CVar [[r.SSGI.Quality:3]]
[2022.11.16-18.32.16:109][  0]LogConfig: Setting CVar [[r.EmitterSpawnRateScale:1.0]]
[2022.11.16-18.32.16:109][  0]LogConfig: Setting CVar [[r.ParticleLightQuality:2]]
[2022.11.16-18.32.16:109][  0]LogConfig: Setting CVar [[r.SkyAtmosphere.AerialPerspectiveLUT.FastApplyOnOpaque:1 ; Always have FastSkyLUT 1 in this case to avoid wrong sky]]
[2022.11.16-18.32.16:109][  0]LogConfig: Setting CVar [[r.SkyAtmosphere.AerialPerspectiveLUT.SampleCountMaxPerSlice:4]]
[2022.11.16-18.32.16:109][  0]LogConfig: Setting CVar [[r.SkyAtmosphere.AerialPerspectiveLUT.DepthResolution:16.0]]
[2022.11.16-18.32.16:109][  0]LogConfig: Setting CVar [[r.SkyAtmosphere.FastSkyLUT:1]]
[2022.11.16-18.32.16:109][  0]LogConfig: Setting CVar [[r.SkyAtmosphere.FastSkyLUT.SampleCountMin:4.0]]
[2022.11.16-18.32.16:109][  0]LogConfig: Setting CVar [[r.SkyAtmosphere.FastSkyLUT.SampleCountMax:128.0]]
[2022.11.16-18.32.16:109][  0]LogConfig: Setting CVar [[r.SkyAtmosphere.SampleCountMin:4.0]]
[2022.11.16-18.32.16:109][  0]LogConfig: Setting CVar [[r.SkyAtmosphere.SampleCountMax:128.0]]
[2022.11.16-18.32.16:109][  0]LogConfig: Setting CVar [[r.SkyAtmosphere.TransmittanceLUT.UseSmallFormat:0]]
[2022.11.16-18.32.16:109][  0]LogConfig: Setting CVar [[r.SkyAtmosphere.TransmittanceLUT.SampleCount:10.0]]
[2022.11.16-18.32.16:109][  0]LogConfig: Setting CVar [[r.SkyAtmosphere.MultiScatteringLUT.SampleCount:15.0]]
[2022.11.16-18.32.16:109][  0]LogConfig: Setting CVar [[r.SkyLight.RealTimeReflectionCapture:1]]
[2022.11.16-18.32.16:109][  0]LogConfig: Applying CVar settings from Section [FoliageQuality@3] File [C:/Users/ehowl/Desktop/DAGD 498/CapstoneProject/CapstoneProject_HJV/Saved/Config/Windows/Scalability.ini]
[2022.11.16-18.32.16:109][  0]LogConfig: Setting CVar [[foliage.DensityScale:1.0]]
[2022.11.16-18.32.16:109][  0]LogConfig: Setting CVar [[grass.DensityScale:1.0]]
[2022.11.16-18.32.16:109][  0]LogConfig: Applying CVar settings from Section [ShadingQuality@3] File [C:/Users/ehowl/Desktop/DAGD 498/CapstoneProject/CapstoneProject_HJV/Saved/Config/Windows/Scalability.ini]
[2022.11.16-18.32.16:109][  0]LogConfig: Setting CVar [[r.HairStrands.SkyLighting.IntegrationType:2]]
[2022.11.16-18.32.16:109][  0]LogConfig: Setting CVar [[r.HairStrands.SkyAO.SampleCount:4]]
[2022.11.16-18.32.16:109][  0]LogConfig: Setting CVar [[r.HairStrands.Visibility.MSAA.SamplePerPixel:4]]
[2022.11.16-18.32.16:109][  0]LogConfig: Applying CVar settings from Section [Startup] File [../../../Engine/Config/ConsoleVariables.ini]
[2022.11.16-18.32.16:110][  0]LogConfig: Setting CVar [[net.UseAdaptiveNetUpdateFrequency:0]]
[2022.11.16-18.32.16:110][  0]LogConfig: Setting CVar [[p.chaos.AllowCreatePhysxBodies:1]]
[2022.11.16-18.32.16:110][  0]LogConfig: Setting CVar [[fx.SkipVectorVMBackendOptimizations:1]]
[2022.11.16-18.32.16:110][  0]LogConfig: Applying CVar settings from Section [ConsoleVariables] File [C:/Users/ehowl/Desktop/DAGD 498/CapstoneProject/CapstoneProject_HJV/Saved/Config/Windows/Engine.ini]
[2022.11.16-18.32.16:110][  0]LogConfig: Applying CVar settings from Section [ConsoleVariables] File [C:/Users/ehowl/Desktop/DAGD 498/CapstoneProject/CapstoneProject_HJV/Saved/Config/Windows/Editor.ini]
[2022.11.16-18.32.16:110][  0]LogInit: Computer: DESKTOP-07SU9JG
[2022.11.16-18.32.16:110][  0]LogInit: User: ehowl
[2022.11.16-18.32.16:110][  0]LogInit: CPU Page size=4096, Cores=8
[2022.11.16-18.32.16:110][  0]LogInit: High frequency timer resolution =10.000000 MHz
[2022.11.16-18.32.16:110][  0]LogMemory: Memory total: Physical=23.9GB (24GB approx)
[2022.11.16-18.32.16:110][  0]LogMemory: Platform Memory Stats for Windows
[2022.11.16-18.32.16:111][  0]LogMemory: Process Physical Memory: 147.19 MB used, 147.20 MB peak
[2022.11.16-18.32.16:111][  0]LogMemory: Process Virtual Memory: 129.46 MB used, 129.46 MB peak
[2022.11.16-18.32.16:111][  0]LogMemory: Physical Memory: 16117.03 MB used,  8390.19 MB free, 24507.22 MB total
[2022.11.16-18.32.16:111][  0]LogMemory: Virtual Memory: 134186568.00 MB used,  31159.23 MB free, 134217728.00 MB total
[2022.11.16-18.32.16:118][  0]LogWindows: WindowsPlatformFeatures enabled
[2022.11.16-18.32.16:174][  0]LogInit: Physics initialised using underlying interface: PhysX
[2022.11.16-18.32.16:174][  0]LogInit: Using OS detected language (en-US).
[2022.11.16-18.32.16:174][  0]LogInit: Using OS detected locale (en-US).
[2022.11.16-18.32.16:182][  0]LogTextLocalizationManager: No specific localization for 'en-US' exists, so the 'en' localization will be used.
[2022.11.16-18.32.16:475][  0]LogWindowsTextInputMethodSystem: Display: IME system deactivated.
[2022.11.16-18.32.16:516][  0]LogSlate: New Slate User Created.  User Index 0, Is Virtual User: 0
[2022.11.16-18.32.16:516][  0]LogSlate: Slate User Registered.  User Index 0, Is Virtual User: 0
[2022.11.16-18.32.16:562][  0]LogD3D11RHI: Loaded GFSDK_Aftermath_Lib.x64.dll
[2022.11.16-18.32.16:566][  0]LogHMD: Failed to initialize OpenVR with code 110
[2022.11.16-18.32.16:566][  0]LogD3D11RHI: D3D11 min allowed feature level: 11_0
[2022.11.16-18.32.16:566][  0]LogD3D11RHI: D3D11 max allowed feature level: 11_0
[2022.11.16-18.32.16:566][  0]LogD3D11RHI: D3D11 adapters:
[2022.11.16-18.32.16:709][  0]LogD3D11RHI:    0. 'NVIDIA GeForce GTX 1060 3GB' (Feature Level 11_0)
[2022.11.16-18.32.16:709][  0]LogD3D11RHI:       2988/0/12253 MB DedicatedVideo/DedicatedSystem/SharedSystem, Outputs:2, VendorId:0x10de
[2022.11.16-18.32.16:714][  0]LogD3D11RHI:    1. 'Microsoft Basic Render Driver' (Feature Level 11_0)
[2022.11.16-18.32.16:714][  0]LogD3D11RHI:       0/0/12253 MB DedicatedVideo/DedicatedSystem/SharedSystem, Outputs:0, VendorId:0x1414
[2022.11.16-18.32.16:714][  0]LogD3D11RHI: Chosen D3D11 Adapter:
[2022.11.16-18.32.16:714][  0]LogD3D11RHI:     Description : NVIDIA GeForce GTX 1060 3GB
[2022.11.16-18.32.16:714][  0]LogD3D11RHI:     VendorId    : 10de
[2022.11.16-18.32.16:714][  0]LogD3D11RHI:     DeviceId    : 1c02
[2022.11.16-18.32.16:714][  0]LogD3D11RHI:     SubSysId    : 61603842
[2022.11.16-18.32.16:714][  0]LogD3D11RHI:     Revision    : 00a1
[2022.11.16-18.32.16:714][  0]LogD3D11RHI:     DedicatedVideoMemory : 3133145088 bytes
[2022.11.16-18.32.16:714][  0]LogD3D11RHI:     DedicatedSystemMemory : 0 bytes
[2022.11.16-18.32.16:714][  0]LogD3D11RHI:     SharedSystemMemory : 12848840704 bytes
[2022.11.16-18.32.16:714][  0]LogD3D11RHI:     AdapterLuid : 0 54908
[2022.11.16-18.32.16:728][  0]LogD3D11RHI: Creating new Direct3DDevice
[2022.11.16-18.32.16:728][  0]LogD3D11RHI:     GPU DeviceId: 0x1c02 (for the marketing name, search the web for "GPU Device Id")
[2022.11.16-18.32.16:728][  0]LogWindows: EnumDisplayDevices:
[2022.11.16-18.32.16:728][  0]LogWindows:    0. 'NVIDIA GeForce GTX 1060 3GB' (P:1 D:1)
[2022.11.16-18.32.16:728][  0]LogWindows:    1. 'NVIDIA GeForce GTX 1060 3GB' (P:0 D:1)
[2022.11.16-18.32.16:728][  0]LogWindows:    2. 'NVIDIA GeForce GTX 1060 3GB' (P:0 D:0)
[2022.11.16-18.32.16:729][  0]LogWindows:    3. 'NVIDIA GeForce GTX 1060 3GB' (P:0 D:0)
[2022.11.16-18.32.16:729][  0]LogWindows: DebugString: FoundDriverCount:4 
[2022.11.16-18.32.16:729][  0]LogD3D11RHI:     Adapter Name: NVIDIA GeForce GTX 1060 3GB
[2022.11.16-18.32.16:729][  0]LogD3D11RHI:   Driver Version: 512.15 (internal:30.0.15.1215, unified:512.15)
[2022.11.16-18.32.16:729][  0]LogD3D11RHI:      Driver Date: 3-17-2022
[2022.11.16-18.32.16:729][  0]LogRHI: Texture pool is 2091 MB (70% of 2988 MB)
[2022.11.16-18.32.16:729][  0]LogD3D11RHI: Creating D3DDevice using adapter:
[2022.11.16-18.32.16:729][  0]LogD3D11RHI:     Description : NVIDIA GeForce GTX 1060 3GB
[2022.11.16-18.32.16:729][  0]LogD3D11RHI:     VendorId    : 10de
[2022.11.16-18.32.16:729][  0]LogD3D11RHI:     DeviceId    : 1c02
[2022.11.16-18.32.16:729][  0]LogD3D11RHI:     SubSysId    : 61603842
[2022.11.16-18.32.16:729][  0]LogD3D11RHI:     Revision    : 00a1
[2022.11.16-18.32.16:729][  0]LogD3D11RHI:     DedicatedVideoMemory : 3133145088 bytes
[2022.11.16-18.32.16:729][  0]LogD3D11RHI:     DedicatedSystemMemory : 0 bytes
[2022.11.16-18.32.16:729][  0]LogD3D11RHI:     SharedSystemMemory : 12848840704 bytes
[2022.11.16-18.32.16:729][  0]LogD3D11RHI:     AdapterLuid : 0 54908
[2022.11.16-18.32.16:807][  0]LogD3D11RHI: RHI has support for 64 bit atomics
[2022.11.16-18.32.16:807][  0]LogD3D11RHI: Async texture creation enabled
[2022.11.16-18.32.16:807][  0]LogD3D11RHI: Array index from any shader is supported
[2022.11.16-18.32.16:829][  0]LogD3D11RHI: GPU Timing Frequency: 1000.000000 (Debug: 2 1)
[2022.11.16-18.32.16:867][  0]LogRHI: GeForceNow SDK initialized: 1
[2022.11.16-18.32.17:240][  0]LogTargetPlatformManager: Display: Loaded TargetPlatform 'WindowsNoEditor'
[2022.11.16-18.32.17:246][  0]LogTargetPlatformManager: Display: Loaded TargetPlatform 'Windows'
[2022.11.16-18.32.17:252][  0]LogTargetPlatformManager: Display: Loaded TargetPlatform 'WindowsClient'
[2022.11.16-18.32.17:259][  0]LogTargetPlatformManager: Display: Loaded TargetPlatform 'WindowsServer'
[2022.11.16-18.32.17:259][  0]LogTargetPlatformManager: Display: Building Assets For Windows
[2022.11.16-18.32.17:268][  0]LogAudioDebug: Display: Lib vorbis DLL was dynamically loaded.
[2022.11.16-18.32.17:316][  0]LogTextureFormatOodle: Display: Oodle Texture 2.9.0 init RDO Off
[2022.11.16-18.32.17:367][  0]LogRendererCore: Ray tracing is disabled. Reason: r.RayTracing=0.
[2022.11.16-18.32.17:367][  0]LogShaderCompilers: Guid format shader working directory is -37 characters bigger than the processId version (../../../../../../Users/ehowl/Desktop/DAGD 498/CapstoneProject/CapstoneProject_HJV/Intermediate/Shaders/WorkingDirectory/25872/).
[2022.11.16-18.32.17:367][  0]LogShaderCompilers: Cleaned the shader compiler working directory 'C:/Users/ehowl/AppData/Local/Temp/UnrealShaderWorkingDir/5D76CFEF4751E6D4563812830DC43289/'.
[2022.11.16-18.32.17:368][  0]LogXGEController: Cannot use XGE Controller as Incredibuild is not installed on this machine.
[2022.11.16-18.32.17:368][  0]LogShaderCompilers: Cannot use XGE Shader Compiler as Incredibuild is not installed on this machine.
[2022.11.16-18.32.17:368][  0]LogShaderCompilers: Display: Using Local Shader Compiler.
[2022.11.16-18.32.18:359][  0]LogDerivedDataCache: Display: Max Cache Size: 512 MB
[2022.11.16-18.32.18:432][  0]LogDerivedDataCache: Loaded boot cache 0.07s 94MB C:/Users/ehowl/AppData/Local/UnrealEngine/4.27/DerivedDataCache/Boot.ddc.
[2022.11.16-18.32.18:432][  0]LogDerivedDataCache: Display: Loaded Boot cache: C:/Users/ehowl/AppData/Local/UnrealEngine/4.27/DerivedDataCache/Boot.ddc
[2022.11.16-18.32.18:433][  0]LogDerivedDataCache: FDerivedDataBackendGraph:  Pak pak cache file ../../../../../../Users/ehowl/Desktop/DAGD 498/CapstoneProject/CapstoneProject_HJV/DerivedDataCache/DDC.ddp not found, will not use a pak cache.
[2022.11.16-18.32.18:433][  0]LogDerivedDataCache: Unable to find inner node Pak for hierarchical cache Hierarchy.
[2022.11.16-18.32.18:433][  0]LogDerivedDataCache: FDerivedDataBackendGraph:  CompressedPak pak cache file ../../../../../../Users/ehowl/Desktop/DAGD 498/CapstoneProject/CapstoneProject_HJV/DerivedDataCache/Compressed.ddp not found, will not use a pak cache.
[2022.11.16-18.32.18:433][  0]LogDerivedDataCache: Unable to find inner node CompressedPak for hierarchical cache Hierarchy.
[2022.11.16-18.32.18:454][  0]LogDerivedDataCache: Display: Pak cache opened for reading ../../../Engine/DerivedDataCache/Compressed.ddp.
[2022.11.16-18.32.18:454][  0]LogDerivedDataCache: FDerivedDataBackendGraph:  EnterprisePak pak cache file ../../../Enterprise/DerivedDataCache/Compressed.ddp not found, will not use a pak cache.
[2022.11.16-18.32.18:454][  0]LogDerivedDataCache: Unable to find inner node EnterprisePak for hierarchical cache Hierarchy.
[2022.11.16-18.32.18:490][  0]LogDerivedDataCache: Speed tests for C:/Users/ehowl/AppData/Local/UnrealEngine/Common/DerivedDataCache took 0.04 seconds
[2022.11.16-18.32.18:490][  0]LogDerivedDataCache: Display: Performance to C:/Users/ehowl/AppData/Local/UnrealEngine/Common/DerivedDataCache: Latency=0.07ms. RandomReadSpeed=199.77MBs, RandomWriteSpeed=31.21MBs. Assigned SpeedClass 'Local'
[2022.11.16-18.32.18:490][  0]LogDerivedDataCache: Using Local data cache path C:/Users/ehowl/AppData/Local/UnrealEngine/Common/DerivedDataCache: Writable
[2022.11.16-18.32.18:490][  0]LogDerivedDataCache: Shared data cache path not found in *engine.ini, will not use an Shared cache.
[2022.11.16-18.32.18:490][  0]LogDerivedDataCache: Unable to find inner node Shared for hierarchical cache Hierarchy.
[2022.11.16-18.32.18:543][  0]LogSlate: Using FreeType 2.10.0
[2022.11.16-18.32.18:544][  0]LogSlate: SlateFontServices - WITH_FREETYPE: 1, WITH_HARFBUZZ: 1
[2022.11.16-18.32.18:632][  0]LogInit: Using OS detected language (en-US).
[2022.11.16-18.32.18:632][  0]LogInit: Using OS detected locale (en-US).
[2022.11.16-18.32.18:632][  0]LogTextLocalizationManager: No localization for 'en-US' exists, so 'en' will be used for the language.
[2022.11.16-18.32.18:632][  0]LogTextLocalizationManager: No localization for 'en-US' exists, so 'en' will be used for the locale.
[2022.11.16-18.32.18:632][  0]LogSlate: FontCache flush requested. Reason: Culture for localization was changed
[2022.11.16-18.32.18:632][  0]LogSlate: FontCache flush requested. Reason: Culture for localization was changed
[2022.11.16-18.32.18:637][  0]LogTextLocalizationManager: Compacting localization data took   0.01ms
[2022.11.16-18.32.18:637][  0]LogAssetRegistry: FAssetRegistry took 0.0036 seconds to start up
[2022.11.16-18.32.18:847][  0]LogPackageLocalizationCache: Processed 27 localized package path(s) for 1 prioritized culture(s) in 0.001931 seconds
[2022.11.16-18.32.18:945][  0]LogInit: Selected Device Profile: [Windows]
[2022.11.16-18.32.18:945][  0]LogInit: Active device profile: [000001EAA9B8FC00][000001EAA1605B40 49] Windows
[2022.11.16-18.32.18:945][  0]LogInit: Profiles: [000001EAA9B8FC00][000001EAA1605B40 49] Windows, [000001EAA9B44500][000001EAA160C140 49] WindowsNoEditor, [000001EAA9B8C500][000001EAA16102C0 49] WindowsServer, [000001EAA9B47500][000001EAA1614440 49] WindowsClient, [000001EAA9B8F300][000001EAA16185C0 49] IOS, [000001EAA9B44F00][000001EAA16B0740 49] iPadAir, [000001EAA9B8CE00][000001EAA16B48C0 49] iPadAir2, [000001EAA9B08400][000001EAA16BCB80 49] IPadPro, [000001EAA9B08500][000001EAA16B8BC0 49] iPadAir3, [000001EAA9B8ED00][000001EAA16C0D40 49] iPadAir4, [000001EAA9B0B800][000001EAA16C4EC0 49] iPadMini2, [000001EAA9B8D300][000001EAA16C9040 49] iPadMini3, [000001EAA9B09500][000001EAA16CD1C0 49] iPadMini4, [000001EAA9B8E500][000001EAA16D1340 49] iPadMini5, [000001EAA9AFBC00][000001EAA16D9600 49] iPhone6, [000001EAA9AFBD00][000001EAA16D5640 49] iPodTouch6, [000001EAA9B0B200][000001EAA16098C0 49] iPhone7, [000001EAA9B0B100][000001EAA16DD900 49] iPodTouch7, [000001EAA9AF8A00][000001EAA16E1A40 49] iPhone5S, [000001EAA9B08A00][000001EAA16E5B80 49] iPhone6Plus, [000001EAA9AFAF00][000001EAA16E8140 49] iPhone6S, [000001EAA9B0BB00][000001EAA16F02C0 49] iPhone6SPlus, [000001EAA9AF9200][000001EAA16F4440 49] iPhone7Plus, [000001EAA9B08100][000001EAA16F85C0 49] iPhoneSE, [000001EAA9AFA700][000001EAA2272740 49] iPhone8, [000001EAA9B09900][000001EAA22768C0 49] iPhone8Plus, [000001EAA9AF9A00][000001EAA227AA40 49] iPhoneX, [000001EAA9B0BC00][000001EAA227EBC0 49] iPhoneXS, [000001EAA9AFBF00][000001EAA2282D40 49] iPhoneXSMax, [000001EAA9B0AE00][000001EAA2286EC0 49] iPhoneXR, [000001EAA9AF9D00][000001EAA228B040 49] iPhone11, [000001EAA9B0AD00][000001EAA228F1C0 49] iPhone11Pro, [000001EAA9AFBB00][000001EAA2293340 49] iPhone11ProMax, [000001EAA9B0B000][000001EAA22974C0 49] iPhoneSE2, [000001EAA9AFA400][000001EAA229B640 49] iPhone12Mini, [000001EAA9B09B00][000001EAA229F7C0 49] iPhone12, [000001EAA9AF9C00][000001EAA22A3940 49] iPhone12Pro, [000001EAA9B0A800][000001EAA22A7AC0 49] iPhone12ProMax, [000001EAA9AF9500][000001EAA16EDC00 49] iPadPro105, [000001EAA9B0B300][000001EAA22AA1C0 49] iPadPro129, [000001EAA9AF9800][000001EAA22AE300 49] iPadPro97, [000001EAA9B09400][000001EAA22B6480 49] iPadPro2_129, [000001EAA9AF9E00][000001EAA22BA600 49] iPad5, [000001EAA9B0B400][000001EAA22BE780 49] iPad6, [000001EAA9AFA100][000001EAA22C2900 49] iPad7, [000001EAA9B0A600][000001EAA22C6A80 49] iPad8, [000001EAA9AFA500][000001EAA22CAC00 49] iPadPro11, [000001EAA9B0BF00][000001EAA22CED80 49] iPadPro2_11, [000001EAA9AFB500][000001EAA22D2F00 49] iPadPro3_129, [000001EAA9B08300][000001EAA22D7080 49] iPadPro4_129, [000001EAA9AFA800][000001EAA22DB200 49] AppleTV, [000001EAA9B0A500][000001EAA22DF380 49] AppleTV4K, [000001EAA9AFAC00][000001EAA22E3500 49] TVOS, [000001EAA9B09C00][000001EAA22E7680 49] Mac, [000001EAA9AFA300][000001EAA22EB800 49] MacClient, [000001EAA9B09700][000001EAA22EF980 49] MacNoEditor, [000001EAA9AFAD00][000001EAA22F3B00 49] MacServer, [000001EAA9B08D00][000001EAA22F6100 49] Linux, [000001EAA9AF9900][000001EAA22B2240 49] LinuxAArch64, [000001EAA9B0BA00][000001EAA22FA380 49] LinuxNoEditor, [000001EAA9AFB200][000001EAA22FE4C0 49] LinuxAArch64NoEditor, [000001EAA9B0B600][000001EAA2306640 49] LinuxClient, [000001EAA9AF9000][000001EAA230A7C0 49] LinuxAArch64Client, [000001EAA9B08C00][000001EAA230E940 49] LinuxServer, [000001EAA9AFB800][000001EAA2312AC0 49] LinuxAArch64Server, [000001EAA9B08700][000001EAA2316C40 49] Android, [000001EAA9B46C00][000001EAA231ADC0 49] Android_Low, [000001EAA9BD8100][000001EAA231EF40 49] Android_Mid, [000001EAA9B46E00][000001EAA23230C0 49] Android_High, [000001EAA9BDA900][000001EAA2327240 49] Android_Default, [000001EAA9B46F00][000001EAA232B3C0 49] Android_Adreno4xx, [000001EAA9BD8900][000001EAA232F540 49] Android_Adreno5xx_Low, [000001EAA9B46000][000001EA9E07F6C0 49] Android_Adreno5xx, [000001EAA9BDA400][000001EA9E083840 49] Android_Adreno6xx, [000001EAA9B45000][000001EA9E0879C0 49] Android_Adreno6xx_Vulkan, [000001EAA9BD8E00][000001EA9E08BB40 49] Android_Mali_T6xx, [000001EAA9B45800][000001EA9E08E140 49] Android_Mali_T7xx, [000001EAA9BD9300][000001EA9E0922C0 49] Android_Mali_T8xx, [000001EAA9B44700][000001EAA2302400 49] Android_Mali_G71, [000001EAA9BD9A00][000001EA9E096540 49] Android_Mali_G72, [000001EAA9B45A00][000001EA9E09A680 49] Android_Mali_G72_Vulkan, [000001EAA9BD8F00][000001EA9E09E7C0 49] Android_Mali_G76, [000001EAA9B44300][000001EA9E0A6940 49] Android_Mali_G76_Vulkan, [000001EAA9BD9400][000001EA9E0AAAC0 49] Android_Mali_G77, [000001EAA9B46A00][000001EA9E0AEC40 49] Android_Mali_G77_Vulkan, [000001EAA9BD9E00][000001EA9E0B2DC0 49] Android_Mali_G78, [000001EAA9B46600][000001EA9E0B6F40 49] Android_Mali_G78_Vulkan, [000001EAA9BDA000][000001EA9E0BB0C0 49] Android_Mali_G710, [000001EAA9B47800][000001EA9E0BF240 49] Android_Mali_G710_Vulkan, [000001EAA9BD8500][000001EA9E0C33C0 49] Android_Vulkan_SM5, [000001EAA9B44400][000001EA9E0C7540 49] Android_PowerVR_G6xxx, [000001EAA9BD9F00][000001EA9E0CB6C0 49] Android_PowerVR_GT7xxx, [000001EAA9B09000][000001EA9E0CF840 49] Android_PowerVR_GE8xxx, [000001EAA9BDA100][000001EA9E0D39C0 49] Android_PowerVR_GM9xxx, [000001EAA9B09200][000001EA9E0D7B40 49] Android_PowerVR_GM9xxx_Vulkan, [000001EAA9BD9900][000001EA9E0DA140 49] Android_TegraK1, [000001EAA9B08E00][000001EA9E0DE2C0 49] Android_Unknown_Vulkan, [000001EAA9BD9800][000001EA9E0E2440 49] Lumin, [000001EAA9B09F00][000001EA9E0A2580 49] Lumin_Desktop, [000001EAA9BD8700][000001EA9E0E66C0 49] HoloLens, 
[2022.11.16-18.32.19:000][  0]LogMeshReduction: Using QuadricMeshReduction for automatic static mesh reduction
[2022.11.16-18.32.19:000][  0]LogMeshReduction: Using SimplygonMeshReduction for automatic skeletal mesh reduction
[2022.11.16-18.32.19:000][  0]LogMeshReduction: Using ProxyLODMeshReduction for automatic mesh merging
[2022.11.16-18.32.19:000][  0]LogMeshReduction: No distributed automatic mesh merging module available
[2022.11.16-18.32.19:000][  0]LogMeshMerging: No distributed automatic mesh merging module available
[2022.11.16-18.32.19:127][  0]LogNetVersion: CapstoneProject_HJV 1.0.0, NetCL: 17155196, EngineNetVer: 17, GameNetVer: 0 (Checksum: 2464823574)
[2022.11.16-18.32.19:439][  0]LogTexture: Default maximum texture size for cubemaps generated from long-lat sources has been changed from 512 to unlimited. In order to preserve old behaiour for '/Engine/MapTemplates/Sky/DaylightAmbientCubemap.DaylightAmbientCubemap', its maximum texture size has been explicitly set to 512.
[2022.11.16-18.32.19:506][  0]LogHMD: PokeAHoleMaterial loaded successfully
[2022.11.16-18.32.19:645][  0]LogMoviePlayer: Initializing movie player
[2022.11.16-18.32.19:752][  0]LogNiagaraDebuggerClient: Niagara Debugger Client Initialized | Session: DA3A5F5544AC3F6403579CB864DCB0BC | Instance: E6D0DA984775B99930717FA8CFC87409 (DESKTOP-07SU9JG-25872).
[2022.11.16-18.32.19:780][  0]LogCollectionManager: Loaded 0 collections in 0.002983 seconds
[2022.11.16-18.32.19:783][  0]LogFileCache: Scanning file cache for directory 'C:/Users/ehowl/Desktop/DAGD 498/CapstoneProject/CapstoneProject_HJV/Saved/Collections/' took 0.00s
[2022.11.16-18.32.19:783][  0]LogFileCache: Scanning file cache for directory 'C:/Users/ehowl/Desktop/DAGD 498/CapstoneProject/CapstoneProject_HJV/Content/Developers/ehowl/Collections/' took 0.00s
[2022.11.16-18.32.19:783][  0]LogFileCache: Scanning file cache for directory 'C:/Users/ehowl/Desktop/DAGD 498/CapstoneProject/CapstoneProject_HJV/Content/Collections/' took 0.00s
[2022.11.16-18.32.19:783][  0]LogCollectionManager: Fixed up redirectors for 0 collections in 0.000002 seconds (updated 0 objects)
[2022.11.16-18.32.19:915][  0]LogTcpMessaging: Initializing TcpMessaging bridge
[2022.11.16-18.32.19:920][  0]LogUdpMessaging: Initializing bridge on interface 0.0.0.0:0 to multicast group 230.0.0.1:6666.
[2022.11.16-18.32.19:939][  0]LogPython: Using Python 3.7.7
[2022.11.16-18.32.20:592][  0]SourceControl: Source control is disabled
[2022.11.16-18.32.20:592][  0]SourceControl: Source control is disabled
[2022.11.16-18.32.20:596][  0]SourceControl: Source control is disabled
[2022.11.16-18.32.20:600][  0]LogUProjectInfo: Found projects:
[2022.11.16-18.32.20:744][  0]LogOpenImageDenoise: OIDN starting up
[2022.11.16-18.32.20:751][  0]LogAndroidPermission: UAndroidPermissionCallbackProxy::GetInstance
[2022.11.16-18.32.20:778][  0]LogAudioCaptureCore: Display: No Audio Capture implementations found. Audio input will be silent.
[2022.11.16-18.32.20:778][  0]LogAudioCaptureCore: Display: No Audio Capture implementations found. Audio input will be silent.
[2022.11.16-18.32.20:915][  0]LogOcInput: OculusInput pre-init called
[2022.11.16-18.32.20:926][  0]LogUObjectArray: 22121 objects as part of root set at end of initial load.
[2022.11.16-18.32.20:926][  0]LogUObjectAllocator: 5975632 out of 0 bytes used by permanent object pool.
[2022.11.16-18.32.20:926][  0]LogUObjectArray: CloseDisregardForGC: 0/0 objects in disregard for GC pool
[2022.11.16-18.32.20:987][  0]LogEngine: Initializing Engine...
[2022.11.16-18.32.20:990][  0]LogHMD: Failed to enumerate extensions. Please check that you have a valid OpenXR runtime installed.
[2022.11.16-18.32.20:991][  0]LogHMD: Failed to initialize OpenVR with code 110
[2022.11.16-18.32.20:991][  0]LogMagicLeap: Warning: VR disabled because ZI is not enabled.  To enable, in the editor, Edit -> Project Settings -> Plugins -> Magic Leap Plugin -> Enable Zero Iteration
[2022.11.16-18.32.20:992][  0]LogStats: UGameplayTagsManager::InitializeManager -  0.000 s
[2022.11.16-18.32.21:106][  0]LogInit: Initializing FReadOnlyCVARCache
[2022.11.16-18.32.21:106][  0]LogAudio: Display: Initializing Audio Device Manager...
[2022.11.16-18.32.21:111][  0]LogAudio: Display: Loading Default Audio Settings Objects...
[2022.11.16-18.32.21:112][  0]LogAudio: Display: No default SoundConcurrencyObject specified (or failed to load).
[2022.11.16-18.32.21:112][  0]LogAudio: Display: Audio Device Manager Initialized
[2022.11.16-18.32.21:112][  0]LogAudio: Display: Creating Audio Device:                 Id: 1, Scope: Shared, Realtime: True
[2022.11.16-18.32.21:112][  0]LogAudioMixer: Display: Audio Mixer Platform Settings:
[2022.11.16-18.32.21:112][  0]LogAudioMixer: Display: 	Sample Rate:						  48000
[2022.11.16-18.32.21:112][  0]LogAudioMixer: Display: 	Callback Buffer Frame Size Requested: 1024
[2022.11.16-18.32.21:112][  0]LogAudioMixer: Display: 	Callback Buffer Frame Size To Use:	  1024
[2022.11.16-18.32.21:112][  0]LogAudioMixer: Display: 	Number of buffers to queue:			  2
[2022.11.16-18.32.21:112][  0]LogAudioMixer: Display: 	Max Channels (voices):				  32
[2022.11.16-18.32.21:112][  0]LogAudioMixer: Display: 	Number of Async Source Workers:		  0
[2022.11.16-18.32.21:112][  0]LogAudio: Display: AudioDevice MaxSources: 32
[2022.11.16-18.32.21:113][  0]LogAudio: Display: Audio Spatialization Plugin: None (built-in).
[2022.11.16-18.32.21:113][  0]LogAudio: Display: Audio Reverb Plugin: None (built-in).
[2022.11.16-18.32.21:113][  0]LogAudio: Display: Audio Occlusion Plugin: None (built-in).
[2022.11.16-18.32.21:113][  0]LogAudioMixer: Display: Initializing audio mixer.
[2022.11.16-18.32.21:141][  0]LogAudioMixer: Display: 0: FrontLeft
[2022.11.16-18.32.21:141][  0]LogAudioMixer: Display: 1: FrontRight
[2022.11.16-18.32.21:172][  0]LogAudioMixer: Display: Using Audio Device Speakers (HyperX Cloud II Wireless)
[2022.11.16-18.32.21:179][  0]LogAudioMixer: Display: Initializing Sound Submixes...
[2022.11.16-18.32.21:182][  0]LogAudioMixer: Display: Creating Master Submix 'MasterSubmixDefault'
[2022.11.16-18.32.21:182][  0]LogAudioMixer: Display: Creating Master Submix 'MasterReverbSubmixDefault'
[2022.11.16-18.32.21:184][  0]LogAudioMixer: Display: Creating Master Submix 'MasterEQSubmixDefault'
[2022.11.16-18.32.21:184][  0]LogAudioMixer: FMixerPlatformXAudio2::StartAudioStream() called
[2022.11.16-18.32.21:184][  0]LogAudioMixer: Display: Output buffers initialized: Frames=1024, Channels=2, Samples=2048
[2022.11.16-18.32.21:185][  0]LogAudioMixer: Display: Starting AudioMixerPlatformInterface::RunInternal()
[2022.11.16-18.32.21:185][  0]LogAudioMixer: Display: FMixerPlatformXAudio2::SubmitBuffer() called for the first time
[2022.11.16-18.32.21:185][  0]LogInit: FAudioDevice initialized.
[2022.11.16-18.32.21:187][  0]LogNetVersion: Set ProjectVersion to 1.0.0.0. Version Checksum will be recalculated on next use.
[2022.11.16-18.32.21:187][  0]LogInit: Texture streaming: Enabled
[2022.11.16-18.32.21:269][  0]LogAudio: Display: Audio Device (ID: 1) registered with world 'Untitled'.
[2022.11.16-18.32.21:270][  0]LogSlate: Updating window title bar state: overlay mode, drag disabled, window buttons hidden, title bar hidden
[2022.11.16-18.32.21:271][  0]LogInit: Display: Game Engine Initialized.
[2022.11.16-18.32.21:271][  0]LogNiagaraEditor: GEditor isn't valid! Particle reset commands will not work for Niagara components!
[2022.11.16-18.32.21:417][  0]LogInit: Display: Starting Game.
[2022.11.16-18.32.21:417][  0]LogNet: Browse: /Game/Levels/AI_Test?Name=Player
[2022.11.16-18.32.21:417][  0]LogLoad: LoadMap: /Game/Levels/AI_Test?Name=Player
[2022.11.16-18.32.21:417][  0]LogWorld: BeginTearingDown for /Temp/Untitled_0
[2022.11.16-18.32.21:419][  0]LogWorld: UWorld::CleanupWorld for Untitled, bSessionEnded=true, bCleanupResources=true
[2022.11.16-18.32.21:419][  0]LogSlate: InvalidateAllWidgets triggered.  All widgets were invalidated
[2022.11.16-18.32.21:423][  0]LogAudio: Display: Audio Device unregistered from world 'None'.
[2022.11.16-18.32.21:425][  0]LogUObjectHash: Compacting FUObjectHashTables data took   0.96ms
[2022.11.16-18.32.21:620][  0]LogAudio: Display: Audio Device (ID: 1) registered with world 'AI_Test'.
[2022.11.16-18.32.21:628][  0]LogAIModule: Creating AISystem for world AI_Test
[2022.11.16-18.32.21:885][  0]LogLoad: Game class is 'MyGame_C'
[2022.11.16-18.32.21:888][  0]LogWorld: Bringing World /Game/Levels/AI_Test.AI_Test up for play (max tick rate 0) at 2022.11.16-13.32.21
[2022.11.16-18.32.21:889][  0]LogWorld: Bringing up level for play took: 0.003640
[2022.11.16-18.32.21:892][  0]LogGameMode: Display: Match State Changed from EnteringMap to WaitingToStart
[2022.11.16-18.32.21:892][  0]LogGameState: Match State Changed from EnteringMap to WaitingToStart
[2022.11.16-18.32.21:892][  0]LogGameMode: Display: Match State Changed from WaitingToStart to InProgress
[2022.11.16-18.32.21:896][  0]LogGameState: Match State Changed from WaitingToStart to InProgress
[2022.11.16-18.32.21:897][  0]LogLoad: Took 0.479875 seconds to LoadMap(/Game/Levels/AI_Test)
[2022.11.16-18.32.21:985][  0]LogSlate: Took 0.000219 seconds to synchronously load lazily loaded font '../../../Engine/Content/Slate/Fonts/Roboto-Regular.ttf' (155K)
[2022.11.16-18.32.22:041][  0]LogRenderer: Reallocating scene render targets to support 1340x924 Format 10 NumSamples 1 (Frame:1).
[2022.11.16-18.32.22:041][  0]LogInit: Display: Engine is initialized. Leaving FEngineLoop::Init()
[2022.11.16-18.32.22:041][  0]LogLoad: (Engine Initialization) Total time: 7.74 seconds
[2022.11.16-18.32.22:041][  0]LogLoad: (Engine Initialization) Total Blueprint compile time: 0.00 seconds
[2022.11.16-18.32.22:046][  0]LogContentStreaming: Texture pool size now 1000 MB
[2022.11.16-18.32.22:048][  0]LogSlate: InvalidateAllWidgets triggered.  All widgets were invalidated
[2022.11.16-18.32.22:072][  0]LogRenderer: Reallocating scene render targets to support 128x128 Format 10 NumSamples 1 (Frame:1).
[2022.11.16-18.32.22:109][  0]LogRenderer: Reallocating scene render targets to support 1340x924 Format 10 NumSamples 1 (Frame:2).
[2022.11.16-18.32.22:143][  1]LogSlate: Took 0.000319 seconds to synchronously load lazily loaded font '../../../Engine/Content/Slate/Fonts/Roboto-Regular.ttf' (155K)
[2022.11.16-18.32.40:922][616]LogSlate: Window 'CapstoneProject_HJV (64-bit Development PCD3D_SM5) ' being destroyed
[2022.11.16-18.32.40:923][616]LogWindowsTextInputMethodSystem: Display: IME system deactivated.
[2022.11.16-18.32.40:925][616]LogSlate: Updating window title bar state: overlay mode, drag disabled, window buttons hidden, title bar hidden
[2022.11.16-18.32.40:925][616]LogEngine: All Windows Closed
[2022.11.16-18.32.40:925][616]LogWindows: FPlatformMisc::RequestExit(0)
[2022.11.16-18.32.40:925][616]LogWindows: FPlatformMisc::RequestExitWithStatus(0, 0)
[2022.11.16-18.32.40:925][616]LogCore: Engine exit requested (reason: Win RequestExit)
[2022.11.16-18.32.40:925][617]LogCore: Engine exit requested (reason: EngineExit() was called; note: exit was already requested)
[2022.11.16-18.32.40:925][617]LogInit: Display: PreExit Game.
[2022.11.16-18.32.40:945][617]LogWorld: BeginTearingDown for /Game/Levels/AI_Test
[2022.11.16-18.32.40:945][617]LogWorld: UWorld::CleanupWorld for AI_Test, bSessionEnded=true, bCleanupResources=true
[2022.11.16-18.32.40:946][617]LogSlate: InvalidateAllWidgets triggered.  All widgets were invalidated
[2022.11.16-18.32.41:004][617]LogAudio: Display: Beginning Audio Device Manager Shutdown (Module: AudioMixerXAudio2)...
[2022.11.16-18.32.41:004][617]LogAudio: Display: Destroying 1 Remaining Audio Device(s)...
[2022.11.16-18.32.41:004][617]LogAudio: Display: Audio Device unregistered from world 'AI_Test'.
[2022.11.16-18.32.41:055][617]LogAudioMixer: FMixerPlatformXAudio2::StopAudioStream() called
[2022.11.16-18.32.41:056][617]LogAudioMixer: FMixerPlatformXAudio2::StopAudioStream() called
[2022.11.16-18.32.41:059][617]LogAudio: Display: Audio Device Manager Shutdown
[2022.11.16-18.32.41:062][617]LogExit: Preparing to exit.
[2022.11.16-18.32.41:066][617]LogSlate: Updating window title bar state: overlay mode, drag disabled, window buttons hidden, title bar hidden
[2022.11.16-18.32.41:071][617]LogUObjectHash: Compacting FUObjectHashTables data took   1.19ms
[2022.11.16-18.32.41:934][617]LogMoviePlayer: Shutting down movie player
[2022.11.16-18.32.42:121][617]LogDemo: Cleaned up 0 splitscreen connections with owner deletion
[2022.11.16-18.32.42:128][617]LogExit: Game engine shut down
[2022.11.16-18.32.42:182][617]LogExit: Object subsystem successfully closed.
[2022.11.16-18.32.42:209][617]LogShaderCompilers: Display: === FShaderJobCache stats ===
[2022.11.16-18.32.42:209][617]LogShaderCompilers: Display: Total job queries 0, among them cache hits 0 (0.00%)
[2022.11.16-18.32.42:209][617]LogShaderCompilers: Display: Tracking 0 distinct input hashes that result in 0 distinct outputs (0.00%)
[2022.11.16-18.32.42:209][617]LogShaderCompilers: Display: RAM used: 0.00 MB (0.00 GB) of 1228.80 MB (1.20 GB) budget. Usage: 0.00%
[2022.11.16-18.32.42:209][617]LogShaderCompilers: Display: ================================================
[2022.11.16-18.32.42:222][617]LogShaderCompilers: Display: Shaders left to compile 0
[2022.11.16-18.32.42:270][617]LogModuleManager: Shutting down and abandoning module SequenceRecorderSections (560)
[2022.11.16-18.32.42:270][617]LogModuleManager: Shutting down and abandoning module SequenceRecorder (558)
[2022.11.16-18.32.42:270][617]LogModuleManager: Shutting down and abandoning module AutomationController (556)
[2022.11.16-18.32.42:270][617]LogModuleManager: Shutting down and abandoning module AutomationWorker (554)
[2022.11.16-18.32.42:270][617]LogModuleManager: Shutting down and abandoning module Voice (552)
[2022.11.16-18.32.42:270][617]LogModuleManager: Shutting down and abandoning module AIModule (550)
[2022.11.16-18.32.42:270][617]LogModuleManager: Shutting down and abandoning module GameplayDebugger (549)
[2022.11.16-18.32.42:270][617]LogModuleManager: Shutting down and abandoning module AITestSuite (547)
[2022.11.16-18.32.42:270][617]LogModuleManager: Shutting down and abandoning module NavigationSystem (545)
[2022.11.16-18.32.42:270][617]LogModuleManager: Shutting down and abandoning module AnimGraph (542)
[2022.11.16-18.32.42:270][617]LogModuleManager: Shutting down and abandoning module SteamVREditor (540)
[2022.11.16-18.32.42:270][617]LogModuleManager: Shutting down and abandoning module ToolMenus (539)
[2022.11.16-18.32.42:270][617]LogModuleManager: Shutting down and abandoning module OculusMR (536)
[2022.11.16-18.32.42:270][617]LogModuleManager: Shutting down and abandoning module TakeRecorderSources (534)
[2022.11.16-18.32.42:270][617]LogModuleManager: Shutting down and abandoning module TakeRecorder (533)
[2022.11.16-18.32.42:270][617]LogModuleManager: Shutting down and abandoning module TakeTrackRecorders (530)
[2022.11.16-18.32.42:270][617]LogModuleManager: Shutting down and abandoning module TakesCore (528)
[2022.11.16-18.32.42:270][617]LogModuleManager: Shutting down and abandoning module OpenXRInput (526)
[2022.11.16-18.32.42:270][617]LogModuleManager: Shutting down and abandoning module PlanarCut (524)
[2022.11.16-18.32.42:270][617]LogModuleManager: Shutting down and abandoning module WmfMediaFactory (522)
[2022.11.16-18.32.42:270][617]LogModuleManager: Shutting down and abandoning module WebMMediaFactory (520)
[2022.11.16-18.32.42:270][617]LogModuleManager: Shutting down and abandoning module WebMMedia (518)
[2022.11.16-18.32.42:270][617]LogModuleManager: Shutting down and abandoning module OpenExrWrapper (516)
[2022.11.16-18.32.42:270][617]LogModuleManager: Shutting down and abandoning module ImgMediaFactory (514)
[2022.11.16-18.32.42:270][617]LogModuleManager: Shutting down and abandoning module AvfMediaFactory (512)
[2022.11.16-18.32.42:270][617]LogModuleManager: Shutting down and abandoning module MagicLeapMediaCodecFactory (510)
[2022.11.16-18.32.42:270][617]LogModuleManager: Shutting down and abandoning module MagicLeapMediaFactory (508)
[2022.11.16-18.32.42:270][617]LogModuleManager: Shutting down and abandoning module CharacterAI (506)
[2022.11.16-18.32.42:270][617]LogModuleManager: Shutting down and abandoning module SessionServices (504)
[2022.11.16-18.32.42:270][617]LogModuleManager: Shutting down and abandoning module MovieSceneCapture (502)
[2022.11.16-18.32.42:270][617]LogModuleManager: Shutting down and abandoning module LiveCoding (500)
[2022.11.16-18.32.42:271][617]LogModuleManager: Shutting down and abandoning module LevelSequence (498)
[2022.11.16-18.32.42:271][617]LogModuleManager: Shutting down and abandoning module MovieSceneTracks (496)
[2022.11.16-18.32.42:271][617]LogModuleManager: Shutting down and abandoning module MovieScene (494)
[2022.11.16-18.32.42:271][617]LogModuleManager: Shutting down and abandoning module StreamingPauseRendering (492)
[2022.11.16-18.32.42:271][617]LogModuleManager: Shutting down and abandoning module PortalServices (490)
[2022.11.16-18.32.42:271][617]LogModuleManager: Shutting down and abandoning module PortalRpc (488)
[2022.11.16-18.32.42:271][617]LogModuleManager: Shutting down and abandoning module MessagingRpc (486)
[2022.11.16-18.32.42:271][617]LogModuleManager: Shutting down and abandoning module AudioMixerXAudio2 (484)
[2022.11.16-18.32.42:271][617]LogModuleManager: Shutting down and abandoning module AudioMixerCore (483)
[2022.11.16-18.32.42:271][617]LogModuleManager: Shutting down and abandoning module ImageWriteQueue (480)
[2022.11.16-18.32.42:275][617]LogModuleManager: Shutting down and abandoning module ProfilerService (478)
[2022.11.16-18.32.42:475][617]LogModuleManager: Shutting down and abandoning module TaskGraph (476)
[2022.11.16-18.32.42:476][617]LogModuleManager: Shutting down and abandoning module OculusInput (474)
[2022.11.16-18.32.42:476][617]LogModuleManager: Shutting down and abandoning module LiveLinkSequencer (472)
[2022.11.16-18.32.42:476][617]LogModuleManager: Shutting down and abandoning module LiveLinkMovieScene (470)
[2022.11.16-18.32.42:476][617]LogModuleManager: Shutting down and abandoning module LiveLinkGraphNode (468)
[2022.11.16-18.32.42:476][617]LogModuleManager: Shutting down and abandoning module LiveLinkComponents (466)
[2022.11.16-18.32.42:476][617]LogModuleManager: Shutting down and abandoning module LiveLink (464)
[2022.11.16-18.32.42:856][617]LogModuleManager: Shutting down and abandoning module Synthesis (462)
[2022.11.16-18.32.42:856][617]LogModuleManager: Shutting down and abandoning module ProceduralMeshComponent (460)
[2022.11.16-18.32.42:856][617]LogModuleManager: Shutting down and abandoning module TakeMovieScene (458)
[2022.11.16-18.32.42:856][617]LogModuleManager: Shutting down and abandoning module MobilePatchingUtils (456)
[2022.11.16-18.32.42:856][617]LogModuleManager: Shutting down and abandoning module GooglePAD (454)
[2022.11.16-18.32.42:856][617]LogModuleManager: Shutting down and abandoning module EditableMesh (452)
[2022.11.16-18.32.42:856][617]LogModuleManager: Shutting down and abandoning module CustomMeshComponent (450)
[2022.11.16-18.32.42:856][617]LogModuleManager: Shutting down and abandoning module CableComponent (448)
[2022.11.16-18.32.42:856][617]LogModuleManager: Shutting down and abandoning module AudioCapture (446)
[2022.11.16-18.32.42:856][617]LogModuleManager: Shutting down and abandoning module AudioCaptureRtAudio (445)
[2022.11.16-18.32.42:856][617]LogModuleManager: Shutting down and abandoning module ArchVisCharacter (442)
[2022.11.16-18.32.42:856][617]LogModuleManager: Shutting down and abandoning module AssetTags (440)
[2022.11.16-18.32.42:856][617]LogModuleManager: Shutting down and abandoning module AppleImageUtilsBlueprintSupport (438)
[2022.11.16-18.32.42:856][617]LogModuleManager: Shutting down and abandoning module AppleImageUtils (436)
[2022.11.16-18.32.42:856][617]LogModuleManager: Shutting down and abandoning module AndroidPermission (434)
[2022.11.16-18.32.42:856][617]LogModuleManager: Shutting down and abandoning module ActorLayerUtilities (432)
[2022.11.16-18.32.42:856][617]LogModuleManager: Shutting down and abandoning module OpenImageDenoise (430)
[2022.11.16-18.32.42:856][617]LogOpenImageDenoise: OIDN shutting down
[2022.11.16-18.32.42:856][617]LogModuleManager: Shutting down and abandoning module MotoSynth (428)
[2022.11.16-18.32.42:856][617]LogModuleManager: Shutting down and abandoning module MeshConversion (426)
[2022.11.16-18.32.42:856][617]LogModuleManager: Shutting down and abandoning module DynamicMesh (424)
[2022.11.16-18.32.42:856][617]LogModuleManager: Shutting down and abandoning module GeometryAlgorithms (422)
[2022.11.16-18.32.42:856][617]LogModuleManager: Shutting down and abandoning module GeometricObjects (420)
[2022.11.16-18.32.42:856][617]LogModuleManager: Shutting down and abandoning module GeometryCollectionTracks (418)
[2022.11.16-18.32.42:856][617]LogModuleManager: Shutting down and abandoning module GeometryCollectionSequencer (417)
[2022.11.16-18.32.42:856][617]LogModuleManager: Shutting down and abandoning module GeometryCacheTracks (414)
[2022.11.16-18.32.42:856][617]LogModuleManager: Shutting down and abandoning module GeometryCacheSequencer (413)
[2022.11.16-18.32.42:856][617]LogModuleManager: Shutting down and abandoning module GeometryCache (410)
[2022.11.16-18.32.42:856][617]LogModuleManager: Shutting down and abandoning module GeometryCacheEd (409)
[2022.11.16-18.32.42:856][617]LogModuleManager: Shutting down and abandoning module TemplateSequence (406)
[2022.11.16-18.32.42:856][617]LogModuleManager: Shutting down and abandoning module MediaCompositing (404)
[2022.11.16-18.32.42:856][617]LogModuleManager: Shutting down and abandoning module ImgMedia (402)
[2022.11.16-18.32.42:856][617]LogModuleManager: Shutting down and abandoning module MagicLeapSharedWorld (400)
[2022.11.16-18.32.42:856][617]LogModuleManager: Shutting down and abandoning module MagicLeapLightEstimation (398)
[2022.11.16-18.32.42:856][617]LogModuleManager: Shutting down and abandoning module MagicLeapHelperVulkan (396)
[2022.11.16-18.32.42:856][617]LogModuleManager: Shutting down and abandoning module MagicLeapHelperOpenGL (394)
[2022.11.16-18.32.42:856][617]LogModuleManager: Shutting down and abandoning module MagicLeapAudio (392)
[2022.11.16-18.32.42:856][617]LogModuleManager: Shutting down and abandoning module BackChannel (390)
[2022.11.16-18.32.42:856][617]LogModuleManager: Shutting down and abandoning module ChaosNiagara (388)
[2022.11.16-18.32.42:856][617]LogModuleManager: Shutting down and abandoning module FieldSystemEngine (387)
[2022.11.16-18.32.42:856][617]LogModuleManager: Shutting down and abandoning module AutomationUtils (384)
[2022.11.16-18.32.42:856][617]LogModuleManager: Shutting down and abandoning module UObjectPlugin (382)
[2022.11.16-18.32.42:856][617]LogModuleManager: Shutting down and abandoning module VisualStudioSourceCodeAccess (380)
[2022.11.16-18.32.42:856][617]LogModuleManager: Shutting down and abandoning module HotReload (379)
[2022.11.16-18.32.42:857][617]LogModuleManager: Shutting down and abandoning module VisualStudioCodeSourceCodeAccess (376)
[2022.11.16-18.32.42:857][617]LogModuleManager: Shutting down and abandoning module SubversionSourceControl (374)
[2022.11.16-18.32.42:857][617]LogModuleManager: Shutting down and abandoning module PerforceSourceControl (372)
[2022.11.16-18.32.42:857][617]LogModuleManager: Shutting down and abandoning module SourceControl (371)
[2022.11.16-18.32.42:857][617]LogModuleManager: Shutting down and abandoning module OodleNetworkHandlerComponent (368)
[2022.11.16-18.32.42:857][617]LogModuleManager: Shutting down and abandoning module CLionSourceCodeAccess (366)
[2022.11.16-18.32.42:857][617]LogModuleManager: Shutting down and abandoning module GameplayCameras (364)
[2022.11.16-18.32.42:857][617]LogModuleManager: Shutting down and abandoning module FacialAnimation (362)
[2022.11.16-18.32.42:857][617]LogModuleManager: Shutting down and abandoning module GameplayTagsEditor (360)
[2022.11.16-18.32.42:857][617]LogModuleManager: Shutting down and abandoning module AssetManagerEditor (358)
[2022.11.16-18.32.42:857][617]LogModuleManager: Shutting down and abandoning module TreeMap (357)
[2022.11.16-18.32.42:857][617]LogModuleManager: Shutting down and abandoning module RuntimePhysXCooking (354)
[2022.11.16-18.32.42:857][617]LogModuleManager: Shutting down and abandoning module SoundFields (352)
[2022.11.16-18.32.42:857][617]LogModuleManager: Shutting down and abandoning module SignificanceManager (350)
[2022.11.16-18.32.42:857][617]LogModuleManager: Shutting down and abandoning module PropertyAccessEditor (348)
[2022.11.16-18.32.42:857][617]LogModuleManager: Shutting down and abandoning module PhysXVehiclesEditor (346)
[2022.11.16-18.32.42:857][617]LogModuleManager: Shutting down and abandoning module LocationServicesBPLibrary (342)
[2022.11.16-18.32.42:857][617]LogModuleManager: Shutting down and abandoning module AudioSynesthesia (340)
[2022.11.16-18.32.42:857][617]LogModuleManager: Shutting down and abandoning module AudioSynesthesiaCore (338)
[2022.11.16-18.32.42:857][617]LogModuleManager: Shutting down and abandoning module PythonScriptPlugin (336)
[2022.11.16-18.32.42:857][617]LogModuleManager: Shutting down and abandoning module ActorSequence (334)
[2022.11.16-18.32.42:857][617]LogModuleManager: Shutting down and abandoning module UdpMessaging (332)
[2022.11.16-18.32.42:958][617]LogModuleManager: Shutting down and abandoning module TcpMessaging (330)
[2022.11.16-18.32.43:059][617]LogModuleManager: Shutting down and abandoning module ImgMediaEngine (328)
[2022.11.16-18.32.43:059][617]LogModuleManager: Shutting down and abandoning module MagicLeapARPin (326)
[2022.11.16-18.32.43:059][617]LogModuleManager: Shutting down and abandoning module MagicLeapHandMeshing (324)
[2022.11.16-18.32.43:059][617]LogModuleManager: Shutting down and abandoning module MagicLeapSecureStorage (322)
[2022.11.16-18.32.43:059][617]LogModuleManager: Shutting down and abandoning module MagicLeapPrivileges (320)
[2022.11.16-18.32.43:059][617]LogModuleManager: Shutting down and abandoning module MagicLeapPlanes (318)
[2022.11.16-18.32.43:059][617]LogMagicLeapPlanes: Planes tracker already destroyed.
[2022.11.16-18.32.43:059][617]LogModuleManager: Shutting down and abandoning module MagicLeapImageTracker (316)
[2022.11.16-18.32.43:059][617]LogModuleManager: Shutting down and abandoning module MagicLeapIdentity (314)
[2022.11.16-18.32.43:059][617]LogModuleManager: Shutting down and abandoning module MagicLeapHandTracking (312)
[2022.11.16-18.32.43:059][617]LogModuleManager: Shutting down and abandoning module MagicLeapEyeTracker (310)
[2022.11.16-18.32.43:059][617]LogModuleManager: Shutting down and abandoning module MagicLeapController (308)
[2022.11.16-18.32.43:059][617]LogModuleManager: Shutting down and abandoning module MagicLeapARPinImpl (306)
[2022.11.16-18.32.43:059][617]LogModuleManager: Shutting down and abandoning module MagicLeapAR (304)
[2022.11.16-18.32.43:059][617]LogModuleManager: Shutting down and abandoning module NiagaraAnimNotifies (302)
[2022.11.16-18.32.43:059][617]LogModuleManager: Shutting down and abandoning module Niagara (300)
[2022.11.16-18.32.43:059][617]LogModuleManager: Shutting down and abandoning module SignalProcessing (299)
[2022.11.16-18.32.43:059][617]LogModuleManager: Shutting down and abandoning module NiagaraEditor (297)
[2022.11.16-18.32.43:059][617]LogModuleManager: Shutting down and abandoning module ContentBrowser (296)
[2022.11.16-18.32.43:059][617]LogModuleManager: Shutting down and abandoning module CollectionManager (295)
[2022.11.16-18.32.43:060][617]LogModuleManager: Shutting down and abandoning module DirectoryWatcher (294)
[2022.11.16-18.32.43:060][617]LogModuleManager: Shutting down and abandoning module ContentBrowserData (291)
[2022.11.16-18.32.43:060][617]LogModuleManager: Shutting down and abandoning module NiagaraCore (286)
[2022.11.16-18.32.43:060][617]LogModuleManager: Shutting down and abandoning module PropertyAccessNode (284)
[2022.11.16-18.32.43:060][617]LogModuleManager: Shutting down and abandoning module AnimationSharing (282)
[2022.11.16-18.32.43:060][617]LogModuleManager: Shutting down and abandoning module EnvironmentQueryEditor (280)
[2022.11.16-18.32.43:060][617]LogModuleManager: Shutting down and abandoning module LightPropagationVolumeRuntime (278)
[2022.11.16-18.32.43:060][617]LogModuleManager: Shutting down and abandoning module Paper2D (276)
[2022.11.16-18.32.43:060][617]LogModuleManager: Shutting down and abandoning module WindowsMoviePlayer (274)
[2022.11.16-18.32.43:060][617]LogModuleManager: Shutting down and abandoning module WebMMoviePlayer (272)
[2022.11.16-18.32.43:060][617]LogModuleManager: Shutting down and abandoning module NetworkReplayStreaming (270)
[2022.11.16-18.32.43:060][617]LogModuleManager: Shutting down and abandoning module PacketHandler (268)
[2022.11.16-18.32.43:060][617]LogModuleManager: Shutting down and abandoning module ClothingSystemEditor (266)
[2022.11.16-18.32.43:060][617]LogModuleManager: Shutting down and abandoning module ClothingSystemRuntimeNv (264)
[2022.11.16-18.32.43:060][617]LogModuleManager: Shutting down and abandoning module MediaAssets (262)
[2022.11.16-18.32.43:061][617]LogModuleManager: Shutting down and abandoning module Overlay (260)
[2022.11.16-18.32.43:061][617]LogModuleManager: Shutting down and abandoning module OverlayEditor (259)
[2022.11.16-18.32.43:061][617]LogModuleManager: Shutting down and abandoning module VREditor (256)
[2022.11.16-18.32.43:061][617]LogModuleManager: Shutting down and abandoning module StringTableEditor (254)
[2022.11.16-18.32.43:061][617]LogModuleManager: Shutting down and abandoning module GameplayTasksEditor (252)
[2022.11.16-18.32.43:061][617]LogModuleManager: Shutting down and abandoning module BehaviorTreeEditor (250)
[2022.11.16-18.32.43:061][617]LogModuleManager: Shutting down and abandoning module FunctionalTesting (248)
[2022.11.16-18.32.43:061][617]LogModuleManager: Shutting down and abandoning module CollisionAnalyzer (246)
[2022.11.16-18.32.43:061][617]LogModuleManager: Shutting down and abandoning module WorkspaceMenuStructure (245)
[2022.11.16-18.32.43:061][617]LogModuleManager: Shutting down and abandoning module UMG (242)
[2022.11.16-18.32.43:061][617]LogModuleManager: Shutting down and abandoning module UMGEditor (241)
[2022.11.16-18.32.43:061][617]LogModuleManager: Shutting down and abandoning module Sequencer (240)
[2022.11.16-18.32.43:061][617]LogModuleManager: Shutting down and abandoning module MessageLog (237)
[2022.11.16-18.32.43:061][617]LogModuleManager: Shutting down and abandoning module SlateReflector (232)
[2022.11.16-18.32.43:061][617]LogModuleManager: Shutting down and abandoning module Slate (230)
[2022.11.16-18.32.43:061][617]LogModuleManager: Shutting down and abandoning module SlateCore (228)
[2022.11.16-18.32.43:062][617]LogModuleManager: Shutting down and abandoning module LandscapeEditorUtilities (226)
[2022.11.16-18.32.43:062][617]LogModuleManager: Shutting down and abandoning module UnrealEd (224)
[2022.11.16-18.32.43:062][617]LogModuleManager: Shutting down and abandoning module MRMesh (222)
[2022.11.16-18.32.43:062][617]LogModuleManager: Shutting down and abandoning module Messaging (220)
[2022.11.16-18.32.43:062][617]LogModuleManager: Shutting down and abandoning module SourceCodeAccess (218)
[2022.11.16-18.32.43:062][617]LogModuleManager: Shutting down and abandoning module HeadMountedDisplay (216)
[2022.11.16-18.32.43:062][617]LogModuleManager: Shutting down and abandoning module XAudio2 (214)
[2022.11.16-18.32.43:062][617]LogModuleManager: Shutting down and abandoning module Networking (212)
[2022.11.16-18.32.43:062][617]LogModuleManager: Shutting down and abandoning module Core (210)
[2022.11.16-18.32.43:062][617]LogModuleManager: Shutting down and abandoning module MaterialEditor (208)
[2022.11.16-18.32.43:062][617]LogModuleManager: Shutting down and abandoning module MovieSceneTools (206)
[2022.11.16-18.32.43:062][617]LogModuleManager: Shutting down and abandoning module EditorStyle (205)
[2022.11.16-18.32.43:063][617]LogModuleManager: Shutting down and abandoning module KismetCompiler (202)
[2022.11.16-18.32.43:063][617]LogModuleManager: Shutting down and abandoning module MeshBuilder (200)
[2022.11.16-18.32.43:063][617]LogModuleManager: Shutting down and abandoning module MeshUtilities (198)
[2022.11.16-18.32.43:063][617]LogModuleManager: Shutting down and abandoning module MeshMergeUtilities (197)
[2022.11.16-18.32.43:063][617]LogModuleManager: Shutting down and abandoning module MeshReductionInterface (196)
[2022.11.16-18.32.43:063][617]LogModuleManager: Shutting down and abandoning module MeshBoneReduction (195)
[2022.11.16-18.32.43:063][617]LogModuleManager: Shutting down and abandoning module SkeletalMeshReduction (193)
[2022.11.16-18.32.43:063][617]LogModuleManager: Shutting down and abandoning module ProxyLODMeshReduction (191)
[2022.11.16-18.32.43:064][617]LogModuleManager: Shutting down and abandoning module QuadricMeshReduction (189)
[2022.11.16-18.32.43:064][617]LogModuleManager: Shutting down and abandoning module MaterialBaking (185)
[2022.11.16-18.32.43:064][617]LogModuleManager: Shutting down and abandoning module NullInstallBundleManager (180)
[2022.11.16-18.32.43:064][617]LogModuleManager: Shutting down and abandoning module PIEPreviewDeviceProfileSelector (178)
[2022.11.16-18.32.43:064][617]LogModuleManager: Shutting down and abandoning module DerivedDataCache (176)
[2022.11.16-18.32.43:064][617]LogModuleManager: Shutting down and abandoning module TargetPlatform (174)
[2022.11.16-18.32.43:064][617]LogModuleManager: Shutting down and abandoning module VulkanShaderFormat (173)
[2022.11.16-18.32.43:064][617]LogModuleManager: Shutting down and abandoning module ShaderFormatVectorVM (171)
[2022.11.16-18.32.43:064][617]LogModuleManager: Shutting down and abandoning module ShaderFormatOpenGL (169)
[2022.11.16-18.32.43:064][617]LogModuleManager: Shutting down and abandoning module ShaderFormatD3D (167)
[2022.11.16-18.32.43:064][617]LogModuleManager: Shutting down and abandoning module MetalShaderFormat (165)
[2022.11.16-18.32.43:064][617]LogModuleManager: Shutting down and abandoning module TextureFormatOodle (163)
[2022.11.16-18.32.43:064][617]LogModuleManager: Shutting down and abandoning module TextureFormatUncompressed (161)
[2022.11.16-18.32.43:064][617]LogModuleManager: Shutting down and abandoning module TextureFormatPVR (159)
[2022.11.16-18.32.43:064][617]LogModuleManager: Shutting down and abandoning module TextureFormatETC2 (157)
[2022.11.16-18.32.43:064][617]LogModuleManager: Shutting down and abandoning module TextureFormatDXT (155)
[2022.11.16-18.32.43:064][617]LogModuleManager: Shutting down and abandoning module TextureFormatIntelISPCTexComp (153)
[2022.11.16-18.32.43:064][617]LogModuleManager: Shutting down and abandoning module TextureFormatASTC (151)
[2022.11.16-18.32.43:064][617]LogModuleManager: Shutting down and abandoning module ImageWrapper (150)
[2022.11.16-18.32.43:064][617]LogModuleManager: Shutting down and abandoning module AudioFormatOpus (147)
[2022.11.16-18.32.43:064][617]LogModuleManager: Shutting down and abandoning module AudioFormatOgg (145)
[2022.11.16-18.32.43:064][617]LogModuleManager: Shutting down and abandoning module AudioFormatADPCM (143)
[2022.11.16-18.32.43:064][617]LogModuleManager: Shutting down and abandoning module WindowsServerTargetPlatform (141)
[2022.11.16-18.32.43:064][617]LogModuleManager: Shutting down and abandoning module WindowsClientTargetPlatform (139)
[2022.11.16-18.32.43:064][617]LogModuleManager: Shutting down and abandoning module WindowsTargetPlatform (137)
[2022.11.16-18.32.43:064][617]LogModuleManager: Shutting down and abandoning module WindowsNoEditorTargetPlatform (135)
[2022.11.16-18.32.43:064][617]LogModuleManager: Shutting down and abandoning module D3D11RHI (132)
[2022.11.16-18.32.43:064][617]LogModuleManager: Shutting down and abandoning module InputCore (130)
[2022.11.16-18.32.43:064][617]LogModuleManager: Shutting down and abandoning module Settings (128)
[2022.11.16-18.32.43:064][617]LogModuleManager: Shutting down and abandoning module PhysXCooking (126)
[2022.11.16-18.32.43:064][617]LogModuleManager: Shutting down and abandoning module Chaos (124)
[2022.11.16-18.32.43:064][617]LogModuleManager: Shutting down and abandoning module WindowsPlatformFeatures (122)
[2022.11.16-18.32.43:064][617]LogModuleManager: Shutting down and abandoning module GameplayMediaEncoder (121)
[2022.11.16-18.32.43:064][617]LogModuleManager: Shutting down and abandoning module AVEncoder (120)
[2022.11.16-18.32.43:064][617]LogModuleManager: Shutting down and abandoning module SteamVRInputDevice (116)
[2022.11.16-18.32.43:064][617]LogModuleManager: Shutting down and abandoning module SteamVRInput (114)
[2022.11.16-18.32.43:064][617]LogModuleManager: Shutting down and abandoning module SteamVR (112)
[2022.11.16-18.32.43:064][617]LogHMD: Freeing OpenVRDLLHandle.
[2022.11.16-18.32.43:064][617]LogModuleManager: Shutting down and abandoning module OculusHMD (110)
[2022.11.16-18.32.43:064][617]LogModuleManager: Shutting down and abandoning module OpenXRHandTracking (108)
[2022.11.16-18.32.43:065][617]LogSlate: Slate User Destroyed.  User Index 0, Is Virtual User: 0
[2022.11.16-18.32.43:065][617]LogModuleManager: Shutting down and abandoning module OpenXREyeTracker (106)
[2022.11.16-18.32.43:065][617]LogModuleManager: Shutting down and abandoning module OpenXRAR (104)
[2022.11.16-18.32.43:065][617]LogModuleManager: Shutting down and abandoning module AugmentedReality (103)
[2022.11.16-18.32.43:065][617]LogModuleManager: Shutting down and abandoning module OpenXRHMD (100)
[2022.11.16-18.32.43:065][617]LogModuleManager: Shutting down and abandoning module OnlineBlueprintSupport (98)
[2022.11.16-18.32.43:065][617]LogModuleManager: Shutting down and abandoning module ExampleDeviceProfileSelector (94)
[2022.11.16-18.32.43:065][617]LogModuleManager: Shutting down and abandoning module OnlineSubsystem (92)
[2022.11.16-18.32.43:066][617]LogModuleManager: Shutting down and abandoning module XMPP (87)
[2022.11.16-18.32.43:066][617]LogModuleManager: Shutting down and abandoning module WebSockets (86)
[2022.11.16-18.32.43:094][617]LogModuleManager: Shutting down and abandoning module HTTP (83)
[2022.11.16-18.32.43:094][617]LogHttp: Display: cleaning up 0 outstanding Http requests.
[2022.11.16-18.32.43:115][617]LogModuleManager: Shutting down and abandoning module SSL (82)
[2022.11.16-18.32.43:116][617]LogModuleManager: Shutting down and abandoning module ChunkDownloader (78)
[2022.11.16-18.32.43:116][617]LogModuleManager: Shutting down and abandoning module LauncherChunkInstaller (76)
[2022.11.16-18.32.43:116][617]LogModuleManager: Shutting down and abandoning module WmfMedia (74)
[2022.11.16-18.32.43:119][617]LogModuleManager: Shutting down and abandoning module Media (73)
[2022.11.16-18.32.43:119][617]LogModuleManager: Shutting down and abandoning module MediaInfo (72)
[2022.11.16-18.32.43:119][617]LogModuleManager: Shutting down and abandoning module ExrReaderGpu (68)
[2022.11.16-18.32.43:119][617]LogModuleManager: Shutting down and abandoning module MLSDK (66)
[2022.11.16-18.32.43:119][617]LogModuleManager: Shutting down and abandoning module MagicLeap (64)
[2022.11.16-18.32.43:119][617]LogModuleManager: Shutting down and abandoning module ChaosCloth (62)
[2022.11.16-18.32.43:119][617]LogModuleManager: Shutting down and abandoning module VariantManagerContent (60)
[2022.11.16-18.32.43:120][617]LogModuleManager: Shutting down and abandoning module DatasmithContent (58)
[2022.11.16-18.32.43:120][617]LogModuleManager: Shutting down and abandoning module NiagaraVertexFactories (56)
[2022.11.16-18.32.43:120][617]LogModuleManager: Shutting down and abandoning module NiagaraShader (54)
[2022.11.16-18.32.43:120][617]LogModuleManager: Shutting down and abandoning module PixWinPlugin (52)
[2022.11.16-18.32.43:120][617]LogModuleManager: Shutting down and abandoning module AISupportModule (50)
[2022.11.16-18.32.43:120][617]LogModuleManager: Shutting down and abandoning module DesktopPlatform (48)
[2022.11.16-18.32.43:120][617]LogModuleManager: Shutting down and abandoning module PythonScriptPluginPreload (46)
[2022.11.16-18.32.43:121][617]LogModuleManager: Shutting down and abandoning module PlatformCryptoOpenSSL (44)
[2022.11.16-18.32.43:121][617]LogModuleManager: Shutting down and abandoning module PlatformCryptoTypes (42)
[2022.11.16-18.32.43:121][617]LogModuleManager: Shutting down and abandoning module PlatformCrypto (40)
[2022.11.16-18.32.43:121][617]LogModuleManager: Shutting down and abandoning module OodleDataCompressionFormat (38)
[2022.11.16-18.32.43:121][617]LogModuleManager: Shutting down and abandoning module XGEController (36)
[2022.11.16-18.32.43:121][617]LogModuleManager: Shutting down and abandoning module AnimationModifiers (34)
[2022.11.16-18.32.43:121][617]LogModuleManager: Shutting down and abandoning module AudioEditor (32)
[2022.11.16-18.32.43:121][617]LogModuleManager: Shutting down and abandoning module PropertyEditor (31)
[2022.11.16-18.32.43:121][617]LogModuleManager: Shutting down and abandoning module TextureCompressor (28)
[2022.11.16-18.32.43:121][617]LogModuleManager: Shutting down and abandoning module RenderCore (26)
[2022.11.16-18.32.43:121][617]LogModuleManager: Shutting down and abandoning module Landscape (24)
[2022.11.16-18.32.43:121][617]LogModuleManager: Shutting down and abandoning module SlateRHIRenderer (22)
[2022.11.16-18.32.43:121][617]LogModuleManager: Shutting down and abandoning module AnimGraphRuntime (20)
[2022.11.16-18.32.43:121][617]LogModuleManager: Shutting down and abandoning module Renderer (18)
[2022.11.16-18.32.43:121][617]LogModuleManager: Shutting down and abandoning module Engine (16)
[2022.11.16-18.32.43:121][617]LogModuleManager: Shutting down and abandoning module CoreUObject (14)
[2022.11.16-18.32.43:121][617]LogModuleManager: Shutting down and abandoning module NetworkFile (12)
[2022.11.16-18.32.43:121][617]LogModuleManager: Shutting down and abandoning module CookedIterativeFile (10)
[2022.11.16-18.32.43:121][617]LogModuleManager: Shutting down and abandoning module StreamingFile (8)
[2022.11.16-18.32.43:121][617]LogModuleManager: Shutting down and abandoning module SandboxFile (6)
[2022.11.16-18.32.43:121][617]LogModuleManager: Shutting down and abandoning module PakFile (4)
[2022.11.16-18.32.43:121][617]LogModuleManager: Shutting down and abandoning module RSA (3)
[2022.11.16-18.32.43:473][617]LogContentStreaming: Display: There are 1 unreleased StreamingManagers
[2022.11.16-18.32.43:490][617]LogD3D11RHI: Shutdown
[2022.11.16-18.32.43:490][617]LogD3D11RHI: CleanupD3DDevice
[2022.11.16-18.32.43:491][617]LogExit: Exiting.
[2022.11.16-18.32.43:508][617]Log file closed, 11/16/22 13:32:43
